#
# A fatal error has been detected by the Java Runtime Environment:
#
#  EXCEPTION_ACCESS_VIOLATION (0xc0000005) at pc=0x0000000000000000, pid=22584, tid=0x0000000000006ab0
#
# JRE version: OpenJDK Runtime Environment (8.0_252-b09) (build 1.8.0_252-b09)
# Java VM: OpenJDK 64-Bit Server VM (25.252-b09 mixed mode windows-amd64 compressed oops)
# Problematic frame:
# C  0x0000000000000000
#
# Failed to write core dump. Minidumps are not enabled by default on client versions of Windows
#
# If you would like to submit a bug report, please visit:
#   http://bugreport.java.com/bugreport/crash.jsp
#

---------------  T H R E A D  ---------------

Current thread (0x000001ce7644e800):  VMThread [stack: 0x0000002d92400000,0x0000002d92500000] [id=27312]

siginfo: ExceptionCode=0xc0000005, ExceptionInformation=0x0000000000000008 0x0000000000000000

Registers:
RAX=0x0000000000000000, RBX=0x0000000000000000, RCX=0x0000000000000001, RDX=0x00007fff7332c470
RSP=0x0000002d924fed98, RBP=0x00007fff7332c400, RSI=0x0000000000020000, RDI=0x0000000000000000
R8 =0x0000002d914c1000, R9 =0x000000000000000e, R10=0x0000000000000000, R11=0x000001ce064dc810
R12=0x00007fff74c0dc30, R13=0x0000000000000000, R14=0x00007fff74b30000, R15=0x0000000000000001
RIP=0x0000000000000000, EFLAGS=0x0000000000010206

Top of Stack: (sp=0x0000002d924fed98)
0x0000002d924fed98:   00007fff732a8ff5 0000000000000000
0x0000002d924feda8:   00007fff7332c400 0000000000000000
0x0000002d924fedb8:   0000000000020000 000001ce51fd28b0
0x0000002d924fedc8:   00007fff732aa624 0000000000000000
0x0000002d924fedd8:   000001ce51fd28b0 0000000000020000
0x0000002d924fede8:   000001ce79b1ba28 0000000000000001
0x0000002d924fedf8:   00007fff74b36e3e 0000000000000001
0x0000002d924fee08:   0000000000000000 0000000000000000
0x0000002d924fee18:   00007fffa94ad83e 0000000000000001
0x0000002d924fee28:   00007fff74b37286 0000000000000000
0x0000002d924fee38:   000001ce51fd28b0 0000000000000001
0x0000002d924fee48:   0000000000000001 0000000000000000
0x0000002d924fee58:   00007fff74c0dd6f 0000000000000001
0x0000002d924fee68:   000001ce51fd28b0 0000000000000001
0x0000002d924fee78:   00007fff931d0000 0000000000000001
0x0000002d924fee88:   00007fff931dc4d8 0000000000000001 

Instructions: (pc=0x0000000000000000)
0xffffffffffffffe0:   


Register to memory mapping:

RAX=0x0000000000000000 is an unknown value
RBX=0x0000000000000000 is an unknown value
RCX=0x0000000000000001 is an unknown value
RDX=0x00007fff7332c470 is an unknown value
RSP=0x0000002d924fed98 is an unknown value
RBP=0x00007fff7332c400 is an unknown value
RSI=0x0000000000020000 is an unknown value
RDI=0x0000000000000000 is an unknown value
R8 =0x0000002d914c1000 is an unknown value
R9 =0x000000000000000e is an unknown value
R10=0x0000000000000000 is an unknown value
R11=0x000001ce064dc810 is an unknown value
R12=0x00007fff74c0dc30 is an unknown value
R13=0x0000000000000000 is an unknown value
R14=0x00007fff74b30000 is an unknown value
R15=0x0000000000000001 is an unknown value


Stack: [0x0000002d92400000,0x0000002d92500000],  sp=0x0000002d924fed98,  free space=1019k
Native frames: (J=compiled Java code, j=interpreted, Vv=VM code, C=native code)

VM_Operation (0x0000002d93dfe950): Exit, mode: safepoint, requested by thread 0x000001ce7b843800


---------------  P R O C E S S  ---------------

Java Threads: ( => current thread )
  0x000001ce7b843800 JavaThread "nioEventLoopGroup-2-1" [_thread_blocked, id=9504, stack(0x0000002d93d00000,0x0000002d93e00000)]
  0x000001ce06662000 JavaThread "pool-1-thread-1" [_thread_blocked, id=19812, stack(0x0000002d93c00000,0x0000002d93d00000)]
  0x000001ce7b74e800 JavaThread "Java2D Disposer" daemon [_thread_blocked, id=21548, stack(0x0000002d93b00000,0x0000002d93c00000)]
  0x000001ce79613800 JavaThread "Service Thread" daemon [_thread_blocked, id=24584, stack(0x0000002d93600000,0x0000002d93700000)]
  0x000001ce7953d000 JavaThread "C1 CompilerThread11" daemon [_thread_blocked, id=23292, stack(0x0000002d93500000,0x0000002d93600000)]
  0x000001ce7953e800 JavaThread "C1 CompilerThread10" daemon [_thread_blocked, id=16176, stack(0x0000002d93400000,0x0000002d93500000)]
  0x000001ce7953b800 JavaThread "C1 CompilerThread9" daemon [_thread_blocked, id=4068, stack(0x0000002d93300000,0x0000002d93400000)]
  0x000001ce7953d800 JavaThread "C1 CompilerThread8" daemon [_thread_blocked, id=24588, stack(0x0000002d93200000,0x0000002d93300000)]
  0x000001ce79541800 JavaThread "C2 CompilerThread7" daemon [_thread_blocked, id=18004, stack(0x0000002d93100000,0x0000002d93200000)]
  0x000001ce7953a800 JavaThread "C2 CompilerThread6" daemon [_thread_blocked, id=26404, stack(0x0000002d93000000,0x0000002d93100000)]
  0x000001ce7953c000 JavaThread "C2 CompilerThread5" daemon [_thread_blocked, id=20276, stack(0x0000002d92f00000,0x0000002d93000000)]
  0x000001ce79540800 JavaThread "C2 CompilerThread4" daemon [_thread_blocked, id=14464, stack(0x0000002d92e00000,0x0000002d92f00000)]
  0x000001ce79540000 JavaThread "C2 CompilerThread3" daemon [_thread_blocked, id=19292, stack(0x0000002d92d00000,0x0000002d92e00000)]
  0x000001ce7953a000 JavaThread "C2 CompilerThread2" daemon [_thread_blocked, id=12416, stack(0x0000002d92c00000,0x0000002d92d00000)]
  0x000001ce7940e000 JavaThread "C2 CompilerThread1" daemon [_thread_blocked, id=2040, stack(0x0000002d92b00000,0x0000002d92c00000)]
  0x000001ce7940d800 JavaThread "C2 CompilerThread0" daemon [_thread_blocked, id=3996, stack(0x0000002d92a00000,0x0000002d92b00000)]
  0x000001ce79214800 JavaThread "Monitor Ctrl-Break" daemon [_thread_in_native, id=11136, stack(0x0000002d92900000,0x0000002d92a00000)]
  0x000001ce7905e000 JavaThread "Attach Listener" daemon [_thread_blocked, id=17456, stack(0x0000002d92800000,0x0000002d92900000)]
  0x000001ce7905b800 JavaThread "Signal Dispatcher" daemon [_thread_blocked, id=20996, stack(0x0000002d92700000,0x0000002d92800000)]
  0x000001ce7645e000 JavaThread "Finalizer" daemon [_thread_blocked, id=17832, stack(0x0000002d92600000,0x0000002d92700000)]
  0x000001ce79030800 JavaThread "Reference Handler" daemon [_thread_blocked, id=2976, stack(0x0000002d92500000,0x0000002d92600000)]
  0x000001ce51fa9000 JavaThread "main" [_thread_blocked, id=9040, stack(0x0000002d91600000,0x0000002d91700000)]

Other Threads:
=>0x000001ce7644e800 VMThread [stack: 0x0000002d92400000,0x0000002d92500000] [id=27312]

VM state:at safepoint (shutting down)

VM Mutex/Monitor currently owned by a thread:  ([mutex/lock_event])
[0x000001ce51fa5e90] Threads_lock - owner thread: 0x000001ce7644e800

heap address: 0x00000005c0c00000, size: 8180 MB, Compressed Oops mode: Zero based, Oop shift amount: 3
Narrow klass base: 0x0000000000000000, Narrow klass shift: 3
Compressed class space size: 1073741824 Address: 0x00000007c0000000

Heap:
 PSYoungGen      total 1158144K, used 208348K [0x0000000715980000, 0x0000000764700000, 0x00000007c0000000)
  eden space 1088000K, 19% used [0x0000000715980000,0x00000007223bf178,0x0000000758000000)
  from space 70144K, 1% used [0x0000000760280000,0x00000007603b8000,0x0000000764700000)
  to   space 101888K, 0% used [0x0000000758000000,0x0000000758000000,0x000000075e380000)
 ParOldGen       total 353280K, used 162343K [0x00000005c0c00000, 0x00000005d6500000, 0x0000000715980000)
  object space 353280K, 45% used [0x00000005c0c00000,0x00000005caa89db8,0x00000005d6500000)
 Metaspace       used 23279K, capacity 23589K, committed 23808K, reserved 1071104K
  class space    used 2179K, capacity 2289K, committed 2304K, reserved 1048576K

Card table byte_map: [0x000001ce62d30000,0x000001ce63d30000] byte_map_base: 0x000001ce5ff2a000

Marking Bits: (ParMarkBitMap*) 0x0000000070d65010
 Begin Bits: [0x000001ce647e0000, 0x000001ce6c7b0000)
 End Bits:   [0x000001ce6c7b0000, 0x000001ce74780000)

Polling page: 0x000001ce520d0000

CodeCache: size=245760Kb used=13662Kb max_used=13662Kb free=232097Kb
 bounds [0x000001ce53970000, 0x000001ce546e0000, 0x000001ce62970000]
 total_blobs=4716 nmethods=3550 adapters=1077
 compilation: enabled

Compilation events (10 events):
Event: 35.045 Thread 0x000001ce7953c000 nmethod 3550 0x000001ce546d1490 code [0x000001ce546d18e0, 0x000001ce546d3570]
Event: 35.551 Thread 0x000001ce7953d000 3551       3       java.util.concurrent.ScheduledThreadPoolExecutor$ScheduledFutureTask::run (59 bytes)
Event: 35.552 Thread 0x000001ce7953d000 nmethod 3551 0x000001ce546c6b90 code [0x000001ce546c6d80, 0x000001ce546c75f0]
Event: 35.632 Thread 0x000001ce7953e800 3552       3       io.netty.util.concurrent.DefaultPromise::setValue0 (41 bytes)
Event: 35.632 Thread 0x000001ce7953b800 3553       3       io.netty.channel.DefaultChannelPipeline$HeadContext::write (12 bytes)
Event: 35.632 Thread 0x000001ce7953b800 nmethod 3553 0x000001ce546c7f50 code [0x000001ce546c80c0, 0x000001ce546c8310]
Event: 35.633 Thread 0x000001ce7953e800 nmethod 3552 0x000001ce546c2690 code [0x000001ce546c28e0, 0x000001ce546c38c0]
Event: 35.634 Thread 0x000001ce7953d800 3554       1       java.util.Hashtable::access$500 (5 bytes)
Event: 35.634 Thread 0x000001ce7953d000 3555       3       java.util.logging.LogManager$LoggerContext::ensureDefaultLogger (70 bytes)
Event: 35.634 Thread 0x000001ce7953d800 nmethod 3554 0x000001ce546c7bd0 code [0x000001ce546c7d20, 0x000001ce546c7e18]

GC Heap History (10 events):
Event: 7.854 GC heap before
{Heap before GC invocations=8 (full 1):
 PSYoungGen      total 497664K, used 497648K [0x0000000715980000, 0x000000073bb00000, 0x00000007c0000000)
  eden space 424448K, 100% used [0x0000000715980000,0x000000072f800000,0x000000072f800000)
  from space 73216K, 99% used [0x0000000735180000,0x00000007398fc250,0x0000000739900000)
  to   space 91648K, 0% used [0x000000072f800000,0x000000072f800000,0x0000000735180000)
 ParOldGen       total 141824K, used 92807K [0x00000005c0c00000, 0x00000005c9680000, 0x0000000715980000)
  object space 141824K, 65% used [0x00000005c0c00000,0x00000005c66a1d30,0x00000005c9680000)
 Metaspace       used 23209K, capacity 23519K, committed 23808K, reserved 1071104K
  class space    used 2169K, capacity 2288K, committed 2304K, reserved 1048576K
Event: 7.878 GC heap after
Heap after GC invocations=8 (full 1):
 PSYoungGen      total 516096K, used 73696K [0x0000000715980000, 0x0000000753880000, 0x00000007c0000000)
  eden space 424448K, 0% used [0x0000000715980000,0x0000000715980000,0x000000072f800000)
  from space 91648K, 80% used [0x000000072f800000,0x0000000733ff8020,0x0000000735180000)
  to   space 100864K, 0% used [0x000000074d600000,0x000000074d600000,0x0000000753880000)
 ParOldGen       total 141824K, used 92815K [0x00000005c0c00000, 0x00000005c9680000, 0x0000000715980000)
  object space 141824K, 65% used [0x00000005c0c00000,0x00000005c66a3d30,0x00000005c9680000)
 Metaspace       used 23209K, capacity 23519K, committed 23808K, reserved 1071104K
  class space    used 2169K, capacity 2288K, committed 2304K, reserved 1048576K
}
Event: 12.451 GC heap before
{Heap before GC invocations=9 (full 1):
 PSYoungGen      total 516096K, used 498144K [0x0000000715980000, 0x0000000753880000, 0x00000007c0000000)
  eden space 424448K, 100% used [0x0000000715980000,0x000000072f800000,0x000000072f800000)
  from space 91648K, 80% used [0x000000072f800000,0x0000000733ff8020,0x0000000735180000)
  to   space 100864K, 0% used [0x000000074d600000,0x000000074d600000,0x0000000753880000)
 ParOldGen       total 141824K, used 92815K [0x00000005c0c00000, 0x00000005c9680000, 0x0000000715980000)
  object space 141824K, 65% used [0x00000005c0c00000,0x00000005c66a3d30,0x00000005c9680000)
 Metaspace       used 23225K, capacity 23519K, committed 23808K, reserved 1071104K
  class space    used 2170K, capacity 2288K, committed 2304K, reserved 1048576K
Event: 12.473 GC heap after
Heap after GC invocations=9 (full 1):
 PSYoungGen      total 891392K, used 54976K [0x0000000715980000, 0x0000000752b80000, 0x00000007c0000000)
  eden space 803840K, 0% used [0x0000000715980000,0x0000000715980000,0x0000000746a80000)
  from space 87552K, 62% used [0x000000074d600000,0x0000000750bb0000,0x0000000752b80000)
  to   space 98816K, 0% used [0x0000000746a80000,0x0000000746a80000,0x000000074cb00000)
 ParOldGen       total 141824K, used 111915K [0x00000005c0c00000, 0x00000005c9680000, 0x0000000715980000)
  object space 141824K, 78% used [0x00000005c0c00000,0x00000005c794afa0,0x00000005c9680000)
 Metaspace       used 23225K, capacity 23519K, committed 23808K, reserved 1071104K
  class space    used 2170K, capacity 2288K, committed 2304K, reserved 1048576K
}
Event: 12.473 GC heap before
{Heap before GC invocations=10 (full 2):
 PSYoungGen      total 891392K, used 54976K [0x0000000715980000, 0x0000000752b80000, 0x00000007c0000000)
  eden space 803840K, 0% used [0x0000000715980000,0x0000000715980000,0x0000000746a80000)
  from space 87552K, 62% used [0x000000074d600000,0x0000000750bb0000,0x0000000752b80000)
  to   space 98816K, 0% used [0x0000000746a80000,0x0000000746a80000,0x000000074cb00000)
 ParOldGen       total 141824K, used 111915K [0x00000005c0c00000, 0x00000005c9680000, 0x0000000715980000)
  object space 141824K, 78% used [0x00000005c0c00000,0x00000005c794afa0,0x00000005c9680000)
 Metaspace       used 23225K, capacity 23519K, committed 23808K, reserved 1071104K
  class space    used 2170K, capacity 2288K, committed 2304K, reserved 1048576K
Event: 12.763 GC heap after
Heap after GC invocations=10 (full 2):
 PSYoungGen      total 891392K, used 20878K [0x0000000715980000, 0x0000000752b80000, 0x00000007c0000000)
  eden space 803840K, 0% used [0x0000000715980000,0x0000000715980000,0x0000000746a80000)
  from space 87552K, 23% used [0x000000074d600000,0x000000074ea63878,0x0000000752b80000)
  to   space 98816K, 0% used [0x0000000746a80000,0x0000000746a80000,0x000000074cb00000)
 ParOldGen       total 353280K, used 141343K [0x00000005c0c00000, 0x00000005d6500000, 0x0000000715980000)
  object space 353280K, 40% used [0x00000005c0c00000,0x00000005c9607db8,0x00000005d6500000)
 Metaspace       used 23225K, capacity 23519K, committed 23808K, reserved 1071104K
  class space    used 2170K, capacity 2288K, committed 2304K, reserved 1048576K
}
Event: 21.132 GC heap before
{Heap before GC invocations=11 (full 2):
 PSYoungGen      total 891392K, used 824718K [0x0000000715980000, 0x0000000752b80000, 0x00000007c0000000)
  eden space 803840K, 100% used [0x0000000715980000,0x0000000746a80000,0x0000000746a80000)
  from space 87552K, 23% used [0x000000074d600000,0x000000074ea63878,0x0000000752b80000)
  to   space 98816K, 0% used [0x0000000746a80000,0x0000000746a80000,0x000000074cb00000)
 ParOldGen       total 353280K, used 141343K [0x00000005c0c00000, 0x00000005d6500000, 0x0000000715980000)
  object space 353280K, 40% used [0x00000005c0c00000,0x00000005c9607db8,0x00000005d6500000)
 Metaspace       used 23230K, capacity 23523K, committed 23808K, reserved 1071104K
  class space    used 2170K, capacity 2288K, committed 2304K, reserved 1048576K
Event: 21.155 GC heap after
Heap after GC invocations=11 (full 2):
 PSYoungGen      total 902656K, used 1152K [0x0000000715980000, 0x0000000766580000, 0x00000007c0000000)
  eden space 803840K, 0% used [0x0000000715980000,0x0000000715980000,0x0000000746a80000)
  from space 98816K, 1% used [0x0000000746a80000,0x0000000746ba0000,0x000000074cb00000)
  to   space 101376K, 0% used [0x0000000760280000,0x0000000760280000,0x0000000766580000)
 ParOldGen       total 353280K, used 162343K [0x00000005c0c00000, 0x00000005d6500000, 0x0000000715980000)
  object space 353280K, 45% used [0x00000005c0c00000,0x00000005caa89db8,0x00000005d6500000)
 Metaspace       used 23230K, capacity 23523K, committed 23808K, reserved 1071104K
  class space    used 2170K, capacity 2288K, committed 2304K, reserved 1048576K
}
Event: 33.079 GC heap before
{Heap before GC invocations=12 (full 2):
 PSYoungGen      total 902656K, used 804992K [0x0000000715980000, 0x0000000766580000, 0x00000007c0000000)
  eden space 803840K, 100% used [0x0000000715980000,0x0000000746a80000,0x0000000746a80000)
  from space 98816K, 1% used [0x0000000746a80000,0x0000000746ba0000,0x000000074cb00000)
  to   space 101376K, 0% used [0x0000000760280000,0x0000000760280000,0x0000000766580000)
 ParOldGen       total 353280K, used 162343K [0x00000005c0c00000, 0x00000005d6500000, 0x0000000715980000)
  object space 353280K, 45% used [0x00000005c0c00000,0x00000005caa89db8,0x00000005d6500000)
 Metaspace       used 23237K, capacity 23523K, committed 23808K, reserved 1071104K
  class space    used 2170K, capacity 2288K, committed 2304K, reserved 1048576K
Event: 33.086 GC heap after
Heap after GC invocations=12 (full 2):
 PSYoungGen      total 1158144K, used 1248K [0x0000000715980000, 0x0000000764700000, 0x00000007c0000000)
  eden space 1088000K, 0% used [0x0000000715980000,0x0000000715980000,0x0000000758000000)
  from space 70144K, 1% used [0x0000000760280000,0x00000007603b8000,0x0000000764700000)
  to   space 101888K, 0% used [0x0000000758000000,0x0000000758000000,0x000000075e380000)
 ParOldGen       total 353280K, used 162343K [0x00000005c0c00000, 0x00000005d6500000, 0x0000000715980000)
  object space 353280K, 45% used [0x00000005c0c00000,0x00000005caa89db8,0x00000005d6500000)
 Metaspace       used 23237K, capacity 23523K, committed 23808K, reserved 1071104K
  class space    used 2170K, capacity 2288K, committed 2304K, reserved 1048576K
}

Deoptimization events (10 events):
Event: 35.632 Thread 0x000001ce7b843800 Uncommon trap: reason=class_check action=maybe_recompile pc=0x000001ce544fe198 method=io.netty.util.concurrent.DefaultPromise.notifyListenersNow()V @ 66
Event: 35.632 Thread 0x000001ce7b843800 Uncommon trap: reason=unstable_if action=reinterpret pc=0x000001ce546915f8 method=io.netty.channel.DefaultChannelPipeline.decrementPendingOutboundBytes(J)V @ 16
Event: 35.632 Thread 0x000001ce7b843800 Uncommon trap: reason=unstable_if action=reinterpret pc=0x000001ce54632524 method=io.netty.channel.DefaultChannelPipeline.incrementPendingOutboundBytes(J)V @ 16
Event: 35.632 Thread 0x000001ce7b843800 Uncommon trap: reason=unstable_if action=reinterpret pc=0x000001ce54548b6c method=io.netty.channel.DefaultChannelPipeline.decrementPendingOutboundBytes(J)V @ 16
Event: 35.632 Thread 0x000001ce7b843800 Uncommon trap: reason=unstable_if action=reinterpret pc=0x000001ce54586fb8 method=sun.security.ssl.EngineWriter.isOutboundDone()Z @ 4
Event: 35.632 Thread 0x000001ce7b843800 Uncommon trap: reason=unstable_if action=reinterpret pc=0x000001ce5452c540 method=io.netty.channel.AbstractChannel$AbstractUnsafe.write(Ljava/lang/Object;Lio/netty/channel/ChannelPromise;)V @ 10
Event: 35.632 Thread 0x000001ce7b843800 Uncommon trap: reason=unstable_if action=reinterpret pc=0x000001ce5463372c method=io.netty.channel.AbstractChannel$AbstractUnsafe.flush()V @ 10
Event: 35.632 Thread 0x000001ce7b843800 Uncommon trap: reason=unstable_if action=reinterpret pc=0x000001ce54516224 method=io.netty.channel.DefaultChannelPipeline.incrementPendingOutboundBytes(J)V @ 16
Event: 35.632 Thread 0x000001ce7b843800 Uncommon trap: reason=unstable_if action=reinterpret pc=0x000001ce5458d420 method=sun.security.ssl.EngineWriter.isOutboundDone()Z @ 4
Event: 35.632 Thread 0x000001ce7b843800 Uncommon trap: reason=unstable_if action=reinterpret pc=0x000001ce5457dccc method=sun.security.ssl.EngineWriter.isOutboundDone()Z @ 4

Classes redefined (0 events):
No events

Internal exceptions (10 events):
Event: 2.517 Thread 0x000001ce51fa9000 Exception <a 'java/lang/NoClassDefFoundError': org/apache/log4j/Priority> (0x00000007172527d0) thrown at [J:\jenkins\tmp\workspace\build\src\hotspot\src\share\vm\classfile\systemDictionary.cpp, line 199]
Event: 3.295 Thread 0x000001ce7b843800 Exception <a 'java/lang/ArrayIndexOutOfBoundsException'> (0x000000071646dc80) thrown at [J:\jenkins\tmp\workspace\build\src\hotspot\src\share\vm\runtime\sharedRuntime.cpp, line 605]
Event: 3.295 Thread 0x000001ce7b843800 Exception <a 'java/lang/ArrayIndexOutOfBoundsException'> (0x000000071646f510) thrown at [J:\jenkins\tmp\workspace\build\src\hotspot\src\share\vm\runtime\sharedRuntime.cpp, line 605]
Event: 3.295 Thread 0x000001ce7b843800 Exception <a 'java/lang/ArrayIndexOutOfBoundsException'> (0x0000000716472c20) thrown at [J:\jenkins\tmp\workspace\build\src\hotspot\src\share\vm\runtime\sharedRuntime.cpp, line 605]
Event: 3.298 Thread 0x000001ce7b843800 Exception <a 'java/lang/ArrayIndexOutOfBoundsException'> (0x000000071649b0c0) thrown at [J:\jenkins\tmp\workspace\build\src\hotspot\src\share\vm\runtime\sharedRuntime.cpp, line 605]
Event: 3.298 Thread 0x000001ce7b843800 Exception <a 'java/lang/ArrayIndexOutOfBoundsException'> (0x000000071649bf88) thrown at [J:\jenkins\tmp\workspace\build\src\hotspot\src\share\vm\runtime\sharedRuntime.cpp, line 605]
Event: 3.384 Thread 0x000001ce7b843800 Implicit null exception at 0x000001ce53faaee8 to 0x000001ce53faafa1
Event: 4.511 Thread 0x000001ce06662000 Implicit null exception at 0x000001ce543eb95c to 0x000001ce543ebab5
Event: 4.511 Thread 0x000001ce7b843800 Implicit null exception at 0x000001ce543ec734 to 0x000001ce543ec989
Event: 35.632 Thread 0x000001ce7b843800 Implicit null exception at 0x000001ce546335c9 to 0x000001ce54633719

Events (10 events):
Event: 35.633 loading class java/util/IdentityHashMap$KeyIterator done
Event: 35.633 Thread 0x000001ce7b3be000 Thread added: 0x000001ce7b3be000
Event: 35.633 Thread 0x000001ce7b3b9800 Thread added: 0x000001ce7b3b9800
Event: 35.634 loading class java/util/WeakHashMap$KeyIterator
Event: 35.634 Thread 0x000001ce7b3be000 Thread exited: 0x000001ce7b3be000
Event: 35.634 loading class java/util/WeakHashMap$HashIterator
Event: 35.634 loading class java/util/WeakHashMap$HashIterator done
Event: 35.634 loading class java/util/WeakHashMap$KeyIterator done
Event: 35.634 Thread 0x000001ce7b3b9800 Thread exited: 0x000001ce7b3b9800
Event: 35.634 Executing VM operation: Exit


Dynamic libraries:
0x00007ff7dd210000 - 0x00007ff7dd24a000 	C:\Program Files\AdoptOpenJDK\jdk-8.0.252.09-hotspot\bin\java.exe
0x00007fffaa990000 - 0x00007fffaab86000 	C:\WINDOWS\SYSTEM32\ntdll.dll
0x00007fff9f020000 - 0x00007fff9f032000 	C:\Program Files\AVAST Software\Avast\aswhook.dll
0x00007fffa9200000 - 0x00007fffa92bd000 	C:\WINDOWS\System32\KERNEL32.DLL
0x00007fffa8550000 - 0x00007fffa8819000 	C:\WINDOWS\System32\KERNELBASE.dll
0x00007fffaa790000 - 0x00007fffaa83c000 	C:\WINDOWS\System32\ADVAPI32.dll
0x00007fffa92c0000 - 0x00007fffa935e000 	C:\WINDOWS\System32\msvcrt.dll
0x00007fffaa8b0000 - 0x00007fffaa94c000 	C:\WINDOWS\System32\sechost.dll
0x00007fffa9360000 - 0x00007fffa948b000 	C:\WINDOWS\System32\RPCRT4.dll
0x00007fffa8b40000 - 0x00007fffa8ce0000 	C:\WINDOWS\System32\USER32.dll
0x00007fffa8820000 - 0x00007fffa8842000 	C:\WINDOWS\System32\win32u.dll
0x00007fffa96b0000 - 0x00007fffa96da000 	C:\WINDOWS\System32\GDI32.dll
0x00007fffa81e0000 - 0x00007fffa82e9000 	C:\WINDOWS\System32\gdi32full.dll
0x00007fffa8950000 - 0x00007fffa89ed000 	C:\WINDOWS\System32\msvcp_win.dll
0x00007fffa8850000 - 0x00007fffa8950000 	C:\WINDOWS\System32\ucrtbase.dll
0x00007fff85b60000 - 0x00007fff85dfb000 	C:\WINDOWS\WinSxS\amd64_microsoft.windows.common-controls_6595b64144ccf1df_6.0.19041.488_none_ca04af081b815d21\COMCTL32.dll
0x00007fffaa3c0000 - 0x00007fffaa3f0000 	C:\WINDOWS\System32\IMM32.DLL
0x00007fff90f80000 - 0x00007fff9106f000 	C:\Program Files\AdoptOpenJDK\jdk-8.0.252.09-hotspot\jre\bin\msvcr120.dll
0x00007fff8a320000 - 0x00007fff8a3c6000 	C:\Program Files\AdoptOpenJDK\jdk-8.0.252.09-hotspot\jre\bin\msvcp120.dll
0x00000000705e0000 - 0x0000000070dde000 	C:\Program Files\AdoptOpenJDK\jdk-8.0.252.09-hotspot\jre\bin\server\jvm.dll
0x00007fffaa8a0000 - 0x00007fffaa8a8000 	C:\WINDOWS\System32\PSAPI.DLL
0x00007fff9de20000 - 0x00007fff9de29000 	C:\WINDOWS\SYSTEM32\WSOCK32.dll
0x00007fffa9a40000 - 0x00007fffa9aab000 	C:\WINDOWS\System32\WS2_32.dll
0x00007fff9ff40000 - 0x00007fff9ff67000 	C:\WINDOWS\SYSTEM32\WINMM.dll
0x00007fff9ff70000 - 0x00007fff9ff7a000 	C:\WINDOWS\SYSTEM32\VERSION.dll
0x00007fff9f7b0000 - 0x00007fff9f7bf000 	C:\Program Files\AdoptOpenJDK\jdk-8.0.252.09-hotspot\jre\bin\verify.dll
0x00007fff988f0000 - 0x00007fff98918000 	C:\Program Files\AdoptOpenJDK\jdk-8.0.252.09-hotspot\jre\bin\java.dll
0x00007fff98b60000 - 0x00007fff98b8a000 	C:\Program Files\AdoptOpenJDK\jdk-8.0.252.09-hotspot\jre\bin\instrument.dll
0x00007fff984a0000 - 0x00007fff984b6000 	C:\Program Files\AdoptOpenJDK\jdk-8.0.252.09-hotspot\jre\bin\zip.dll
0x00007fffa9c60000 - 0x00007fffaa3a2000 	C:\WINDOWS\System32\SHELL32.dll
0x00007fffa6240000 - 0x00007fffa69d5000 	C:\WINDOWS\SYSTEM32\windows.storage.dll
0x00007fffa96e0000 - 0x00007fffa9a36000 	C:\WINDOWS\System32\combase.dll
0x00007fffa7b40000 - 0x00007fffa7b6c000 	C:\WINDOWS\SYSTEM32\Wldp.dll
0x00007fffa9150000 - 0x00007fffa91fe000 	C:\WINDOWS\System32\SHCORE.dll
0x00007fffaa400000 - 0x00007fffaa455000 	C:\WINDOWS\System32\shlwapi.dll
0x00007fffa8000000 - 0x00007fffa8026000 	C:\WINDOWS\SYSTEM32\profapi.dll
0x00007fff988c0000 - 0x00007fff988da000 	C:\Program Files\JetBrains\IntelliJ IDEA Community Edition 2019.3.1\bin\breakgen64.dll
0x00007fff97640000 - 0x00007fff9765a000 	C:\Program Files\AdoptOpenJDK\jdk-8.0.252.09-hotspot\jre\bin\net.dll
0x00007fffa78c0000 - 0x00007fffa792a000 	C:\WINDOWS\system32\mswsock.dll
0x00007fff97620000 - 0x00007fff97632000 	C:\Program Files\AdoptOpenJDK\jdk-8.0.252.09-hotspot\jre\bin\nio.dll
0x00007fff91680000 - 0x00007fff916e4000 	C:\Users\Peyton Hill\AppData\Local\Temp\lwjglPeyton Hill\3.2.3-build-13\lwjgl.dll
0x00007fff91610000 - 0x00007fff91672000 	C:\Users\PEYTON~1\AppData\Local\Temp\lwjglPeyton Hill\3.2.3-build-13\glfw.dll
0x00007fffa5ae0000 - 0x00007fffa5b7e000 	C:\WINDOWS\system32\uxtheme.dll
0x00007fff93130000 - 0x00007fff93175000 	C:\WINDOWS\SYSTEM32\dinput8.dll
0x00007fff978b0000 - 0x00007fff978c1000 	C:\WINDOWS\SYSTEM32\xinput1_4.dll
0x00007fffa8500000 - 0x00007fffa854e000 	C:\WINDOWS\System32\cfgmgr32.dll
0x00007fffa7e80000 - 0x00007fffa7eac000 	C:\WINDOWS\SYSTEM32\DEVOBJ.dll
0x00007fffa5d50000 - 0x00007fffa5d7f000 	C:\WINDOWS\SYSTEM32\dwmapi.dll
0x00007fff8afd0000 - 0x00007fff8b122000 	C:\WINDOWS\SYSTEM32\inputhost.dll
0x00007fffaa4c0000 - 0x00007fffaa58d000 	C:\WINDOWS\System32\OLEAUT32.dll
0x00007fffa5560000 - 0x00007fffa5652000 	C:\WINDOWS\SYSTEM32\CoreMessaging.dll
0x00007fffa3ac0000 - 0x00007fffa3bb7000 	C:\WINDOWS\SYSTEM32\PROPSYS.dll
0x00007fffa3d30000 - 0x00007fffa3e86000 	C:\WINDOWS\SYSTEM32\wintypes.dll
0x00007fffa8480000 - 0x00007fffa8500000 	C:\WINDOWS\System32\bcryptPrimitives.dll
0x00007fffa4e80000 - 0x00007fffa51de000 	C:\WINDOWS\SYSTEM32\CoreUIComponents.dll
0x00007fffa6f30000 - 0x00007fffa6f63000 	C:\WINDOWS\SYSTEM32\ntmarta.dll
0x00007fffa6040000 - 0x00007fffa6052000 	C:\WINDOWS\SYSTEM32\kernel.appcore.dll
0x00007fffaa590000 - 0x00007fffaa6a6000 	C:\WINDOWS\System32\MSCTF.dll
0x00007fffa69e0000 - 0x00007fffa69ed000 	C:\WINDOWS\SYSTEM32\HID.DLL
0x00007fffa8ce0000 - 0x00007fffa9147000 	C:\WINDOWS\System32\SETUPAPI.DLL
0x00007fffa8450000 - 0x00007fffa8477000 	C:\WINDOWS\System32\bcrypt.dll
0x00007fffa8180000 - 0x00007fffa81e0000 	C:\WINDOWS\System32\WINTRUST.dll
0x00007fffa82f0000 - 0x00007fffa844d000 	C:\WINDOWS\System32\CRYPT32.dll
0x00007fffa7cc0000 - 0x00007fffa7cd2000 	C:\WINDOWS\SYSTEM32\MSASN1.dll
0x00007fff74b30000 - 0x00007fff74c55000 	C:\WINDOWS\SYSTEM32\opengl32.dll
0x00007fff978d0000 - 0x00007fff978fc000 	C:\WINDOWS\SYSTEM32\GLU32.dll
0x00007fffa9490000 - 0x00007fffa9539000 	C:\WINDOWS\System32\clbcatq.dll
0x00007fff931d0000 - 0x00007fff931fa000 	C:\WINDOWS\System32\DriverStore\FileRepository\u0361134.inf_amd64_a6c18d8d6a47cb97\B361196\atig6pxx.dll
0x00007fff39850000 - 0x00007fff3c624000 	C:\WINDOWS\System32\DriverStore\FileRepository\u0361134.inf_amd64_a6c18d8d6a47cb97\B361196\atio6axx.dll
0x00007fffa8a10000 - 0x00007fffa8b3a000 	C:\WINDOWS\System32\ole32.dll
0x00007fff70750000 - 0x00007fff70774000 	C:\WINDOWS\SYSTEM32\dxva2.dll
0x00007fff908c0000 - 0x00007fff908fc000 	C:\WINDOWS\System32\DriverStore\FileRepository\u0361134.inf_amd64_a6c18d8d6a47cb97\B361196\atig6txx.dll
0x00007fff73be0000 - 0x00007fff73d9f000 	C:\WINDOWS\SYSTEM32\atiadlxx.dll
0x00007fff82c10000 - 0x00007fff82c59000 	C:\WINDOWS\SYSTEM32\pdh.dll
0x00007fffa01e0000 - 0x00007fffa021b000 	C:\WINDOWS\SYSTEM32\dxcore.dll
0x00007fff8b2c0000 - 0x00007fff8b3bd000 	C:\WINDOWS\SYSTEM32\textinputframework.dll
0x00007fff93220000 - 0x00007fff93279000 	C:\Users\Peyton Hill\AppData\Local\Temp\lwjglPeyton Hill\3.2.3-build-13\lwjgl_opengl.dll
0x00007fff5be20000 - 0x00007fff5c073000 	C:\Users\PEYTON~1\AppData\Local\Temp\lwjglPeyton Hill\3.2.3-build-13\jemalloc.dll
0x00007fff76440000 - 0x00007fff765d5000 	C:\Program Files\AdoptOpenJDK\jdk-8.0.252.09-hotspot\jre\bin\awt.dll
0x00007fffa58d0000 - 0x00007fffa5960000 	C:\WINDOWS\SYSTEM32\apphelp.dll
0x00007fffa7a90000 - 0x00007fffa7aa8000 	C:\WINDOWS\SYSTEM32\CRYPTSP.dll
0x00007fffa71e0000 - 0x00007fffa7214000 	C:\WINDOWS\system32\rsaenh.dll
0x00007fffa7f80000 - 0x00007fffa7fae000 	C:\WINDOWS\SYSTEM32\USERENV.dll
0x00007fffa7ab0000 - 0x00007fffa7abc000 	C:\WINDOWS\SYSTEM32\CRYPTBASE.dll
0x00007fffa7560000 - 0x00007fffa759b000 	C:\WINDOWS\SYSTEM32\IPHLPAPI.DLL
0x00007fffaa3f0000 - 0x00007fffaa3f8000 	C:\WINDOWS\System32\NSI.dll
0x00007fffa1ae0000 - 0x00007fffa1af7000 	C:\WINDOWS\SYSTEM32\dhcpcsvc6.DLL
0x00007fffa1cb0000 - 0x00007fffa1ccd000 	C:\WINDOWS\SYSTEM32\dhcpcsvc.DLL
0x00007fffa75b0000 - 0x00007fffa767b000 	C:\WINDOWS\SYSTEM32\DNSAPI.dll
0x00007fff74800000 - 0x00007fff74893000 	C:\Program Files\AdoptOpenJDK\jdk-8.0.252.09-hotspot\jre\bin\freetype.dll
0x00007fff70bd0000 - 0x00007fff70c8d000 	C:\Program Files\AdoptOpenJDK\jdk-8.0.252.09-hotspot\jre\bin\fontmanager.dll
0x00007fff98440000 - 0x00007fff98463000 	C:\Program Files\AdoptOpenJDK\jdk-8.0.252.09-hotspot\jre\bin\sunec.dll
0x00007fff9aa90000 - 0x00007fff9aa9c000 	C:\Program Files\AdoptOpenJDK\jdk-8.0.252.09-hotspot\jre\bin\sunmscapi.dll
0x00007fffa7bb0000 - 0x00007fffa7bd7000 	C:\WINDOWS\SYSTEM32\ncrypt.dll
0x00007fffa7b70000 - 0x00007fffa7bab000 	C:\WINDOWS\SYSTEM32\NTASN1.dll
0x00007fffa4bb0000 - 0x00007fffa4bbd000 	C:\Program Files\AdoptOpenJDK\jdk-8.0.252.09-hotspot\jre\bin\management.dll
0x00007fff968a0000 - 0x00007fff968b7000 	C:\WINDOWS\system32\napinsp.dll
0x00007fff96880000 - 0x00007fff9689b000 	C:\WINDOWS\system32\pnrpnsp.dll
0x00007fff96430000 - 0x00007fff96445000 	C:\WINDOWS\system32\wshbth.dll
0x00007fffa42f0000 - 0x00007fffa430d000 	C:\WINDOWS\system32\NLAapi.dll
0x00007fff963c0000 - 0x00007fff963d2000 	C:\WINDOWS\System32\winrnr.dll
0x00007fff9e430000 - 0x00007fff9e43a000 	C:\Windows\System32\rasadhlp.dll
0x00007fff9e470000 - 0x00007fff9e4ef000 	C:\WINDOWS\System32\fwpuclnt.dll
0x00007fff732a0000 - 0x00007fff7333d000 	C:\Program Files\obs-studio\data\obs-plugins\win-capture\graphics-hook64.dll
0x00007fffa4310000 - 0x00007fffa4574000 	C:\WINDOWS\system32\d3d11.dll
0x00007fffa6a20000 - 0x00007fffa6b13000 	C:\WINDOWS\SYSTEM32\dxgi.dll
0x00007fff9ff80000 - 0x00007fffa015b000 	C:\WINDOWS\System32\DriverStore\FileRepository\u0361134.inf_amd64_a6c18d8d6a47cb97\B361196\aticfx64.dll
0x00007fff9fce0000 - 0x00007fff9fd18000 	C:\WINDOWS\System32\DriverStore\FileRepository\u0361134.inf_amd64_a6c18d8d6a47cb97\B361196\atiuxp64.dll
0x00007fff9b940000 - 0x00007fff9d845000 	C:\WINDOWS\System32\DriverStore\FileRepository\u0361134.inf_amd64_a6c18d8d6a47cb97\B361196\atidxx64.dll
0x00007fff9fc80000 - 0x00007fff9fcb0000 	C:\WINDOWS\SYSTEM32\amdihk64.dll
0x00007fffa3e90000 - 0x00007fffa42ed000 	C:\WINDOWS\SYSTEM32\D3DCompiler_47.dll
0x00007fffa1e50000 - 0x00007fffa2034000 	C:\WINDOWS\SYSTEM32\dbghelp.dll

VM Arguments:
jvm_args: -javaagent:C:\Program Files\JetBrains\IntelliJ IDEA Community Edition 2019.3.1\lib\idea_rt.jar=57367:C:\Program Files\JetBrains\IntelliJ IDEA Community Edition 2019.3.1\bin -Dfile.encoding=UTF-8 
java_command: Hilligans.ClientMain
java_class_path (initial): C:\Program Files\AdoptOpenJDK\jdk-8.0.252.09-hotspot\jre\lib\charsets.jar;C:\Program Files\AdoptOpenJDK\jdk-8.0.252.09-hotspot\jre\lib\ext\access-bridge-64.jar;C:\Program Files\AdoptOpenJDK\jdk-8.0.252.09-hotspot\jre\lib\ext\cldrdata.jar;C:\Program Files\AdoptOpenJDK\jdk-8.0.252.09-hotspot\jre\lib\ext\dnsns.jar;C:\Program Files\AdoptOpenJDK\jdk-8.0.252.09-hotspot\jre\lib\ext\jaccess.jar;C:\Program Files\AdoptOpenJDK\jdk-8.0.252.09-hotspot\jre\lib\ext\localedata.jar;C:\Program Files\AdoptOpenJDK\jdk-8.0.252.09-hotspot\jre\lib\ext\nashorn.jar;C:\Program Files\AdoptOpenJDK\jdk-8.0.252.09-hotspot\jre\lib\ext\sunec.jar;C:\Program Files\AdoptOpenJDK\jdk-8.0.252.09-hotspot\jre\lib\ext\sunjce_provider.jar;C:\Program Files\AdoptOpenJDK\jdk-8.0.252.09-hotspot\jre\lib\ext\sunmscapi.jar;C:\Program Files\AdoptOpenJDK\jdk-8.0.252.09-hotspot\jre\lib\ext\sunpkcs11.jar;C:\Program Files\AdoptOpenJDK\jdk-8.0.252.09-hotspot\jre\lib\ext\zipfs.jar;C:\Program Files\AdoptOpenJDK\jdk-8.0.252.09-hotspot\jre\lib\jce.jar;C:\Program Files\AdoptOpenJDK\jdk-8.0.252.09-hotspot\jre\lib\jsse.jar;C:\Program Files\AdoptOpenJDK\jdk-8.0.252.09-hotspot\jre\lib\management-agent.jar;C:\Program Files\AdoptOpenJDK\jdk-8.0.252.09-hotspot\jre\lib\resources.jar;C:\Program Files\AdoptOpenJDK\jdk-8.0.252.09-hotspot\jre\lib\rt.jar;C:\Users\Peyton Hill\IdeaProjects\Ourcraft\target\classes;C:\Users\Peyton Hill\.m2\repository\org\lwjgl\lwjgl\3.2.3\lwjgl-3.2.3.jar;C:\Users\Peyton Hill\.m2\repository\org\lwjgl\lwjgl-assimp\3.2.3\lwjgl-assimp-3.2.3.jar;C:\Users\Peyton Hill\.m2\repository\org\lwjgl\lwjgl-bgfx\3.2.3\lwjgl-bgfx-3.2.3.jar;C:\Users\Peyton Hill\.m2\repository\org\lwjgl\lwjgl-cuda\3.2.3\lwjgl-cuda-3.2.3.jar;C:\Users\Peyton Hill\.m2\repository\org\lwjgl\lwjgl-egl\3.2.3\lwjgl-egl-3.2.3.jar;C:\Users\Peyton Hill\.m2\repository\org\lwjgl\lwjgl-glfw\3.2.3\lwjgl-glfw-3.2.3.jar;C:\Users\Peyton Hill\.m2\repository\org\lwjgl\lwjgl-jawt\3.2.3\lwjgl-jawt-3.2.3.jar;C:\Users\Peyton Hill\.m2\repo
Launcher Type: SUN_STANDARD

Environment Variables:
JAVA_HOME=C:\Program Files\AdoptOpenJDK\jdk-15.0.2.7-hotspot
JRE_HOME=C:\Program Files\Java\jdk-15.0.2
PATH=C:\Program Files\AdoptOpenJDK\jdk-15.0.2.7-hotspot\bin;C:\ProgramData\Oracle\Java\javapath;C:\Program Files (x86)\Common Files\Oracle\Java\javapath;C:\Program Files\AdoptOpenJDK\jdk-8.0.252.09-hotspot\bin;C:\WINDOWS\system32;C:\WINDOWS;C:\WINDOWS\System32\Wbem;C:\WINDOWS\System32\WindowsPowerShell\v1.0\;C:\WINDOWS\System32\OpenSSH\;C:\Program Files\Git\cmd;C:\Users\Peyton Hill\AppData\Local\Microsoft\WindowsApps;C:\Users\Peyton Hill\AppData\Local\Programs\Microsoft VS Code\bin;C:\Users\Peyton Hill\AppData\Local\Microsoft\WindowsApps;C:\Users\Peyton Hill\AppData\Local\GitHubDesktop\bin
USERNAME=Peyton Hill
OS=Windows_NT
PROCESSOR_IDENTIFIER=AMD64 Family 23 Model 8 Stepping 2, AuthenticAMD



---------------  S Y S T E M  ---------------

OS: Windows 10.0 , 64 bit Build 19041 (10.0.19041.662)

CPU:total 16 (initial active 16) (16 cores per cpu, 1 threads per core) family 23 model 8 stepping 2, cmov, cx8, fxsr, mmx, sse, sse2, sse3, ssse3, sse4.1, sse4.2, popcnt, avx, avx2, aes, clmul, mmxext, 3dnowpref, lzcnt, sse4a, tsc, tscinvbit, tscinv, bmi1

Memory: 4k page, physical 33504108k(9476980k free), swap 58669932k(11639604k free)

vm_info: OpenJDK 64-Bit Server VM (25.252-b09) for windows-amd64 JRE (1.8.0_252-b09), built on Apr 22 2020 09:32:45 by "jenkins" with MS VC++ 12.0 (VS2013)

time: Sat Feb 06 03:11:03 2021
timezone: Eastern Standard Time
elapsed time: 36 seconds (0d 0h 0m 36s)

