#
# A fatal error has been detected by the Java Runtime Environment:
#
#  EXCEPTION_ACCESS_VIOLATION (0xc0000005) at pc=0x0000000000000000, pid=10052, tid=0x000000000000597c
#
# JRE version: OpenJDK Runtime Environment (8.0_252-b09) (build 1.8.0_252-b09)
# Java VM: OpenJDK 64-Bit Server VM (25.252-b09 mixed mode windows-amd64 compressed oops)
# Problematic frame:
# C  0x0000000000000000
#
# Failed to write core dump. Minidumps are not enabled by default on client versions of Windows
#
# If you would like to submit a bug report, please visit:
#   http://bugreport.java.com/bugreport/crash.jsp
#

---------------  T H R E A D  ---------------

Current thread (0x000001c2a9167800):  VMThread [stack: 0x000000aff2500000,0x000000aff2600000] [id=22908]

siginfo: ExceptionCode=0xc0000005, ExceptionInformation=0x0000000000000008 0x0000000000000000

Registers:
RAX=0x0000000000000000, RBX=0x0000000000000000, RCX=0x0000000000000001, RDX=0x00007fff74f6c470
RSP=0x000000aff25fef98, RBP=0x00007fff74f6c400, RSI=0x0000000000020000, RDI=0x0000000000000000
R8 =0x000000aff14e8000, R9 =0x0000000000000040, R10=0x0000000000000700, R11=0x000001c2b5766620
R12=0x00007fff74c0dc30, R13=0x0000000000000000, R14=0x00007fff74b30000, R15=0x0000000000000001
RIP=0x0000000000000000, EFLAGS=0x0000000000010206

Top of Stack: (sp=0x000000aff25fef98)
0x000000aff25fef98:   00007fff74ee8ff5 0000000000000000
0x000000aff25fefa8:   00007fff74f6c400 0000000000000000
0x000000aff25fefb8:   0000000000020000 000001c284d828b0
0x000000aff25fefc8:   00007fff74eea624 0000000000000000
0x000000aff25fefd8:   000001c284d828b0 0000000000020000
0x000000aff25fefe8:   000001c2ac963058 0000000000000001
0x000000aff25feff8:   00007fff74b36e3e 0000000000000001
0x000000aff25ff008:   0000000000000000 0000000000000000
0x000000aff25ff018:   00007fffa94ad83e 0000000000000001
0x000000aff25ff028:   00007fff74b37286 0000000000000000
0x000000aff25ff038:   000001c284d828b0 0000000000000001
0x000000aff25ff048:   0000000000000001 0000000000000000
0x000000aff25ff058:   00007fff74c0dd6f 0000000000000001
0x000000aff25ff068:   000001c284d828b0 0000000000000001
0x000000aff25ff078:   00007fff97560000 0000000000000001
0x000000aff25ff088:   00007fff9756c4d8 0000000000000001 

Instructions: (pc=0x0000000000000000)
0xffffffffffffffe0:   


Register to memory mapping:

RAX=0x0000000000000000 is an unknown value
RBX=0x0000000000000000 is an unknown value
RCX=0x0000000000000001 is an unknown value
RDX=0x00007fff74f6c470 is an unknown value
RSP=0x000000aff25fef98 is an unknown value
RBP=0x00007fff74f6c400 is an unknown value
RSI=0x0000000000020000 is an unknown value
RDI=0x0000000000000000 is an unknown value
R8 =0x000000aff14e8000 is an unknown value
R9 =0x0000000000000040 is an unknown value
R10=0x0000000000000700 is an unknown value
R11=0x000001c2b5766620 is an unknown value
R12=0x00007fff74c0dc30 is an unknown value
R13=0x0000000000000000 is an unknown value
R14=0x00007fff74b30000 is an unknown value
R15=0x0000000000000001 is an unknown value


Stack: [0x000000aff2500000,0x000000aff2600000],  sp=0x000000aff25fef98,  free space=1019k
Native frames: (J=compiled Java code, j=interpreted, Vv=VM code, C=native code)

VM_Operation (0x000000aff3efe4a0): Exit, mode: safepoint, requested by thread 0x000001c2b5b96800


---------------  P R O C E S S  ---------------

Java Threads: ( => current thread )
  0x000001c2b5b96800 JavaThread "nioEventLoopGroup-2-1" [_thread_blocked, id=12640, stack(0x000000aff3e00000,0x000000aff3f00000)]
  0x000001c2b5494000 JavaThread "pool-1-thread-1" [_thread_blocked, id=8128, stack(0x000000aff3d00000,0x000000aff3e00000)]
  0x000001c2ae78f000 JavaThread "Java2D Disposer" daemon [_thread_blocked, id=23868, stack(0x000000aff3c00000,0x000000aff3d00000)]
  0x000001c2ac442000 JavaThread "Service Thread" daemon [_thread_blocked, id=22704, stack(0x000000aff3700000,0x000000aff3800000)]
  0x000001c2ac207000 JavaThread "C1 CompilerThread11" daemon [_thread_blocked, id=13140, stack(0x000000aff3600000,0x000000aff3700000)]
  0x000001c2ac208000 JavaThread "C1 CompilerThread10" daemon [_thread_blocked, id=18388, stack(0x000000aff3500000,0x000000aff3600000)]
  0x000001c2ac20e000 JavaThread "C1 CompilerThread9" daemon [_thread_blocked, id=21112, stack(0x000000aff3400000,0x000000aff3500000)]
  0x000001c2ac20b000 JavaThread "C1 CompilerThread8" daemon [_thread_blocked, id=20880, stack(0x000000aff3300000,0x000000aff3400000)]
  0x000001c2ac209800 JavaThread "C2 CompilerThread7" daemon [_thread_blocked, id=5736, stack(0x000000aff3200000,0x000000aff3300000)]
  0x000001c2ac20d000 JavaThread "C2 CompilerThread6" daemon [_thread_blocked, id=7388, stack(0x000000aff3100000,0x000000aff3200000)]
  0x000001c2ac20c800 JavaThread "C2 CompilerThread5" daemon [_thread_blocked, id=16264, stack(0x000000aff3000000,0x000000aff3100000)]
  0x000001c2ac20b800 JavaThread "C2 CompilerThread4" daemon [_thread_blocked, id=16912, stack(0x000000aff2f00000,0x000000aff3000000)]
  0x000001c2ac208800 JavaThread "C2 CompilerThread3" daemon [_thread_blocked, id=14016, stack(0x000000aff2e00000,0x000000aff2f00000)]
  0x000001c2ac20a000 JavaThread "C2 CompilerThread2" daemon [_thread_blocked, id=18772, stack(0x000000aff2d00000,0x000000aff2e00000)]
  0x000001c2ac204800 JavaThread "C2 CompilerThread1" daemon [_thread_blocked, id=10976, stack(0x000000aff2c00000,0x000000aff2d00000)]
  0x000001c2ac1f7000 JavaThread "C2 CompilerThread0" daemon [_thread_blocked, id=5236, stack(0x000000aff2b00000,0x000000aff2c00000)]
  0x000001c2abf87000 JavaThread "Monitor Ctrl-Break" daemon [_thread_in_native, id=22232, stack(0x000000aff2a00000,0x000000aff2b00000)]
  0x000001c2abe7c000 JavaThread "Attach Listener" daemon [_thread_blocked, id=19432, stack(0x000000aff2900000,0x000000aff2a00000)]
  0x000001c2abe79000 JavaThread "Signal Dispatcher" daemon [_thread_blocked, id=18380, stack(0x000000aff2800000,0x000000aff2900000)]
  0x000001c2a9178000 JavaThread "Finalizer" daemon [_thread_blocked, id=12800, stack(0x000000aff2700000,0x000000aff2800000)]
  0x000001c2abe50800 JavaThread "Reference Handler" daemon [_thread_blocked, id=2700, stack(0x000000aff2600000,0x000000aff2700000)]
  0x000001c284d59000 JavaThread "main" [_thread_blocked, id=7764, stack(0x000000aff1700000,0x000000aff1800000)]

Other Threads:
=>0x000001c2a9167800 VMThread [stack: 0x000000aff2500000,0x000000aff2600000] [id=22908]

VM state:at safepoint (shutting down)

VM Mutex/Monitor currently owned by a thread:  ([mutex/lock_event])
[0x000001c284d56090] Threads_lock - owner thread: 0x000001c2a9167800

heap address: 0x00000005c0c00000, size: 8180 MB, Compressed Oops mode: Zero based, Oop shift amount: 3
Narrow klass base: 0x0000000000000000, Narrow klass shift: 3
Compressed class space size: 1073741824 Address: 0x00000007c0000000

Heap:
 PSYoungGen      total 895488K, used 573041K [0x0000000715980000, 0x0000000764b00000, 0x00000007c0000000)
  eden space 787968K, 69% used [0x0000000715980000,0x0000000736f81140,0x0000000745b00000)
  from space 107520K, 24% used [0x0000000745b00000,0x000000074749b5c8,0x000000074c400000)
  to   space 105472K, 0% used [0x000000075e400000,0x000000075e400000,0x0000000764b00000)
 ParOldGen       total 360448K, used 163806K [0x00000005c0c00000, 0x00000005d6c00000, 0x0000000715980000)
  object space 360448K, 45% used [0x00000005c0c00000,0x00000005cabf7918,0x00000005d6c00000)
 Metaspace       used 23366K, capacity 23653K, committed 24064K, reserved 1071104K
  class space    used 2182K, capacity 2289K, committed 2304K, reserved 1048576K

Card table byte_map: [0x000001c295c30000,0x000001c296c30000] byte_map_base: 0x000001c292e2a000

Marking Bits: (ParMarkBitMap*) 0x0000000070d65010
 Begin Bits: [0x000001c2976e0000, 0x000001c29f6b0000)
 End Bits:   [0x000001c29f6b0000, 0x000001c2a7680000)

Polling page: 0x000001c284f70000

CodeCache: size=245760Kb used=13204Kb max_used=13260Kb free=232555Kb
 bounds [0x000001c286870000, 0x000001c287580000, 0x000001c295870000]
 total_blobs=4600 nmethods=3432 adapters=1079
 compilation: enabled

Compilation events (10 events):
Event: 21.405 Thread 0x000001c2ac204800 3458       4       org.lwjgl.glfw.GLFW::glfwPollEvents (12 bytes)
Event: 21.405 Thread 0x000001c2ac20d000 3459       4       org.lwjgl.glfw.EventLoop$OnScreen::check (1 bytes)
Event: 21.405 Thread 0x000001c2ac20d000 nmethod 3459 0x000001c286d50790 code [0x000001c286d508c0, 0x000001c286d508f8]
Event: 21.405 Thread 0x000001c2ac20c800 3460       4       Hilligans.ClientMain::render (145 bytes)
Event: 21.406 Thread 0x000001c2ac204800 nmethod 3458 0x000001c286b62c50 code [0x000001c286b62da0, 0x000001c286b62e08]
Event: 21.407 Thread 0x000001c2ac20b800 nmethod 3454 0x000001c286b60210 code [0x000001c286b603c0, 0x000001c286b608b8]
Event: 21.447 Thread 0x000001c2ac20c800 nmethod 3460 0x000001c286b41010 code [0x000001c286b41520, 0x000001c286b433b0]
Event: 21.756 Thread 0x000001c2ac207000 3461       1       java.util.Hashtable::access$500 (5 bytes)
Event: 21.756 Thread 0x000001c2ac20b000 3462       3       java.util.logging.LogManager$LoggerContext::ensureDefaultLogger (70 bytes)
Event: 21.756 Thread 0x000001c2ac207000 nmethod 3461 0x000001c286c8a050 code [0x000001c286c8a1a0, 0x000001c286c8a298]

GC Heap History (10 events):
Event: 4.627 GC heap before
{Heap before GC invocations=7 (full 1):
 PSYoungGen      total 236544K, used 236512K [0x0000000715980000, 0x0000000737a00000, 0x00000007c0000000)
  eden space 215040K, 100% used [0x0000000715980000,0x0000000722b80000,0x0000000722b80000)
  from space 21504K, 99% used [0x0000000722b80000,0x0000000724078020,0x0000000724080000)
  to   space 68608K, 0% used [0x0000000733700000,0x0000000733700000,0x0000000737a00000)
 ParOldGen       total 142336K, used 81201K [0x00000005c0c00000, 0x00000005c9700000, 0x0000000715980000)
  object space 142336K, 57% used [0x00000005c0c00000,0x00000005c5b4c528,0x00000005c9700000)
 Metaspace       used 23178K, capacity 23519K, committed 23808K, reserved 1071104K
  class space    used 2167K, capacity 2288K, committed 2304K, reserved 1048576K
Event: 4.648 GC heap after
Heap after GC invocations=7 (full 1):
 PSYoungGen      total 475136K, used 66944K [0x0000000715980000, 0x0000000739600000, 0x00000007c0000000)
  eden space 406528K, 0% used [0x0000000715980000,0x0000000715980000,0x000000072e680000)
  from space 68608K, 97% used [0x0000000733700000,0x0000000737860040,0x0000000737a00000)
  to   space 82432K, 0% used [0x000000072e680000,0x000000072e680000,0x0000000733700000)
 ParOldGen       total 142336K, used 81209K [0x00000005c0c00000, 0x00000005c9700000, 0x0000000715980000)
  object space 142336K, 57% used [0x00000005c0c00000,0x00000005c5b4e528,0x00000005c9700000)
 Metaspace       used 23178K, capacity 23519K, committed 23808K, reserved 1071104K
  class space    used 2167K, capacity 2288K, committed 2304K, reserved 1048576K
}
Event: 5.592 GC heap before
{Heap before GC invocations=8 (full 1):
 PSYoungGen      total 475136K, used 473472K [0x0000000715980000, 0x0000000739600000, 0x00000007c0000000)
  eden space 406528K, 100% used [0x0000000715980000,0x000000072e680000,0x000000072e680000)
  from space 68608K, 97% used [0x0000000733700000,0x0000000737860040,0x0000000737a00000)
  to   space 82432K, 0% used [0x000000072e680000,0x000000072e680000,0x0000000733700000)
 ParOldGen       total 142336K, used 81209K [0x00000005c0c00000, 0x00000005c9700000, 0x0000000715980000)
  object space 142336K, 57% used [0x00000005c0c00000,0x00000005c5b4e528,0x00000005c9700000)
 Metaspace       used 23200K, capacity 23519K, committed 23808K, reserved 1071104K
  class space    used 2167K, capacity 2288K, committed 2304K, reserved 1048576K
Event: 5.628 GC heap after
Heap after GC invocations=8 (full 1):
 PSYoungGen      total 488960K, used 82400K [0x0000000715980000, 0x0000000753080000, 0x00000007c0000000)
  eden space 406528K, 0% used [0x0000000715980000,0x0000000715980000,0x000000072e680000)
  from space 82432K, 99% used [0x000000072e680000,0x00000007336f8020,0x0000000733700000)
  to   space 106496K, 0% used [0x000000074c880000,0x000000074c880000,0x0000000753080000)
 ParOldGen       total 142336K, used 97113K [0x00000005c0c00000, 0x00000005c9700000, 0x0000000715980000)
  object space 142336K, 68% used [0x00000005c0c00000,0x00000005c6ad6528,0x00000005c9700000)
 Metaspace       used 23200K, capacity 23519K, committed 23808K, reserved 1071104K
  class space    used 2167K, capacity 2288K, committed 2304K, reserved 1048576K
}
Event: 9.342 GC heap before
{Heap before GC invocations=9 (full 1):
 PSYoungGen      total 488960K, used 488928K [0x0000000715980000, 0x0000000753080000, 0x00000007c0000000)
  eden space 406528K, 100% used [0x0000000715980000,0x000000072e680000,0x000000072e680000)
  from space 82432K, 99% used [0x000000072e680000,0x00000007336f8020,0x0000000733700000)
  to   space 106496K, 0% used [0x000000074c880000,0x000000074c880000,0x0000000753080000)
 ParOldGen       total 142336K, used 97113K [0x00000005c0c00000, 0x00000005c9700000, 0x0000000715980000)
  object space 142336K, 68% used [0x00000005c0c00000,0x00000005c6ad6528,0x00000005c9700000)
 Metaspace       used 23216K, capacity 23519K, committed 23808K, reserved 1071104K
  class space    used 2168K, capacity 2288K, committed 2304K, reserved 1048576K
Event: 9.369 GC heap after
Heap after GC invocations=9 (full 1):
 PSYoungGen      total 890880K, used 65088K [0x0000000715980000, 0x0000000752d00000, 0x00000007c0000000)
  eden space 787968K, 0% used [0x0000000715980000,0x0000000715980000,0x0000000745b00000)
  from space 102912K, 63% used [0x000000074c880000,0x0000000750810000,0x0000000752d00000)
  to   space 107520K, 0% used [0x0000000745b00000,0x0000000745b00000,0x000000074c400000)
 ParOldGen       total 142336K, used 131233K [0x00000005c0c00000, 0x00000005c9700000, 0x0000000715980000)
  object space 142336K, 92% used [0x00000005c0c00000,0x00000005c8c28578,0x00000005c9700000)
 Metaspace       used 23216K, capacity 23519K, committed 23808K, reserved 1071104K
  class space    used 2168K, capacity 2288K, committed 2304K, reserved 1048576K
}
Event: 9.369 GC heap before
{Heap before GC invocations=10 (full 2):
 PSYoungGen      total 890880K, used 65088K [0x0000000715980000, 0x0000000752d00000, 0x00000007c0000000)
  eden space 787968K, 0% used [0x0000000715980000,0x0000000715980000,0x0000000745b00000)
  from space 102912K, 63% used [0x000000074c880000,0x0000000750810000,0x0000000752d00000)
  to   space 107520K, 0% used [0x0000000745b00000,0x0000000745b00000,0x000000074c400000)
 ParOldGen       total 142336K, used 131233K [0x00000005c0c00000, 0x00000005c9700000, 0x0000000715980000)
  object space 142336K, 92% used [0x00000005c0c00000,0x00000005c8c28578,0x00000005c9700000)
 Metaspace       used 23216K, capacity 23519K, committed 23808K, reserved 1071104K
  class space    used 2168K, capacity 2288K, committed 2304K, reserved 1048576K
Event: 9.720 GC heap after
Heap after GC invocations=10 (full 2):
 PSYoungGen      total 890880K, used 33594K [0x0000000715980000, 0x0000000752d00000, 0x00000007c0000000)
  eden space 787968K, 0% used [0x0000000715980000,0x0000000715980000,0x0000000745b00000)
  from space 102912K, 32% used [0x000000074c880000,0x000000074e94ea78,0x0000000752d00000)
  to   space 107520K, 0% used [0x0000000745b00000,0x0000000745b00000,0x000000074c400000)
 ParOldGen       total 360448K, used 142022K [0x00000005c0c00000, 0x00000005d6c00000, 0x0000000715980000)
  object space 360448K, 39% used [0x00000005c0c00000,0x00000005c96b1918,0x00000005d6c00000)
 Metaspace       used 23216K, capacity 23519K, committed 23808K, reserved 1071104K
  class space    used 2168K, capacity 2288K, committed 2304K, reserved 1048576K
}
Event: 16.571 GC heap before
{Heap before GC invocations=11 (full 2):
 PSYoungGen      total 890880K, used 821562K [0x0000000715980000, 0x0000000752d00000, 0x00000007c0000000)
  eden space 787968K, 100% used [0x0000000715980000,0x0000000745b00000,0x0000000745b00000)
  from space 102912K, 32% used [0x000000074c880000,0x000000074e94ea78,0x0000000752d00000)
  to   space 107520K, 0% used [0x0000000745b00000,0x0000000745b00000,0x000000074c400000)
 ParOldGen       total 360448K, used 142022K [0x00000005c0c00000, 0x00000005d6c00000, 0x0000000715980000)
  object space 360448K, 39% used [0x00000005c0c00000,0x00000005c96b1918,0x00000005d6c00000)
 Metaspace       used 23320K, capacity 23583K, committed 23808K, reserved 1071104K
  class space    used 2173K, capacity 2288K, committed 2304K, reserved 1048576K
Event: 16.601 GC heap after
Heap after GC invocations=11 (full 2):
 PSYoungGen      total 895488K, used 26221K [0x0000000715980000, 0x0000000764b00000, 0x00000007c0000000)
  eden space 787968K, 0% used [0x0000000715980000,0x0000000715980000,0x0000000745b00000)
  from space 107520K, 24% used [0x0000000745b00000,0x000000074749b5c8,0x000000074c400000)
  to   space 105472K, 0% used [0x000000075e400000,0x000000075e400000,0x0000000764b00000)
 ParOldGen       total 360448K, used 163806K [0x00000005c0c00000, 0x00000005d6c00000, 0x0000000715980000)
  object space 360448K, 45% used [0x00000005c0c00000,0x00000005cabf7918,0x00000005d6c00000)
 Metaspace       used 23320K, capacity 23583K, committed 23808K, reserved 1071104K
  class space    used 2173K, capacity 2288K, committed 2304K, reserved 1048576K
}

Deoptimization events (10 events):
Event: 17.775 Thread 0x000001c2b5b96800 Uncommon trap: reason=unstable_if action=reinterpret pc=0x000001c287534d3c method=io.netty.channel.DefaultMaxMessagesRecvByteBufAllocator$MaxMessageHandle.lastBytesRead(I)V @ 6
Event: 18.264 Thread 0x000001c2b5b96800 Uncommon trap: reason=unstable_if action=reinterpret pc=0x000001c2873fd560 method=io.netty.buffer.AbstractByteBuf.ensureWritable0(I)V @ 116
Event: 21.751 Thread 0x000001c2b5b96800 Uncommon trap: reason=unstable_if action=reinterpret pc=0x000001c2874bd65c method=sun.security.ssl.EngineWriter.isOutboundDone()Z @ 4
Event: 21.751 Thread 0x000001c2b5b96800 Uncommon trap: reason=unstable_if action=reinterpret pc=0x000001c2872eefd4 method=sun.security.ssl.EngineWriter.hasOutboundDataInternal()Z @ 7
Event: 21.751 Thread 0x000001c2b5b96800 Uncommon trap: reason=unstable_if action=reinterpret pc=0x000001c2875251b0 method=io.netty.handler.ssl.SslHandler.wrap(Lio/netty/channel/ChannelHandlerContext;Z)V @ 125
Event: 21.751 Thread 0x000001c2b5b96800 Uncommon trap: reason=unstable_if action=reinterpret pc=0x000001c2874207d0 method=io.netty.util.concurrent.DefaultPromise.isSuccess()Z @ 20
Event: 21.752 Thread 0x000001c2b5b96800 Uncommon trap: reason=unstable_if action=reinterpret pc=0x000001c28746005c method=io.netty.handler.ssl.SslHandler.finishWrap(Lio/netty/channel/ChannelHandlerContext;Lio/netty/buffer/ByteBuf;Lio/netty/channel/ChannelPromise;ZZ)V @ 28
Event: 21.754 Thread 0x000001c2b5b96800 Uncommon trap: reason=unstable_if action=reinterpret pc=0x000001c287443004 method=io.netty.channel.socket.nio.NioSocketChannel.isActive()Z @ 9
Event: 21.754 Thread 0x000001c2b5b96800 Uncommon trap: reason=class_check action=maybe_recompile pc=0x000001c287417c2c method=io.netty.util.concurrent.DefaultPromise.notifyListenersNow()V @ 66
Event: 21.754 Thread 0x000001c284d59000 Uncommon trap: reason=unstable_if action=reinterpret pc=0x000001c28740b87c method=io.netty.channel.DefaultChannelPipeline.incrementPendingOutboundBytes(J)V @ 16

Classes redefined (0 events):
No events

Internal exceptions (10 events):
Event: 3.761 Thread 0x000001c284d59000 Implicit null exception at 0x000001c286f297c7 to 0x000001c286f29995
Event: 3.761 Thread 0x000001c284d59000 Implicit null exception at 0x000001c286f24c44 to 0x000001c286f24e59
Event: 3.827 Thread 0x000001c2b5b96800 Exception <a 'java/lang/ArrayIndexOutOfBoundsException'> (0x000000071630b890) thrown at [J:\jenkins\tmp\workspace\build\src\hotspot\src\share\vm\runtime\sharedRuntime.cpp, line 605]
Event: 3.827 Thread 0x000001c2b5b96800 Exception <a 'java/lang/ArrayIndexOutOfBoundsException'> (0x000000071630d120) thrown at [J:\jenkins\tmp\workspace\build\src\hotspot\src\share\vm\runtime\sharedRuntime.cpp, line 605]
Event: 3.827 Thread 0x000001c2b5b96800 Exception <a 'java/lang/ArrayIndexOutOfBoundsException'> (0x0000000716310830) thrown at [J:\jenkins\tmp\workspace\build\src\hotspot\src\share\vm\runtime\sharedRuntime.cpp, line 605]
Event: 3.830 Thread 0x000001c2b5b96800 Exception <a 'java/lang/ArrayIndexOutOfBoundsException'> (0x0000000716338cd0) thrown at [J:\jenkins\tmp\workspace\build\src\hotspot\src\share\vm\runtime\sharedRuntime.cpp, line 605]
Event: 3.830 Thread 0x000001c2b5b96800 Exception <a 'java/lang/ArrayIndexOutOfBoundsException'> (0x0000000716339b98) thrown at [J:\jenkins\tmp\workspace\build\src\hotspot\src\share\vm\runtime\sharedRuntime.cpp, line 605]
Event: 3.952 Thread 0x000001c2b5b96800 Implicit null exception at 0x000001c286eabf68 to 0x000001c286eac021
Event: 5.172 Thread 0x000001c2b5494000 Implicit null exception at 0x000001c28721889c to 0x000001c2872189f5
Event: 5.172 Thread 0x000001c2b5b96800 Implicit null exception at 0x000001c2872164ac to 0x000001c2872166f9

Events (10 events):
Event: 21.755 loading class java/util/IdentityHashMap$KeyIterator done
Event: 21.756 Thread 0x000001c2ac80a000 Thread added: 0x000001c2ac80a000
Event: 21.756 Thread 0x000001c2ac7f7800 Thread added: 0x000001c2ac7f7800
Event: 21.756 loading class java/util/WeakHashMap$KeyIterator
Event: 21.756 Thread 0x000001c2ac80a000 Thread exited: 0x000001c2ac80a000
Event: 21.756 loading class java/util/WeakHashMap$HashIterator
Event: 21.756 loading class java/util/WeakHashMap$HashIterator done
Event: 21.756 loading class java/util/WeakHashMap$KeyIterator done
Event: 21.756 Thread 0x000001c2ac7f7800 Thread exited: 0x000001c2ac7f7800
Event: 21.757 Executing VM operation: Exit


Dynamic libraries:
0x00007ff7dd210000 - 0x00007ff7dd24a000 	C:\Program Files\AdoptOpenJDK\jdk-8.0.252.09-hotspot\bin\java.exe
0x00007fffaa990000 - 0x00007fffaab86000 	C:\WINDOWS\SYSTEM32\ntdll.dll
0x00007fff9f020000 - 0x00007fff9f032000 	C:\Program Files\AVAST Software\Avast\aswhook.dll
0x00007fffa9200000 - 0x00007fffa92bd000 	C:\WINDOWS\System32\KERNEL32.DLL
0x00007fffa8550000 - 0x00007fffa8819000 	C:\WINDOWS\System32\KERNELBASE.dll
0x00007fffaa790000 - 0x00007fffaa83c000 	C:\WINDOWS\System32\ADVAPI32.dll
0x00007fffa92c0000 - 0x00007fffa935e000 	C:\WINDOWS\System32\msvcrt.dll
0x00007fffaa8b0000 - 0x00007fffaa94c000 	C:\WINDOWS\System32\sechost.dll
0x00007fffa9360000 - 0x00007fffa948b000 	C:\WINDOWS\System32\RPCRT4.dll
0x00007fffa8b40000 - 0x00007fffa8ce0000 	C:\WINDOWS\System32\USER32.dll
0x00007fffa8820000 - 0x00007fffa8842000 	C:\WINDOWS\System32\win32u.dll
0x00007fffa96b0000 - 0x00007fffa96da000 	C:\WINDOWS\System32\GDI32.dll
0x00007fffa81e0000 - 0x00007fffa82e9000 	C:\WINDOWS\System32\gdi32full.dll
0x00007fffa8950000 - 0x00007fffa89ed000 	C:\WINDOWS\System32\msvcp_win.dll
0x00007fffa8850000 - 0x00007fffa8950000 	C:\WINDOWS\System32\ucrtbase.dll
0x00007fff85b60000 - 0x00007fff85dfb000 	C:\WINDOWS\WinSxS\amd64_microsoft.windows.common-controls_6595b64144ccf1df_6.0.19041.488_none_ca04af081b815d21\COMCTL32.dll
0x00007fffaa3c0000 - 0x00007fffaa3f0000 	C:\WINDOWS\System32\IMM32.DLL
0x00007fff90f80000 - 0x00007fff9106f000 	C:\Program Files\AdoptOpenJDK\jdk-8.0.252.09-hotspot\jre\bin\msvcr120.dll
0x00007fff8a320000 - 0x00007fff8a3c6000 	C:\Program Files\AdoptOpenJDK\jdk-8.0.252.09-hotspot\jre\bin\msvcp120.dll
0x00000000705e0000 - 0x0000000070dde000 	C:\Program Files\AdoptOpenJDK\jdk-8.0.252.09-hotspot\jre\bin\server\jvm.dll
0x00007fffaa8a0000 - 0x00007fffaa8a8000 	C:\WINDOWS\System32\PSAPI.DLL
0x00007fff9de20000 - 0x00007fff9de29000 	C:\WINDOWS\SYSTEM32\WSOCK32.dll
0x00007fffa9a40000 - 0x00007fffa9aab000 	C:\WINDOWS\System32\WS2_32.dll
0x00007fff9ff40000 - 0x00007fff9ff67000 	C:\WINDOWS\SYSTEM32\WINMM.dll
0x00007fff9ff70000 - 0x00007fff9ff7a000 	C:\WINDOWS\SYSTEM32\VERSION.dll
0x00007fff9f7b0000 - 0x00007fff9f7bf000 	C:\Program Files\AdoptOpenJDK\jdk-8.0.252.09-hotspot\jre\bin\verify.dll
0x00007fff988f0000 - 0x00007fff98918000 	C:\Program Files\AdoptOpenJDK\jdk-8.0.252.09-hotspot\jre\bin\java.dll
0x00007fff98c80000 - 0x00007fff98caa000 	C:\Program Files\AdoptOpenJDK\jdk-8.0.252.09-hotspot\jre\bin\instrument.dll
0x00007fff984a0000 - 0x00007fff984b6000 	C:\Program Files\AdoptOpenJDK\jdk-8.0.252.09-hotspot\jre\bin\zip.dll
0x00007fffa9c60000 - 0x00007fffaa3a2000 	C:\WINDOWS\System32\SHELL32.dll
0x00007fffa6240000 - 0x00007fffa69d5000 	C:\WINDOWS\SYSTEM32\windows.storage.dll
0x00007fffa96e0000 - 0x00007fffa9a36000 	C:\WINDOWS\System32\combase.dll
0x00007fffa7b40000 - 0x00007fffa7b6c000 	C:\WINDOWS\SYSTEM32\Wldp.dll
0x00007fffa9150000 - 0x00007fffa91fe000 	C:\WINDOWS\System32\SHCORE.dll
0x00007fffaa400000 - 0x00007fffaa455000 	C:\WINDOWS\System32\shlwapi.dll
0x00007fffa8000000 - 0x00007fffa8026000 	C:\WINDOWS\SYSTEM32\profapi.dll
0x00007fffa4c70000 - 0x00007fffa4c8a000 	C:\Program Files\JetBrains\IntelliJ IDEA Community Edition 2019.3.1\bin\breakgen64.dll
0x00007fff97640000 - 0x00007fff9765a000 	C:\Program Files\AdoptOpenJDK\jdk-8.0.252.09-hotspot\jre\bin\net.dll
0x00007fffa78c0000 - 0x00007fffa792a000 	C:\WINDOWS\system32\mswsock.dll
0x00007fff97620000 - 0x00007fff97632000 	C:\Program Files\AdoptOpenJDK\jdk-8.0.252.09-hotspot\jre\bin\nio.dll
0x00007fff8b220000 - 0x00007fff8b284000 	C:\Users\Peyton Hill\AppData\Local\Temp\lwjglPeyton Hill\3.2.3-build-13\lwjgl.dll
0x00007fff8a610000 - 0x00007fff8a672000 	C:\Users\PEYTON~1\AppData\Local\Temp\lwjglPeyton Hill\3.2.3-build-13\glfw.dll
0x00007fffa5ae0000 - 0x00007fffa5b7e000 	C:\WINDOWS\system32\uxtheme.dll
0x00007fff93230000 - 0x00007fff93275000 	C:\WINDOWS\SYSTEM32\dinput8.dll
0x00007fff98ae0000 - 0x00007fff98af1000 	C:\WINDOWS\SYSTEM32\xinput1_4.dll
0x00007fffa8500000 - 0x00007fffa854e000 	C:\WINDOWS\System32\cfgmgr32.dll
0x00007fffa7e80000 - 0x00007fffa7eac000 	C:\WINDOWS\SYSTEM32\DEVOBJ.dll
0x00007fffa5d50000 - 0x00007fffa5d7f000 	C:\WINDOWS\SYSTEM32\dwmapi.dll
0x00007fff8afd0000 - 0x00007fff8b122000 	C:\WINDOWS\SYSTEM32\inputhost.dll
0x00007fffaa4c0000 - 0x00007fffaa58d000 	C:\WINDOWS\System32\OLEAUT32.dll
0x00007fffa5560000 - 0x00007fffa5652000 	C:\WINDOWS\SYSTEM32\CoreMessaging.dll
0x00007fffa3ac0000 - 0x00007fffa3bb7000 	C:\WINDOWS\SYSTEM32\PROPSYS.dll
0x00007fffa3d30000 - 0x00007fffa3e86000 	C:\WINDOWS\SYSTEM32\wintypes.dll
0x00007fffa8480000 - 0x00007fffa8500000 	C:\WINDOWS\System32\bcryptPrimitives.dll
0x00007fffa4e80000 - 0x00007fffa51de000 	C:\WINDOWS\SYSTEM32\CoreUIComponents.dll
0x00007fffa6f30000 - 0x00007fffa6f63000 	C:\WINDOWS\SYSTEM32\ntmarta.dll
0x00007fffa6040000 - 0x00007fffa6052000 	C:\WINDOWS\SYSTEM32\kernel.appcore.dll
0x00007fffaa590000 - 0x00007fffaa6a6000 	C:\WINDOWS\System32\MSCTF.dll
0x00007fffa69e0000 - 0x00007fffa69ed000 	C:\WINDOWS\SYSTEM32\HID.DLL
0x00007fffa8ce0000 - 0x00007fffa9147000 	C:\WINDOWS\System32\SETUPAPI.DLL
0x00007fffa8450000 - 0x00007fffa8477000 	C:\WINDOWS\System32\bcrypt.dll
0x00007fffa8180000 - 0x00007fffa81e0000 	C:\WINDOWS\System32\WINTRUST.dll
0x00007fffa82f0000 - 0x00007fffa844d000 	C:\WINDOWS\System32\CRYPT32.dll
0x00007fffa7cc0000 - 0x00007fffa7cd2000 	C:\WINDOWS\SYSTEM32\MSASN1.dll
0x00007fff74b30000 - 0x00007fff74c55000 	C:\WINDOWS\SYSTEM32\opengl32.dll
0x00007fff978d0000 - 0x00007fff978fc000 	C:\WINDOWS\SYSTEM32\GLU32.dll
0x00007fffa9490000 - 0x00007fffa9539000 	C:\WINDOWS\System32\clbcatq.dll
0x00007fff97560000 - 0x00007fff9758a000 	C:\WINDOWS\System32\DriverStore\FileRepository\u0361134.inf_amd64_a6c18d8d6a47cb97\B361196\atig6pxx.dll
0x00007fff39850000 - 0x00007fff3c624000 	C:\WINDOWS\System32\DriverStore\FileRepository\u0361134.inf_amd64_a6c18d8d6a47cb97\B361196\atio6axx.dll
0x00007fffa8a10000 - 0x00007fffa8b3a000 	C:\WINDOWS\System32\ole32.dll
0x00007fff70750000 - 0x00007fff70774000 	C:\WINDOWS\SYSTEM32\dxva2.dll
0x00007fff91640000 - 0x00007fff9167c000 	C:\WINDOWS\System32\DriverStore\FileRepository\u0361134.inf_amd64_a6c18d8d6a47cb97\B361196\atig6txx.dll
0x00007fff77230000 - 0x00007fff773ef000 	C:\WINDOWS\SYSTEM32\atiadlxx.dll
0x00007fff82c10000 - 0x00007fff82c59000 	C:\WINDOWS\SYSTEM32\pdh.dll
0x00007fffa01e0000 - 0x00007fffa021b000 	C:\WINDOWS\SYSTEM32\dxcore.dll
0x00007fff8b2c0000 - 0x00007fff8b3bd000 	C:\WINDOWS\SYSTEM32\textinputframework.dll
0x00007fff91450000 - 0x00007fff914a9000 	C:\Users\Peyton Hill\AppData\Local\Temp\lwjglPeyton Hill\3.2.3-build-13\lwjgl_opengl.dll
0x00007fff76970000 - 0x00007fff76bc3000 	C:\Users\PEYTON~1\AppData\Local\Temp\lwjglPeyton Hill\3.2.3-build-13\jemalloc.dll
0x00007fff74f80000 - 0x00007fff75115000 	C:\Program Files\AdoptOpenJDK\jdk-8.0.252.09-hotspot\jre\bin\awt.dll
0x00007fffa58d0000 - 0x00007fffa5960000 	C:\WINDOWS\SYSTEM32\apphelp.dll
0x00007fffa7a90000 - 0x00007fffa7aa8000 	C:\WINDOWS\SYSTEM32\CRYPTSP.dll
0x00007fffa71e0000 - 0x00007fffa7214000 	C:\WINDOWS\system32\rsaenh.dll
0x00007fffa7f80000 - 0x00007fffa7fae000 	C:\WINDOWS\SYSTEM32\USERENV.dll
0x00007fffa7ab0000 - 0x00007fffa7abc000 	C:\WINDOWS\SYSTEM32\CRYPTBASE.dll
0x00007fffa7560000 - 0x00007fffa759b000 	C:\WINDOWS\SYSTEM32\IPHLPAPI.DLL
0x00007fffaa3f0000 - 0x00007fffaa3f8000 	C:\WINDOWS\System32\NSI.dll
0x00007fffa1ae0000 - 0x00007fffa1af7000 	C:\WINDOWS\SYSTEM32\dhcpcsvc6.DLL
0x00007fffa1cb0000 - 0x00007fffa1ccd000 	C:\WINDOWS\SYSTEM32\dhcpcsvc.DLL
0x00007fffa75b0000 - 0x00007fffa767b000 	C:\WINDOWS\SYSTEM32\DNSAPI.dll
0x00007fff8a280000 - 0x00007fff8a313000 	C:\Program Files\AdoptOpenJDK\jdk-8.0.252.09-hotspot\jre\bin\freetype.dll
0x00007fff76520000 - 0x00007fff765dd000 	C:\Program Files\AdoptOpenJDK\jdk-8.0.252.09-hotspot\jre\bin\fontmanager.dll
0x00007fff98b80000 - 0x00007fff98ba3000 	C:\Program Files\AdoptOpenJDK\jdk-8.0.252.09-hotspot\jre\bin\sunec.dll
0x00007fff9aa90000 - 0x00007fff9aa9c000 	C:\Program Files\AdoptOpenJDK\jdk-8.0.252.09-hotspot\jre\bin\sunmscapi.dll
0x00007fffa7bb0000 - 0x00007fffa7bd7000 	C:\WINDOWS\SYSTEM32\ncrypt.dll
0x00007fffa7b70000 - 0x00007fffa7bab000 	C:\WINDOWS\SYSTEM32\NTASN1.dll
0x00007fffa4bb0000 - 0x00007fffa4bbd000 	C:\Program Files\AdoptOpenJDK\jdk-8.0.252.09-hotspot\jre\bin\management.dll
0x00007fff968a0000 - 0x00007fff968b7000 	C:\WINDOWS\system32\napinsp.dll
0x00007fff96880000 - 0x00007fff9689b000 	C:\WINDOWS\system32\pnrpnsp.dll
0x00007fff96430000 - 0x00007fff96445000 	C:\WINDOWS\system32\wshbth.dll
0x00007fffa42f0000 - 0x00007fffa430d000 	C:\WINDOWS\system32\NLAapi.dll
0x00007fff963c0000 - 0x00007fff963d2000 	C:\WINDOWS\System32\winrnr.dll
0x00007fff9e430000 - 0x00007fff9e43a000 	C:\Windows\System32\rasadhlp.dll
0x00007fff9e470000 - 0x00007fff9e4ef000 	C:\WINDOWS\System32\fwpuclnt.dll
0x00007fff74ee0000 - 0x00007fff74f7d000 	C:\Program Files\obs-studio\data\obs-plugins\win-capture\graphics-hook64.dll
0x00007fffa4310000 - 0x00007fffa4574000 	C:\WINDOWS\system32\d3d11.dll
0x00007fffa6a20000 - 0x00007fffa6b13000 	C:\WINDOWS\SYSTEM32\dxgi.dll
0x00007fff9ff80000 - 0x00007fffa015b000 	C:\WINDOWS\System32\DriverStore\FileRepository\u0361134.inf_amd64_a6c18d8d6a47cb97\B361196\aticfx64.dll
0x00007fff9fce0000 - 0x00007fff9fd18000 	C:\WINDOWS\System32\DriverStore\FileRepository\u0361134.inf_amd64_a6c18d8d6a47cb97\B361196\atiuxp64.dll
0x00007fff9b940000 - 0x00007fff9d845000 	C:\WINDOWS\System32\DriverStore\FileRepository\u0361134.inf_amd64_a6c18d8d6a47cb97\B361196\atidxx64.dll
0x00007fff9fc80000 - 0x00007fff9fcb0000 	C:\WINDOWS\SYSTEM32\amdihk64.dll
0x00007fffa3e90000 - 0x00007fffa42ed000 	C:\WINDOWS\SYSTEM32\D3DCompiler_47.dll
0x00007fffa1e50000 - 0x00007fffa2034000 	C:\WINDOWS\SYSTEM32\dbghelp.dll

VM Arguments:
jvm_args: -javaagent:C:\Program Files\JetBrains\IntelliJ IDEA Community Edition 2019.3.1\lib\idea_rt.jar=55731:C:\Program Files\JetBrains\IntelliJ IDEA Community Edition 2019.3.1\bin -Dfile.encoding=UTF-8 
java_command: Hilligans.ClientMain
java_class_path (initial): C:\Program Files\AdoptOpenJDK\jdk-8.0.252.09-hotspot\jre\lib\charsets.jar;C:\Program Files\AdoptOpenJDK\jdk-8.0.252.09-hotspot\jre\lib\ext\access-bridge-64.jar;C:\Program Files\AdoptOpenJDK\jdk-8.0.252.09-hotspot\jre\lib\ext\cldrdata.jar;C:\Program Files\AdoptOpenJDK\jdk-8.0.252.09-hotspot\jre\lib\ext\dnsns.jar;C:\Program Files\AdoptOpenJDK\jdk-8.0.252.09-hotspot\jre\lib\ext\jaccess.jar;C:\Program Files\AdoptOpenJDK\jdk-8.0.252.09-hotspot\jre\lib\ext\localedata.jar;C:\Program Files\AdoptOpenJDK\jdk-8.0.252.09-hotspot\jre\lib\ext\nashorn.jar;C:\Program Files\AdoptOpenJDK\jdk-8.0.252.09-hotspot\jre\lib\ext\sunec.jar;C:\Program Files\AdoptOpenJDK\jdk-8.0.252.09-hotspot\jre\lib\ext\sunjce_provider.jar;C:\Program Files\AdoptOpenJDK\jdk-8.0.252.09-hotspot\jre\lib\ext\sunmscapi.jar;C:\Program Files\AdoptOpenJDK\jdk-8.0.252.09-hotspot\jre\lib\ext\sunpkcs11.jar;C:\Program Files\AdoptOpenJDK\jdk-8.0.252.09-hotspot\jre\lib\ext\zipfs.jar;C:\Program Files\AdoptOpenJDK\jdk-8.0.252.09-hotspot\jre\lib\jce.jar;C:\Program Files\AdoptOpenJDK\jdk-8.0.252.09-hotspot\jre\lib\jsse.jar;C:\Program Files\AdoptOpenJDK\jdk-8.0.252.09-hotspot\jre\lib\management-agent.jar;C:\Program Files\AdoptOpenJDK\jdk-8.0.252.09-hotspot\jre\lib\resources.jar;C:\Program Files\AdoptOpenJDK\jdk-8.0.252.09-hotspot\jre\lib\rt.jar;C:\Users\Peyton Hill\IdeaProjects\Ourcraft\target\classes;C:\Users\Peyton Hill\.m2\repository\org\lwjgl\lwjgl\3.2.3\lwjgl-3.2.3.jar;C:\Users\Peyton Hill\.m2\repository\org\lwjgl\lwjgl-assimp\3.2.3\lwjgl-assimp-3.2.3.jar;C:\Users\Peyton Hill\.m2\repository\org\lwjgl\lwjgl-bgfx\3.2.3\lwjgl-bgfx-3.2.3.jar;C:\Users\Peyton Hill\.m2\repository\org\lwjgl\lwjgl-cuda\3.2.3\lwjgl-cuda-3.2.3.jar;C:\Users\Peyton Hill\.m2\repository\org\lwjgl\lwjgl-egl\3.2.3\lwjgl-egl-3.2.3.jar;C:\Users\Peyton Hill\.m2\repository\org\lwjgl\lwjgl-glfw\3.2.3\lwjgl-glfw-3.2.3.jar;C:\Users\Peyton Hill\.m2\repository\org\lwjgl\lwjgl-jawt\3.2.3\lwjgl-jawt-3.2.3.jar;C:\Users\Peyton Hill\.m2\repo
Launcher Type: SUN_STANDARD

Environment Variables:
JAVA_HOME=C:\Program Files\AdoptOpenJDK\jdk-15.0.2.7-hotspot
JRE_HOME=C:\Program Files\Java\jdk-15.0.2
PATH=C:\Program Files\AdoptOpenJDK\jdk-15.0.2.7-hotspot\bin;C:\ProgramData\Oracle\Java\javapath;C:\Program Files (x86)\Common Files\Oracle\Java\javapath;C:\Program Files\AdoptOpenJDK\jdk-8.0.252.09-hotspot\bin;C:\WINDOWS\system32;C:\WINDOWS;C:\WINDOWS\System32\Wbem;C:\WINDOWS\System32\WindowsPowerShell\v1.0\;C:\WINDOWS\System32\OpenSSH\;C:\Program Files\Git\cmd;C:\Users\Peyton Hill\AppData\Local\Microsoft\WindowsApps;C:\Users\Peyton Hill\AppData\Local\Programs\Microsoft VS Code\bin;C:\Users\Peyton Hill\AppData\Local\Microsoft\WindowsApps;C:\Users\Peyton Hill\AppData\Local\GitHubDesktop\bin
USERNAME=Peyton Hill
OS=Windows_NT
PROCESSOR_IDENTIFIER=AMD64 Family 23 Model 8 Stepping 2, AuthenticAMD



---------------  S Y S T E M  ---------------

OS: Windows 10.0 , 64 bit Build 19041 (10.0.19041.662)

CPU:total 16 (initial active 16) (16 cores per cpu, 1 threads per core) family 23 model 8 stepping 2, cmov, cx8, fxsr, mmx, sse, sse2, sse3, ssse3, sse4.1, sse4.2, popcnt, avx, avx2, aes, clmul, mmxext, 3dnowpref, lzcnt, sse4a, tsc, tscinvbit, tscinv, bmi1

Memory: 4k page, physical 33504108k(21087316k free), swap 58669932k(33733124k free)

vm_info: OpenJDK 64-Bit Server VM (25.252-b09) for windows-amd64 JRE (1.8.0_252-b09), built on Apr 22 2020 09:32:45 by "jenkins" with MS VC++ 12.0 (VS2013)

time: Sat Feb 06 04:34:12 2021
timezone: Eastern Standard Time
elapsed time: 22 seconds (0d 0h 0m 22s)

