#
# A fatal error has been detected by the Java Runtime Environment:
#
#  EXCEPTION_ACCESS_VIOLATION (0xc0000005) at pc=0x0000000000000000, pid=1660, tid=0x00000000000047b4
#
# JRE version: OpenJDK Runtime Environment (8.0_252-b09) (build 1.8.0_252-b09)
# Java VM: OpenJDK 64-Bit Server VM (25.252-b09 mixed mode windows-amd64 compressed oops)
# Problematic frame:
# C  0x0000000000000000
#
# Failed to write core dump. Minidumps are not enabled by default on client versions of Windows
#
# If you would like to submit a bug report, please visit:
#   http://bugreport.java.com/bugreport/crash.jsp
#

---------------  T H R E A D  ---------------

Current thread (0x000001a479daf800):  VMThread [stack: 0x0000006245700000,0x0000006245800000] [id=18356]

siginfo: ExceptionCode=0xc0000005, ExceptionInformation=0x0000000000000008 0x0000000000000000

Registers:
RAX=0x0000000000000000, RBX=0x0000000000000000, RCX=0x0000000000000001, RDX=0x00007fff769fc470
RSP=0x00000062457ff018, RBP=0x00007fff769fc400, RSI=0x0000000000020000, RDI=0x0000000000000000
R8 =0x0000006244664000, R9 =0x000000000000003e, R10=0x0000000000000000, R11=0x000001a429b94970
R12=0x00007fff74c0dc30, R13=0x0000000000000000, R14=0x00007fff74b30000, R15=0x0000000000000001
RIP=0x0000000000000000, EFLAGS=0x0000000000010202

Top of Stack: (sp=0x00000062457ff018)
0x00000062457ff018:   00007fff76978ff5 0000000000000000
0x00000062457ff028:   00007fff769fc400 0000000000000000
0x00000062457ff038:   0000000000020000 000001a4748e6440
0x00000062457ff048:   00007fff7697a624 0000000000000000
0x00000062457ff058:   000001a4748e6440 0000000000020000
0x00000062457ff068:   000001a47d4b8d98 0000000000000001
0x00000062457ff078:   00007fff74b36e3e 0000000000000001
0x00000062457ff088:   0000000000000000 0000000000000000
0x00000062457ff098:   00007fffa94ad83e 0000000000000001
0x00000062457ff0a8:   00007fff74b37286 0000000000000000
0x00000062457ff0b8:   000001a4748e6440 0000000000000001
0x00000062457ff0c8:   0000000000000001 0000000000000000
0x00000062457ff0d8:   00007fff74c0dd6f 0000000000000001
0x00000062457ff0e8:   000001a4748e6440 0000000000000001
0x00000062457ff0f8:   00007fff97560000 0000000000000001
0x00000062457ff108:   00007fff9756c4d8 0000000000000001 

Instructions: (pc=0x0000000000000000)
0xffffffffffffffe0:   


Register to memory mapping:

RAX=0x0000000000000000 is an unknown value
RBX=0x0000000000000000 is an unknown value
RCX=0x0000000000000001 is an unknown value
RDX=0x00007fff769fc470 is an unknown value
RSP=0x00000062457ff018 is an unknown value
RBP=0x00007fff769fc400 is an unknown value
RSI=0x0000000000020000 is an unknown value
RDI=0x0000000000000000 is an unknown value
R8 =0x0000006244664000 is an unknown value
R9 =0x000000000000003e is an unknown value
R10=0x0000000000000000 is an unknown value
R11=0x000001a429b94970 is an unknown value
R12=0x00007fff74c0dc30 is an unknown value
R13=0x0000000000000000 is an unknown value
R14=0x00007fff74b30000 is an unknown value
R15=0x0000000000000001 is an unknown value


Stack: [0x0000006245700000,0x0000006245800000],  sp=0x00000062457ff018,  free space=1020k
Native frames: (J=compiled Java code, j=interpreted, Vv=VM code, C=native code)

VM_Operation (0x00000062470fe6e0): Exit, mode: safepoint, requested by thread 0x000001a425b04000


---------------  P R O C E S S  ---------------

Java Threads: ( => current thread )
  0x000001a425b04000 JavaThread "nioEventLoopGroup-2-1" [_thread_blocked, id=19996, stack(0x0000006247000000,0x0000006247100000)]
  0x000001a425939800 JavaThread "pool-1-thread-1" [_thread_blocked, id=20888, stack(0x0000006246f00000,0x0000006247000000)]
  0x000001a47f1f7800 JavaThread "Java2D Disposer" daemon [_thread_blocked, id=3752, stack(0x0000006246e00000,0x0000006246f00000)]
  0x000001a47cf7c800 JavaThread "Service Thread" daemon [_thread_blocked, id=26564, stack(0x0000006246900000,0x0000006246a00000)]
  0x000001a47cf4e000 JavaThread "C1 CompilerThread11" daemon [_thread_blocked, id=16336, stack(0x0000006246800000,0x0000006246900000)]
  0x000001a47cf3e000 JavaThread "C1 CompilerThread10" daemon [_thread_blocked, id=10188, stack(0x0000006246700000,0x0000006246800000)]
  0x000001a47cf1d000 JavaThread "C1 CompilerThread9" daemon [_thread_blocked, id=26784, stack(0x0000006246600000,0x0000006246700000)]
  0x000001a47cf0e800 JavaThread "C1 CompilerThread8" daemon [_thread_blocked, id=27320, stack(0x0000006246500000,0x0000006246600000)]
  0x000001a47cd4a000 JavaThread "C2 CompilerThread7" daemon [_thread_blocked, id=17800, stack(0x0000006246400000,0x0000006246500000)]
  0x000001a47cd49000 JavaThread "C2 CompilerThread6" daemon [_thread_blocked, id=21908, stack(0x0000006246300000,0x0000006246400000)]
  0x000001a47cd48800 JavaThread "C2 CompilerThread5" daemon [_thread_blocked, id=1608, stack(0x0000006246200000,0x0000006246300000)]
  0x000001a47cd44800 JavaThread "C2 CompilerThread4" daemon [_thread_blocked, id=24452, stack(0x0000006246100000,0x0000006246200000)]
  0x000001a47cd38000 JavaThread "C2 CompilerThread3" daemon [_thread_blocked, id=13764, stack(0x0000006246000000,0x0000006246100000)]
  0x000001a47cd37000 JavaThread "C2 CompilerThread2" daemon [_thread_blocked, id=18856, stack(0x0000006245f00000,0x0000006246000000)]
  0x000001a47cd34800 JavaThread "C2 CompilerThread1" daemon [_thread_blocked, id=25264, stack(0x0000006245e00000,0x0000006245f00000)]
  0x000001a47cd29800 JavaThread "C2 CompilerThread0" daemon [_thread_blocked, id=4340, stack(0x0000006245d00000,0x0000006245e00000)]
  0x000001a47cd28000 JavaThread "Monitor Ctrl-Break" daemon [_thread_in_native, id=24464, stack(0x0000006245c00000,0x0000006245d00000)]
  0x000001a47c9ad000 JavaThread "Attach Listener" daemon [_thread_blocked, id=19608, stack(0x0000006245b00000,0x0000006245c00000)]
  0x000001a47c9aa800 JavaThread "Signal Dispatcher" daemon [_thread_blocked, id=5204, stack(0x0000006245a00000,0x0000006245b00000)]
  0x000001a47c982800 JavaThread "Finalizer" daemon [_thread_blocked, id=2188, stack(0x0000006245900000,0x0000006245a00000)]
  0x000001a47c980800 JavaThread "Reference Handler" daemon [_thread_blocked, id=19392, stack(0x0000006245800000,0x0000006245900000)]
  0x000001a4748c9000 JavaThread "main" [_thread_blocked, id=4468, stack(0x0000006244900000,0x0000006244a00000)]

Other Threads:
=>0x000001a479daf800 VMThread [stack: 0x0000006245700000,0x0000006245800000] [id=18356]

VM state:at safepoint (shutting down)

VM Mutex/Monitor currently owned by a thread:  ([mutex/lock_event])
[0x000001a4748c6810] Threads_lock - owner thread: 0x000001a479daf800

heap address: 0x00000005c0c00000, size: 8180 MB, Compressed Oops mode: Zero based, Oop shift amount: 3
Narrow klass base: 0x0000000000000000, Narrow klass shift: 3
Compressed class space size: 1073741824 Address: 0x00000007c0000000

Heap:
 PSYoungGen      total 569856K, used 381279K [0x0000000715980000, 0x0000000749280000, 0x00000007c0000000)
  eden space 479232K, 77% used [0x0000000715980000,0x000000072c247d10,0x0000000732d80000)
  from space 90624K, 13% used [0x0000000732d80000,0x0000000733910010,0x0000000738600000)
  to   space 87552K, 0% used [0x0000000743d00000,0x0000000743d00000,0x0000000749280000)
 ParOldGen       total 375808K, used 175665K [0x00000005c0c00000, 0x00000005d7b00000, 0x0000000715980000)
  object space 375808K, 46% used [0x00000005c0c00000,0x00000005cb78c5d0,0x00000005d7b00000)
 Metaspace       used 23271K, capacity 23525K, committed 23808K, reserved 1071104K
  class space    used 2179K, capacity 2289K, committed 2304K, reserved 1048576K

Card table byte_map: [0x000001a476640000,0x000001a477640000] byte_map_base: 0x000001a47383a000

Marking Bits: (ParMarkBitMap*) 0x0000000070d65010
 Begin Bits: [0x000001a40f000000, 0x000001a416fd0000)
 End Bits:   [0x000001a416fd0000, 0x000001a41efa0000)

Polling page: 0x000001a4749a0000

CodeCache: size=245760Kb used=12371Kb max_used=12383Kb free=233388Kb
 bounds [0x000001a400000000, 0x000001a400c30000, 0x000001a40f000000]
 total_blobs=4397 nmethods=3230 adapters=1078
 compilation: enabled

Compilation events (10 events):
Event: 21.845 Thread 0x000001a47cf0e800 nmethod 3479 0x000001a400be2190 code [0x000001a400be2300, 0x000001a400be25d8]
Event: 21.845 Thread 0x000001a47cf4e000 3483       3       it.unimi.dsi.fastutil.ints.Int2ObjectOpenHashMap::remove (98 bytes)
Event: 21.845 Thread 0x000001a47cf3e000 nmethod 3481 0x000001a400c152d0 code [0x000001a400c15440, 0x000001a400c156f0]
Event: 21.846 Thread 0x000001a47cf1d000 nmethod 3482 0x000001a400c14e90 code [0x000001a400c15000, 0x000001a400c151d0]
Event: 21.846 Thread 0x000001a47cf4e000 nmethod 3483 0x000001a400c145d0 code [0x000001a400c14780, 0x000001a400c14c50]
Event: 22.149 Thread 0x000001a47cd4a000 3484       4       java.util.concurrent.locks.ReentrantLock$NonfairSync::tryAcquire (6 bytes)
Event: 22.150 Thread 0x000001a47cd4a000 nmethod 3484 0x000001a400bef990 code [0x000001a400befac0, 0x000001a400befb98]
Event: 22.197 Thread 0x000001a47cf3e000 3486       3       java.util.logging.LogManager$LoggerContext::ensureDefaultLogger (70 bytes)
Event: 22.197 Thread 0x000001a47cf0e800 3485       1       java.util.Hashtable::access$500 (5 bytes)
Event: 22.197 Thread 0x000001a47cf0e800 nmethod 3485 0x000001a400be1890 code [0x000001a400be19e0, 0x000001a400be1ad8]

GC Heap History (10 events):
Event: 9.263 GC heap before
{Heap before GC invocations=11 (full 1):
 PSYoungGen      total 277504K, used 277488K [0x0000000715980000, 0x0000000734b80000, 0x00000007c0000000)
  eden space 215040K, 100% used [0x0000000715980000,0x0000000722b80000,0x0000000722b80000)
  from space 62464K, 99% used [0x0000000722b80000,0x000000072687c010,0x0000000726880000)
  to   space 83968K, 0% used [0x000000072f980000,0x000000072f980000,0x0000000734b80000)
 ParOldGen       total 141824K, used 74223K [0x00000005c0c00000, 0x00000005c9680000, 0x0000000715980000)
  object space 141824K, 52% used [0x00000005c0c00000,0x00000005c547bda8,0x00000005c9680000)
 Metaspace       used 23197K, capacity 23519K, committed 23808K, reserved 1071104K
  class space    used 2167K, capacity 2288K, committed 2304K, reserved 1048576K
Event: 9.302 GC heap after
Heap after GC invocations=11 (full 1):
 PSYoungGen      total 418304K, used 68272K [0x0000000715980000, 0x0000000735a80000, 0x00000007c0000000)
  eden space 334336K, 0% used [0x0000000715980000,0x0000000715980000,0x000000072a000000)
  from space 83968K, 81% used [0x000000072f980000,0x0000000733c2c120,0x0000000734b80000)
  to   space 91648K, 0% used [0x000000072a000000,0x000000072a000000,0x000000072f980000)
 ParOldGen       total 141824K, used 98935K [0x00000005c0c00000, 0x00000005c9680000, 0x0000000715980000)
  object space 141824K, 69% used [0x00000005c0c00000,0x00000005c6c9dda8,0x00000005c9680000)
 Metaspace       used 23197K, capacity 23519K, committed 23808K, reserved 1071104K
  class space    used 2167K, capacity 2288K, committed 2304K, reserved 1048576K
}
Event: 11.240 GC heap before
{Heap before GC invocations=12 (full 1):
 PSYoungGen      total 418304K, used 402608K [0x0000000715980000, 0x0000000735a80000, 0x00000007c0000000)
  eden space 334336K, 100% used [0x0000000715980000,0x000000072a000000,0x000000072a000000)
  from space 83968K, 81% used [0x000000072f980000,0x0000000733c2c120,0x0000000734b80000)
  to   space 91648K, 0% used [0x000000072a000000,0x000000072a000000,0x000000072f980000)
 ParOldGen       total 141824K, used 98935K [0x00000005c0c00000, 0x00000005c9680000, 0x0000000715980000)
  object space 141824K, 69% used [0x00000005c0c00000,0x00000005c6c9dda8,0x00000005c9680000)
 Metaspace       used 23205K, capacity 23519K, committed 23808K, reserved 1071104K
  class space    used 2168K, capacity 2288K, committed 2304K, reserved 1048576K
Event: 11.287 GC heap after
Heap after GC invocations=12 (full 1):
 PSYoungGen      total 425984K, used 14048K [0x0000000715980000, 0x0000000741000000, 0x00000007c0000000)
  eden space 334336K, 0% used [0x0000000715980000,0x0000000715980000,0x000000072a000000)
  from space 91648K, 15% used [0x000000072a000000,0x000000072adb8000,0x000000072f980000)
  to   space 90112K, 0% used [0x000000073b800000,0x000000073b800000,0x0000000741000000)
 ParOldGen       total 167424K, used 166919K [0x00000005c0c00000, 0x00000005caf80000, 0x0000000715980000)
  object space 167424K, 99% used [0x00000005c0c00000,0x00000005caf01da8,0x00000005caf80000)
 Metaspace       used 23205K, capacity 23519K, committed 23808K, reserved 1071104K
  class space    used 2168K, capacity 2288K, committed 2304K, reserved 1048576K
}
Event: 11.287 GC heap before
{Heap before GC invocations=13 (full 2):
 PSYoungGen      total 425984K, used 14048K [0x0000000715980000, 0x0000000741000000, 0x00000007c0000000)
  eden space 334336K, 0% used [0x0000000715980000,0x0000000715980000,0x000000072a000000)
  from space 91648K, 15% used [0x000000072a000000,0x000000072adb8000,0x000000072f980000)
  to   space 90112K, 0% used [0x000000073b800000,0x000000073b800000,0x0000000741000000)
 ParOldGen       total 167424K, used 166919K [0x00000005c0c00000, 0x00000005caf80000, 0x0000000715980000)
  object space 167424K, 99% used [0x00000005c0c00000,0x00000005caf01da8,0x00000005caf80000)
 Metaspace       used 23205K, capacity 23519K, committed 23808K, reserved 1071104K
  class space    used 2168K, capacity 2288K, committed 2304K, reserved 1048576K
Event: 11.603 GC heap after
Heap after GC invocations=13 (full 2):
 PSYoungGen      total 425984K, used 8217K [0x0000000715980000, 0x0000000741000000, 0x00000007c0000000)
  eden space 334336K, 0% used [0x0000000715980000,0x0000000715980000,0x000000072a000000)
  from space 91648K, 8% used [0x000000072a000000,0x000000072a8065c8,0x000000072f980000)
  to   space 90112K, 0% used [0x000000073b800000,0x000000073b800000,0x0000000741000000)
 ParOldGen       total 375808K, used 167297K [0x00000005c0c00000, 0x00000005d7b00000, 0x0000000715980000)
  object space 375808K, 44% used [0x00000005c0c00000,0x00000005caf605d0,0x00000005d7b00000)
 Metaspace       used 23205K, capacity 23519K, committed 23808K, reserved 1071104K
  class space    used 2168K, capacity 2288K, committed 2304K, reserved 1048576K
}
Event: 14.868 GC heap before
{Heap before GC invocations=14 (full 2):
 PSYoungGen      total 425984K, used 342553K [0x0000000715980000, 0x0000000741000000, 0x00000007c0000000)
  eden space 334336K, 100% used [0x0000000715980000,0x000000072a000000,0x000000072a000000)
  from space 91648K, 8% used [0x000000072a000000,0x000000072a8065c8,0x000000072f980000)
  to   space 90112K, 0% used [0x000000073b800000,0x000000073b800000,0x0000000741000000)
 ParOldGen       total 375808K, used 167297K [0x00000005c0c00000, 0x00000005d7b00000, 0x0000000715980000)
  object space 375808K, 44% used [0x00000005c0c00000,0x00000005caf605d0,0x00000005d7b00000)
 Metaspace       used 23208K, capacity 23519K, committed 23808K, reserved 1071104K
  class space    used 2168K, capacity 2288K, committed 2304K, reserved 1048576K
Event: 14.882 GC heap after
Heap after GC invocations=14 (full 2):
 PSYoungGen      total 518656K, used 288K [0x0000000715980000, 0x000000073de80000, 0x00000007c0000000)
  eden space 479232K, 0% used [0x0000000715980000,0x0000000715980000,0x0000000732d80000)
  from space 39424K, 0% used [0x000000073b800000,0x000000073b848000,0x000000073de80000)
  to   space 90624K, 0% used [0x0000000732d80000,0x0000000732d80000,0x0000000738600000)
 ParOldGen       total 375808K, used 175609K [0x00000005c0c00000, 0x00000005d7b00000, 0x0000000715980000)
  object space 375808K, 46% used [0x00000005c0c00000,0x00000005cb77e5d0,0x00000005d7b00000)
 Metaspace       used 23208K, capacity 23519K, committed 23808K, reserved 1071104K
  class space    used 2168K, capacity 2288K, committed 2304K, reserved 1048576K
}
Event: 18.849 GC heap before
{Heap before GC invocations=15 (full 2):
 PSYoungGen      total 518656K, used 479520K [0x0000000715980000, 0x000000073de80000, 0x00000007c0000000)
  eden space 479232K, 100% used [0x0000000715980000,0x0000000732d80000,0x0000000732d80000)
  from space 39424K, 0% used [0x000000073b800000,0x000000073b848000,0x000000073de80000)
  to   space 90624K, 0% used [0x0000000732d80000,0x0000000732d80000,0x0000000738600000)
 ParOldGen       total 375808K, used 175609K [0x00000005c0c00000, 0x00000005d7b00000, 0x0000000715980000)
  object space 375808K, 46% used [0x00000005c0c00000,0x00000005cb77e5d0,0x00000005d7b00000)
 Metaspace       used 23222K, capacity 23519K, committed 23808K, reserved 1071104K
  class space    used 2169K, capacity 2288K, committed 2304K, reserved 1048576K
Event: 18.854 GC heap after
Heap after GC invocations=15 (full 2):
 PSYoungGen      total 569856K, used 11840K [0x0000000715980000, 0x0000000749280000, 0x00000007c0000000)
  eden space 479232K, 0% used [0x0000000715980000,0x0000000715980000,0x0000000732d80000)
  from space 90624K, 13% used [0x0000000732d80000,0x0000000733910010,0x0000000738600000)
  to   space 87552K, 0% used [0x0000000743d00000,0x0000000743d00000,0x0000000749280000)
 ParOldGen       total 375808K, used 175665K [0x00000005c0c00000, 0x00000005d7b00000, 0x0000000715980000)
  object space 375808K, 46% used [0x00000005c0c00000,0x00000005cb78c5d0,0x00000005d7b00000)
 Metaspace       used 23222K, capacity 23519K, committed 23808K, reserved 1071104K
  class space    used 2169K, capacity 2288K, committed 2304K, reserved 1048576K
}

Deoptimization events (10 events):
Event: 18.639 Thread 0x000001a425b04000 Uncommon trap: reason=class_check action=maybe_recompile pc=0x000001a400b09d10 method=io.netty.handler.ssl.SslHandler.decodeJdkCompatible(Lio/netty/channel/ChannelHandlerContext;Lio/netty/buffer/ByteBuf;)V @ 10
Event: 22.193 Thread 0x000001a425b04000 Uncommon trap: reason=unstable_if action=reinterpret pc=0x000001a400b7c17c method=sun.security.ssl.EngineWriter.isOutboundDone()Z @ 4
Event: 22.193 Thread 0x000001a425b04000 Uncommon trap: reason=unstable_if action=reinterpret pc=0x000001a4009e2354 method=sun.security.ssl.EngineWriter.hasOutboundDataInternal()Z @ 7
Event: 22.193 Thread 0x000001a425b04000 Uncommon trap: reason=unstable_if action=reinterpret pc=0x000001a400b692d4 method=sun.security.ssl.EngineWriter.hasOutboundDataInternal()Z @ 7
Event: 22.193 Thread 0x000001a425b04000 Uncommon trap: reason=unstable_if action=reinterpret pc=0x000001a400bf9eb0 method=io.netty.handler.ssl.SslHandler.wrap(Lio/netty/channel/ChannelHandlerContext;Z)V @ 125
Event: 22.193 Thread 0x000001a425b04000 Uncommon trap: reason=unstable_if action=reinterpret pc=0x000001a400bb71b0 method=io.netty.util.concurrent.DefaultPromise.isSuccess()Z @ 20
Event: 22.194 Thread 0x000001a425b04000 Uncommon trap: reason=unstable_if action=reinterpret pc=0x000001a4006f13e0 method=io.netty.handler.ssl.SslHandler.finishWrap(Lio/netty/channel/ChannelHandlerContext;Lio/netty/buffer/ByteBuf;Lio/netty/channel/ChannelPromise;ZZ)V @ 28
Event: 22.195 Thread 0x000001a425b04000 Uncommon trap: reason=unstable_if action=reinterpret pc=0x000001a400461784 method=io.netty.channel.socket.nio.NioSocketChannel.isActive()Z @ 9
Event: 22.196 Thread 0x000001a425b04000 Uncommon trap: reason=unstable_if action=reinterpret pc=0x000001a400af2ef4 method=io.netty.util.concurrent.DefaultPromise.setValue0(Ljava/lang/Object;)Z @ 23
Event: 22.197 Thread 0x000001a4748c9000 Uncommon trap: reason=unstable_if action=reinterpret pc=0x000001a400aee6b8 method=io.netty.channel.DefaultChannelPipeline.incrementPendingOutboundBytes(J)V @ 16

Classes redefined (0 events):
No events

Internal exceptions (10 events):
Event: 7.193 Thread 0x000001a4748c9000 Implicit null exception at 0x000001a4006b8bc4 to 0x000001a4006b8dd9
Event: 7.265 Thread 0x000001a425b04000 Exception <a 'java/lang/ArrayIndexOutOfBoundsException'> (0x0000000716394388) thrown at [J:\jenkins\tmp\workspace\build\src\hotspot\src\share\vm\runtime\sharedRuntime.cpp, line 605]
Event: 7.266 Thread 0x000001a425b04000 Exception <a 'java/lang/ArrayIndexOutOfBoundsException'> (0x0000000716395c18) thrown at [J:\jenkins\tmp\workspace\build\src\hotspot\src\share\vm\runtime\sharedRuntime.cpp, line 605]
Event: 7.266 Thread 0x000001a425b04000 Exception <a 'java/lang/ArrayIndexOutOfBoundsException'> (0x0000000716399328) thrown at [J:\jenkins\tmp\workspace\build\src\hotspot\src\share\vm\runtime\sharedRuntime.cpp, line 605]
Event: 7.269 Thread 0x000001a425b04000 Exception <a 'java/lang/ArrayIndexOutOfBoundsException'> (0x00000007163c1840) thrown at [J:\jenkins\tmp\workspace\build\src\hotspot\src\share\vm\runtime\sharedRuntime.cpp, line 605]
Event: 7.269 Thread 0x000001a425b04000 Exception <a 'java/lang/ArrayIndexOutOfBoundsException'> (0x00000007163c2708) thrown at [J:\jenkins\tmp\workspace\build\src\hotspot\src\share\vm\runtime\sharedRuntime.cpp, line 605]
Event: 8.307 Thread 0x000001a4748c9000 Implicit null exception at 0x000001a400710fe1 to 0x000001a400712dd9
Event: 8.420 Thread 0x000001a425b04000 Implicit null exception at 0x000001a400640468 to 0x000001a400640521
Event: 9.961 Thread 0x000001a425939800 Implicit null exception at 0x000001a400ae4413 to 0x000001a400ae4f61
Event: 9.961 Thread 0x000001a425b04000 Implicit null exception at 0x000001a40064912c to 0x000001a400649379

Events (10 events):
Event: 22.197 Executing VM operation: RevokeBias
Event: 22.197 Executing VM operation: RevokeBias done
Event: 22.197 loading class java/util/WeakHashMap$KeyIterator
Event: 22.197 loading class java/util/WeakHashMap$HashIterator
Event: 22.197 loading class java/util/WeakHashMap$HashIterator done
Event: 22.197 Thread 0x000001a4316af000 Thread exited: 0x000001a4316af000
Event: 22.197 loading class java/util/WeakHashMap$KeyIterator done
Event: 22.197 Thread 0x000001a42ee70000 Thread exited: 0x000001a42ee70000
Event: 22.197 Thread 0x000001a47cf0e800 flushing nmethod 0x000001a400303bd0
Event: 22.197 Executing VM operation: Exit


Dynamic libraries:
0x00007ff7dd210000 - 0x00007ff7dd24a000 	C:\Program Files\AdoptOpenJDK\jdk-8.0.252.09-hotspot\bin\java.exe
0x00007fffaa990000 - 0x00007fffaab86000 	C:\WINDOWS\SYSTEM32\ntdll.dll
0x00007fff9f020000 - 0x00007fff9f032000 	C:\Program Files\AVAST Software\Avast\aswhook.dll
0x00007fffa9200000 - 0x00007fffa92bd000 	C:\WINDOWS\System32\KERNEL32.DLL
0x00007fffa8550000 - 0x00007fffa8819000 	C:\WINDOWS\System32\KERNELBASE.dll
0x00007fffaa790000 - 0x00007fffaa83c000 	C:\WINDOWS\System32\ADVAPI32.dll
0x00007fffa92c0000 - 0x00007fffa935e000 	C:\WINDOWS\System32\msvcrt.dll
0x00007fffaa8b0000 - 0x00007fffaa94c000 	C:\WINDOWS\System32\sechost.dll
0x00007fffa9360000 - 0x00007fffa948b000 	C:\WINDOWS\System32\RPCRT4.dll
0x00007fffa8b40000 - 0x00007fffa8ce0000 	C:\WINDOWS\System32\USER32.dll
0x00007fffa8820000 - 0x00007fffa8842000 	C:\WINDOWS\System32\win32u.dll
0x00007fffa96b0000 - 0x00007fffa96da000 	C:\WINDOWS\System32\GDI32.dll
0x00007fffa81e0000 - 0x00007fffa82e9000 	C:\WINDOWS\System32\gdi32full.dll
0x00007fffa8950000 - 0x00007fffa89ed000 	C:\WINDOWS\System32\msvcp_win.dll
0x00007fffa8850000 - 0x00007fffa8950000 	C:\WINDOWS\System32\ucrtbase.dll
0x00007fff85b60000 - 0x00007fff85dfb000 	C:\WINDOWS\WinSxS\amd64_microsoft.windows.common-controls_6595b64144ccf1df_6.0.19041.488_none_ca04af081b815d21\COMCTL32.dll
0x00007fffaa3c0000 - 0x00007fffaa3f0000 	C:\WINDOWS\System32\IMM32.DLL
0x00007fff90f80000 - 0x00007fff9106f000 	C:\Program Files\AdoptOpenJDK\jdk-8.0.252.09-hotspot\jre\bin\msvcr120.dll
0x00007fff8a320000 - 0x00007fff8a3c6000 	C:\Program Files\AdoptOpenJDK\jdk-8.0.252.09-hotspot\jre\bin\msvcp120.dll
0x00000000705e0000 - 0x0000000070dde000 	C:\Program Files\AdoptOpenJDK\jdk-8.0.252.09-hotspot\jre\bin\server\jvm.dll
0x00007fffaa8a0000 - 0x00007fffaa8a8000 	C:\WINDOWS\System32\PSAPI.DLL
0x00007fff9de20000 - 0x00007fff9de29000 	C:\WINDOWS\SYSTEM32\WSOCK32.dll
0x00007fffa9a40000 - 0x00007fffa9aab000 	C:\WINDOWS\System32\WS2_32.dll
0x00007fff9ff40000 - 0x00007fff9ff67000 	C:\WINDOWS\SYSTEM32\WINMM.dll
0x00007fff9ff70000 - 0x00007fff9ff7a000 	C:\WINDOWS\SYSTEM32\VERSION.dll
0x00007fff9f7b0000 - 0x00007fff9f7bf000 	C:\Program Files\AdoptOpenJDK\jdk-8.0.252.09-hotspot\jre\bin\verify.dll
0x00007fff988f0000 - 0x00007fff98918000 	C:\Program Files\AdoptOpenJDK\jdk-8.0.252.09-hotspot\jre\bin\java.dll
0x00007fff98c80000 - 0x00007fff98caa000 	C:\Program Files\AdoptOpenJDK\jdk-8.0.252.09-hotspot\jre\bin\instrument.dll
0x00007fff984a0000 - 0x00007fff984b6000 	C:\Program Files\AdoptOpenJDK\jdk-8.0.252.09-hotspot\jre\bin\zip.dll
0x00007fffa9c60000 - 0x00007fffaa3a2000 	C:\WINDOWS\System32\SHELL32.dll
0x00007fffa6240000 - 0x00007fffa69d5000 	C:\WINDOWS\SYSTEM32\windows.storage.dll
0x00007fffa96e0000 - 0x00007fffa9a36000 	C:\WINDOWS\System32\combase.dll
0x00007fffa7b40000 - 0x00007fffa7b6c000 	C:\WINDOWS\SYSTEM32\Wldp.dll
0x00007fffa9150000 - 0x00007fffa91fe000 	C:\WINDOWS\System32\SHCORE.dll
0x00007fffaa400000 - 0x00007fffaa455000 	C:\WINDOWS\System32\shlwapi.dll
0x00007fffa8000000 - 0x00007fffa8026000 	C:\WINDOWS\SYSTEM32\profapi.dll
0x00007fff98b90000 - 0x00007fff98baa000 	C:\Program Files\JetBrains\IntelliJ IDEA Community Edition 2019.3.1\bin\breakgen64.dll
0x00007fff97640000 - 0x00007fff9765a000 	C:\Program Files\AdoptOpenJDK\jdk-8.0.252.09-hotspot\jre\bin\net.dll
0x00007fffa78c0000 - 0x00007fffa792a000 	C:\WINDOWS\system32\mswsock.dll
0x00007fff97620000 - 0x00007fff97632000 	C:\Program Files\AdoptOpenJDK\jdk-8.0.252.09-hotspot\jre\bin\nio.dll
0x00007fff8a610000 - 0x00007fff8a674000 	C:\Users\Peyton Hill\AppData\Local\Temp\lwjglPeyton Hill\3.2.3-build-13\lwjgl.dll
0x00007fff8a2b0000 - 0x00007fff8a312000 	C:\Users\PEYTON~1\AppData\Local\Temp\lwjglPeyton Hill\3.2.3-build-13\glfw.dll
0x00007fffa5ae0000 - 0x00007fffa5b7e000 	C:\WINDOWS\system32\uxtheme.dll
0x00007fff91630000 - 0x00007fff91675000 	C:\WINDOWS\SYSTEM32\dinput8.dll
0x00007fff98b70000 - 0x00007fff98b81000 	C:\WINDOWS\SYSTEM32\xinput1_4.dll
0x00007fffa8500000 - 0x00007fffa854e000 	C:\WINDOWS\System32\cfgmgr32.dll
0x00007fffa7e80000 - 0x00007fffa7eac000 	C:\WINDOWS\SYSTEM32\DEVOBJ.dll
0x00007fffa5d50000 - 0x00007fffa5d7f000 	C:\WINDOWS\SYSTEM32\dwmapi.dll
0x00007fff8afd0000 - 0x00007fff8b122000 	C:\WINDOWS\SYSTEM32\inputhost.dll
0x00007fffaa4c0000 - 0x00007fffaa58d000 	C:\WINDOWS\System32\OLEAUT32.dll
0x00007fffa5560000 - 0x00007fffa5652000 	C:\WINDOWS\SYSTEM32\CoreMessaging.dll
0x00007fffa3ac0000 - 0x00007fffa3bb7000 	C:\WINDOWS\SYSTEM32\PROPSYS.dll
0x00007fffa3d30000 - 0x00007fffa3e86000 	C:\WINDOWS\SYSTEM32\wintypes.dll
0x00007fffa8480000 - 0x00007fffa8500000 	C:\WINDOWS\System32\bcryptPrimitives.dll
0x00007fffa4e80000 - 0x00007fffa51de000 	C:\WINDOWS\SYSTEM32\CoreUIComponents.dll
0x00007fffa6f30000 - 0x00007fffa6f63000 	C:\WINDOWS\SYSTEM32\ntmarta.dll
0x00007fffa6040000 - 0x00007fffa6052000 	C:\WINDOWS\SYSTEM32\kernel.appcore.dll
0x00007fffaa590000 - 0x00007fffaa6a6000 	C:\WINDOWS\System32\MSCTF.dll
0x00007fffa69e0000 - 0x00007fffa69ed000 	C:\WINDOWS\SYSTEM32\HID.DLL
0x00007fffa8ce0000 - 0x00007fffa9147000 	C:\WINDOWS\System32\SETUPAPI.DLL
0x00007fffa8450000 - 0x00007fffa8477000 	C:\WINDOWS\System32\bcrypt.dll
0x00007fffa8180000 - 0x00007fffa81e0000 	C:\WINDOWS\System32\WINTRUST.dll
0x00007fffa82f0000 - 0x00007fffa844d000 	C:\WINDOWS\System32\CRYPT32.dll
0x00007fffa7cc0000 - 0x00007fffa7cd2000 	C:\WINDOWS\SYSTEM32\MSASN1.dll
0x00007fff74b30000 - 0x00007fff74c55000 	C:\WINDOWS\SYSTEM32\opengl32.dll
0x00007fff978d0000 - 0x00007fff978fc000 	C:\WINDOWS\SYSTEM32\GLU32.dll
0x00007fffa9490000 - 0x00007fffa9539000 	C:\WINDOWS\System32\clbcatq.dll
0x00007fff97560000 - 0x00007fff9758a000 	C:\WINDOWS\System32\DriverStore\FileRepository\u0361134.inf_amd64_a6c18d8d6a47cb97\B361196\atig6pxx.dll
0x00007fff39850000 - 0x00007fff3c624000 	C:\WINDOWS\System32\DriverStore\FileRepository\u0361134.inf_amd64_a6c18d8d6a47cb97\B361196\atio6axx.dll
0x00007fffa8a10000 - 0x00007fffa8b3a000 	C:\WINDOWS\System32\ole32.dll
0x00007fff70750000 - 0x00007fff70774000 	C:\WINDOWS\SYSTEM32\dxva2.dll
0x00007fff91470000 - 0x00007fff914ac000 	C:\WINDOWS\System32\DriverStore\FileRepository\u0361134.inf_amd64_a6c18d8d6a47cb97\B361196\atig6txx.dll
0x00007fff76a10000 - 0x00007fff76bcf000 	C:\WINDOWS\SYSTEM32\atiadlxx.dll
0x00007fff82c10000 - 0x00007fff82c59000 	C:\WINDOWS\SYSTEM32\pdh.dll
0x00007fffa01e0000 - 0x00007fffa021b000 	C:\WINDOWS\SYSTEM32\dxcore.dll
0x00007fff8b2c0000 - 0x00007fff8b3bd000 	C:\WINDOWS\SYSTEM32\textinputframework.dll
0x00007fff89fc0000 - 0x00007fff8a019000 	C:\Users\Peyton Hill\AppData\Local\Temp\lwjglPeyton Hill\3.2.3-build-13\lwjgl_opengl.dll
0x00007fff71510000 - 0x00007fff71763000 	C:\Users\PEYTON~1\AppData\Local\Temp\lwjglPeyton Hill\3.2.3-build-13\jemalloc.dll
0x00007fff729d0000 - 0x00007fff72b65000 	C:\Program Files\AdoptOpenJDK\jdk-8.0.252.09-hotspot\jre\bin\awt.dll
0x00007fffa58d0000 - 0x00007fffa5960000 	C:\WINDOWS\SYSTEM32\apphelp.dll
0x00007fffa7a90000 - 0x00007fffa7aa8000 	C:\WINDOWS\SYSTEM32\CRYPTSP.dll
0x00007fffa71e0000 - 0x00007fffa7214000 	C:\WINDOWS\system32\rsaenh.dll
0x00007fffa7f80000 - 0x00007fffa7fae000 	C:\WINDOWS\SYSTEM32\USERENV.dll
0x00007fffa7ab0000 - 0x00007fffa7abc000 	C:\WINDOWS\SYSTEM32\CRYPTBASE.dll
0x00007fffa7560000 - 0x00007fffa759b000 	C:\WINDOWS\SYSTEM32\IPHLPAPI.DLL
0x00007fffaa3f0000 - 0x00007fffaa3f8000 	C:\WINDOWS\System32\NSI.dll
0x00007fffa1ae0000 - 0x00007fffa1af7000 	C:\WINDOWS\SYSTEM32\dhcpcsvc6.DLL
0x00007fffa1cb0000 - 0x00007fffa1ccd000 	C:\WINDOWS\SYSTEM32\dhcpcsvc.DLL
0x00007fffa75b0000 - 0x00007fffa767b000 	C:\WINDOWS\SYSTEM32\DNSAPI.dll
0x00007fff77290000 - 0x00007fff77323000 	C:\Program Files\AdoptOpenJDK\jdk-8.0.252.09-hotspot\jre\bin\freetype.dll
0x00007fff76520000 - 0x00007fff765dd000 	C:\Program Files\AdoptOpenJDK\jdk-8.0.252.09-hotspot\jre\bin\fontmanager.dll
0x00007fff931d0000 - 0x00007fff931f3000 	C:\Program Files\AdoptOpenJDK\jdk-8.0.252.09-hotspot\jre\bin\sunec.dll
0x00007fff9aa90000 - 0x00007fff9aa9c000 	C:\Program Files\AdoptOpenJDK\jdk-8.0.252.09-hotspot\jre\bin\sunmscapi.dll
0x00007fffa7bb0000 - 0x00007fffa7bd7000 	C:\WINDOWS\SYSTEM32\ncrypt.dll
0x00007fffa7b70000 - 0x00007fffa7bab000 	C:\WINDOWS\SYSTEM32\NTASN1.dll
0x00007fffa4bb0000 - 0x00007fffa4bbd000 	C:\Program Files\AdoptOpenJDK\jdk-8.0.252.09-hotspot\jre\bin\management.dll
0x00007fff968a0000 - 0x00007fff968b7000 	C:\WINDOWS\system32\napinsp.dll
0x00007fff96880000 - 0x00007fff9689b000 	C:\WINDOWS\system32\pnrpnsp.dll
0x00007fff96430000 - 0x00007fff96445000 	C:\WINDOWS\system32\wshbth.dll
0x00007fffa42f0000 - 0x00007fffa430d000 	C:\WINDOWS\system32\NLAapi.dll
0x00007fff963c0000 - 0x00007fff963d2000 	C:\WINDOWS\System32\winrnr.dll
0x00007fff9e430000 - 0x00007fff9e43a000 	C:\Windows\System32\rasadhlp.dll
0x00007fff9e470000 - 0x00007fff9e4ef000 	C:\WINDOWS\System32\fwpuclnt.dll
0x00007fff76970000 - 0x00007fff76a0d000 	C:\Program Files\obs-studio\data\obs-plugins\win-capture\graphics-hook64.dll
0x00007fffa4310000 - 0x00007fffa4574000 	C:\WINDOWS\system32\d3d11.dll
0x00007fffa6a20000 - 0x00007fffa6b13000 	C:\WINDOWS\SYSTEM32\dxgi.dll
0x00007fff9ff80000 - 0x00007fffa015b000 	C:\WINDOWS\System32\DriverStore\FileRepository\u0361134.inf_amd64_a6c18d8d6a47cb97\B361196\aticfx64.dll
0x00007fff9fce0000 - 0x00007fff9fd18000 	C:\WINDOWS\System32\DriverStore\FileRepository\u0361134.inf_amd64_a6c18d8d6a47cb97\B361196\atiuxp64.dll
0x00007fff9b940000 - 0x00007fff9d845000 	C:\WINDOWS\System32\DriverStore\FileRepository\u0361134.inf_amd64_a6c18d8d6a47cb97\B361196\atidxx64.dll
0x00007fff9fc80000 - 0x00007fff9fcb0000 	C:\WINDOWS\SYSTEM32\amdihk64.dll
0x00007fffa3e90000 - 0x00007fffa42ed000 	C:\WINDOWS\SYSTEM32\D3DCompiler_47.dll
0x00007fffa1e50000 - 0x00007fffa2034000 	C:\WINDOWS\SYSTEM32\dbghelp.dll

VM Arguments:
jvm_args: -javaagent:C:\Program Files\JetBrains\IntelliJ IDEA Community Edition 2019.3.1\lib\idea_rt.jar=54998:C:\Program Files\JetBrains\IntelliJ IDEA Community Edition 2019.3.1\bin -Dfile.encoding=UTF-8 
java_command: Hilligans.ClientMain
java_class_path (initial): C:\Program Files\AdoptOpenJDK\jdk-8.0.252.09-hotspot\jre\lib\charsets.jar;C:\Program Files\AdoptOpenJDK\jdk-8.0.252.09-hotspot\jre\lib\ext\access-bridge-64.jar;C:\Program Files\AdoptOpenJDK\jdk-8.0.252.09-hotspot\jre\lib\ext\cldrdata.jar;C:\Program Files\AdoptOpenJDK\jdk-8.0.252.09-hotspot\jre\lib\ext\dnsns.jar;C:\Program Files\AdoptOpenJDK\jdk-8.0.252.09-hotspot\jre\lib\ext\jaccess.jar;C:\Program Files\AdoptOpenJDK\jdk-8.0.252.09-hotspot\jre\lib\ext\localedata.jar;C:\Program Files\AdoptOpenJDK\jdk-8.0.252.09-hotspot\jre\lib\ext\nashorn.jar;C:\Program Files\AdoptOpenJDK\jdk-8.0.252.09-hotspot\jre\lib\ext\sunec.jar;C:\Program Files\AdoptOpenJDK\jdk-8.0.252.09-hotspot\jre\lib\ext\sunjce_provider.jar;C:\Program Files\AdoptOpenJDK\jdk-8.0.252.09-hotspot\jre\lib\ext\sunmscapi.jar;C:\Program Files\AdoptOpenJDK\jdk-8.0.252.09-hotspot\jre\lib\ext\sunpkcs11.jar;C:\Program Files\AdoptOpenJDK\jdk-8.0.252.09-hotspot\jre\lib\ext\zipfs.jar;C:\Program Files\AdoptOpenJDK\jdk-8.0.252.09-hotspot\jre\lib\jce.jar;C:\Program Files\AdoptOpenJDK\jdk-8.0.252.09-hotspot\jre\lib\jsse.jar;C:\Program Files\AdoptOpenJDK\jdk-8.0.252.09-hotspot\jre\lib\management-agent.jar;C:\Program Files\AdoptOpenJDK\jdk-8.0.252.09-hotspot\jre\lib\resources.jar;C:\Program Files\AdoptOpenJDK\jdk-8.0.252.09-hotspot\jre\lib\rt.jar;C:\Users\Peyton Hill\IdeaProjects\Ourcraft\target\classes;C:\Users\Peyton Hill\.m2\repository\org\lwjgl\lwjgl\3.2.3\lwjgl-3.2.3.jar;C:\Users\Peyton Hill\.m2\repository\org\lwjgl\lwjgl-assimp\3.2.3\lwjgl-assimp-3.2.3.jar;C:\Users\Peyton Hill\.m2\repository\org\lwjgl\lwjgl-bgfx\3.2.3\lwjgl-bgfx-3.2.3.jar;C:\Users\Peyton Hill\.m2\repository\org\lwjgl\lwjgl-cuda\3.2.3\lwjgl-cuda-3.2.3.jar;C:\Users\Peyton Hill\.m2\repository\org\lwjgl\lwjgl-egl\3.2.3\lwjgl-egl-3.2.3.jar;C:\Users\Peyton Hill\.m2\repository\org\lwjgl\lwjgl-glfw\3.2.3\lwjgl-glfw-3.2.3.jar;C:\Users\Peyton Hill\.m2\repository\org\lwjgl\lwjgl-jawt\3.2.3\lwjgl-jawt-3.2.3.jar;C:\Users\Peyton Hill\.m2\repo
Launcher Type: SUN_STANDARD

Environment Variables:
JAVA_HOME=C:\Program Files\AdoptOpenJDK\jdk-15.0.2.7-hotspot
JRE_HOME=C:\Program Files\Java\jdk-15.0.2
PATH=C:\Program Files\AdoptOpenJDK\jdk-15.0.2.7-hotspot\bin;C:\ProgramData\Oracle\Java\javapath;C:\Program Files (x86)\Common Files\Oracle\Java\javapath;C:\Program Files\AdoptOpenJDK\jdk-8.0.252.09-hotspot\bin;C:\WINDOWS\system32;C:\WINDOWS;C:\WINDOWS\System32\Wbem;C:\WINDOWS\System32\WindowsPowerShell\v1.0\;C:\WINDOWS\System32\OpenSSH\;C:\Program Files\Git\cmd;C:\Users\Peyton Hill\AppData\Local\Microsoft\WindowsApps;C:\Users\Peyton Hill\AppData\Local\Programs\Microsoft VS Code\bin;C:\Users\Peyton Hill\AppData\Local\Microsoft\WindowsApps;C:\Users\Peyton Hill\AppData\Local\GitHubDesktop\bin
USERNAME=Peyton Hill
OS=Windows_NT
PROCESSOR_IDENTIFIER=AMD64 Family 23 Model 8 Stepping 2, AuthenticAMD



---------------  S Y S T E M  ---------------

OS: Windows 10.0 , 64 bit Build 19041 (10.0.19041.662)

CPU:total 16 (initial active 16) (16 cores per cpu, 1 threads per core) family 23 model 8 stepping 2, cmov, cx8, fxsr, mmx, sse, sse2, sse3, ssse3, sse4.1, sse4.2, popcnt, avx, avx2, aes, clmul, mmxext, 3dnowpref, lzcnt, sse4a, tsc, tscinvbit, tscinv, bmi1

Memory: 4k page, physical 33504108k(21475576k free), swap 58669932k(34082304k free)

vm_info: OpenJDK 64-Bit Server VM (25.252-b09) for windows-amd64 JRE (1.8.0_252-b09), built on Apr 22 2020 09:32:45 by "jenkins" with MS VC++ 12.0 (VS2013)

time: Sat Feb 06 04:31:29 2021
timezone: Eastern Standard Time
elapsed time: 22 seconds (0d 0h 0m 22s)

