#
# A fatal error has been detected by the Java Runtime Environment:
#
#  EXCEPTION_ACCESS_VIOLATION (0xc0000005) at pc=0x0000000000000000, pid=7020, tid=0x0000000000005afc
#
# JRE version: OpenJDK Runtime Environment (8.0_252-b09) (build 1.8.0_252-b09)
# Java VM: OpenJDK 64-Bit Server VM (25.252-b09 mixed mode windows-amd64 compressed oops)
# Problematic frame:
# C  0x0000000000000000
#
# Failed to write core dump. Minidumps are not enabled by default on client versions of Windows
#
# If you would like to submit a bug report, please visit:
#   http://bugreport.java.com/bugreport/crash.jsp
#

---------------  T H R E A D  ---------------

Current thread (0x00000234c94a7800):  VMThread [stack: 0x0000004b53f00000,0x0000004b54000000] [id=23292]

siginfo: ExceptionCode=0xc0000005, ExceptionInformation=0x0000000000000008 0x0000000000000000

Registers:
RAX=0x0000000000000000, RBX=0x0000000000000000, RCX=0x0000000000000001, RDX=0x00007fff74dec470
RSP=0x0000004b53fff318, RBP=0x00007fff74dec400, RSI=0x0000000000020000, RDI=0x0000000000000000
R8 =0x0000004b52f5e000, R9 =0x000000000000000e, R10=0x0000000000000000, R11=0x00000234cc8f80e0
R12=0x00007fff74c0dc30, R13=0x0000000000000000, R14=0x00007fff74b30000, R15=0x0000000000000001
RIP=0x0000000000000000, EFLAGS=0x0000000000010202

Top of Stack: (sp=0x0000004b53fff318)
0x0000004b53fff318:   00007fff74d68ff5 0000000000000000
0x0000004b53fff328:   00007fff74dec400 0000000000000000
0x0000004b53fff338:   0000000000020000 00000234a50cf540
0x0000004b53fff348:   00007fff74d6a624 0000000000000000
0x0000004b53fff358:   00000234a50cf540 0000000000020000
0x0000004b53fff368:   00000234ccc48628 0000000000000001
0x0000004b53fff378:   00007fff74b36e3e 0000000000000001
0x0000004b53fff388:   0000000000000000 0000000000000000
0x0000004b53fff398:   00007fffa94ad83e 0000000000000001
0x0000004b53fff3a8:   00007fff74b37286 0000000000000000
0x0000004b53fff3b8:   00000234a50cf540 0000000000000001
0x0000004b53fff3c8:   0000000000000001 0000000000000000
0x0000004b53fff3d8:   00007fff74c0dd6f 0000000000000001
0x0000004b53fff3e8:   00000234a50cf540 0000000000000001
0x0000004b53fff3f8:   00007fff931d0000 0000000000000001
0x0000004b53fff408:   00007fff931dc4d8 0000000000000001 

Instructions: (pc=0x0000000000000000)
0xffffffffffffffe0:   


Register to memory mapping:

RAX=0x0000000000000000 is an unknown value
RBX=0x0000000000000000 is an unknown value
RCX=0x0000000000000001 is an unknown value
RDX=0x00007fff74dec470 is an unknown value
RSP=0x0000004b53fff318 is an unknown value
RBP=0x00007fff74dec400 is an unknown value
RSI=0x0000000000020000 is an unknown value
RDI=0x0000000000000000 is an unknown value
R8 =0x0000004b52f5e000 is an unknown value
R9 =0x000000000000000e is an unknown value
R10=0x0000000000000000 is an unknown value
R11=0x00000234cc8f80e0 is an unknown value
R12=0x00007fff74c0dc30 is an unknown value
R13=0x0000000000000000 is an unknown value
R14=0x00007fff74b30000 is an unknown value
R15=0x0000000000000001 is an unknown value


Stack: [0x0000004b53f00000,0x0000004b54000000],  sp=0x0000004b53fff318,  free space=1020k
Native frames: (J=compiled Java code, j=interpreted, Vv=VM code, C=native code)

VM_Operation (0x0000004b558fe660): Exit, mode: safepoint, requested by thread 0x00000234d9fb4800


---------------  P R O C E S S  ---------------

Java Threads: ( => current thread )
  0x00000234d9fb4800 JavaThread "nioEventLoopGroup-2-1" [_thread_blocked, id=26404, stack(0x0000004b55800000,0x0000004b55900000)]
  0x00000234d5353000 JavaThread "pool-1-thread-1" [_thread_blocked, id=24588, stack(0x0000004b55700000,0x0000004b55800000)]
  0x00000234cec58000 JavaThread "Java2D Disposer" daemon [_thread_blocked, id=2040, stack(0x0000004b55600000,0x0000004b55700000)]
  0x00000234cc775000 JavaThread "Service Thread" daemon [_thread_blocked, id=20996, stack(0x0000004b55100000,0x0000004b55200000)]
  0x00000234cc6cb000 JavaThread "C1 CompilerThread11" daemon [_thread_blocked, id=25820, stack(0x0000004b55000000,0x0000004b55100000)]
  0x00000234cc6c9800 JavaThread "C1 CompilerThread10" daemon [_thread_blocked, id=15000, stack(0x0000004b54f00000,0x0000004b55000000)]
  0x00000234cc6cf000 JavaThread "C1 CompilerThread9" daemon [_thread_blocked, id=22500, stack(0x0000004b54e00000,0x0000004b54f00000)]
  0x00000234cc6c8000 JavaThread "C1 CompilerThread8" daemon [_thread_blocked, id=8832, stack(0x0000004b54d00000,0x0000004b54e00000)]
  0x00000234cc6ce800 JavaThread "C2 CompilerThread7" daemon [_thread_blocked, id=22376, stack(0x0000004b54c00000,0x0000004b54d00000)]
  0x00000234cc6ca800 JavaThread "C2 CompilerThread6" daemon [_thread_blocked, id=9804, stack(0x0000004b54b00000,0x0000004b54c00000)]
  0x00000234cc6c9000 JavaThread "C2 CompilerThread5" daemon [_thread_blocked, id=17212, stack(0x0000004b54a00000,0x0000004b54b00000)]
  0x00000234cc6a5800 JavaThread "C2 CompilerThread4" daemon [_thread_blocked, id=16548, stack(0x0000004b54900000,0x0000004b54a00000)]
  0x00000234cc688800 JavaThread "C2 CompilerThread3" daemon [_thread_blocked, id=13292, stack(0x0000004b54800000,0x0000004b54900000)]
  0x00000234cc688000 JavaThread "C2 CompilerThread2" daemon [_thread_blocked, id=21944, stack(0x0000004b54700000,0x0000004b54800000)]
  0x00000234cc685000 JavaThread "C2 CompilerThread1" daemon [_thread_blocked, id=20632, stack(0x0000004b54600000,0x0000004b54700000)]
  0x00000234cc67a800 JavaThread "C2 CompilerThread0" daemon [_thread_blocked, id=10556, stack(0x0000004b54500000,0x0000004b54600000)]
  0x00000234cc679000 JavaThread "Monitor Ctrl-Break" daemon [_thread_in_native, id=11136, stack(0x0000004b54400000,0x0000004b54500000)]
  0x00000234cc1ab800 JavaThread "Attach Listener" daemon [_thread_blocked, id=24704, stack(0x0000004b54300000,0x0000004b54400000)]
  0x00000234cc1a8800 JavaThread "Signal Dispatcher" daemon [_thread_blocked, id=20332, stack(0x0000004b54200000,0x0000004b54300000)]
  0x00000234c94b9000 JavaThread "Finalizer" daemon [_thread_blocked, id=6588, stack(0x0000004b54100000,0x0000004b54200000)]
  0x00000234cc180800 JavaThread "Reference Handler" daemon [_thread_blocked, id=17832, stack(0x0000004b54000000,0x0000004b54100000)]
  0x00000234a50a9000 JavaThread "main" [_thread_blocked, id=18004, stack(0x0000004b53100000,0x0000004b53200000)]

Other Threads:
=>0x00000234c94a7800 VMThread [stack: 0x0000004b53f00000,0x0000004b54000000] [id=23292]

VM state:at safepoint (shutting down)

VM Mutex/Monitor currently owned by a thread:  ([mutex/lock_event])
[0x00000234a50a6890] Threads_lock - owner thread: 0x00000234c94a7800

heap address: 0x00000005c0c00000, size: 8180 MB, Compressed Oops mode: Zero based, Oop shift amount: 3
Narrow klass base: 0x0000000000000000, Narrow klass shift: 3
Compressed class space size: 1073741824 Address: 0x00000007c0000000

Heap:
 PSYoungGen      total 866304K, used 288930K [0x0000000715980000, 0x0000000764400000, 0x00000007c0000000)
  eden space 765440K, 37% used [0x0000000715980000,0x0000000727174a10,0x0000000744500000)
  from space 100864K, 2% used [0x0000000744500000,0x0000000744734010,0x000000074a780000)
  to   space 103424K, 0% used [0x000000075df00000,0x000000075df00000,0x0000000764400000)
 ParOldGen       total 347136K, used 160805K [0x00000005c0c00000, 0x00000005d5f00000, 0x0000000715980000)
  object space 347136K, 46% used [0x00000005c0c00000,0x00000005ca9097b8,0x00000005d5f00000)
 Metaspace       used 23271K, capacity 23525K, committed 23808K, reserved 1071104K
  class space    used 2179K, capacity 2289K, committed 2304K, reserved 1048576K

Card table byte_map: [0x00000234b5ed0000,0x00000234b6ed0000] byte_map_base: 0x00000234b30ca000

Marking Bits: (ParMarkBitMap*) 0x0000000070d65010
 Begin Bits: [0x00000234b7980000, 0x00000234bf950000)
 End Bits:   [0x00000234bf950000, 0x00000234c7920000)

Polling page: 0x00000234a52c0000

CodeCache: size=245760Kb used=13530Kb max_used=13541Kb free=232229Kb
 bounds [0x00000234a6b10000, 0x00000234a7860000, 0x00000234b5b10000]
 total_blobs=4630 nmethods=3464 adapters=1077
 compilation: enabled

Compilation events (10 events):
Event: 20.675 Thread 0x00000234cc6ce800 nmethod 3464 0x00000234a7199850 code [0x00000234a7199980, 0x00000234a71999b8]
Event: 20.675 Thread 0x00000234cc685000 nmethod 3463 0x00000234a77dbad0 code [0x00000234a77dbc20, 0x00000234a77dbc88]
Event: 20.675 Thread 0x00000234cc688800 nmethod 3459 0x00000234a6de9610 code [0x00000234a6de97c0, 0x00000234a6de9cb8]
Event: 20.679 Thread 0x00000234cc67a800 nmethod 3466 0x00000234a77fabd0 code [0x00000234a77fad60, 0x00000234a77fb0c0]
Event: 20.706 Thread 0x00000234cc688000 nmethod 3465 0x00000234a7853190 code [0x00000234a78535e0, 0x00000234a7855060]
Event: 21.239 Thread 0x00000234cc6ca800 3467       4       sun.security.ssl.CipherBox::isCBCMode (16 bytes)
Event: 21.239 Thread 0x00000234cc6ca800 nmethod 3467 0x00000234a77fa990 code [0x00000234a77faac0, 0x00000234a77fab38]
Event: 21.247 Thread 0x00000234cc6c9800 3468       1       java.util.Hashtable::access$500 (5 bytes)
Event: 21.247 Thread 0x00000234cc6cb000 3469       3       java.util.logging.LogManager$LoggerContext::ensureDefaultLogger (70 bytes)
Event: 21.247 Thread 0x00000234cc6c9800 nmethod 3468 0x00000234a77fa6d0 code [0x00000234a77fa820, 0x00000234a77fa918]

GC Heap History (10 events):
Event: 4.316 GC heap before
{Heap before GC invocations=7 (full 1):
 PSYoungGen      total 235008K, used 234976K [0x0000000715980000, 0x0000000737c00000, 0x00000007c0000000)
  eden space 213504K, 100% used [0x0000000715980000,0x0000000722a00000,0x0000000722a00000)
  from space 21504K, 99% used [0x0000000722a00000,0x0000000723ef8020,0x0000000723f00000)
  to   space 71680K, 0% used [0x0000000733600000,0x0000000733600000,0x0000000737c00000)
 ParOldGen       total 141824K, used 84813K [0x00000005c0c00000, 0x00000005c9680000, 0x0000000715980000)
  object space 141824K, 59% used [0x00000005c0c00000,0x00000005c5ed3660,0x00000005c9680000)
 Metaspace       used 23196K, capacity 23523K, committed 23808K, reserved 1071104K
  class space    used 2168K, capacity 2288K, committed 2304K, reserved 1048576K
Event: 4.345 GC heap after
Heap after GC invocations=7 (full 1):
 PSYoungGen      total 468480K, used 71669K [0x0000000715980000, 0x000000073a380000, 0x00000007c0000000)
  eden space 396800K, 0% used [0x0000000715980000,0x0000000715980000,0x000000072dd00000)
  from space 71680K, 99% used [0x0000000733600000,0x0000000737bfd778,0x0000000737c00000)
  to   space 91136K, 0% used [0x000000072dd00000,0x000000072dd00000,0x0000000733600000)
 ParOldGen       total 141824K, used 91733K [0x00000005c0c00000, 0x00000005c9680000, 0x0000000715980000)
  object space 141824K, 64% used [0x00000005c0c00000,0x00000005c6595660,0x00000005c9680000)
 Metaspace       used 23196K, capacity 23523K, committed 23808K, reserved 1071104K
  class space    used 2168K, capacity 2288K, committed 2304K, reserved 1048576K
}
Event: 5.264 GC heap before
{Heap before GC invocations=8 (full 1):
 PSYoungGen      total 468480K, used 468469K [0x0000000715980000, 0x000000073a380000, 0x00000007c0000000)
  eden space 396800K, 100% used [0x0000000715980000,0x000000072dd00000,0x000000072dd00000)
  from space 71680K, 99% used [0x0000000733600000,0x0000000737bfd778,0x0000000737c00000)
  to   space 91136K, 0% used [0x000000072dd00000,0x000000072dd00000,0x0000000733600000)
 ParOldGen       total 141824K, used 91733K [0x00000005c0c00000, 0x00000005c9680000, 0x0000000715980000)
  object space 141824K, 64% used [0x00000005c0c00000,0x00000005c6595660,0x00000005c9680000)
 Metaspace       used 23202K, capacity 23523K, committed 23808K, reserved 1071104K
  class space    used 2168K, capacity 2288K, committed 2304K, reserved 1048576K
Event: 5.287 GC heap after
Heap after GC invocations=8 (full 1):
 PSYoungGen      total 487936K, used 76480K [0x0000000715980000, 0x0000000751300000, 0x00000007c0000000)
  eden space 396800K, 0% used [0x0000000715980000,0x0000000715980000,0x000000072dd00000)
  from space 91136K, 83% used [0x000000072dd00000,0x00000007327b0020,0x0000000733600000)
  to   space 102400K, 0% used [0x000000074af00000,0x000000074af00000,0x0000000751300000)
 ParOldGen       total 141824K, used 91733K [0x00000005c0c00000, 0x00000005c9680000, 0x0000000715980000)
  object space 141824K, 64% used [0x00000005c0c00000,0x00000005c6595660,0x00000005c9680000)
 Metaspace       used 23202K, capacity 23523K, committed 23808K, reserved 1071104K
  class space    used 2168K, capacity 2288K, committed 2304K, reserved 1048576K
}
Event: 9.748 GC heap before
{Heap before GC invocations=9 (full 1):
 PSYoungGen      total 487936K, used 473280K [0x0000000715980000, 0x0000000751300000, 0x00000007c0000000)
  eden space 396800K, 100% used [0x0000000715980000,0x000000072dd00000,0x000000072dd00000)
  from space 91136K, 83% used [0x000000072dd00000,0x00000007327b0020,0x0000000733600000)
  to   space 102400K, 0% used [0x000000074af00000,0x000000074af00000,0x0000000751300000)
 ParOldGen       total 141824K, used 91733K [0x00000005c0c00000, 0x00000005c9680000, 0x0000000715980000)
  object space 141824K, 64% used [0x00000005c0c00000,0x00000005c6595660,0x00000005c9680000)
 Metaspace       used 23227K, capacity 23523K, committed 23808K, reserved 1071104K
  class space    used 2168K, capacity 2288K, committed 2304K, reserved 1048576K
Event: 9.772 GC heap after
Heap after GC invocations=9 (full 1):
 PSYoungGen      total 858624K, used 57920K [0x0000000715980000, 0x0000000750a00000, 0x00000007c0000000)
  eden space 765440K, 0% used [0x0000000715980000,0x0000000715980000,0x0000000744500000)
  from space 93184K, 62% used [0x000000074af00000,0x000000074e790000,0x0000000750a00000)
  to   space 100864K, 0% used [0x0000000744500000,0x0000000744500000,0x000000074a780000)
 ParOldGen       total 141824K, used 110661K [0x00000005c0c00000, 0x00000005c9680000, 0x0000000715980000)
  object space 141824K, 78% used [0x00000005c0c00000,0x00000005c78116a0,0x00000005c9680000)
 Metaspace       used 23227K, capacity 23523K, committed 23808K, reserved 1071104K
  class space    used 2168K, capacity 2288K, committed 2304K, reserved 1048576K
}
Event: 9.772 GC heap before
{Heap before GC invocations=10 (full 2):
 PSYoungGen      total 858624K, used 57920K [0x0000000715980000, 0x0000000750a00000, 0x00000007c0000000)
  eden space 765440K, 0% used [0x0000000715980000,0x0000000715980000,0x0000000744500000)
  from space 93184K, 62% used [0x000000074af00000,0x000000074e790000,0x0000000750a00000)
  to   space 100864K, 0% used [0x0000000744500000,0x0000000744500000,0x000000074a780000)
 ParOldGen       total 141824K, used 110661K [0x00000005c0c00000, 0x00000005c9680000, 0x0000000715980000)
  object space 141824K, 78% used [0x00000005c0c00000,0x00000005c78116a0,0x00000005c9680000)
 Metaspace       used 23227K, capacity 23523K, committed 23808K, reserved 1071104K
  class space    used 2168K, capacity 2288K, committed 2304K, reserved 1048576K
Event: 10.048 GC heap after
Heap after GC invocations=10 (full 2):
 PSYoungGen      total 858624K, used 20297K [0x0000000715980000, 0x0000000750a00000, 0x00000007c0000000)
  eden space 765440K, 0% used [0x0000000715980000,0x0000000715980000,0x0000000744500000)
  from space 93184K, 21% used [0x000000074af00000,0x000000074c2d27d8,0x0000000750a00000)
  to   space 100864K, 0% used [0x0000000744500000,0x0000000744500000,0x000000074a780000)
 ParOldGen       total 347136K, used 141765K [0x00000005c0c00000, 0x00000005d5f00000, 0x0000000715980000)
  object space 347136K, 40% used [0x00000005c0c00000,0x00000005c96717b8,0x00000005d5f00000)
 Metaspace       used 23227K, capacity 23523K, committed 23808K, reserved 1071104K
  class space    used 2168K, capacity 2288K, committed 2304K, reserved 1048576K
}
Event: 18.159 GC heap before
{Heap before GC invocations=11 (full 2):
 PSYoungGen      total 858624K, used 785737K [0x0000000715980000, 0x0000000750a00000, 0x00000007c0000000)
  eden space 765440K, 100% used [0x0000000715980000,0x0000000744500000,0x0000000744500000)
  from space 93184K, 21% used [0x000000074af00000,0x000000074c2d27d8,0x0000000750a00000)
  to   space 100864K, 0% used [0x0000000744500000,0x0000000744500000,0x000000074a780000)
 ParOldGen       total 347136K, used 141765K [0x00000005c0c00000, 0x00000005d5f00000, 0x0000000715980000)
  object space 347136K, 40% used [0x00000005c0c00000,0x00000005c96717b8,0x00000005d5f00000)
 Metaspace       used 23230K, capacity 23523K, committed 23808K, reserved 1071104K
  class space    used 2169K, capacity 2288K, committed 2304K, reserved 1048576K
Event: 18.182 GC heap after
Heap after GC invocations=11 (full 2):
 PSYoungGen      total 866304K, used 2256K [0x0000000715980000, 0x0000000764400000, 0x00000007c0000000)
  eden space 765440K, 0% used [0x0000000715980000,0x0000000715980000,0x0000000744500000)
  from space 100864K, 2% used [0x0000000744500000,0x0000000744734010,0x000000074a780000)
  to   space 103424K, 0% used [0x000000075df00000,0x000000075df00000,0x0000000764400000)
 ParOldGen       total 347136K, used 160805K [0x00000005c0c00000, 0x00000005d5f00000, 0x0000000715980000)
  object space 347136K, 46% used [0x00000005c0c00000,0x00000005ca9097b8,0x00000005d5f00000)
 Metaspace       used 23230K, capacity 23523K, committed 23808K, reserved 1071104K
  class space    used 2169K, capacity 2288K, committed 2304K, reserved 1048576K
}

Deoptimization events (10 events):
Event: 21.245 Thread 0x00000234d9fb4800 Uncommon trap: reason=unstable_if action=reinterpret pc=0x00000234a774c5c8 method=io.netty.channel.DefaultChannelPipeline.decrementPendingOutboundBytes(J)V @ 16
Event: 21.245 Thread 0x00000234d9fb4800 Uncommon trap: reason=unstable_if action=reinterpret pc=0x00000234a77f3564 method=io.netty.channel.DefaultChannelPipeline.incrementPendingOutboundBytes(J)V @ 16
Event: 21.245 Thread 0x00000234d9fb4800 Uncommon trap: reason=unstable_if action=reinterpret pc=0x00000234a76f7ca4 method=io.netty.channel.DefaultChannelPipeline.decrementPendingOutboundBytes(J)V @ 16
Event: 21.245 Thread 0x00000234d9fb4800 Uncommon trap: reason=unstable_if action=reinterpret pc=0x00000234a773edbc method=sun.security.ssl.EngineWriter.isOutboundDone()Z @ 4
Event: 21.245 Thread 0x00000234d9fb4800 Uncommon trap: reason=unstable_if action=reinterpret pc=0x00000234a7711bf4 method=io.netty.channel.AbstractChannel$AbstractUnsafe.write(Ljava/lang/Object;Lio/netty/channel/ChannelPromise;)V @ 10
Event: 21.245 Thread 0x00000234d9fb4800 Uncommon trap: reason=unstable_if action=reinterpret pc=0x00000234a77cb0bc method=io.netty.channel.AbstractChannel$AbstractUnsafe.flush()V @ 10
Event: 21.245 Thread 0x00000234d9fb4800 Uncommon trap: reason=unstable_if action=reinterpret pc=0x00000234a771a9a4 method=io.netty.channel.DefaultChannelPipeline.incrementPendingOutboundBytes(J)V @ 16
Event: 21.245 Thread 0x00000234d9fb4800 Uncommon trap: reason=unstable_if action=reinterpret pc=0x00000234a77480b8 method=sun.security.ssl.EngineWriter.isOutboundDone()Z @ 4
Event: 21.246 Thread 0x00000234d9fb4800 Uncommon trap: reason=unstable_if action=reinterpret pc=0x00000234a76ae35c method=io.netty.util.concurrent.DefaultPromise.setValue0(Ljava/lang/Object;)Z @ 23
Event: 21.246 Thread 0x00000234a50a9000 Uncommon trap: reason=unstable_if action=reinterpret pc=0x00000234a76e618c method=io.netty.channel.DefaultChannelPipeline.incrementPendingOutboundBytes(J)V @ 16

Classes redefined (0 events):
No events

Internal exceptions (10 events):
Event: 2.636 Thread 0x00000234a50a9000 Exception <a 'java/lang/NoClassDefFoundError': org/apache/log4j/Priority> (0x00000007173e5580) thrown at [J:\jenkins\tmp\workspace\build\src\hotspot\src\share\vm\classfile\systemDictionary.cpp, line 199]
Event: 3.412 Thread 0x00000234d9fb4800 Exception <a 'java/lang/ArrayIndexOutOfBoundsException'> (0x00000007163d1240) thrown at [J:\jenkins\tmp\workspace\build\src\hotspot\src\share\vm\runtime\sharedRuntime.cpp, line 605]
Event: 3.412 Thread 0x00000234d9fb4800 Exception <a 'java/lang/ArrayIndexOutOfBoundsException'> (0x00000007163d2ad0) thrown at [J:\jenkins\tmp\workspace\build\src\hotspot\src\share\vm\runtime\sharedRuntime.cpp, line 605]
Event: 3.413 Thread 0x00000234d9fb4800 Exception <a 'java/lang/ArrayIndexOutOfBoundsException'> (0x00000007163d61e0) thrown at [J:\jenkins\tmp\workspace\build\src\hotspot\src\share\vm\runtime\sharedRuntime.cpp, line 605]
Event: 3.416 Thread 0x00000234d9fb4800 Exception <a 'java/lang/ArrayIndexOutOfBoundsException'> (0x00000007163fe680) thrown at [J:\jenkins\tmp\workspace\build\src\hotspot\src\share\vm\runtime\sharedRuntime.cpp, line 605]
Event: 3.416 Thread 0x00000234d9fb4800 Exception <a 'java/lang/ArrayIndexOutOfBoundsException'> (0x00000007163ff548) thrown at [J:\jenkins\tmp\workspace\build\src\hotspot\src\share\vm\runtime\sharedRuntime.cpp, line 605]
Event: 3.541 Thread 0x00000234d9fb4800 Implicit null exception at 0x00000234a71519e8 to 0x00000234a7151aa1
Event: 6.430 Thread 0x00000234d5353000 Implicit null exception at 0x00000234a76a6fc7 to 0x00000234a76a7ce5
Event: 6.430 Thread 0x00000234d9fb4800 Implicit null exception at 0x00000234a749e02c to 0x00000234a749e279
Event: 21.245 Thread 0x00000234d9fb4800 Implicit null exception at 0x00000234a77ca2d1 to 0x00000234a77cb0ad

Events (10 events):
Event: 21.246 loading class java/util/IdentityHashMap$KeyIterator done
Event: 21.247 Thread 0x00000234da299800 Thread added: 0x00000234da299800
Event: 21.247 Thread 0x00000234cc7bb800 Thread added: 0x00000234cc7bb800
Event: 21.247 loading class java/util/WeakHashMap$KeyIterator
Event: 21.247 Thread 0x00000234da299800 Thread exited: 0x00000234da299800
Event: 21.247 loading class java/util/WeakHashMap$HashIterator
Event: 21.247 loading class java/util/WeakHashMap$HashIterator done
Event: 21.247 loading class java/util/WeakHashMap$KeyIterator done
Event: 21.247 Thread 0x00000234cc7bb800 Thread exited: 0x00000234cc7bb800
Event: 21.247 Executing VM operation: Exit


Dynamic libraries:
0x00007ff7dd210000 - 0x00007ff7dd24a000 	C:\Program Files\AdoptOpenJDK\jdk-8.0.252.09-hotspot\bin\java.exe
0x00007fffaa990000 - 0x00007fffaab86000 	C:\WINDOWS\SYSTEM32\ntdll.dll
0x00007fff9f020000 - 0x00007fff9f032000 	C:\Program Files\AVAST Software\Avast\aswhook.dll
0x00007fffa9200000 - 0x00007fffa92bd000 	C:\WINDOWS\System32\KERNEL32.DLL
0x00007fffa8550000 - 0x00007fffa8819000 	C:\WINDOWS\System32\KERNELBASE.dll
0x00007fffaa790000 - 0x00007fffaa83c000 	C:\WINDOWS\System32\ADVAPI32.dll
0x00007fffa92c0000 - 0x00007fffa935e000 	C:\WINDOWS\System32\msvcrt.dll
0x00007fffaa8b0000 - 0x00007fffaa94c000 	C:\WINDOWS\System32\sechost.dll
0x00007fffa9360000 - 0x00007fffa948b000 	C:\WINDOWS\System32\RPCRT4.dll
0x00007fffa8b40000 - 0x00007fffa8ce0000 	C:\WINDOWS\System32\USER32.dll
0x00007fffa8820000 - 0x00007fffa8842000 	C:\WINDOWS\System32\win32u.dll
0x00007fffa96b0000 - 0x00007fffa96da000 	C:\WINDOWS\System32\GDI32.dll
0x00007fffa81e0000 - 0x00007fffa82e9000 	C:\WINDOWS\System32\gdi32full.dll
0x00007fffa8950000 - 0x00007fffa89ed000 	C:\WINDOWS\System32\msvcp_win.dll
0x00007fffa8850000 - 0x00007fffa8950000 	C:\WINDOWS\System32\ucrtbase.dll
0x00007fff85b60000 - 0x00007fff85dfb000 	C:\WINDOWS\WinSxS\amd64_microsoft.windows.common-controls_6595b64144ccf1df_6.0.19041.488_none_ca04af081b815d21\COMCTL32.dll
0x00007fffaa3c0000 - 0x00007fffaa3f0000 	C:\WINDOWS\System32\IMM32.DLL
0x00007fff90f80000 - 0x00007fff9106f000 	C:\Program Files\AdoptOpenJDK\jdk-8.0.252.09-hotspot\jre\bin\msvcr120.dll
0x00007fff8a320000 - 0x00007fff8a3c6000 	C:\Program Files\AdoptOpenJDK\jdk-8.0.252.09-hotspot\jre\bin\msvcp120.dll
0x00000000705e0000 - 0x0000000070dde000 	C:\Program Files\AdoptOpenJDK\jdk-8.0.252.09-hotspot\jre\bin\server\jvm.dll
0x00007fffaa8a0000 - 0x00007fffaa8a8000 	C:\WINDOWS\System32\PSAPI.DLL
0x00007fff9de20000 - 0x00007fff9de29000 	C:\WINDOWS\SYSTEM32\WSOCK32.dll
0x00007fffa9a40000 - 0x00007fffa9aab000 	C:\WINDOWS\System32\WS2_32.dll
0x00007fff9ff40000 - 0x00007fff9ff67000 	C:\WINDOWS\SYSTEM32\WINMM.dll
0x00007fff9ff70000 - 0x00007fff9ff7a000 	C:\WINDOWS\SYSTEM32\VERSION.dll
0x00007fff9f7b0000 - 0x00007fff9f7bf000 	C:\Program Files\AdoptOpenJDK\jdk-8.0.252.09-hotspot\jre\bin\verify.dll
0x00007fff988f0000 - 0x00007fff98918000 	C:\Program Files\AdoptOpenJDK\jdk-8.0.252.09-hotspot\jre\bin\java.dll
0x00007fff98b60000 - 0x00007fff98b8a000 	C:\Program Files\AdoptOpenJDK\jdk-8.0.252.09-hotspot\jre\bin\instrument.dll
0x00007fff984a0000 - 0x00007fff984b6000 	C:\Program Files\AdoptOpenJDK\jdk-8.0.252.09-hotspot\jre\bin\zip.dll
0x00007fffa9c60000 - 0x00007fffaa3a2000 	C:\WINDOWS\System32\SHELL32.dll
0x00007fffa6240000 - 0x00007fffa69d5000 	C:\WINDOWS\SYSTEM32\windows.storage.dll
0x00007fffa96e0000 - 0x00007fffa9a36000 	C:\WINDOWS\System32\combase.dll
0x00007fffa7b40000 - 0x00007fffa7b6c000 	C:\WINDOWS\SYSTEM32\Wldp.dll
0x00007fffa9150000 - 0x00007fffa91fe000 	C:\WINDOWS\System32\SHCORE.dll
0x00007fffaa400000 - 0x00007fffaa455000 	C:\WINDOWS\System32\shlwapi.dll
0x00007fffa8000000 - 0x00007fffa8026000 	C:\WINDOWS\SYSTEM32\profapi.dll
0x00007fffa4c70000 - 0x00007fffa4c8a000 	C:\Program Files\JetBrains\IntelliJ IDEA Community Edition 2019.3.1\bin\breakgen64.dll
0x00007fff97640000 - 0x00007fff9765a000 	C:\Program Files\AdoptOpenJDK\jdk-8.0.252.09-hotspot\jre\bin\net.dll
0x00007fffa78c0000 - 0x00007fffa792a000 	C:\WINDOWS\system32\mswsock.dll
0x00007fff97620000 - 0x00007fff97632000 	C:\Program Files\AdoptOpenJDK\jdk-8.0.252.09-hotspot\jre\bin\nio.dll
0x00007fff916c0000 - 0x00007fff91724000 	C:\Users\Peyton Hill\AppData\Local\Temp\lwjglPeyton Hill\3.2.3-build-13\lwjgl.dll
0x00007fff91650000 - 0x00007fff916b2000 	C:\Users\PEYTON~1\AppData\Local\Temp\lwjglPeyton Hill\3.2.3-build-13\glfw.dll
0x00007fffa5ae0000 - 0x00007fffa5b7e000 	C:\WINDOWS\system32\uxtheme.dll
0x00007fff93130000 - 0x00007fff93175000 	C:\WINDOWS\SYSTEM32\dinput8.dll
0x00007fff978b0000 - 0x00007fff978c1000 	C:\WINDOWS\SYSTEM32\xinput1_4.dll
0x00007fffa8500000 - 0x00007fffa854e000 	C:\WINDOWS\System32\cfgmgr32.dll
0x00007fffa7e80000 - 0x00007fffa7eac000 	C:\WINDOWS\SYSTEM32\DEVOBJ.dll
0x00007fffa5d50000 - 0x00007fffa5d7f000 	C:\WINDOWS\SYSTEM32\dwmapi.dll
0x00007fff8afd0000 - 0x00007fff8b122000 	C:\WINDOWS\SYSTEM32\inputhost.dll
0x00007fffaa4c0000 - 0x00007fffaa58d000 	C:\WINDOWS\System32\OLEAUT32.dll
0x00007fffa5560000 - 0x00007fffa5652000 	C:\WINDOWS\SYSTEM32\CoreMessaging.dll
0x00007fffa3ac0000 - 0x00007fffa3bb7000 	C:\WINDOWS\SYSTEM32\PROPSYS.dll
0x00007fffa3d30000 - 0x00007fffa3e86000 	C:\WINDOWS\SYSTEM32\wintypes.dll
0x00007fffa8480000 - 0x00007fffa8500000 	C:\WINDOWS\System32\bcryptPrimitives.dll
0x00007fffa4e80000 - 0x00007fffa51de000 	C:\WINDOWS\SYSTEM32\CoreUIComponents.dll
0x00007fffa6f30000 - 0x00007fffa6f63000 	C:\WINDOWS\SYSTEM32\ntmarta.dll
0x00007fffa6040000 - 0x00007fffa6052000 	C:\WINDOWS\SYSTEM32\kernel.appcore.dll
0x00007fffaa590000 - 0x00007fffaa6a6000 	C:\WINDOWS\System32\MSCTF.dll
0x00007fffa69e0000 - 0x00007fffa69ed000 	C:\WINDOWS\SYSTEM32\HID.DLL
0x00007fffa8ce0000 - 0x00007fffa9147000 	C:\WINDOWS\System32\SETUPAPI.DLL
0x00007fffa8450000 - 0x00007fffa8477000 	C:\WINDOWS\System32\bcrypt.dll
0x00007fffa8180000 - 0x00007fffa81e0000 	C:\WINDOWS\System32\WINTRUST.dll
0x00007fffa82f0000 - 0x00007fffa844d000 	C:\WINDOWS\System32\CRYPT32.dll
0x00007fffa7cc0000 - 0x00007fffa7cd2000 	C:\WINDOWS\SYSTEM32\MSASN1.dll
0x00007fff74b30000 - 0x00007fff74c55000 	C:\WINDOWS\SYSTEM32\opengl32.dll
0x00007fff978d0000 - 0x00007fff978fc000 	C:\WINDOWS\SYSTEM32\GLU32.dll
0x00007fffa9490000 - 0x00007fffa9539000 	C:\WINDOWS\System32\clbcatq.dll
0x00007fff931d0000 - 0x00007fff931fa000 	C:\WINDOWS\System32\DriverStore\FileRepository\u0361134.inf_amd64_a6c18d8d6a47cb97\B361196\atig6pxx.dll
0x00007fff39850000 - 0x00007fff3c624000 	C:\WINDOWS\System32\DriverStore\FileRepository\u0361134.inf_amd64_a6c18d8d6a47cb97\B361196\atio6axx.dll
0x00007fffa8a10000 - 0x00007fffa8b3a000 	C:\WINDOWS\System32\ole32.dll
0x00007fff70750000 - 0x00007fff70774000 	C:\WINDOWS\SYSTEM32\dxva2.dll
0x00007fff908c0000 - 0x00007fff908fc000 	C:\WINDOWS\System32\DriverStore\FileRepository\u0361134.inf_amd64_a6c18d8d6a47cb97\B361196\atig6txx.dll
0x00007fff73be0000 - 0x00007fff73d9f000 	C:\WINDOWS\SYSTEM32\atiadlxx.dll
0x00007fff82c10000 - 0x00007fff82c59000 	C:\WINDOWS\SYSTEM32\pdh.dll
0x00007fffa01e0000 - 0x00007fffa021b000 	C:\WINDOWS\SYSTEM32\dxcore.dll
0x00007fff8b2c0000 - 0x00007fff8b3bd000 	C:\WINDOWS\SYSTEM32\textinputframework.dll
0x00007fff8a2c0000 - 0x00007fff8a319000 	C:\Users\Peyton Hill\AppData\Local\Temp\lwjglPeyton Hill\3.2.3-build-13\lwjgl_opengl.dll
0x00007fff74ec0000 - 0x00007fff75113000 	C:\Users\PEYTON~1\AppData\Local\Temp\lwjglPeyton Hill\3.2.3-build-13\jemalloc.dll
0x00007fff76440000 - 0x00007fff765d5000 	C:\Program Files\AdoptOpenJDK\jdk-8.0.252.09-hotspot\jre\bin\awt.dll
0x00007fffa58d0000 - 0x00007fffa5960000 	C:\WINDOWS\SYSTEM32\apphelp.dll
0x00007fffa7a90000 - 0x00007fffa7aa8000 	C:\WINDOWS\SYSTEM32\CRYPTSP.dll
0x00007fffa71e0000 - 0x00007fffa7214000 	C:\WINDOWS\system32\rsaenh.dll
0x00007fffa7f80000 - 0x00007fffa7fae000 	C:\WINDOWS\SYSTEM32\USERENV.dll
0x00007fffa7ab0000 - 0x00007fffa7abc000 	C:\WINDOWS\SYSTEM32\CRYPTBASE.dll
0x00007fffa7560000 - 0x00007fffa759b000 	C:\WINDOWS\SYSTEM32\IPHLPAPI.DLL
0x00007fffaa3f0000 - 0x00007fffaa3f8000 	C:\WINDOWS\System32\NSI.dll
0x00007fffa1ae0000 - 0x00007fffa1af7000 	C:\WINDOWS\SYSTEM32\dhcpcsvc6.DLL
0x00007fffa1cb0000 - 0x00007fffa1ccd000 	C:\WINDOWS\SYSTEM32\dhcpcsvc.DLL
0x00007fffa75b0000 - 0x00007fffa767b000 	C:\WINDOWS\SYSTEM32\DNSAPI.dll
0x00007fff82190000 - 0x00007fff82223000 	C:\Program Files\AdoptOpenJDK\jdk-8.0.252.09-hotspot\jre\bin\freetype.dll
0x00007fff74e00000 - 0x00007fff74ebd000 	C:\Program Files\AdoptOpenJDK\jdk-8.0.252.09-hotspot\jre\bin\fontmanager.dll
0x00007fff988b0000 - 0x00007fff988d3000 	C:\Program Files\AdoptOpenJDK\jdk-8.0.252.09-hotspot\jre\bin\sunec.dll
0x00007fff9aa90000 - 0x00007fff9aa9c000 	C:\Program Files\AdoptOpenJDK\jdk-8.0.252.09-hotspot\jre\bin\sunmscapi.dll
0x00007fffa7bb0000 - 0x00007fffa7bd7000 	C:\WINDOWS\SYSTEM32\ncrypt.dll
0x00007fffa7b70000 - 0x00007fffa7bab000 	C:\WINDOWS\SYSTEM32\NTASN1.dll
0x00007fffa4bb0000 - 0x00007fffa4bbd000 	C:\Program Files\AdoptOpenJDK\jdk-8.0.252.09-hotspot\jre\bin\management.dll
0x00007fff968a0000 - 0x00007fff968b7000 	C:\WINDOWS\system32\napinsp.dll
0x00007fff96880000 - 0x00007fff9689b000 	C:\WINDOWS\system32\pnrpnsp.dll
0x00007fff96430000 - 0x00007fff96445000 	C:\WINDOWS\system32\wshbth.dll
0x00007fffa42f0000 - 0x00007fffa430d000 	C:\WINDOWS\system32\NLAapi.dll
0x00007fff963c0000 - 0x00007fff963d2000 	C:\WINDOWS\System32\winrnr.dll
0x00007fff9e430000 - 0x00007fff9e43a000 	C:\Windows\System32\rasadhlp.dll
0x00007fff9e470000 - 0x00007fff9e4ef000 	C:\WINDOWS\System32\fwpuclnt.dll
0x00007fff74d60000 - 0x00007fff74dfd000 	C:\Program Files\obs-studio\data\obs-plugins\win-capture\graphics-hook64.dll
0x00007fffa4310000 - 0x00007fffa4574000 	C:\WINDOWS\system32\d3d11.dll
0x00007fffa6a20000 - 0x00007fffa6b13000 	C:\WINDOWS\SYSTEM32\dxgi.dll
0x00007fff9ff80000 - 0x00007fffa015b000 	C:\WINDOWS\System32\DriverStore\FileRepository\u0361134.inf_amd64_a6c18d8d6a47cb97\B361196\aticfx64.dll
0x00007fff9fce0000 - 0x00007fff9fd18000 	C:\WINDOWS\System32\DriverStore\FileRepository\u0361134.inf_amd64_a6c18d8d6a47cb97\B361196\atiuxp64.dll
0x00007fff9b940000 - 0x00007fff9d845000 	C:\WINDOWS\System32\DriverStore\FileRepository\u0361134.inf_amd64_a6c18d8d6a47cb97\B361196\atidxx64.dll
0x00007fff9fc80000 - 0x00007fff9fcb0000 	C:\WINDOWS\SYSTEM32\amdihk64.dll
0x00007fffa3e90000 - 0x00007fffa42ed000 	C:\WINDOWS\SYSTEM32\D3DCompiler_47.dll
0x00007fffa1e50000 - 0x00007fffa2034000 	C:\WINDOWS\SYSTEM32\dbghelp.dll

VM Arguments:
jvm_args: -javaagent:C:\Program Files\JetBrains\IntelliJ IDEA Community Edition 2019.3.1\lib\idea_rt.jar=62889:C:\Program Files\JetBrains\IntelliJ IDEA Community Edition 2019.3.1\bin -Dfile.encoding=UTF-8 
java_command: Hilligans.ClientMain
java_class_path (initial): C:\Program Files\AdoptOpenJDK\jdk-8.0.252.09-hotspot\jre\lib\charsets.jar;C:\Program Files\AdoptOpenJDK\jdk-8.0.252.09-hotspot\jre\lib\ext\access-bridge-64.jar;C:\Program Files\AdoptOpenJDK\jdk-8.0.252.09-hotspot\jre\lib\ext\cldrdata.jar;C:\Program Files\AdoptOpenJDK\jdk-8.0.252.09-hotspot\jre\lib\ext\dnsns.jar;C:\Program Files\AdoptOpenJDK\jdk-8.0.252.09-hotspot\jre\lib\ext\jaccess.jar;C:\Program Files\AdoptOpenJDK\jdk-8.0.252.09-hotspot\jre\lib\ext\localedata.jar;C:\Program Files\AdoptOpenJDK\jdk-8.0.252.09-hotspot\jre\lib\ext\nashorn.jar;C:\Program Files\AdoptOpenJDK\jdk-8.0.252.09-hotspot\jre\lib\ext\sunec.jar;C:\Program Files\AdoptOpenJDK\jdk-8.0.252.09-hotspot\jre\lib\ext\sunjce_provider.jar;C:\Program Files\AdoptOpenJDK\jdk-8.0.252.09-hotspot\jre\lib\ext\sunmscapi.jar;C:\Program Files\AdoptOpenJDK\jdk-8.0.252.09-hotspot\jre\lib\ext\sunpkcs11.jar;C:\Program Files\AdoptOpenJDK\jdk-8.0.252.09-hotspot\jre\lib\ext\zipfs.jar;C:\Program Files\AdoptOpenJDK\jdk-8.0.252.09-hotspot\jre\lib\jce.jar;C:\Program Files\AdoptOpenJDK\jdk-8.0.252.09-hotspot\jre\lib\jsse.jar;C:\Program Files\AdoptOpenJDK\jdk-8.0.252.09-hotspot\jre\lib\management-agent.jar;C:\Program Files\AdoptOpenJDK\jdk-8.0.252.09-hotspot\jre\lib\resources.jar;C:\Program Files\AdoptOpenJDK\jdk-8.0.252.09-hotspot\jre\lib\rt.jar;C:\Users\Peyton Hill\IdeaProjects\Ourcraft\target\classes;C:\Users\Peyton Hill\.m2\repository\org\lwjgl\lwjgl\3.2.3\lwjgl-3.2.3.jar;C:\Users\Peyton Hill\.m2\repository\org\lwjgl\lwjgl-assimp\3.2.3\lwjgl-assimp-3.2.3.jar;C:\Users\Peyton Hill\.m2\repository\org\lwjgl\lwjgl-bgfx\3.2.3\lwjgl-bgfx-3.2.3.jar;C:\Users\Peyton Hill\.m2\repository\org\lwjgl\lwjgl-cuda\3.2.3\lwjgl-cuda-3.2.3.jar;C:\Users\Peyton Hill\.m2\repository\org\lwjgl\lwjgl-egl\3.2.3\lwjgl-egl-3.2.3.jar;C:\Users\Peyton Hill\.m2\repository\org\lwjgl\lwjgl-glfw\3.2.3\lwjgl-glfw-3.2.3.jar;C:\Users\Peyton Hill\.m2\repository\org\lwjgl\lwjgl-jawt\3.2.3\lwjgl-jawt-3.2.3.jar;C:\Users\Peyton Hill\.m2\repo
Launcher Type: SUN_STANDARD

Environment Variables:
JAVA_HOME=C:\Program Files\AdoptOpenJDK\jdk-15.0.2.7-hotspot
JRE_HOME=C:\Program Files\Java\jdk-15.0.2
PATH=C:\Program Files\AdoptOpenJDK\jdk-15.0.2.7-hotspot\bin;C:\ProgramData\Oracle\Java\javapath;C:\Program Files (x86)\Common Files\Oracle\Java\javapath;C:\Program Files\AdoptOpenJDK\jdk-8.0.252.09-hotspot\bin;C:\WINDOWS\system32;C:\WINDOWS;C:\WINDOWS\System32\Wbem;C:\WINDOWS\System32\WindowsPowerShell\v1.0\;C:\WINDOWS\System32\OpenSSH\;C:\Program Files\Git\cmd;C:\Users\Peyton Hill\AppData\Local\Microsoft\WindowsApps;C:\Users\Peyton Hill\AppData\Local\Programs\Microsoft VS Code\bin;C:\Users\Peyton Hill\AppData\Local\Microsoft\WindowsApps;C:\Users\Peyton Hill\AppData\Local\GitHubDesktop\bin
USERNAME=Peyton Hill
OS=Windows_NT
PROCESSOR_IDENTIFIER=AMD64 Family 23 Model 8 Stepping 2, AuthenticAMD



---------------  S Y S T E M  ---------------

OS: Windows 10.0 , 64 bit Build 19041 (10.0.19041.662)

CPU:total 16 (initial active 16) (16 cores per cpu, 1 threads per core) family 23 model 8 stepping 2, cmov, cx8, fxsr, mmx, sse, sse2, sse3, ssse3, sse4.1, sse4.2, popcnt, avx, avx2, aes, clmul, mmxext, 3dnowpref, lzcnt, sse4a, tsc, tscinvbit, tscinv, bmi1

Memory: 4k page, physical 33504108k(12084728k free), swap 58669932k(11671368k free)

vm_info: OpenJDK 64-Bit Server VM (25.252-b09) for windows-amd64 JRE (1.8.0_252-b09), built on Apr 22 2020 09:32:45 by "jenkins" with MS VC++ 12.0 (VS2013)

time: Sat Feb 06 03:00:55 2021
timezone: Eastern Standard Time
elapsed time: 21 seconds (0d 0h 0m 21s)

