#
# A fatal error has been detected by the Java Runtime Environment:
#
#  EXCEPTION_ACCESS_VIOLATION (0xc0000005) at pc=0x0000000000000000, pid=21536, tid=0x0000000000005b70
#
# JRE version: OpenJDK Runtime Environment (8.0_252-b09) (build 1.8.0_252-b09)
# Java VM: OpenJDK 64-Bit Server VM (25.252-b09 mixed mode windows-amd64 compressed oops)
# Problematic frame:
# C  0x0000000000000000
#
# Failed to write core dump. Minidumps are not enabled by default on client versions of Windows
#
# If you would like to submit a bug report, please visit:
#   http://bugreport.java.com/bugreport/crash.jsp
#

---------------  T H R E A D  ---------------

Current thread (0x00000237a7b49000):  VMThread [stack: 0x0000009eb5400000,0x0000009eb5500000] [id=23408]

siginfo: ExceptionCode=0xc0000005, ExceptionInformation=0x0000000000000008 0x0000000000000000

Registers:
RAX=0x0000000000000000, RBX=0x0000000000000000, RCX=0x0000000000000001, RDX=0x00007fff74b1c470
RSP=0x0000009eb54febd8, RBP=0x00007fff74b1c400, RSI=0x0000000000020000, RDI=0x0000000000000000
R8 =0x0000009eb45aa000, R9 =0x000000000000000e, R10=0x0000000000000000, R11=0x00000237bb79b510
R12=0x00007fff74c0dc30, R13=0x0000000000000000, R14=0x00007fff74b30000, R15=0x0000000000000001
RIP=0x0000000000000000, EFLAGS=0x0000000000010202

Top of Stack: (sp=0x0000009eb54febd8)
0x0000009eb54febd8:   00007fff74a98ff5 0000000000000000
0x0000009eb54febe8:   00007fff74b1c400 0000000000000000
0x0000009eb54febf8:   0000000000020000 000002378390ce80
0x0000009eb54fec08:   00007fff74a9a624 0000000000000000
0x0000009eb54fec18:   000002378390ce80 0000000000020000
0x0000009eb54fec28:   00000237ab3f6508 0000000000000001
0x0000009eb54fec38:   00007fff74b36e3e 0000000000000001
0x0000009eb54fec48:   0000000000000000 0000000000000000
0x0000009eb54fec58:   00007fffa94ad83e 0000000000000001
0x0000009eb54fec68:   00007fff74b37286 0000000000000000
0x0000009eb54fec78:   000002378390ce80 0000000000000001
0x0000009eb54fec88:   0000000000000001 0000000000000000
0x0000009eb54fec98:   00007fff74c0dd6f 0000000000000001
0x0000009eb54feca8:   000002378390ce80 0000000000000001
0x0000009eb54fecb8:   00007fff931d0000 0000000000000001
0x0000009eb54fecc8:   00007fff931dc4d8 0000000000000001 

Instructions: (pc=0x0000000000000000)
0xffffffffffffffe0:   


Register to memory mapping:

RAX=0x0000000000000000 is an unknown value
RBX=0x0000000000000000 is an unknown value
RCX=0x0000000000000001 is an unknown value
RDX=0x00007fff74b1c470 is an unknown value
RSP=0x0000009eb54febd8 is an unknown value
RBP=0x00007fff74b1c400 is an unknown value
RSI=0x0000000000020000 is an unknown value
RDI=0x0000000000000000 is an unknown value
R8 =0x0000009eb45aa000 is an unknown value
R9 =0x000000000000000e is an unknown value
R10=0x0000000000000000 is an unknown value
R11=0x00000237bb79b510 is an unknown value
R12=0x00007fff74c0dc30 is an unknown value
R13=0x0000000000000000 is an unknown value
R14=0x00007fff74b30000 is an unknown value
R15=0x0000000000000001 is an unknown value


Stack: [0x0000009eb5400000,0x0000009eb5500000],  sp=0x0000009eb54febd8,  free space=1018k
Native frames: (J=compiled Java code, j=interpreted, Vv=VM code, C=native code)

VM_Operation (0x0000009eb6dfe860): Exit, mode: safepoint, requested by thread 0x00000237ad172800


---------------  P R O C E S S  ---------------

Java Threads: ( => current thread )
  0x00000237ad172800 JavaThread "nioEventLoopGroup-2-1" [_thread_blocked, id=7508, stack(0x0000009eb6d00000,0x0000009eb6e00000)]
  0x00000237b3925000 JavaThread "pool-1-thread-1" [_thread_blocked, id=16288, stack(0x0000009eb6c00000,0x0000009eb6d00000)]
  0x00000237ad239800 JavaThread "Java2D Disposer" daemon [_thread_blocked, id=2564, stack(0x0000009eb6b00000,0x0000009eb6c00000)]
  0x00000237aae4c800 JavaThread "Service Thread" daemon [_thread_blocked, id=12464, stack(0x0000009eb6600000,0x0000009eb6700000)]
  0x00000237aadc6000 JavaThread "C1 CompilerThread11" daemon [_thread_blocked, id=15136, stack(0x0000009eb6500000,0x0000009eb6600000)]
  0x00000237aadc8800 JavaThread "C1 CompilerThread10" daemon [_thread_blocked, id=23728, stack(0x0000009eb6400000,0x0000009eb6500000)]
  0x00000237aadc3800 JavaThread "C1 CompilerThread9" daemon [_thread_blocked, id=24592, stack(0x0000009eb6300000,0x0000009eb6400000)]
  0x00000237aadca000 JavaThread "C1 CompilerThread8" daemon [_thread_blocked, id=3488, stack(0x0000009eb6200000,0x0000009eb6300000)]
  0x00000237aadc9000 JavaThread "C2 CompilerThread7" daemon [_thread_blocked, id=21560, stack(0x0000009eb6100000,0x0000009eb6200000)]
  0x00000237aadc4800 JavaThread "C2 CompilerThread6" daemon [_thread_blocked, id=27316, stack(0x0000009eb6000000,0x0000009eb6100000)]
  0x00000237aadc5000 JavaThread "C2 CompilerThread5" daemon [_thread_blocked, id=19096, stack(0x0000009eb5f00000,0x0000009eb6000000)]
  0x00000237aad98000 JavaThread "C2 CompilerThread4" daemon [_thread_blocked, id=26156, stack(0x0000009eb5e00000,0x0000009eb5f00000)]
  0x00000237aad7b800 JavaThread "C2 CompilerThread3" daemon [_thread_blocked, id=22948, stack(0x0000009eb5d00000,0x0000009eb5e00000)]
  0x00000237aad7a800 JavaThread "C2 CompilerThread2" daemon [_thread_blocked, id=18452, stack(0x0000009eb5c00000,0x0000009eb5d00000)]
  0x00000237aad78000 JavaThread "C2 CompilerThread1" daemon [_thread_blocked, id=2384, stack(0x0000009eb5b00000,0x0000009eb5c00000)]
  0x00000237aad6d000 JavaThread "C2 CompilerThread0" daemon [_thread_blocked, id=23688, stack(0x0000009eb5a00000,0x0000009eb5b00000)]
  0x00000237aac3d800 JavaThread "Monitor Ctrl-Break" daemon [_thread_in_native, id=19828, stack(0x0000009eb5900000,0x0000009eb5a00000)]
  0x00000237aa88c800 JavaThread "Attach Listener" daemon [_thread_blocked, id=16912, stack(0x0000009eb5800000,0x0000009eb5900000)]
  0x00000237aa889800 JavaThread "Signal Dispatcher" daemon [_thread_blocked, id=8620, stack(0x0000009eb5700000,0x0000009eb5800000)]
  0x00000237a7b59800 JavaThread "Finalizer" daemon [_thread_blocked, id=13284, stack(0x0000009eb5600000,0x0000009eb5700000)]
  0x00000237aa860800 JavaThread "Reference Handler" daemon [_thread_blocked, id=8924, stack(0x0000009eb5500000,0x0000009eb5600000)]
  0x00000237838e9000 JavaThread "main" [_thread_blocked, id=15372, stack(0x0000009eb4600000,0x0000009eb4700000)]

Other Threads:
=>0x00000237a7b49000 VMThread [stack: 0x0000009eb5400000,0x0000009eb5500000] [id=23408]

VM state:at safepoint (shutting down)

VM Mutex/Monitor currently owned by a thread:  ([mutex/lock_event])
[0x00000237838e5f90] Threads_lock - owner thread: 0x00000237a7b49000

heap address: 0x00000005c0c00000, size: 8180 MB, Compressed Oops mode: Zero based, Oop shift amount: 3
Narrow klass base: 0x0000000000000000, Narrow klass shift: 3
Compressed class space size: 1073741824 Address: 0x00000007c0000000

Heap:
 PSYoungGen      total 908288K, used 492543K [0x0000000715980000, 0x000000076d180000, 0x00000007c0000000)
  eden space 809472K, 58% used [0x0000000715980000,0x00000007328d6ea8,0x0000000747000000)
  from space 98816K, 18% used [0x0000000747000000,0x00000007481a8f08,0x000000074d080000)
  to   space 97280K, 0% used [0x0000000767280000,0x0000000767280000,0x000000076d180000)
 ParOldGen       total 349696K, used 144193K [0x00000005c0c00000, 0x00000005d6180000, 0x0000000715980000)
  object space 349696K, 41% used [0x00000005c0c00000,0x00000005c98d0500,0x00000005d6180000)
 Metaspace       used 23282K, capacity 23589K, committed 23808K, reserved 1071104K
  class space    used 2179K, capacity 2289K, committed 2304K, reserved 1048576K

Card table byte_map: [0x0000023794570000,0x0000023795570000] byte_map_base: 0x000002379176a000

Marking Bits: (ParMarkBitMap*) 0x0000000070d65010
 Begin Bits: [0x0000023796020000, 0x000002379dff0000)
 End Bits:   [0x000002379dff0000, 0x00000237a5fc0000)

Polling page: 0x0000023783b60000

CodeCache: size=245760Kb used=13451Kb max_used=13460Kb free=232308Kb
 bounds [0x00000237851b0000, 0x0000023785ef0000, 0x00000237941b0000]
 total_blobs=4627 nmethods=3461 adapters=1077
 compilation: enabled

Compilation events (10 events):
Event: 24.969 Thread 0x00000237aadc4800 3462       4       org.lwjgl.glfw.GLFW::glfwPollEvents (12 bytes)
Event: 24.969 Thread 0x00000237aadc9000 3463       4       org.lwjgl.glfw.EventLoop$OnScreen::check (1 bytes)
Event: 24.969 Thread 0x00000237aadc9000 nmethod 3463 0x00000237857bad10 code [0x00000237857bae40, 0x00000237857bae78]
Event: 24.969 Thread 0x00000237aadc4800 nmethod 3462 0x0000023785487190 code [0x00000237854872e0, 0x0000023785487348]
Event: 24.969 Thread 0x00000237aad7a800 3464       4       Hilligans.ClientMain::render (145 bytes)
Event: 24.970 Thread 0x00000237aad7b800 nmethod 3458 0x0000023785ea4fd0 code [0x0000023785ea5180, 0x0000023785ea5678]
Event: 25.007 Thread 0x00000237aad7a800 nmethod 3464 0x0000023785edecd0 code [0x0000023785edf120, 0x0000023785ee0db0]
Event: 25.814 Thread 0x00000237aadc3800 3465       1       java.util.Hashtable::access$500 (5 bytes)
Event: 25.814 Thread 0x00000237aadc8800 3466       3       java.util.logging.LogManager$LoggerContext::ensureDefaultLogger (70 bytes)
Event: 25.814 Thread 0x00000237aadc3800 nmethod 3465 0x0000023785ec2950 code [0x0000023785ec2aa0, 0x0000023785ec2b98]

GC Heap History (10 events):
Event: 3.789 GC heap before
{Heap before GC invocations=7 (full 1):
 PSYoungGen      total 246272K, used 246240K [0x0000000715980000, 0x0000000738700000, 0x00000007c0000000)
  eden space 224768K, 100% used [0x0000000715980000,0x0000000723500000,0x0000000723500000)
  from space 21504K, 99% used [0x0000000723500000,0x00000007249f8030,0x0000000724a00000)
  to   space 67584K, 0% used [0x0000000734500000,0x0000000734500000,0x0000000738700000)
 ParOldGen       total 142336K, used 80581K [0x00000005c0c00000, 0x00000005c9700000, 0x0000000715980000)
  object space 142336K, 56% used [0x00000005c0c00000,0x00000005c5ab15d0,0x00000005c9700000)
 Metaspace       used 23082K, capacity 23387K, committed 23808K, reserved 1071104K
  class space    used 2168K, capacity 2288K, committed 2304K, reserved 1048576K
Event: 3.808 GC heap after
Heap after GC invocations=7 (full 1):
 PSYoungGen      total 491520K, used 62400K [0x0000000715980000, 0x0000000739f80000, 0x00000007c0000000)
  eden space 423936K, 0% used [0x0000000715980000,0x0000000715980000,0x000000072f780000)
  from space 67584K, 92% used [0x0000000734500000,0x00000007381f0030,0x0000000738700000)
  to   space 79360K, 0% used [0x000000072f780000,0x000000072f780000,0x0000000734500000)
 ParOldGen       total 142336K, used 80589K [0x00000005c0c00000, 0x00000005c9700000, 0x0000000715980000)
  object space 142336K, 56% used [0x00000005c0c00000,0x00000005c5ab35d0,0x00000005c9700000)
 Metaspace       used 23082K, capacity 23387K, committed 23808K, reserved 1071104K
  class space    used 2168K, capacity 2288K, committed 2304K, reserved 1048576K
}
Event: 6.316 GC heap before
{Heap before GC invocations=8 (full 1):
 PSYoungGen      total 491520K, used 486336K [0x0000000715980000, 0x0000000739f80000, 0x00000007c0000000)
  eden space 423936K, 100% used [0x0000000715980000,0x000000072f780000,0x000000072f780000)
  from space 67584K, 92% used [0x0000000734500000,0x00000007381f0030,0x0000000738700000)
  to   space 79360K, 0% used [0x000000072f780000,0x000000072f780000,0x0000000734500000)
 ParOldGen       total 142336K, used 80589K [0x00000005c0c00000, 0x00000005c9700000, 0x0000000715980000)
  object space 142336K, 56% used [0x00000005c0c00000,0x00000005c5ab35d0,0x00000005c9700000)
 Metaspace       used 23198K, capacity 23519K, committed 23808K, reserved 1071104K
  class space    used 2168K, capacity 2288K, committed 2304K, reserved 1048576K
Event: 6.344 GC heap after
Heap after GC invocations=8 (full 1):
 PSYoungGen      total 503296K, used 79344K [0x0000000715980000, 0x0000000753600000, 0x00000007c0000000)
  eden space 423936K, 0% used [0x0000000715980000,0x0000000715980000,0x000000072f780000)
  from space 79360K, 99% used [0x000000072f780000,0x00000007344fc250,0x0000000734500000)
  to   space 97280K, 0% used [0x000000074d700000,0x000000074d700000,0x0000000753600000)
 ParOldGen       total 142336K, used 86341K [0x00000005c0c00000, 0x00000005c9700000, 0x0000000715980000)
  object space 142336K, 60% used [0x00000005c0c00000,0x00000005c60515d0,0x00000005c9700000)
 Metaspace       used 23198K, capacity 23519K, committed 23808K, reserved 1071104K
  class space    used 2168K, capacity 2288K, committed 2304K, reserved 1048576K
}
Event: 10.817 GC heap before
{Heap before GC invocations=9 (full 1):
 PSYoungGen      total 503296K, used 503280K [0x0000000715980000, 0x0000000753600000, 0x00000007c0000000)
  eden space 423936K, 100% used [0x0000000715980000,0x000000072f780000,0x000000072f780000)
  from space 79360K, 99% used [0x000000072f780000,0x00000007344fc250,0x0000000734500000)
  to   space 97280K, 0% used [0x000000074d700000,0x000000074d700000,0x0000000753600000)
 ParOldGen       total 142336K, used 86341K [0x00000005c0c00000, 0x00000005c9700000, 0x0000000715980000)
  object space 142336K, 60% used [0x00000005c0c00000,0x00000005c60515d0,0x00000005c9700000)
 Metaspace       used 23226K, capacity 23523K, committed 23808K, reserved 1071104K
  class space    used 2168K, capacity 2288K, committed 2304K, reserved 1048576K
Event: 10.840 GC heap after
Heap after GC invocations=9 (full 1):
 PSYoungGen      total 901632K, used 61296K [0x0000000715980000, 0x0000000753100000, 0x00000007c0000000)
  eden space 809472K, 0% used [0x0000000715980000,0x0000000715980000,0x0000000747000000)
  from space 92160K, 66% used [0x000000074d700000,0x00000007512dc010,0x0000000753100000)
  to   space 98816K, 0% used [0x0000000747000000,0x0000000747000000,0x000000074d080000)
 ParOldGen       total 142336K, used 104866K [0x00000005c0c00000, 0x00000005c9700000, 0x0000000715980000)
  object space 142336K, 73% used [0x00000005c0c00000,0x00000005c7268840,0x00000005c9700000)
 Metaspace       used 23226K, capacity 23523K, committed 23808K, reserved 1071104K
  class space    used 2168K, capacity 2288K, committed 2304K, reserved 1048576K
}
Event: 20.290 GC heap before
{Heap before GC invocations=10 (full 1):
 PSYoungGen      total 901632K, used 870768K [0x0000000715980000, 0x0000000753100000, 0x00000007c0000000)
  eden space 809472K, 100% used [0x0000000715980000,0x0000000747000000,0x0000000747000000)
  from space 92160K, 66% used [0x000000074d700000,0x00000007512dc010,0x0000000753100000)
  to   space 98816K, 0% used [0x0000000747000000,0x0000000747000000,0x000000074d080000)
 ParOldGen       total 142336K, used 104866K [0x00000005c0c00000, 0x00000005c9700000, 0x0000000715980000)
  object space 142336K, 73% used [0x00000005c0c00000,0x00000005c7268840,0x00000005c9700000)
 Metaspace       used 23241K, capacity 23523K, committed 23808K, reserved 1071104K
  class space    used 2169K, capacity 2288K, committed 2304K, reserved 1048576K
Event: 20.323 GC heap after
Heap after GC invocations=10 (full 1):
 PSYoungGen      total 908288K, used 22432K [0x0000000715980000, 0x000000076d180000, 0x00000007c0000000)
  eden space 809472K, 0% used [0x0000000715980000,0x0000000715980000,0x0000000747000000)
  from space 98816K, 22% used [0x0000000747000000,0x00000007485e8000,0x000000074d080000)
  to   space 97280K, 0% used [0x0000000767280000,0x0000000767280000,0x000000076d180000)
 ParOldGen       total 144384K, used 144162K [0x00000005c0c00000, 0x00000005c9900000, 0x0000000715980000)
  object space 144384K, 99% used [0x00000005c0c00000,0x00000005c98c8840,0x00000005c9900000)
 Metaspace       used 23241K, capacity 23523K, committed 23808K, reserved 1071104K
  class space    used 2169K, capacity 2288K, committed 2304K, reserved 1048576K
}
Event: 20.323 GC heap before
{Heap before GC invocations=11 (full 2):
 PSYoungGen      total 908288K, used 22432K [0x0000000715980000, 0x000000076d180000, 0x00000007c0000000)
  eden space 809472K, 0% used [0x0000000715980000,0x0000000715980000,0x0000000747000000)
  from space 98816K, 22% used [0x0000000747000000,0x00000007485e8000,0x000000074d080000)
  to   space 97280K, 0% used [0x0000000767280000,0x0000000767280000,0x000000076d180000)
 ParOldGen       total 144384K, used 144162K [0x00000005c0c00000, 0x00000005c9900000, 0x0000000715980000)
  object space 144384K, 99% used [0x00000005c0c00000,0x00000005c98c8840,0x00000005c9900000)
 Metaspace       used 23241K, capacity 23523K, committed 23808K, reserved 1071104K
  class space    used 2169K, capacity 2288K, committed 2304K, reserved 1048576K
Event: 20.632 GC heap after
Heap after GC invocations=11 (full 2):
 PSYoungGen      total 908288K, used 18083K [0x0000000715980000, 0x000000076d180000, 0x00000007c0000000)
  eden space 809472K, 0% used [0x0000000715980000,0x0000000715980000,0x0000000747000000)
  from space 98816K, 18% used [0x0000000747000000,0x00000007481a8f08,0x000000074d080000)
  to   space 97280K, 0% used [0x0000000767280000,0x0000000767280000,0x000000076d180000)
 ParOldGen       total 349696K, used 144193K [0x00000005c0c00000, 0x00000005d6180000, 0x0000000715980000)
  object space 349696K, 41% used [0x00000005c0c00000,0x00000005c98d0500,0x00000005d6180000)
 Metaspace       used 23241K, capacity 23523K, committed 23808K, reserved 1071104K
  class space    used 2169K, capacity 2288K, committed 2304K, reserved 1048576K
}

Deoptimization events (10 events):
Event: 25.812 Thread 0x00000237ad172800 Uncommon trap: reason=unstable_if action=reinterpret pc=0x0000023785d8c9c4 method=io.netty.channel.socket.nio.NioSocketChannel.isActive()Z @ 9
Event: 25.812 Thread 0x00000237838e9000 Uncommon trap: reason=unstable_if action=reinterpret pc=0x0000023785d246c0 method=io.netty.channel.DefaultChannelPipeline.incrementPendingOutboundBytes(J)V @ 16
Event: 25.812 Thread 0x00000237ad172800 Uncommon trap: reason=unstable_if action=reinterpret pc=0x0000023785e3fb34 method=io.netty.util.concurrent.SingleThreadEventExecutor.execute(Ljava/lang/Runnable;Z)V @ 11
Event: 25.812 Thread 0x00000237ad172800 Uncommon trap: reason=class_check action=maybe_recompile pc=0x0000023785d351c8 method=io.netty.util.concurrent.DefaultPromise.notifyListenersNow()V @ 66
Event: 25.812 Thread 0x00000237ad172800 Uncommon trap: reason=unstable_if action=reinterpret pc=0x0000023785e4ef64 method=io.netty.channel.DefaultChannelPipeline.incrementPendingOutboundBytes(J)V @ 16
Event: 25.812 Thread 0x00000237ad172800 Uncommon trap: reason=unstable_if action=reinterpret pc=0x0000023785d893ac method=io.netty.channel.DefaultChannelPipeline.decrementPendingOutboundBytes(J)V @ 16
Event: 25.812 Thread 0x00000237ad172800 Uncommon trap: reason=unstable_if action=reinterpret pc=0x0000023785dd6b20 method=sun.security.ssl.EngineWriter.isOutboundDone()Z @ 4
Event: 25.813 Thread 0x00000237ad172800 Uncommon trap: reason=unstable_if action=reinterpret pc=0x0000023785d8f4c4 method=io.netty.channel.AbstractChannel$AbstractUnsafe.write(Ljava/lang/Object;Lio/netty/channel/ChannelPromise;)V @ 10
Event: 25.813 Thread 0x00000237ad172800 Uncommon trap: reason=unstable_if action=reinterpret pc=0x0000023785e4bd80 method=io.netty.channel.AbstractChannel$AbstractUnsafe.flush()V @ 10
Event: 25.813 Thread 0x00000237ad172800 Uncommon trap: reason=unstable_if action=reinterpret pc=0x0000023785db26e4 method=io.netty.channel.DefaultChannelPipeline.incrementPendingOutboundBytes(J)V @ 16

Classes redefined (0 events):
No events

Internal exceptions (10 events):
Event: 2.336 Thread 0x00000237838e9000 Exception <a 'java/lang/NoClassDefFoundError': org/apache/log4j/Priority> (0x000000071695d358) thrown at [J:\jenkins\tmp\workspace\build\src\hotspot\src\share\vm\classfile\systemDictionary.cpp, line 199]
Event: 3.097 Thread 0x00000237ad172800 Exception <a 'java/lang/ArrayIndexOutOfBoundsException'> (0x000000071646ee58) thrown at [J:\jenkins\tmp\workspace\build\src\hotspot\src\share\vm\runtime\sharedRuntime.cpp, line 605]
Event: 3.098 Thread 0x00000237ad172800 Exception <a 'java/lang/ArrayIndexOutOfBoundsException'> (0x00000007164706e8) thrown at [J:\jenkins\tmp\workspace\build\src\hotspot\src\share\vm\runtime\sharedRuntime.cpp, line 605]
Event: 3.098 Thread 0x00000237ad172800 Exception <a 'java/lang/ArrayIndexOutOfBoundsException'> (0x0000000716473df8) thrown at [J:\jenkins\tmp\workspace\build\src\hotspot\src\share\vm\runtime\sharedRuntime.cpp, line 605]
Event: 3.101 Thread 0x00000237ad172800 Exception <a 'java/lang/ArrayIndexOutOfBoundsException'> (0x000000071649c298) thrown at [J:\jenkins\tmp\workspace\build\src\hotspot\src\share\vm\runtime\sharedRuntime.cpp, line 605]
Event: 3.101 Thread 0x00000237ad172800 Exception <a 'java/lang/ArrayIndexOutOfBoundsException'> (0x000000071649d160) thrown at [J:\jenkins\tmp\workspace\build\src\hotspot\src\share\vm\runtime\sharedRuntime.cpp, line 605]
Event: 3.195 Thread 0x00000237ad172800 Implicit null exception at 0x00000237857de868 to 0x00000237857de921
Event: 4.366 Thread 0x00000237b3925000 Implicit null exception at 0x0000023785bd975c to 0x0000023785bd98b5
Event: 4.367 Thread 0x00000237ad172800 Implicit null exception at 0x0000023785bdaef4 to 0x0000023785bdb149
Event: 25.813 Thread 0x00000237ad172800 Implicit null exception at 0x0000023785e4afd1 to 0x0000023785e4bd71

Events (10 events):
Event: 25.814 loading class java/util/IdentityHashMap$KeyIterator done
Event: 25.814 Thread 0x00000237b36f8800 Thread added: 0x00000237b36f8800
Event: 25.814 Thread 0x00000237ab0f6800 Thread added: 0x00000237ab0f6800
Event: 25.814 loading class java/util/WeakHashMap$KeyIterator
Event: 25.814 loading class java/util/WeakHashMap$HashIterator
Event: 25.814 Thread 0x00000237b36f8800 Thread exited: 0x00000237b36f8800
Event: 25.814 loading class java/util/WeakHashMap$HashIterator done
Event: 25.814 loading class java/util/WeakHashMap$KeyIterator done
Event: 25.814 Thread 0x00000237ab0f6800 Thread exited: 0x00000237ab0f6800
Event: 25.814 Executing VM operation: Exit


Dynamic libraries:
0x00007ff7dd210000 - 0x00007ff7dd24a000 	C:\Program Files\AdoptOpenJDK\jdk-8.0.252.09-hotspot\bin\java.exe
0x00007fffaa990000 - 0x00007fffaab86000 	C:\WINDOWS\SYSTEM32\ntdll.dll
0x00007fff9f020000 - 0x00007fff9f032000 	C:\Program Files\AVAST Software\Avast\aswhook.dll
0x00007fffa9200000 - 0x00007fffa92bd000 	C:\WINDOWS\System32\KERNEL32.DLL
0x00007fffa8550000 - 0x00007fffa8819000 	C:\WINDOWS\System32\KERNELBASE.dll
0x00007fffaa790000 - 0x00007fffaa83c000 	C:\WINDOWS\System32\ADVAPI32.dll
0x00007fffa92c0000 - 0x00007fffa935e000 	C:\WINDOWS\System32\msvcrt.dll
0x00007fffaa8b0000 - 0x00007fffaa94c000 	C:\WINDOWS\System32\sechost.dll
0x00007fffa9360000 - 0x00007fffa948b000 	C:\WINDOWS\System32\RPCRT4.dll
0x00007fffa8b40000 - 0x00007fffa8ce0000 	C:\WINDOWS\System32\USER32.dll
0x00007fffa8820000 - 0x00007fffa8842000 	C:\WINDOWS\System32\win32u.dll
0x00007fffa96b0000 - 0x00007fffa96da000 	C:\WINDOWS\System32\GDI32.dll
0x00007fffa81e0000 - 0x00007fffa82e9000 	C:\WINDOWS\System32\gdi32full.dll
0x00007fffa8950000 - 0x00007fffa89ed000 	C:\WINDOWS\System32\msvcp_win.dll
0x00007fffa8850000 - 0x00007fffa8950000 	C:\WINDOWS\System32\ucrtbase.dll
0x00007fff85b60000 - 0x00007fff85dfb000 	C:\WINDOWS\WinSxS\amd64_microsoft.windows.common-controls_6595b64144ccf1df_6.0.19041.488_none_ca04af081b815d21\COMCTL32.dll
0x00007fffaa3c0000 - 0x00007fffaa3f0000 	C:\WINDOWS\System32\IMM32.DLL
0x00007fff90f80000 - 0x00007fff9106f000 	C:\Program Files\AdoptOpenJDK\jdk-8.0.252.09-hotspot\jre\bin\msvcr120.dll
0x00007fff8a320000 - 0x00007fff8a3c6000 	C:\Program Files\AdoptOpenJDK\jdk-8.0.252.09-hotspot\jre\bin\msvcp120.dll
0x00000000705e0000 - 0x0000000070dde000 	C:\Program Files\AdoptOpenJDK\jdk-8.0.252.09-hotspot\jre\bin\server\jvm.dll
0x00007fffaa8a0000 - 0x00007fffaa8a8000 	C:\WINDOWS\System32\PSAPI.DLL
0x00007fff9de20000 - 0x00007fff9de29000 	C:\WINDOWS\SYSTEM32\WSOCK32.dll
0x00007fffa9a40000 - 0x00007fffa9aab000 	C:\WINDOWS\System32\WS2_32.dll
0x00007fff9ff40000 - 0x00007fff9ff67000 	C:\WINDOWS\SYSTEM32\WINMM.dll
0x00007fff9ff70000 - 0x00007fff9ff7a000 	C:\WINDOWS\SYSTEM32\VERSION.dll
0x00007fff9f7b0000 - 0x00007fff9f7bf000 	C:\Program Files\AdoptOpenJDK\jdk-8.0.252.09-hotspot\jre\bin\verify.dll
0x00007fff988f0000 - 0x00007fff98918000 	C:\Program Files\AdoptOpenJDK\jdk-8.0.252.09-hotspot\jre\bin\java.dll
0x00007fff98b60000 - 0x00007fff98b8a000 	C:\Program Files\AdoptOpenJDK\jdk-8.0.252.09-hotspot\jre\bin\instrument.dll
0x00007fff984a0000 - 0x00007fff984b6000 	C:\Program Files\AdoptOpenJDK\jdk-8.0.252.09-hotspot\jre\bin\zip.dll
0x00007fffa9c60000 - 0x00007fffaa3a2000 	C:\WINDOWS\System32\SHELL32.dll
0x00007fffa6240000 - 0x00007fffa69d5000 	C:\WINDOWS\SYSTEM32\windows.storage.dll
0x00007fffa96e0000 - 0x00007fffa9a36000 	C:\WINDOWS\System32\combase.dll
0x00007fffa7b40000 - 0x00007fffa7b6c000 	C:\WINDOWS\SYSTEM32\Wldp.dll
0x00007fffa9150000 - 0x00007fffa91fe000 	C:\WINDOWS\System32\SHCORE.dll
0x00007fffaa400000 - 0x00007fffaa455000 	C:\WINDOWS\System32\shlwapi.dll
0x00007fffa8000000 - 0x00007fffa8026000 	C:\WINDOWS\SYSTEM32\profapi.dll
0x00007fff988c0000 - 0x00007fff988da000 	C:\Program Files\JetBrains\IntelliJ IDEA Community Edition 2019.3.1\bin\breakgen64.dll
0x00007fff97640000 - 0x00007fff9765a000 	C:\Program Files\AdoptOpenJDK\jdk-8.0.252.09-hotspot\jre\bin\net.dll
0x00007fffa78c0000 - 0x00007fffa792a000 	C:\WINDOWS\system32\mswsock.dll
0x00007fff97620000 - 0x00007fff97632000 	C:\Program Files\AdoptOpenJDK\jdk-8.0.252.09-hotspot\jre\bin\nio.dll
0x00007fff93210000 - 0x00007fff93274000 	C:\Users\Peyton Hill\AppData\Local\Temp\lwjglPeyton Hill\3.2.3-build-13\lwjgl.dll
0x00007fff91680000 - 0x00007fff916e2000 	C:\Users\PEYTON~1\AppData\Local\Temp\lwjglPeyton Hill\3.2.3-build-13\glfw.dll
0x00007fffa5ae0000 - 0x00007fffa5b7e000 	C:\WINDOWS\system32\uxtheme.dll
0x00007fff93130000 - 0x00007fff93175000 	C:\WINDOWS\SYSTEM32\dinput8.dll
0x00007fff978b0000 - 0x00007fff978c1000 	C:\WINDOWS\SYSTEM32\xinput1_4.dll
0x00007fffa8500000 - 0x00007fffa854e000 	C:\WINDOWS\System32\cfgmgr32.dll
0x00007fffa7e80000 - 0x00007fffa7eac000 	C:\WINDOWS\SYSTEM32\DEVOBJ.dll
0x00007fffa5d50000 - 0x00007fffa5d7f000 	C:\WINDOWS\SYSTEM32\dwmapi.dll
0x00007fff8afd0000 - 0x00007fff8b122000 	C:\WINDOWS\SYSTEM32\inputhost.dll
0x00007fffaa4c0000 - 0x00007fffaa58d000 	C:\WINDOWS\System32\OLEAUT32.dll
0x00007fffa5560000 - 0x00007fffa5652000 	C:\WINDOWS\SYSTEM32\CoreMessaging.dll
0x00007fffa3ac0000 - 0x00007fffa3bb7000 	C:\WINDOWS\SYSTEM32\PROPSYS.dll
0x00007fffa3d30000 - 0x00007fffa3e86000 	C:\WINDOWS\SYSTEM32\wintypes.dll
0x00007fffa8480000 - 0x00007fffa8500000 	C:\WINDOWS\System32\bcryptPrimitives.dll
0x00007fffa4e80000 - 0x00007fffa51de000 	C:\WINDOWS\SYSTEM32\CoreUIComponents.dll
0x00007fffa6f30000 - 0x00007fffa6f63000 	C:\WINDOWS\SYSTEM32\ntmarta.dll
0x00007fffa6040000 - 0x00007fffa6052000 	C:\WINDOWS\SYSTEM32\kernel.appcore.dll
0x00007fffaa590000 - 0x00007fffaa6a6000 	C:\WINDOWS\System32\MSCTF.dll
0x00007fffa69e0000 - 0x00007fffa69ed000 	C:\WINDOWS\SYSTEM32\HID.DLL
0x00007fffa8ce0000 - 0x00007fffa9147000 	C:\WINDOWS\System32\SETUPAPI.DLL
0x00007fffa8450000 - 0x00007fffa8477000 	C:\WINDOWS\System32\bcrypt.dll
0x00007fffa8180000 - 0x00007fffa81e0000 	C:\WINDOWS\System32\WINTRUST.dll
0x00007fffa82f0000 - 0x00007fffa844d000 	C:\WINDOWS\System32\CRYPT32.dll
0x00007fffa7cc0000 - 0x00007fffa7cd2000 	C:\WINDOWS\SYSTEM32\MSASN1.dll
0x00007fff74b30000 - 0x00007fff74c55000 	C:\WINDOWS\SYSTEM32\opengl32.dll
0x00007fff978d0000 - 0x00007fff978fc000 	C:\WINDOWS\SYSTEM32\GLU32.dll
0x00007fffa9490000 - 0x00007fffa9539000 	C:\WINDOWS\System32\clbcatq.dll
0x00007fff931d0000 - 0x00007fff931fa000 	C:\WINDOWS\System32\DriverStore\FileRepository\u0361134.inf_amd64_a6c18d8d6a47cb97\B361196\atig6pxx.dll
0x00007fff39850000 - 0x00007fff3c624000 	C:\WINDOWS\System32\DriverStore\FileRepository\u0361134.inf_amd64_a6c18d8d6a47cb97\B361196\atio6axx.dll
0x00007fffa8a10000 - 0x00007fffa8b3a000 	C:\WINDOWS\System32\ole32.dll
0x00007fff70750000 - 0x00007fff70774000 	C:\WINDOWS\SYSTEM32\dxva2.dll
0x00007fff908c0000 - 0x00007fff908fc000 	C:\WINDOWS\System32\DriverStore\FileRepository\u0361134.inf_amd64_a6c18d8d6a47cb97\B361196\atig6txx.dll
0x00007fff73be0000 - 0x00007fff73d9f000 	C:\WINDOWS\SYSTEM32\atiadlxx.dll
0x00007fff82c10000 - 0x00007fff82c59000 	C:\WINDOWS\SYSTEM32\pdh.dll
0x00007fffa01e0000 - 0x00007fffa021b000 	C:\WINDOWS\SYSTEM32\dxcore.dll
0x00007fff8b2c0000 - 0x00007fff8b3bd000 	C:\WINDOWS\SYSTEM32\textinputframework.dll
0x00007fff91620000 - 0x00007fff91679000 	C:\Users\Peyton Hill\AppData\Local\Temp\lwjglPeyton Hill\3.2.3-build-13\lwjgl_opengl.dll
0x00007fff5be20000 - 0x00007fff5c073000 	C:\Users\PEYTON~1\AppData\Local\Temp\lwjglPeyton Hill\3.2.3-build-13\jemalloc.dll
0x00007fff76440000 - 0x00007fff765d5000 	C:\Program Files\AdoptOpenJDK\jdk-8.0.252.09-hotspot\jre\bin\awt.dll
0x00007fffa58d0000 - 0x00007fffa5960000 	C:\WINDOWS\SYSTEM32\apphelp.dll
0x00007fffa7a90000 - 0x00007fffa7aa8000 	C:\WINDOWS\SYSTEM32\CRYPTSP.dll
0x00007fffa71e0000 - 0x00007fffa7214000 	C:\WINDOWS\system32\rsaenh.dll
0x00007fffa7f80000 - 0x00007fffa7fae000 	C:\WINDOWS\SYSTEM32\USERENV.dll
0x00007fffa7ab0000 - 0x00007fffa7abc000 	C:\WINDOWS\SYSTEM32\CRYPTBASE.dll
0x00007fffa7560000 - 0x00007fffa759b000 	C:\WINDOWS\SYSTEM32\IPHLPAPI.DLL
0x00007fffaa3f0000 - 0x00007fffaa3f8000 	C:\WINDOWS\System32\NSI.dll
0x00007fffa1ae0000 - 0x00007fffa1af7000 	C:\WINDOWS\SYSTEM32\dhcpcsvc6.DLL
0x00007fffa1cb0000 - 0x00007fffa1ccd000 	C:\WINDOWS\SYSTEM32\dhcpcsvc.DLL
0x00007fffa75b0000 - 0x00007fffa767b000 	C:\WINDOWS\SYSTEM32\DNSAPI.dll
0x00007fff91580000 - 0x00007fff91613000 	C:\Program Files\AdoptOpenJDK\jdk-8.0.252.09-hotspot\jre\bin\freetype.dll
0x00007fff82170000 - 0x00007fff8222d000 	C:\Program Files\AdoptOpenJDK\jdk-8.0.252.09-hotspot\jre\bin\fontmanager.dll
0x00007fff98440000 - 0x00007fff98463000 	C:\Program Files\AdoptOpenJDK\jdk-8.0.252.09-hotspot\jre\bin\sunec.dll
0x00007fff9aa90000 - 0x00007fff9aa9c000 	C:\Program Files\AdoptOpenJDK\jdk-8.0.252.09-hotspot\jre\bin\sunmscapi.dll
0x00007fffa7bb0000 - 0x00007fffa7bd7000 	C:\WINDOWS\SYSTEM32\ncrypt.dll
0x00007fffa7b70000 - 0x00007fffa7bab000 	C:\WINDOWS\SYSTEM32\NTASN1.dll
0x00007fffa4bb0000 - 0x00007fffa4bbd000 	C:\Program Files\AdoptOpenJDK\jdk-8.0.252.09-hotspot\jre\bin\management.dll
0x00007fff968a0000 - 0x00007fff968b7000 	C:\WINDOWS\system32\napinsp.dll
0x00007fff96880000 - 0x00007fff9689b000 	C:\WINDOWS\system32\pnrpnsp.dll
0x00007fff96430000 - 0x00007fff96445000 	C:\WINDOWS\system32\wshbth.dll
0x00007fffa42f0000 - 0x00007fffa430d000 	C:\WINDOWS\system32\NLAapi.dll
0x00007fff963c0000 - 0x00007fff963d2000 	C:\WINDOWS\System32\winrnr.dll
0x00007fff9e430000 - 0x00007fff9e43a000 	C:\Windows\System32\rasadhlp.dll
0x00007fff9e470000 - 0x00007fff9e4ef000 	C:\WINDOWS\System32\fwpuclnt.dll
0x00007fff74a90000 - 0x00007fff74b2d000 	C:\Program Files\obs-studio\data\obs-plugins\win-capture\graphics-hook64.dll
0x00007fffa4310000 - 0x00007fffa4574000 	C:\WINDOWS\system32\d3d11.dll
0x00007fffa6a20000 - 0x00007fffa6b13000 	C:\WINDOWS\SYSTEM32\dxgi.dll
0x00007fff9ff80000 - 0x00007fffa015b000 	C:\WINDOWS\System32\DriverStore\FileRepository\u0361134.inf_amd64_a6c18d8d6a47cb97\B361196\aticfx64.dll
0x00007fff9fce0000 - 0x00007fff9fd18000 	C:\WINDOWS\System32\DriverStore\FileRepository\u0361134.inf_amd64_a6c18d8d6a47cb97\B361196\atiuxp64.dll
0x00007fff9b940000 - 0x00007fff9d845000 	C:\WINDOWS\System32\DriverStore\FileRepository\u0361134.inf_amd64_a6c18d8d6a47cb97\B361196\atidxx64.dll
0x00007fff9fc80000 - 0x00007fff9fcb0000 	C:\WINDOWS\SYSTEM32\amdihk64.dll
0x00007fffa3e90000 - 0x00007fffa42ed000 	C:\WINDOWS\SYSTEM32\D3DCompiler_47.dll
0x00007fffa1e50000 - 0x00007fffa2034000 	C:\WINDOWS\SYSTEM32\dbghelp.dll

VM Arguments:
jvm_args: -javaagent:C:\Program Files\JetBrains\IntelliJ IDEA Community Edition 2019.3.1\lib\idea_rt.jar=57524:C:\Program Files\JetBrains\IntelliJ IDEA Community Edition 2019.3.1\bin -Dfile.encoding=UTF-8 
java_command: Hilligans.ClientMain
java_class_path (initial): C:\Program Files\AdoptOpenJDK\jdk-8.0.252.09-hotspot\jre\lib\charsets.jar;C:\Program Files\AdoptOpenJDK\jdk-8.0.252.09-hotspot\jre\lib\ext\access-bridge-64.jar;C:\Program Files\AdoptOpenJDK\jdk-8.0.252.09-hotspot\jre\lib\ext\cldrdata.jar;C:\Program Files\AdoptOpenJDK\jdk-8.0.252.09-hotspot\jre\lib\ext\dnsns.jar;C:\Program Files\AdoptOpenJDK\jdk-8.0.252.09-hotspot\jre\lib\ext\jaccess.jar;C:\Program Files\AdoptOpenJDK\jdk-8.0.252.09-hotspot\jre\lib\ext\localedata.jar;C:\Program Files\AdoptOpenJDK\jdk-8.0.252.09-hotspot\jre\lib\ext\nashorn.jar;C:\Program Files\AdoptOpenJDK\jdk-8.0.252.09-hotspot\jre\lib\ext\sunec.jar;C:\Program Files\AdoptOpenJDK\jdk-8.0.252.09-hotspot\jre\lib\ext\sunjce_provider.jar;C:\Program Files\AdoptOpenJDK\jdk-8.0.252.09-hotspot\jre\lib\ext\sunmscapi.jar;C:\Program Files\AdoptOpenJDK\jdk-8.0.252.09-hotspot\jre\lib\ext\sunpkcs11.jar;C:\Program Files\AdoptOpenJDK\jdk-8.0.252.09-hotspot\jre\lib\ext\zipfs.jar;C:\Program Files\AdoptOpenJDK\jdk-8.0.252.09-hotspot\jre\lib\jce.jar;C:\Program Files\AdoptOpenJDK\jdk-8.0.252.09-hotspot\jre\lib\jsse.jar;C:\Program Files\AdoptOpenJDK\jdk-8.0.252.09-hotspot\jre\lib\management-agent.jar;C:\Program Files\AdoptOpenJDK\jdk-8.0.252.09-hotspot\jre\lib\resources.jar;C:\Program Files\AdoptOpenJDK\jdk-8.0.252.09-hotspot\jre\lib\rt.jar;C:\Users\Peyton Hill\IdeaProjects\Ourcraft\target\classes;C:\Users\Peyton Hill\.m2\repository\org\lwjgl\lwjgl\3.2.3\lwjgl-3.2.3.jar;C:\Users\Peyton Hill\.m2\repository\org\lwjgl\lwjgl-assimp\3.2.3\lwjgl-assimp-3.2.3.jar;C:\Users\Peyton Hill\.m2\repository\org\lwjgl\lwjgl-bgfx\3.2.3\lwjgl-bgfx-3.2.3.jar;C:\Users\Peyton Hill\.m2\repository\org\lwjgl\lwjgl-cuda\3.2.3\lwjgl-cuda-3.2.3.jar;C:\Users\Peyton Hill\.m2\repository\org\lwjgl\lwjgl-egl\3.2.3\lwjgl-egl-3.2.3.jar;C:\Users\Peyton Hill\.m2\repository\org\lwjgl\lwjgl-glfw\3.2.3\lwjgl-glfw-3.2.3.jar;C:\Users\Peyton Hill\.m2\repository\org\lwjgl\lwjgl-jawt\3.2.3\lwjgl-jawt-3.2.3.jar;C:\Users\Peyton Hill\.m2\repo
Launcher Type: SUN_STANDARD

Environment Variables:
JAVA_HOME=C:\Program Files\AdoptOpenJDK\jdk-15.0.2.7-hotspot
JRE_HOME=C:\Program Files\Java\jdk-15.0.2
PATH=C:\Program Files\AdoptOpenJDK\jdk-15.0.2.7-hotspot\bin;C:\ProgramData\Oracle\Java\javapath;C:\Program Files (x86)\Common Files\Oracle\Java\javapath;C:\Program Files\AdoptOpenJDK\jdk-8.0.252.09-hotspot\bin;C:\WINDOWS\system32;C:\WINDOWS;C:\WINDOWS\System32\Wbem;C:\WINDOWS\System32\WindowsPowerShell\v1.0\;C:\WINDOWS\System32\OpenSSH\;C:\Program Files\Git\cmd;C:\Users\Peyton Hill\AppData\Local\Microsoft\WindowsApps;C:\Users\Peyton Hill\AppData\Local\Programs\Microsoft VS Code\bin;C:\Users\Peyton Hill\AppData\Local\Microsoft\WindowsApps;C:\Users\Peyton Hill\AppData\Local\GitHubDesktop\bin
USERNAME=Peyton Hill
OS=Windows_NT
PROCESSOR_IDENTIFIER=AMD64 Family 23 Model 8 Stepping 2, AuthenticAMD



---------------  S Y S T E M  ---------------

OS: Windows 10.0 , 64 bit Build 19041 (10.0.19041.662)

CPU:total 16 (initial active 16) (16 cores per cpu, 1 threads per core) family 23 model 8 stepping 2, cmov, cx8, fxsr, mmx, sse, sse2, sse3, ssse3, sse4.1, sse4.2, popcnt, avx, avx2, aes, clmul, mmxext, 3dnowpref, lzcnt, sse4a, tsc, tscinvbit, tscinv, bmi1

Memory: 4k page, physical 33504108k(9311156k free), swap 58669932k(11439388k free)

vm_info: OpenJDK 64-Bit Server VM (25.252-b09) for windows-amd64 JRE (1.8.0_252-b09), built on Apr 22 2020 09:32:45 by "jenkins" with MS VC++ 12.0 (VS2013)

time: Sat Feb 06 03:13:23 2021
timezone: Eastern Standard Time
elapsed time: 26 seconds (0d 0h 0m 26s)

