#
# A fatal error has been detected by the Java Runtime Environment:
#
#  EXCEPTION_ACCESS_VIOLATION (0xc0000005) at pc=0x0000000000000000, pid=22364, tid=0x00000000000054d4
#
# JRE version: OpenJDK Runtime Environment (8.0_252-b09) (build 1.8.0_252-b09)
# Java VM: OpenJDK 64-Bit Server VM (25.252-b09 mixed mode windows-amd64 compressed oops)
# Problematic frame:
# C  0x0000000000000000
#
# Failed to write core dump. Minidumps are not enabled by default on client versions of Windows
#
# If you would like to submit a bug report, please visit:
#   http://bugreport.java.com/bugreport/crash.jsp
#

---------------  T H R E A D  ---------------

Current thread (0x000001cbcb2c0000):  VMThread [stack: 0x0000007a46d00000,0x0000007a46e00000] [id=21716]

siginfo: ExceptionCode=0xc0000005, ExceptionInformation=0x0000000000000008 0x0000000000000000

Registers:
RAX=0x0000000000000000, RBX=0x0000000000000000, RCX=0x0000000000000001, RDX=0x00007fff726ec470
RSP=0x0000007a46dff078, RBP=0x00007fff726ec400, RSI=0x0000000000020000, RDI=0x0000000000000000
R8 =0x0000007a45c39000, R9 =0x0000000000000040, R10=0x0000000000000540, R11=0x000001cbdcb56230
R12=0x00007fff74c0dc30, R13=0x0000000000000000, R14=0x00007fff74b30000, R15=0x0000000000000001
RIP=0x0000000000000000, EFLAGS=0x0000000000010202

Top of Stack: (sp=0x0000007a46dff078)
0x0000007a46dff078:   00007fff72668ff5 0000000000000000
0x0000007a46dff088:   00007fff726ec400 0000000000000000
0x0000007a46dff098:   0000000000020000 000001cba6d92be0
0x0000007a46dff0a8:   00007fff7266a624 0000000000000000
0x0000007a46dff0b8:   000001cba6d92be0 0000000000020000
0x0000007a46dff0c8:   000001cbcea15498 0000000000000001
0x0000007a46dff0d8:   00007fff74b36e3e 0000000000000001
0x0000007a46dff0e8:   0000000000000000 0000000000000000
0x0000007a46dff0f8:   00007fffa94ad83e 0000000000000001
0x0000007a46dff108:   00007fff74b37286 0000000000000000
0x0000007a46dff118:   000001cba6d92be0 0000000000000001
0x0000007a46dff128:   0000000000000001 0000000000000000
0x0000007a46dff138:   00007fff74c0dd6f 0000000000000001
0x0000007a46dff148:   000001cba6d92be0 0000000000000001
0x0000007a46dff158:   00007fff931d0000 0000000000000001
0x0000007a46dff168:   00007fff931dc4d8 0000000000000001 

Instructions: (pc=0x0000000000000000)
0xffffffffffffffe0:   


Register to memory mapping:

RAX=0x0000000000000000 is an unknown value
RBX=0x0000000000000000 is an unknown value
RCX=0x0000000000000001 is an unknown value
RDX=0x00007fff726ec470 is an unknown value
RSP=0x0000007a46dff078 is an unknown value
RBP=0x00007fff726ec400 is an unknown value
RSI=0x0000000000020000 is an unknown value
RDI=0x0000000000000000 is an unknown value
R8 =0x0000007a45c39000 is an unknown value
R9 =0x0000000000000040 is an unknown value
R10=0x0000000000000540 is an unknown value
R11=0x000001cbdcb56230 is an unknown value
R12=0x00007fff74c0dc30 is an unknown value
R13=0x0000000000000000 is an unknown value
R14=0x00007fff74b30000 is an unknown value
R15=0x0000000000000001 is an unknown value


Stack: [0x0000007a46d00000,0x0000007a46e00000],  sp=0x0000007a46dff078,  free space=1020k
Native frames: (J=compiled Java code, j=interpreted, Vv=VM code, C=native code)

VM_Operation (0x0000007a486fe520): Exit, mode: safepoint, requested by thread 0x000001cbce25c800


---------------  P R O C E S S  ---------------

Java Threads: ( => current thread )
  0x000001cbce25c800 JavaThread "nioEventLoopGroup-2-1" [_thread_blocked, id=18848, stack(0x0000007a48600000,0x0000007a48700000)]
  0x000001cbd6c92000 JavaThread "pool-1-thread-1" [_thread_blocked, id=27012, stack(0x0000007a48500000,0x0000007a48600000)]
  0x000001cbd6ad4000 JavaThread "Java2D Disposer" daemon [_thread_blocked, id=20056, stack(0x0000007a48400000,0x0000007a48500000)]
  0x000001cbce4d5800 JavaThread "Service Thread" daemon [_thread_blocked, id=22868, stack(0x0000007a47f00000,0x0000007a48000000)]
  0x000001cbce481800 JavaThread "C1 CompilerThread11" daemon [_thread_blocked, id=23508, stack(0x0000007a47e00000,0x0000007a47f00000)]
  0x000001cbce482000 JavaThread "C1 CompilerThread10" daemon [_thread_blocked, id=12048, stack(0x0000007a47d00000,0x0000007a47e00000)]
  0x000001cbce480800 JavaThread "C1 CompilerThread9" daemon [_thread_blocked, id=18104, stack(0x0000007a47c00000,0x0000007a47d00000)]
  0x000001cbce465800 JavaThread "C1 CompilerThread8" daemon [_thread_blocked, id=13772, stack(0x0000007a47b00000,0x0000007a47c00000)]
  0x000001cbce43a800 JavaThread "C2 CompilerThread7" daemon [_thread_blocked, id=2768, stack(0x0000007a47a00000,0x0000007a47b00000)]
  0x000001cbce426000 JavaThread "C2 CompilerThread6" daemon [_thread_blocked, id=6164, stack(0x0000007a47900000,0x0000007a47a00000)]
  0x000001cbce3f5000 JavaThread "C2 CompilerThread5" daemon [_thread_blocked, id=23832, stack(0x0000007a47800000,0x0000007a47900000)]
  0x000001cbce294000 JavaThread "C2 CompilerThread4" daemon [_thread_blocked, id=16036, stack(0x0000007a47700000,0x0000007a47800000)]
  0x000001cbce287000 JavaThread "C2 CompilerThread3" daemon [_thread_blocked, id=27096, stack(0x0000007a47600000,0x0000007a47700000)]
  0x000001cbce286800 JavaThread "C2 CompilerThread2" daemon [_thread_blocked, id=8564, stack(0x0000007a47500000,0x0000007a47600000)]
  0x000001cbce283800 JavaThread "C2 CompilerThread1" daemon [_thread_blocked, id=25480, stack(0x0000007a47400000,0x0000007a47500000)]
  0x000001cbce279000 JavaThread "C2 CompilerThread0" daemon [_thread_blocked, id=8828, stack(0x0000007a47300000,0x0000007a47400000)]
  0x000001cbce277800 JavaThread "Monitor Ctrl-Break" daemon [_thread_in_native, id=12040, stack(0x0000007a47200000,0x0000007a47300000)]
  0x000001cbcdeff000 JavaThread "Attach Listener" daemon [_thread_blocked, id=18844, stack(0x0000007a47100000,0x0000007a47200000)]
  0x000001cbcdefc000 JavaThread "Signal Dispatcher" daemon [_thread_blocked, id=8332, stack(0x0000007a47000000,0x0000007a47100000)]
  0x000001cbcb2ca000 JavaThread "Finalizer" daemon [_thread_blocked, id=27344, stack(0x0000007a46f00000,0x0000007a47000000)]
  0x000001cbcded0800 JavaThread "Reference Handler" daemon [_thread_blocked, id=10336, stack(0x0000007a46e00000,0x0000007a46f00000)]
  0x000001cba6d79000 JavaThread "main" [_thread_blocked, id=10572, stack(0x0000007a45f00000,0x0000007a46000000)]

Other Threads:
=>0x000001cbcb2c0000 VMThread [stack: 0x0000007a46d00000,0x0000007a46e00000] [id=21716]

VM state:at safepoint (shutting down)

VM Mutex/Monitor currently owned by a thread:  ([mutex/lock_event])
[0x000001cba6d75c10] Threads_lock - owner thread: 0x000001cbcb2c0000

heap address: 0x00000005c0c00000, size: 8180 MB, Compressed Oops mode: Zero based, Oop shift amount: 3
Narrow klass base: 0x0000000000000000, Narrow klass shift: 3
Compressed class space size: 1073741824 Address: 0x00000007c0000000

Heap:
 PSYoungGen      total 1757184K, used 1003624K [0x0000000715980000, 0x00000007b4080000, 0x00000007c0000000)
  eden space 990208K, 92% used [0x0000000715980000,0x000000074daa6268,0x0000000752080000)
  from space 766976K, 11% used [0x0000000785380000,0x000000078a674130,0x00000007b4080000)
  to   space 802816K, 0% used [0x0000000752080000,0x0000000752080000,0x0000000783080000)
 ParOldGen       total 5584384K, used 4947214K [0x00000005c0c00000, 0x0000000715980000, 0x0000000715980000)
  object space 5584384K, 88% used [0x00000005c0c00000,0x00000006eeb43870,0x0000000715980000)
 Metaspace       used 23274K, capacity 23589K, committed 23808K, reserved 1071104K
  class space    used 2181K, capacity 2289K, committed 2304K, reserved 1048576K

Card table byte_map: [0x000001cbb7b00000,0x000001cbb8b00000] byte_map_base: 0x000001cbb4cfa000

Marking Bits: (ParMarkBitMap*) 0x0000000070d65010
 Begin Bits: [0x000001cbb95b0000, 0x000001cbc1580000)
 End Bits:   [0x000001cbc1580000, 0x000001cbc9550000)

Polling page: 0x000001cba8710000

CodeCache: size=245760Kb used=11875Kb max_used=12935Kb free=233884Kb
 bounds [0x000001cba8740000, 0x000001cba93f0000, 0x000001cbb7740000]
 total_blobs=4213 nmethods=3047 adapters=1077
 compilation: enabled

Compilation events (10 events):
Event: 89.409 Thread 0x000001cbce426000 nmethod 3588 0x000001cba8b68790 code [0x000001cba8b688e0, 0x000001cba8b689d8]
Event: 89.667 Thread 0x000001cbce283800 3589       4       io.netty.channel.SingleThreadEventLoop::hasTasks (25 bytes)
Event: 89.668 Thread 0x000001cbce283800 nmethod 3589 0x000001cba91ec1d0 code [0x000001cba91ec320, 0x000001cba91ec438]
Event: 89.868 Thread 0x000001cbce482000 3590       3       sun.misc.FloatingDecimal$BinaryToASCIIBuffer::roundup (104 bytes)
Event: 89.868 Thread 0x000001cbce482000 nmethod 3590 0x000001cba9229190 code [0x000001cba9229300, 0x000001cba9229678]
Event: 91.466 Thread 0x000001cbce279000 3591       4       io.netty.buffer.ByteBuf::<init> (5 bytes)
Event: 91.466 Thread 0x000001cbce279000 nmethod 3591 0x000001cba91ebfd0 code [0x000001cba91ec100, 0x000001cba91ec158]
Event: 94.159 Thread 0x000001cbce481800 3592       1       java.util.Hashtable::access$500 (5 bytes)
Event: 94.159 Thread 0x000001cbce480800 3593       3       java.util.logging.LogManager$LoggerContext::ensureDefaultLogger (70 bytes)
Event: 94.159 Thread 0x000001cbce481800 nmethod 3592 0x000001cba8b684d0 code [0x000001cba8b68620, 0x000001cba8b68718]

GC Heap History (10 events):
Event: 86.311 GC heap before
{Heap before GC invocations=49 (full 9):
 PSYoungGen      total 1861632K, used 940840K [0x0000000715980000, 0x00000007c0000000, 0x00000007c0000000)
  eden space 940032K, 100% used [0x0000000715980000,0x000000074ef80000,0x000000074ef80000)
  from space 921600K, 0% used [0x000000074ef80000,0x000000074f04a2c8,0x0000000787380000)
  to   space 929280K, 0% used [0x0000000787480000,0x0000000787480000,0x00000007c0000000)
 ParOldGen       total 5584384K, used 4947214K [0x00000005c0c00000, 0x0000000715980000, 0x0000000715980000)
  object space 5584384K, 88% used [0x00000005c0c00000,0x00000006eeb43870,0x0000000715980000)
 Metaspace       used 23231K, capacity 23523K, committed 23808K, reserved 1071104K
  class space    used 2171K, capacity 2288K, committed 2304K, reserved 1048576K
Event: 86.340 GC heap after
Heap after GC invocations=49 (full 9):
 PSYoungGen      total 1843200K, used 83380K [0x0000000715980000, 0x00000007be580000, 0x00000007c0000000)
  eden space 941056K, 0% used [0x0000000715980000,0x0000000715980000,0x000000074f080000)
  from space 902144K, 9% used [0x0000000787480000,0x000000078c5ed398,0x00000007be580000)
  to   space 911872K, 0% used [0x000000074f080000,0x000000074f080000,0x0000000786b00000)
 ParOldGen       total 5584384K, used 4947214K [0x00000005c0c00000, 0x0000000715980000, 0x0000000715980000)
  object space 5584384K, 88% used [0x00000005c0c00000,0x00000006eeb43870,0x0000000715980000)
 Metaspace       used 23231K, capacity 23523K, committed 23808K, reserved 1071104K
  class space    used 2171K, capacity 2288K, committed 2304K, reserved 1048576K
}
Event: 87.065 GC heap before
{Heap before GC invocations=50 (full 9):
 PSYoungGen      total 1843200K, used 1024436K [0x0000000715980000, 0x00000007be580000, 0x00000007c0000000)
  eden space 941056K, 100% used [0x0000000715980000,0x000000074f080000,0x000000074f080000)
  from space 902144K, 9% used [0x0000000787480000,0x000000078c5ed398,0x00000007be580000)
  to   space 911872K, 0% used [0x000000074f080000,0x000000074f080000,0x0000000786b00000)
 ParOldGen       total 5584384K, used 4947214K [0x00000005c0c00000, 0x0000000715980000, 0x0000000715980000)
  object space 5584384K, 88% used [0x00000005c0c00000,0x00000006eeb43870,0x0000000715980000)
 Metaspace       used 23231K, capacity 23523K, committed 23808K, reserved 1071104K
  class space    used 2171K, capacity 2288K, committed 2304K, reserved 1048576K
Event: 87.091 GC heap after
Heap after GC invocations=50 (full 9):
 PSYoungGen      total 1852928K, used 83576K [0x0000000715980000, 0x00000007bdb00000, 0x00000007c0000000)
  eden space 941056K, 0% used [0x0000000715980000,0x0000000715980000,0x000000074f080000)
  from space 911872K, 9% used [0x000000074f080000,0x000000075421e1a8,0x0000000786b00000)
  to   space 889344K, 0% used [0x0000000787680000,0x0000000787680000,0x00000007bdb00000)
 ParOldGen       total 5584384K, used 4947214K [0x00000005c0c00000, 0x0000000715980000, 0x0000000715980000)
  object space 5584384K, 88% used [0x00000005c0c00000,0x00000006eeb43870,0x0000000715980000)
 Metaspace       used 23231K, capacity 23523K, committed 23808K, reserved 1071104K
  class space    used 2171K, capacity 2288K, committed 2304K, reserved 1048576K
}
Event: 88.285 GC heap before
{Heap before GC invocations=51 (full 9):
 PSYoungGen      total 1852928K, used 1024632K [0x0000000715980000, 0x00000007bdb00000, 0x00000007c0000000)
  eden space 941056K, 100% used [0x0000000715980000,0x000000074f080000,0x000000074f080000)
  from space 911872K, 9% used [0x000000074f080000,0x000000075421e1a8,0x0000000786b00000)
  to   space 889344K, 0% used [0x0000000787680000,0x0000000787680000,0x00000007bdb00000)
 ParOldGen       total 5584384K, used 4947214K [0x00000005c0c00000, 0x0000000715980000, 0x0000000715980000)
  object space 5584384K, 88% used [0x00000005c0c00000,0x00000006eeb43870,0x0000000715980000)
 Metaspace       used 23231K, capacity 23523K, committed 23808K, reserved 1071104K
  class space    used 2171K, capacity 2288K, committed 2304K, reserved 1048576K
Event: 88.312 GC heap after
Heap after GC invocations=51 (full 9):
 PSYoungGen      total 1800192K, used 83896K [0x0000000715980000, 0x00000007ba200000, 0x00000007c0000000)
  eden space 969216K, 0% used [0x0000000715980000,0x0000000715980000,0x0000000750c00000)
  from space 830976K, 10% used [0x0000000787680000,0x000000078c86e1a8,0x00000007ba200000)
  to   space 863232K, 0% used [0x0000000750c00000,0x0000000750c00000,0x0000000785700000)
 ParOldGen       total 5584384K, used 4947214K [0x00000005c0c00000, 0x0000000715980000, 0x0000000715980000)
  object space 5584384K, 88% used [0x00000005c0c00000,0x00000006eeb43870,0x0000000715980000)
 Metaspace       used 23231K, capacity 23523K, committed 23808K, reserved 1071104K
  class space    used 2171K, capacity 2288K, committed 2304K, reserved 1048576K
}
Event: 89.019 GC heap before
{Heap before GC invocations=52 (full 9):
 PSYoungGen      total 1800192K, used 1053112K [0x0000000715980000, 0x00000007ba200000, 0x00000007c0000000)
  eden space 969216K, 100% used [0x0000000715980000,0x0000000750c00000,0x0000000750c00000)
  from space 830976K, 10% used [0x0000000787680000,0x000000078c86e1a8,0x00000007ba200000)
  to   space 863232K, 0% used [0x0000000750c00000,0x0000000750c00000,0x0000000785700000)
 ParOldGen       total 5584384K, used 4947214K [0x00000005c0c00000, 0x0000000715980000, 0x0000000715980000)
  object space 5584384K, 88% used [0x00000005c0c00000,0x00000006eeb43870,0x0000000715980000)
 Metaspace       used 23231K, capacity 23523K, committed 23808K, reserved 1071104K
  class space    used 2171K, capacity 2288K, committed 2304K, reserved 1048576K
Event: 89.045 GC heap after
Heap after GC invocations=52 (full 9):
 PSYoungGen      total 1054208K, used 84704K [0x0000000715980000, 0x00000007b8200000, 0x00000007c0000000)
  eden space 969216K, 0% used [0x0000000715980000,0x0000000715980000,0x0000000750c00000)
  from space 84992K, 99% used [0x0000000750c00000,0x0000000755eb8010,0x0000000755f00000)
  to   space 834048K, 0% used [0x0000000785380000,0x0000000785380000,0x00000007b8200000)
 ParOldGen       total 5584384K, used 4947214K [0x00000005c0c00000, 0x0000000715980000, 0x0000000715980000)
  object space 5584384K, 88% used [0x00000005c0c00000,0x00000006eeb43870,0x0000000715980000)
 Metaspace       used 23231K, capacity 23523K, committed 23808K, reserved 1071104K
  class space    used 2171K, capacity 2288K, committed 2304K, reserved 1048576K
}
Event: 90.589 GC heap before
{Heap before GC invocations=53 (full 9):
 PSYoungGen      total 1054208K, used 1053920K [0x0000000715980000, 0x00000007b8200000, 0x00000007c0000000)
  eden space 969216K, 100% used [0x0000000715980000,0x0000000750c00000,0x0000000750c00000)
  from space 84992K, 99% used [0x0000000750c00000,0x0000000755eb8010,0x0000000755f00000)
  to   space 834048K, 0% used [0x0000000785380000,0x0000000785380000,0x00000007b8200000)
 ParOldGen       total 5584384K, used 4947214K [0x00000005c0c00000, 0x0000000715980000, 0x0000000715980000)
  object space 5584384K, 88% used [0x00000005c0c00000,0x00000006eeb43870,0x0000000715980000)
 Metaspace       used 23231K, capacity 23523K, committed 23808K, reserved 1071104K
  class space    used 2171K, capacity 2288K, committed 2304K, reserved 1048576K
Event: 90.620 GC heap after
Heap after GC invocations=53 (full 9):
 PSYoungGen      total 1757184K, used 84944K [0x0000000715980000, 0x00000007b4080000, 0x00000007c0000000)
  eden space 990208K, 0% used [0x0000000715980000,0x0000000715980000,0x0000000752080000)
  from space 766976K, 11% used [0x0000000785380000,0x000000078a674130,0x00000007b4080000)
  to   space 802816K, 0% used [0x0000000752080000,0x0000000752080000,0x0000000783080000)
 ParOldGen       total 5584384K, used 4947214K [0x00000005c0c00000, 0x0000000715980000, 0x0000000715980000)
  object space 5584384K, 88% used [0x00000005c0c00000,0x00000006eeb43870,0x0000000715980000)
 Metaspace       used 23231K, capacity 23523K, committed 23808K, reserved 1071104K
  class space    used 2171K, capacity 2288K, committed 2304K, reserved 1048576K
}

Deoptimization events (10 events):
Event: 84.905 Thread 0x000001cbce25c800 Uncommon trap: reason=unstable_if action=reinterpret pc=0x000001cba8b99988 method=io.netty.buffer.SizeClasses.pages2pageIdxCompute(IZ)I @ 38
Event: 94.150 Thread 0x000001cbce25c800 Uncommon trap: reason=unstable_if action=reinterpret pc=0x000001cba9366778 method=com.sun.crypto.provider.GCTR.doFinal([BII[BI)I @ 45
Event: 94.151 Thread 0x000001cbce25c800 Uncommon trap: reason=unstable_if action=reinterpret pc=0x000001cba9320fe0 method=sun.security.ssl.EngineWriter.isOutboundDone()Z @ 4
Event: 94.151 Thread 0x000001cbce25c800 Uncommon trap: reason=unstable_if action=reinterpret pc=0x000001cba91b2494 method=sun.security.ssl.EngineWriter.hasOutboundDataInternal()Z @ 7
Event: 94.151 Thread 0x000001cbce25c800 Uncommon trap: reason=unstable_if action=reinterpret pc=0x000001cba92cf538 method=sun.security.ssl.EngineWriter.hasOutboundDataInternal()Z @ 7
Event: 94.151 Thread 0x000001cbce25c800 Uncommon trap: reason=unstable_if action=reinterpret pc=0x000001cba8bb16e8 method=io.netty.handler.ssl.SslHandler.wrap(Lio/netty/channel/ChannelHandlerContext;Z)V @ 125
Event: 94.151 Thread 0x000001cbce25c800 Uncommon trap: reason=unstable_if action=reinterpret pc=0x000001cba921f7fc method=io.netty.util.concurrent.DefaultPromise.isSuccess()Z @ 20
Event: 94.152 Thread 0x000001cbce25c800 Uncommon trap: reason=unstable_if action=reinterpret pc=0x000001cba928e990 method=io.netty.handler.ssl.SslHandler.finishWrap(Lio/netty/channel/ChannelHandlerContext;Lio/netty/buffer/ByteBuf;Lio/netty/channel/ChannelPromise;ZZ)V @ 28
Event: 94.156 Thread 0x000001cbce25c800 Uncommon trap: reason=unstable_if action=reinterpret pc=0x000001cba93d5404 method=io.netty.channel.socket.nio.NioSocketChannel.isActive()Z @ 9
Event: 94.156 Thread 0x000001cbce25c800 Uncommon trap: reason=class_check action=maybe_recompile pc=0x000001cba91f7e10 method=io.netty.util.concurrent.DefaultPromise.notifyListenersNow()V @ 66

Classes redefined (0 events):
No events

Internal exceptions (10 events):
Event: 6.176 Thread 0x000001cbce25c800 Exception <a 'java/lang/ArrayIndexOutOfBoundsException'> (0x0000000716040000) thrown at [J:\jenkins\tmp\workspace\build\src\hotspot\src\share\vm\runtime\sharedRuntime.cpp, line 605]
Event: 6.177 Thread 0x000001cbce25c800 Exception <a 'java/lang/ArrayIndexOutOfBoundsException'> (0x0000000716043710) thrown at [J:\jenkins\tmp\workspace\build\src\hotspot\src\share\vm\runtime\sharedRuntime.cpp, line 605]
Event: 6.180 Thread 0x000001cbce25c800 Exception <a 'java/lang/ArrayIndexOutOfBoundsException'> (0x000000071606bbb0) thrown at [J:\jenkins\tmp\workspace\build\src\hotspot\src\share\vm\runtime\sharedRuntime.cpp, line 605]
Event: 6.180 Thread 0x000001cbce25c800 Exception <a 'java/lang/ArrayIndexOutOfBoundsException'> (0x000000071606ca78) thrown at [J:\jenkins\tmp\workspace\build\src\hotspot\src\share\vm\runtime\sharedRuntime.cpp, line 605]
Event: 6.189 Thread 0x000001cba6d79000 Implicit null exception at 0x000001cba8e499e1 to 0x000001cba8e4b6e1
Event: 6.312 Thread 0x000001cbce25c800 Implicit null exception at 0x000001cba8d7e468 to 0x000001cba8d7e521
Event: 6.549 Thread 0x000001cbce25c800 Implicit null exception at 0x000001cba9211e9a to 0x000001cba92127b1
Event: 16.894 Thread 0x000001cbd6c92000 Implicit null exception at 0x000001cba9113b6e to 0x000001cba91142cd
Event: 16.894 Thread 0x000001cbce25c800 Implicit null exception at 0x000001cba9128bbc to 0x000001cba9128f05
Event: 70.028 Thread 0x000001cba6d79000 Exception <a 'java/lang/ArrayIndexOutOfBoundsException': 5598> (0x000000071a9e8448) thrown at [J:\jenkins\tmp\workspace\build\src\hotspot\src\share\vm\interpreter\interpreterRuntime.cpp, line 368]

Events (10 events):
Event: 94.159 loading class java/util/WeakHashMap$KeyIterator
Event: 94.159 Thread 0x000001cbce480000 Thread exited: 0x000001cbce480000
Event: 94.159 loading class java/util/WeakHashMap$HashIterator
Event: 94.160 Thread 0x000001cbce481800 flushing nmethod 0x000001cba89fe2d0
Event: 94.160 loading class java/util/WeakHashMap$HashIterator done
Event: 94.160 Thread 0x000001cbce481800 flushing nmethod 0x000001cba8a13090
Event: 94.160 loading class java/util/WeakHashMap$KeyIterator done
Event: 94.160 Thread 0x000001cbce481800 flushing nmethod 0x000001cba8a37650
Event: 94.160 Thread 0x000001cbce484800 Thread exited: 0x000001cbce484800
Event: 94.160 Executing VM operation: Exit


Dynamic libraries:
0x00007ff7dd210000 - 0x00007ff7dd24a000 	C:\Program Files\AdoptOpenJDK\jdk-8.0.252.09-hotspot\bin\java.exe
0x00007fffaa990000 - 0x00007fffaab86000 	C:\WINDOWS\SYSTEM32\ntdll.dll
0x00007fff9f020000 - 0x00007fff9f032000 	C:\Program Files\AVAST Software\Avast\aswhook.dll
0x00007fffa9200000 - 0x00007fffa92bd000 	C:\WINDOWS\System32\KERNEL32.DLL
0x00007fffa8550000 - 0x00007fffa8819000 	C:\WINDOWS\System32\KERNELBASE.dll
0x00007fffaa790000 - 0x00007fffaa83c000 	C:\WINDOWS\System32\ADVAPI32.dll
0x00007fffa92c0000 - 0x00007fffa935e000 	C:\WINDOWS\System32\msvcrt.dll
0x00007fffaa8b0000 - 0x00007fffaa94c000 	C:\WINDOWS\System32\sechost.dll
0x00007fffa9360000 - 0x00007fffa948b000 	C:\WINDOWS\System32\RPCRT4.dll
0x00007fffa8b40000 - 0x00007fffa8ce0000 	C:\WINDOWS\System32\USER32.dll
0x00007fffa8820000 - 0x00007fffa8842000 	C:\WINDOWS\System32\win32u.dll
0x00007fffa96b0000 - 0x00007fffa96da000 	C:\WINDOWS\System32\GDI32.dll
0x00007fffa81e0000 - 0x00007fffa82e9000 	C:\WINDOWS\System32\gdi32full.dll
0x00007fffa8950000 - 0x00007fffa89ed000 	C:\WINDOWS\System32\msvcp_win.dll
0x00007fffa8850000 - 0x00007fffa8950000 	C:\WINDOWS\System32\ucrtbase.dll
0x00007fff85b60000 - 0x00007fff85dfb000 	C:\WINDOWS\WinSxS\amd64_microsoft.windows.common-controls_6595b64144ccf1df_6.0.19041.488_none_ca04af081b815d21\COMCTL32.dll
0x00007fffaa3c0000 - 0x00007fffaa3f0000 	C:\WINDOWS\System32\IMM32.DLL
0x00007fff90f80000 - 0x00007fff9106f000 	C:\Program Files\AdoptOpenJDK\jdk-8.0.252.09-hotspot\jre\bin\msvcr120.dll
0x00007fff8a320000 - 0x00007fff8a3c6000 	C:\Program Files\AdoptOpenJDK\jdk-8.0.252.09-hotspot\jre\bin\msvcp120.dll
0x00000000705e0000 - 0x0000000070dde000 	C:\Program Files\AdoptOpenJDK\jdk-8.0.252.09-hotspot\jre\bin\server\jvm.dll
0x00007fffaa8a0000 - 0x00007fffaa8a8000 	C:\WINDOWS\System32\PSAPI.DLL
0x00007fff9de20000 - 0x00007fff9de29000 	C:\WINDOWS\SYSTEM32\WSOCK32.dll
0x00007fffa9a40000 - 0x00007fffa9aab000 	C:\WINDOWS\System32\WS2_32.dll
0x00007fff9ff40000 - 0x00007fff9ff67000 	C:\WINDOWS\SYSTEM32\WINMM.dll
0x00007fff9ff70000 - 0x00007fff9ff7a000 	C:\WINDOWS\SYSTEM32\VERSION.dll
0x00007fff9f7b0000 - 0x00007fff9f7bf000 	C:\Program Files\AdoptOpenJDK\jdk-8.0.252.09-hotspot\jre\bin\verify.dll
0x00007fff988f0000 - 0x00007fff98918000 	C:\Program Files\AdoptOpenJDK\jdk-8.0.252.09-hotspot\jre\bin\java.dll
0x00007fff98ba0000 - 0x00007fff98bca000 	C:\Program Files\AdoptOpenJDK\jdk-8.0.252.09-hotspot\jre\bin\instrument.dll
0x00007fff984a0000 - 0x00007fff984b6000 	C:\Program Files\AdoptOpenJDK\jdk-8.0.252.09-hotspot\jre\bin\zip.dll
0x00007fffa9c60000 - 0x00007fffaa3a2000 	C:\WINDOWS\System32\SHELL32.dll
0x00007fffa6240000 - 0x00007fffa69d5000 	C:\WINDOWS\SYSTEM32\windows.storage.dll
0x00007fffa96e0000 - 0x00007fffa9a36000 	C:\WINDOWS\System32\combase.dll
0x00007fffa7b40000 - 0x00007fffa7b6c000 	C:\WINDOWS\SYSTEM32\Wldp.dll
0x00007fffa9150000 - 0x00007fffa91fe000 	C:\WINDOWS\System32\SHCORE.dll
0x00007fffaa400000 - 0x00007fffaa455000 	C:\WINDOWS\System32\shlwapi.dll
0x00007fffa8000000 - 0x00007fffa8026000 	C:\WINDOWS\SYSTEM32\profapi.dll
0x00007fffa4c70000 - 0x00007fffa4c8a000 	C:\Program Files\JetBrains\IntelliJ IDEA Community Edition 2019.3.1\bin\breakgen64.dll
0x00007fff97640000 - 0x00007fff9765a000 	C:\Program Files\AdoptOpenJDK\jdk-8.0.252.09-hotspot\jre\bin\net.dll
0x00007fffa78c0000 - 0x00007fffa792a000 	C:\WINDOWS\system32\mswsock.dll
0x00007fff97620000 - 0x00007fff97632000 	C:\Program Files\AdoptOpenJDK\jdk-8.0.252.09-hotspot\jre\bin\nio.dll
0x00007fff93210000 - 0x00007fff93274000 	C:\Users\Peyton Hill\AppData\Local\Temp\lwjglPeyton Hill\3.2.3-build-13\lwjgl.dll
0x00007fff916c0000 - 0x00007fff91722000 	C:\Users\PEYTON~1\AppData\Local\Temp\lwjglPeyton Hill\3.2.3-build-13\glfw.dll
0x00007fffa5ae0000 - 0x00007fffa5b7e000 	C:\WINDOWS\system32\uxtheme.dll
0x00007fff93130000 - 0x00007fff93175000 	C:\WINDOWS\SYSTEM32\dinput8.dll
0x00007fff978b0000 - 0x00007fff978c1000 	C:\WINDOWS\SYSTEM32\xinput1_4.dll
0x00007fffa8500000 - 0x00007fffa854e000 	C:\WINDOWS\System32\cfgmgr32.dll
0x00007fffa7e80000 - 0x00007fffa7eac000 	C:\WINDOWS\SYSTEM32\DEVOBJ.dll
0x00007fffa5d50000 - 0x00007fffa5d7f000 	C:\WINDOWS\SYSTEM32\dwmapi.dll
0x00007fff8afd0000 - 0x00007fff8b122000 	C:\WINDOWS\SYSTEM32\inputhost.dll
0x00007fffaa4c0000 - 0x00007fffaa58d000 	C:\WINDOWS\System32\OLEAUT32.dll
0x00007fffa5560000 - 0x00007fffa5652000 	C:\WINDOWS\SYSTEM32\CoreMessaging.dll
0x00007fffa3ac0000 - 0x00007fffa3bb7000 	C:\WINDOWS\SYSTEM32\PROPSYS.dll
0x00007fffa3d30000 - 0x00007fffa3e86000 	C:\WINDOWS\SYSTEM32\wintypes.dll
0x00007fffa8480000 - 0x00007fffa8500000 	C:\WINDOWS\System32\bcryptPrimitives.dll
0x00007fffa4e80000 - 0x00007fffa51de000 	C:\WINDOWS\SYSTEM32\CoreUIComponents.dll
0x00007fffa6f30000 - 0x00007fffa6f63000 	C:\WINDOWS\SYSTEM32\ntmarta.dll
0x00007fffa6040000 - 0x00007fffa6052000 	C:\WINDOWS\SYSTEM32\kernel.appcore.dll
0x00007fffaa590000 - 0x00007fffaa6a6000 	C:\WINDOWS\System32\MSCTF.dll
0x00007fffa69e0000 - 0x00007fffa69ed000 	C:\WINDOWS\SYSTEM32\HID.DLL
0x00007fffa8ce0000 - 0x00007fffa9147000 	C:\WINDOWS\System32\SETUPAPI.DLL
0x00007fffa8450000 - 0x00007fffa8477000 	C:\WINDOWS\System32\bcrypt.dll
0x00007fffa8180000 - 0x00007fffa81e0000 	C:\WINDOWS\System32\WINTRUST.dll
0x00007fffa82f0000 - 0x00007fffa844d000 	C:\WINDOWS\System32\CRYPT32.dll
0x00007fffa7cc0000 - 0x00007fffa7cd2000 	C:\WINDOWS\SYSTEM32\MSASN1.dll
0x00007fff74b30000 - 0x00007fff74c55000 	C:\WINDOWS\SYSTEM32\opengl32.dll
0x00007fff978d0000 - 0x00007fff978fc000 	C:\WINDOWS\SYSTEM32\GLU32.dll
0x00007fffa9490000 - 0x00007fffa9539000 	C:\WINDOWS\System32\clbcatq.dll
0x00007fff931d0000 - 0x00007fff931fa000 	C:\WINDOWS\System32\DriverStore\FileRepository\u0361134.inf_amd64_a6c18d8d6a47cb97\B361196\atig6pxx.dll
0x00007fff39850000 - 0x00007fff3c624000 	C:\WINDOWS\System32\DriverStore\FileRepository\u0361134.inf_amd64_a6c18d8d6a47cb97\B361196\atio6axx.dll
0x00007fffa8a10000 - 0x00007fffa8b3a000 	C:\WINDOWS\System32\ole32.dll
0x00007fff70750000 - 0x00007fff70774000 	C:\WINDOWS\SYSTEM32\dxva2.dll
0x00007fff908c0000 - 0x00007fff908fc000 	C:\WINDOWS\System32\DriverStore\FileRepository\u0361134.inf_amd64_a6c18d8d6a47cb97\B361196\atig6txx.dll
0x00007fff73be0000 - 0x00007fff73d9f000 	C:\WINDOWS\SYSTEM32\atiadlxx.dll
0x00007fff82c10000 - 0x00007fff82c59000 	C:\WINDOWS\SYSTEM32\pdh.dll
0x00007fffa01e0000 - 0x00007fffa021b000 	C:\WINDOWS\SYSTEM32\dxcore.dll
0x00007fff8b2c0000 - 0x00007fff8b3bd000 	C:\WINDOWS\SYSTEM32\textinputframework.dll
0x00007fff914b0000 - 0x00007fff91509000 	C:\Users\Peyton Hill\AppData\Local\Temp\lwjglPeyton Hill\3.2.3-build-13\lwjgl_opengl.dll
0x00007fff76970000 - 0x00007fff76bc3000 	C:\Users\PEYTON~1\AppData\Local\Temp\lwjglPeyton Hill\3.2.3-build-13\jemalloc.dll
0x00007fff74990000 - 0x00007fff74b25000 	C:\Program Files\AdoptOpenJDK\jdk-8.0.252.09-hotspot\jre\bin\awt.dll
0x00007fffa58d0000 - 0x00007fffa5960000 	C:\WINDOWS\SYSTEM32\apphelp.dll
0x00007fffa7a90000 - 0x00007fffa7aa8000 	C:\WINDOWS\SYSTEM32\CRYPTSP.dll
0x00007fffa71e0000 - 0x00007fffa7214000 	C:\WINDOWS\system32\rsaenh.dll
0x00007fffa7f80000 - 0x00007fffa7fae000 	C:\WINDOWS\SYSTEM32\USERENV.dll
0x00007fffa7ab0000 - 0x00007fffa7abc000 	C:\WINDOWS\SYSTEM32\CRYPTBASE.dll
0x00007fffa7560000 - 0x00007fffa759b000 	C:\WINDOWS\SYSTEM32\IPHLPAPI.DLL
0x00007fffaa3f0000 - 0x00007fffaa3f8000 	C:\WINDOWS\System32\NSI.dll
0x00007fffa1ae0000 - 0x00007fffa1af7000 	C:\WINDOWS\SYSTEM32\dhcpcsvc6.DLL
0x00007fffa1cb0000 - 0x00007fffa1ccd000 	C:\WINDOWS\SYSTEM32\dhcpcsvc.DLL
0x00007fffa75b0000 - 0x00007fffa767b000 	C:\WINDOWS\SYSTEM32\DNSAPI.dll
0x00007fff732a0000 - 0x00007fff73333000 	C:\Program Files\AdoptOpenJDK\jdk-8.0.252.09-hotspot\jre\bin\freetype.dll
0x00007fff72700000 - 0x00007fff727bd000 	C:\Program Files\AdoptOpenJDK\jdk-8.0.252.09-hotspot\jre\bin\fontmanager.dll
0x00007fff98b70000 - 0x00007fff98b93000 	C:\Program Files\AdoptOpenJDK\jdk-8.0.252.09-hotspot\jre\bin\sunec.dll
0x00007fff9aa90000 - 0x00007fff9aa9c000 	C:\Program Files\AdoptOpenJDK\jdk-8.0.252.09-hotspot\jre\bin\sunmscapi.dll
0x00007fffa7bb0000 - 0x00007fffa7bd7000 	C:\WINDOWS\SYSTEM32\ncrypt.dll
0x00007fffa7b70000 - 0x00007fffa7bab000 	C:\WINDOWS\SYSTEM32\NTASN1.dll
0x00007fffa4bb0000 - 0x00007fffa4bbd000 	C:\Program Files\AdoptOpenJDK\jdk-8.0.252.09-hotspot\jre\bin\management.dll
0x00007fff968a0000 - 0x00007fff968b7000 	C:\WINDOWS\system32\napinsp.dll
0x00007fff96880000 - 0x00007fff9689b000 	C:\WINDOWS\system32\pnrpnsp.dll
0x00007fff96430000 - 0x00007fff96445000 	C:\WINDOWS\system32\wshbth.dll
0x00007fffa42f0000 - 0x00007fffa430d000 	C:\WINDOWS\system32\NLAapi.dll
0x00007fff963c0000 - 0x00007fff963d2000 	C:\WINDOWS\System32\winrnr.dll
0x00007fff9e430000 - 0x00007fff9e43a000 	C:\Windows\System32\rasadhlp.dll
0x00007fff9e470000 - 0x00007fff9e4ef000 	C:\WINDOWS\System32\fwpuclnt.dll
0x00007fff72660000 - 0x00007fff726fd000 	C:\Program Files\obs-studio\data\obs-plugins\win-capture\graphics-hook64.dll
0x00007fffa4310000 - 0x00007fffa4574000 	C:\WINDOWS\system32\d3d11.dll
0x00007fffa6a20000 - 0x00007fffa6b13000 	C:\WINDOWS\SYSTEM32\dxgi.dll
0x00007fff9ff80000 - 0x00007fffa015b000 	C:\WINDOWS\System32\DriverStore\FileRepository\u0361134.inf_amd64_a6c18d8d6a47cb97\B361196\aticfx64.dll
0x00007fff9fce0000 - 0x00007fff9fd18000 	C:\WINDOWS\System32\DriverStore\FileRepository\u0361134.inf_amd64_a6c18d8d6a47cb97\B361196\atiuxp64.dll
0x00007fff9b940000 - 0x00007fff9d845000 	C:\WINDOWS\System32\DriverStore\FileRepository\u0361134.inf_amd64_a6c18d8d6a47cb97\B361196\atidxx64.dll
0x00007fff9fc80000 - 0x00007fff9fcb0000 	C:\WINDOWS\SYSTEM32\amdihk64.dll
0x00007fffa3e90000 - 0x00007fffa42ed000 	C:\WINDOWS\SYSTEM32\D3DCompiler_47.dll
0x00007fffa1e50000 - 0x00007fffa2034000 	C:\WINDOWS\SYSTEM32\dbghelp.dll

VM Arguments:
jvm_args: -javaagent:C:\Program Files\JetBrains\IntelliJ IDEA Community Edition 2019.3.1\lib\idea_rt.jar=58474:C:\Program Files\JetBrains\IntelliJ IDEA Community Edition 2019.3.1\bin -Dfile.encoding=UTF-8 
java_command: Hilligans.ClientMain
java_class_path (initial): C:\Program Files\AdoptOpenJDK\jdk-8.0.252.09-hotspot\jre\lib\charsets.jar;C:\Program Files\AdoptOpenJDK\jdk-8.0.252.09-hotspot\jre\lib\ext\access-bridge-64.jar;C:\Program Files\AdoptOpenJDK\jdk-8.0.252.09-hotspot\jre\lib\ext\cldrdata.jar;C:\Program Files\AdoptOpenJDK\jdk-8.0.252.09-hotspot\jre\lib\ext\dnsns.jar;C:\Program Files\AdoptOpenJDK\jdk-8.0.252.09-hotspot\jre\lib\ext\jaccess.jar;C:\Program Files\AdoptOpenJDK\jdk-8.0.252.09-hotspot\jre\lib\ext\localedata.jar;C:\Program Files\AdoptOpenJDK\jdk-8.0.252.09-hotspot\jre\lib\ext\nashorn.jar;C:\Program Files\AdoptOpenJDK\jdk-8.0.252.09-hotspot\jre\lib\ext\sunec.jar;C:\Program Files\AdoptOpenJDK\jdk-8.0.252.09-hotspot\jre\lib\ext\sunjce_provider.jar;C:\Program Files\AdoptOpenJDK\jdk-8.0.252.09-hotspot\jre\lib\ext\sunmscapi.jar;C:\Program Files\AdoptOpenJDK\jdk-8.0.252.09-hotspot\jre\lib\ext\sunpkcs11.jar;C:\Program Files\AdoptOpenJDK\jdk-8.0.252.09-hotspot\jre\lib\ext\zipfs.jar;C:\Program Files\AdoptOpenJDK\jdk-8.0.252.09-hotspot\jre\lib\jce.jar;C:\Program Files\AdoptOpenJDK\jdk-8.0.252.09-hotspot\jre\lib\jsse.jar;C:\Program Files\AdoptOpenJDK\jdk-8.0.252.09-hotspot\jre\lib\management-agent.jar;C:\Program Files\AdoptOpenJDK\jdk-8.0.252.09-hotspot\jre\lib\resources.jar;C:\Program Files\AdoptOpenJDK\jdk-8.0.252.09-hotspot\jre\lib\rt.jar;C:\Users\Peyton Hill\IdeaProjects\Ourcraft\target\classes;C:\Users\Peyton Hill\.m2\repository\org\lwjgl\lwjgl\3.2.3\lwjgl-3.2.3.jar;C:\Users\Peyton Hill\.m2\repository\org\lwjgl\lwjgl-assimp\3.2.3\lwjgl-assimp-3.2.3.jar;C:\Users\Peyton Hill\.m2\repository\org\lwjgl\lwjgl-bgfx\3.2.3\lwjgl-bgfx-3.2.3.jar;C:\Users\Peyton Hill\.m2\repository\org\lwjgl\lwjgl-cuda\3.2.3\lwjgl-cuda-3.2.3.jar;C:\Users\Peyton Hill\.m2\repository\org\lwjgl\lwjgl-egl\3.2.3\lwjgl-egl-3.2.3.jar;C:\Users\Peyton Hill\.m2\repository\org\lwjgl\lwjgl-glfw\3.2.3\lwjgl-glfw-3.2.3.jar;C:\Users\Peyton Hill\.m2\repository\org\lwjgl\lwjgl-jawt\3.2.3\lwjgl-jawt-3.2.3.jar;C:\Users\Peyton Hill\.m2\repo
Launcher Type: SUN_STANDARD

Environment Variables:
JAVA_HOME=C:\Program Files\AdoptOpenJDK\jdk-15.0.2.7-hotspot
JRE_HOME=C:\Program Files\Java\jdk-15.0.2
PATH=C:\Program Files\AdoptOpenJDK\jdk-15.0.2.7-hotspot\bin;C:\ProgramData\Oracle\Java\javapath;C:\Program Files (x86)\Common Files\Oracle\Java\javapath;C:\Program Files\AdoptOpenJDK\jdk-8.0.252.09-hotspot\bin;C:\WINDOWS\system32;C:\WINDOWS;C:\WINDOWS\System32\Wbem;C:\WINDOWS\System32\WindowsPowerShell\v1.0\;C:\WINDOWS\System32\OpenSSH\;C:\Program Files\Git\cmd;C:\Users\Peyton Hill\AppData\Local\Microsoft\WindowsApps;C:\Users\Peyton Hill\AppData\Local\Programs\Microsoft VS Code\bin;C:\Users\Peyton Hill\AppData\Local\Microsoft\WindowsApps;C:\Users\Peyton Hill\AppData\Local\GitHubDesktop\bin
USERNAME=Peyton Hill
OS=Windows_NT
PROCESSOR_IDENTIFIER=AMD64 Family 23 Model 8 Stepping 2, AuthenticAMD



---------------  S Y S T E M  ---------------

OS: Windows 10.0 , 64 bit Build 19041 (10.0.19041.662)

CPU:total 16 (initial active 16) (16 cores per cpu, 1 threads per core) family 23 model 8 stepping 2, cmov, cx8, fxsr, mmx, sse, sse2, sse3, ssse3, sse4.1, sse4.2, popcnt, avx, avx2, aes, clmul, mmxext, 3dnowpref, lzcnt, sse4a, tsc, tscinvbit, tscinv, bmi1

Memory: 4k page, physical 33504108k(7127596k free), swap 58669932k(12969508k free)

vm_info: OpenJDK 64-Bit Server VM (25.252-b09) for windows-amd64 JRE (1.8.0_252-b09), built on Apr 22 2020 09:32:45 by "jenkins" with MS VC++ 12.0 (VS2013)

time: Sat Feb 06 03:31:18 2021
timezone: Eastern Standard Time
elapsed time: 94 seconds (0d 0h 1m 34s)

