#
# A fatal error has been detected by the Java Runtime Environment:
#
#  EXCEPTION_ACCESS_VIOLATION (0xc0000005) at pc=0x0000000000000000, pid=13420, tid=0x00000000000057f4
#
# JRE version: OpenJDK Runtime Environment (8.0_252-b09) (build 1.8.0_252-b09)
# Java VM: OpenJDK 64-Bit Server VM (25.252-b09 mixed mode windows-amd64 compressed oops)
# Problematic frame:
# C  0x0000000000000000
#
# Failed to write core dump. Minidumps are not enabled by default on client versions of Windows
#
# If you would like to submit a bug report, please visit:
#   http://bugreport.java.com/bugreport/crash.jsp
#

---------------  T H R E A D  ---------------

Current thread (0x000001696c12e000):  VMThread [stack: 0x0000001fa7e00000,0x0000001fa7f00000] [id=22516]

siginfo: ExceptionCode=0xc0000005, ExceptionInformation=0x0000000000000008 0x0000000000000000

Registers:
RAX=0x0000000000000000, RBX=0x0000000000000000, RCX=0x0000000000000001, RDX=0x00007fff74f6c470
RSP=0x0000001fa7eff078, RBP=0x00007fff74f6c400, RSI=0x0000000000020000, RDI=0x0000000000000000
R8 =0x0000001fa6e28000, R9 =0x000000000000000e, R10=0x0000000000000000, R11=0x0000016977b10c70
R12=0x00007fff74c0dc30, R13=0x0000000000000000, R14=0x00007fff74b30000, R15=0x0000000000000001
RIP=0x0000000000000000, EFLAGS=0x0000000000010202

Top of Stack: (sp=0x0000001fa7eff078)
0x0000001fa7eff078:   00007fff74ee8ff5 0000000000000000
0x0000001fa7eff088:   00007fff74f6c400 0000000000000000
0x0000001fa7eff098:   0000000000020000 0000016947b5e1e0
0x0000001fa7eff0a8:   00007fff74eea624 0000000000000000
0x0000001fa7eff0b8:   0000016947b5e1e0 0000000000020000
0x0000001fa7eff0c8:   000001696f84cd88 0000000000000001
0x0000001fa7eff0d8:   00007fff74b36e3e 0000000000000001
0x0000001fa7eff0e8:   0000000000000000 0000000000000000
0x0000001fa7eff0f8:   00007fffa94ad83e 0000000000000001
0x0000001fa7eff108:   00007fff74b37286 0000000000000000
0x0000001fa7eff118:   0000016947b5e1e0 0000000000000001
0x0000001fa7eff128:   0000000000000001 0000000000000000
0x0000001fa7eff138:   00007fff74c0dd6f 0000000000000001
0x0000001fa7eff148:   0000016947b5e1e0 0000000000000001
0x0000001fa7eff158:   00007fff97560000 0000000000000001
0x0000001fa7eff168:   00007fff9756c4d8 0000000000000001 

Instructions: (pc=0x0000000000000000)
0xffffffffffffffe0:   


Register to memory mapping:

RAX=0x0000000000000000 is an unknown value
RBX=0x0000000000000000 is an unknown value
RCX=0x0000000000000001 is an unknown value
RDX=0x00007fff74f6c470 is an unknown value
RSP=0x0000001fa7eff078 is an unknown value
RBP=0x00007fff74f6c400 is an unknown value
RSI=0x0000000000020000 is an unknown value
RDI=0x0000000000000000 is an unknown value
R8 =0x0000001fa6e28000 is an unknown value
R9 =0x000000000000000e is an unknown value
R10=0x0000000000000000 is an unknown value
R11=0x0000016977b10c70 is an unknown value
R12=0x00007fff74c0dc30 is an unknown value
R13=0x0000000000000000 is an unknown value
R14=0x00007fff74b30000 is an unknown value
R15=0x0000000000000001 is an unknown value


Stack: [0x0000001fa7e00000,0x0000001fa7f00000],  sp=0x0000001fa7eff078,  free space=1020k
Native frames: (J=compiled Java code, j=interpreted, Vv=VM code, C=native code)

VM_Operation (0x0000001fa9bfdf90): Exit, mode: safepoint, requested by thread 0x00000169716b8800


---------------  P R O C E S S  ---------------

Java Threads: ( => current thread )
  0x00000169716b8800 JavaThread "nioEventLoopGroup-2-1" [_thread_blocked, id=14848, stack(0x0000001fa9b00000,0x0000001fa9c00000)]
  0x0000016977eed800 JavaThread "pool-1-thread-1" [_thread_blocked, id=10960, stack(0x0000001fa9600000,0x0000001fa9700000)]
  0x00000169716e1000 JavaThread "Java2D Disposer" daemon [_thread_blocked, id=17288, stack(0x0000001fa9500000,0x0000001fa9600000)]
  0x000001696f2ec800 JavaThread "Service Thread" daemon [_thread_blocked, id=2288, stack(0x0000001fa9000000,0x0000001fa9100000)]
  0x000001696f283000 JavaThread "C1 CompilerThread11" daemon [_thread_blocked, id=8008, stack(0x0000001fa8f00000,0x0000001fa9000000)]
  0x000001696f282000 JavaThread "C1 CompilerThread10" daemon [_thread_blocked, id=4888, stack(0x0000001fa8e00000,0x0000001fa8f00000)]
  0x000001696f280800 JavaThread "C1 CompilerThread9" daemon [_thread_blocked, id=7152, stack(0x0000001fa8d00000,0x0000001fa8e00000)]
  0x000001696f27d800 JavaThread "C1 CompilerThread8" daemon [_thread_blocked, id=9596, stack(0x0000001fa8c00000,0x0000001fa8d00000)]
  0x000001696f283800 JavaThread "C2 CompilerThread7" daemon [_thread_blocked, id=21140, stack(0x0000001fa8b00000,0x0000001fa8c00000)]
  0x000001696f254000 JavaThread "C2 CompilerThread6" daemon [_thread_blocked, id=9932, stack(0x0000001fa8a00000,0x0000001fa8b00000)]
  0x000001696f0b6000 JavaThread "C2 CompilerThread5" daemon [_thread_blocked, id=4140, stack(0x0000001fa8900000,0x0000001fa8a00000)]
  0x000001696f0b5000 JavaThread "C2 CompilerThread4" daemon [_thread_blocked, id=3108, stack(0x0000001fa8800000,0x0000001fa8900000)]
  0x000001696f0a8000 JavaThread "C2 CompilerThread3" daemon [_thread_blocked, id=1644, stack(0x0000001fa8700000,0x0000001fa8800000)]
  0x000001696f0a7800 JavaThread "C2 CompilerThread2" daemon [_thread_blocked, id=21652, stack(0x0000001fa8600000,0x0000001fa8700000)]
  0x000001696f0a4800 JavaThread "C2 CompilerThread1" daemon [_thread_blocked, id=11384, stack(0x0000001fa8500000,0x0000001fa8600000)]
  0x000001696f09a000 JavaThread "C2 CompilerThread0" daemon [_thread_blocked, id=9692, stack(0x0000001fa8400000,0x0000001fa8500000)]
  0x000001696f098800 JavaThread "Monitor Ctrl-Break" daemon [_thread_in_native, id=27644, stack(0x0000001fa8300000,0x0000001fa8400000)]
  0x000001696ed1c800 JavaThread "Attach Listener" daemon [_thread_blocked, id=23028, stack(0x0000001fa8200000,0x0000001fa8300000)]
  0x000001696ed19800 JavaThread "Signal Dispatcher" daemon [_thread_blocked, id=16248, stack(0x0000001fa8100000,0x0000001fa8200000)]
  0x000001696c13d800 JavaThread "Finalizer" daemon [_thread_blocked, id=11180, stack(0x0000001fa8000000,0x0000001fa8100000)]
  0x000001696ecf0800 JavaThread "Reference Handler" daemon [_thread_blocked, id=19300, stack(0x0000001fa7f00000,0x0000001fa8000000)]
  0x0000016947b39000 JavaThread "main" [_thread_blocked, id=21284, stack(0x0000001fa7000000,0x0000001fa7100000)]

Other Threads:
=>0x000001696c12e000 VMThread [stack: 0x0000001fa7e00000,0x0000001fa7f00000] [id=22516]

VM state:at safepoint (shutting down)

VM Mutex/Monitor currently owned by a thread:  ([mutex/lock_event])
[0x0000016947b36590] Threads_lock - owner thread: 0x000001696c12e000

heap address: 0x00000005c0c00000, size: 8180 MB, Compressed Oops mode: Zero based, Oop shift amount: 3
Narrow klass base: 0x0000000000000000, Narrow klass shift: 3
Compressed class space size: 1073741824 Address: 0x00000007c0000000

Heap:
 PSYoungGen      total 675328K, used 604640K [0x0000000715980000, 0x0000000743180000, 0x00000007c0000000)
  eden space 604160K, 100% used [0x0000000715980000,0x000000073a780000,0x000000073a780000)
  from space 71168K, 0% used [0x000000073ec00000,0x000000073ec78000,0x0000000743180000)
  to   space 70144K, 0% used [0x000000073a780000,0x000000073a780000,0x000000073ec00000)
 ParOldGen       total 383488K, used 177023K [0x00000005c0c00000, 0x00000005d8280000, 0x0000000715980000)
  object space 383488K, 46% used [0x00000005c0c00000,0x00000005cb8dff80,0x00000005d8280000)
 Metaspace       used 23362K, capacity 23653K, committed 24064K, reserved 1071104K
  class space    used 2182K, capacity 2289K, committed 2304K, reserved 1048576K

Card table byte_map: [0x0000016958970000,0x0000016959970000] byte_map_base: 0x0000016955b6a000

Marking Bits: (ParMarkBitMap*) 0x0000000070d65010
 Begin Bits: [0x000001695a420000, 0x00000169623f0000)
 End Bits:   [0x00000169623f0000, 0x000001696a3c0000)

Polling page: 0x0000016947d70000

CodeCache: size=245760Kb used=12750Kb max_used=12771Kb free=233009Kb
 bounds [0x00000169495b0000, 0x000001694a240000, 0x00000169585b0000]
 total_blobs=4431 nmethods=3263 adapters=1079
 compilation: enabled

Compilation events (10 events):
Event: 29.908 Thread 0x000001696f0a7800 nmethod 3515 0x000001694a1ec010 code [0x000001694a1ec140, 0x000001694a1ec1d8]
Event: 29.966 Thread 0x000001696f0b5000 3516       4       Hilligans.Client.MatrixStack::applyColor (8 bytes)
Event: 29.972 Thread 0x000001696f0b5000 nmethod 3516 0x000001694a1ed210 code [0x000001694a1ed3a0, 0x000001694a1ed700]
Event: 30.104 Thread 0x000001696f0b6000 3517       4       Hilligans.ClientMain::render (145 bytes)
Event: 30.186 Thread 0x000001696f0a8000 3518       4       Hilligans.Client.Rendering.ScreenBase::render (41 bytes)
Event: 30.190 Thread 0x000001696f0a8000 nmethod 3518 0x000001694a1e1ed0 code [0x000001694a1e20c0, 0x000001694a1e24b0]
Event: 30.209 Thread 0x000001696f0b6000 nmethod 3517 0x000001694a22e750 code [0x000001694a22eec0, 0x000001694a233728]
Event: 30.542 Thread 0x000001696f282000 3519       1       java.util.Hashtable::access$500 (5 bytes)
Event: 30.542 Thread 0x000001696f27d800 3520       3       java.util.logging.LogManager$LoggerContext::ensureDefaultLogger (70 bytes)
Event: 30.543 Thread 0x000001696f282000 nmethod 3519 0x00000169499672d0 code [0x0000016949967420, 0x0000016949967518]

GC Heap History (10 events):
Event: 12.329 GC heap before
{Heap before GC invocations=12 (full 1):
 PSYoungGen      total 408576K, used 405216K [0x0000000715980000, 0x0000000734280000, 0x00000007c0000000)
  eden space 344064K, 100% used [0x0000000715980000,0x000000072a980000,0x000000072a980000)
  from space 64512K, 94% used [0x000000072f180000,0x0000000732d38010,0x0000000733080000)
  to   space 73728K, 0% used [0x000000072a980000,0x000000072a980000,0x000000072f180000)
 ParOldGen       total 138752K, used 102501K [0x00000005c0c00000, 0x00000005c9380000, 0x0000000715980000)
  object space 138752K, 73% used [0x00000005c0c00000,0x00000005c7019718,0x00000005c9380000)
 Metaspace       used 23200K, capacity 23519K, committed 23808K, reserved 1071104K
  class space    used 2167K, capacity 2288K, committed 2304K, reserved 1048576K
Event: 12.372 GC heap after
Heap after GC invocations=12 (full 1):
 PSYoungGen      total 417792K, used 15952K [0x0000000715980000, 0x000000073fc80000, 0x00000007c0000000)
  eden space 344064K, 0% used [0x0000000715980000,0x0000000715980000,0x000000072a980000)
  from space 73728K, 21% used [0x000000072a980000,0x000000072b914140,0x000000072f180000)
  to   space 71680K, 0% used [0x000000073b680000,0x000000073b680000,0x000000073fc80000)
 ParOldGen       total 163328K, used 162861K [0x00000005c0c00000, 0x00000005cab80000, 0x0000000715980000)
  object space 163328K, 99% used [0x00000005c0c00000,0x00000005cab0b718,0x00000005cab80000)
 Metaspace       used 23200K, capacity 23519K, committed 23808K, reserved 1071104K
  class space    used 2167K, capacity 2288K, committed 2304K, reserved 1048576K
}
Event: 12.372 GC heap before
{Heap before GC invocations=13 (full 2):
 PSYoungGen      total 417792K, used 15952K [0x0000000715980000, 0x000000073fc80000, 0x00000007c0000000)
  eden space 344064K, 0% used [0x0000000715980000,0x0000000715980000,0x000000072a980000)
  from space 73728K, 21% used [0x000000072a980000,0x000000072b914140,0x000000072f180000)
  to   space 71680K, 0% used [0x000000073b680000,0x000000073b680000,0x000000073fc80000)
 ParOldGen       total 163328K, used 162861K [0x00000005c0c00000, 0x00000005cab80000, 0x0000000715980000)
  object space 163328K, 99% used [0x00000005c0c00000,0x00000005cab0b718,0x00000005cab80000)
 Metaspace       used 23200K, capacity 23519K, committed 23808K, reserved 1071104K
  class space    used 2167K, capacity 2288K, committed 2304K, reserved 1048576K
Event: 12.796 GC heap after
Heap after GC invocations=13 (full 2):
 PSYoungGen      total 417792K, used 11645K [0x0000000715980000, 0x000000073fc80000, 0x00000007c0000000)
  eden space 344064K, 0% used [0x0000000715980000,0x0000000715980000,0x000000072a980000)
  from space 73728K, 15% used [0x000000072a980000,0x000000072b4df780,0x000000072f180000)
  to   space 71680K, 0% used [0x000000073b680000,0x000000073b680000,0x000000073fc80000)
 ParOldGen       total 383488K, used 162922K [0x00000005c0c00000, 0x00000005d8280000, 0x0000000715980000)
  object space 383488K, 42% used [0x00000005c0c00000,0x00000005cab1ab60,0x00000005d8280000)
 Metaspace       used 23200K, capacity 23519K, committed 23808K, reserved 1071104K
  class space    used 2167K, capacity 2288K, committed 2304K, reserved 1048576K
}
Event: 15.969 GC heap before
{Heap before GC invocations=14 (full 2):
 PSYoungGen      total 417792K, used 355709K [0x0000000715980000, 0x000000073fc80000, 0x00000007c0000000)
  eden space 344064K, 100% used [0x0000000715980000,0x000000072a980000,0x000000072a980000)
  from space 73728K, 15% used [0x000000072a980000,0x000000072b4df780,0x000000072f180000)
  to   space 71680K, 0% used [0x000000073b680000,0x000000073b680000,0x000000073fc80000)
 ParOldGen       total 383488K, used 162922K [0x00000005c0c00000, 0x00000005d8280000, 0x0000000715980000)
  object space 383488K, 42% used [0x00000005c0c00000,0x00000005cab1ab60,0x00000005d8280000)
 Metaspace       used 23297K, capacity 23583K, committed 23808K, reserved 1071104K
  class space    used 2171K, capacity 2288K, committed 2304K, reserved 1048576K
Event: 15.987 GC heap after
Heap after GC invocations=14 (full 2):
 PSYoungGen      total 465920K, used 2890K [0x0000000715980000, 0x000000073b980000, 0x00000007c0000000)
  eden space 462848K, 0% used [0x0000000715980000,0x0000000715980000,0x0000000731d80000)
  from space 3072K, 94% used [0x000000073b680000,0x000000073b9529e8,0x000000073b980000)
  to   space 71168K, 0% used [0x0000000732e80000,0x0000000732e80000,0x0000000737400000)
 ParOldGen       total 383488K, used 174362K [0x00000005c0c00000, 0x00000005d8280000, 0x0000000715980000)
  object space 383488K, 45% used [0x00000005c0c00000,0x00000005cb646b60,0x00000005d8280000)
 Metaspace       used 23297K, capacity 23583K, committed 23808K, reserved 1071104K
  class space    used 2171K, capacity 2288K, committed 2304K, reserved 1048576K
}
Event: 20.440 GC heap before
{Heap before GC invocations=15 (full 2):
 PSYoungGen      total 465920K, used 465738K [0x0000000715980000, 0x000000073b980000, 0x00000007c0000000)
  eden space 462848K, 100% used [0x0000000715980000,0x0000000731d80000,0x0000000731d80000)
  from space 3072K, 94% used [0x000000073b680000,0x000000073b9529e8,0x000000073b980000)
  to   space 71168K, 0% used [0x0000000732e80000,0x0000000732e80000,0x0000000737400000)
 ParOldGen       total 383488K, used 174362K [0x00000005c0c00000, 0x00000005d8280000, 0x0000000715980000)
  object space 383488K, 45% used [0x00000005c0c00000,0x00000005cb646b60,0x00000005d8280000)
 Metaspace       used 23314K, capacity 23583K, committed 23808K, reserved 1071104K
  class space    used 2172K, capacity 2288K, committed 2304K, reserved 1048576K
Event: 20.443 GC heap after
Heap after GC invocations=15 (full 2):
 PSYoungGen      total 551424K, used 448K [0x0000000715980000, 0x0000000743180000, 0x00000007c0000000)
  eden space 480256K, 0% used [0x0000000715980000,0x0000000715980000,0x0000000732e80000)
  from space 71168K, 0% used [0x0000000732e80000,0x0000000732ef0000,0x0000000737400000)
  to   space 71168K, 0% used [0x000000073ec00000,0x000000073ec00000,0x0000000743180000)
 ParOldGen       total 383488K, used 176959K [0x00000005c0c00000, 0x00000005d8280000, 0x0000000715980000)
  object space 383488K, 46% used [0x00000005c0c00000,0x00000005cb8cff80,0x00000005d8280000)
 Metaspace       used 23314K, capacity 23583K, committed 23808K, reserved 1071104K
  class space    used 2172K, capacity 2288K, committed 2304K, reserved 1048576K
}
Event: 24.955 GC heap before
{Heap before GC invocations=16 (full 2):
 PSYoungGen      total 551424K, used 480704K [0x0000000715980000, 0x0000000743180000, 0x00000007c0000000)
  eden space 480256K, 100% used [0x0000000715980000,0x0000000732e80000,0x0000000732e80000)
  from space 71168K, 0% used [0x0000000732e80000,0x0000000732ef0000,0x0000000737400000)
  to   space 71168K, 0% used [0x000000073ec00000,0x000000073ec00000,0x0000000743180000)
 ParOldGen       total 383488K, used 176959K [0x00000005c0c00000, 0x00000005d8280000, 0x0000000715980000)
  object space 383488K, 46% used [0x00000005c0c00000,0x00000005cb8cff80,0x00000005d8280000)
 Metaspace       used 23318K, capacity 23587K, committed 23808K, reserved 1071104K
  class space    used 2172K, capacity 2288K, committed 2304K, reserved 1048576K
Event: 24.957 GC heap after
Heap after GC invocations=16 (full 2):
 PSYoungGen      total 675328K, used 480K [0x0000000715980000, 0x0000000743180000, 0x00000007c0000000)
  eden space 604160K, 0% used [0x0000000715980000,0x0000000715980000,0x000000073a780000)
  from space 71168K, 0% used [0x000000073ec00000,0x000000073ec78000,0x0000000743180000)
  to   space 70144K, 0% used [0x000000073a780000,0x000000073a780000,0x000000073ec00000)
 ParOldGen       total 383488K, used 177023K [0x00000005c0c00000, 0x00000005d8280000, 0x0000000715980000)
  object space 383488K, 46% used [0x00000005c0c00000,0x00000005cb8dff80,0x00000005d8280000)
 Metaspace       used 23318K, capacity 23587K, committed 23808K, reserved 1071104K
  class space    used 2172K, capacity 2288K, committed 2304K, reserved 1048576K
}

Deoptimization events (10 events):
Event: 30.535 Thread 0x00000169716b8800 Uncommon trap: reason=unstable_if action=reinterpret pc=0x0000016949c1fb48 method=io.netty.handler.ssl.SslHandler.finishWrap(Lio/netty/channel/ChannelHandlerContext;Lio/netty/buffer/ByteBuf;Lio/netty/channel/ChannelPromise;ZZ)V @ 28
Event: 30.538 Thread 0x00000169716b8800 Uncommon trap: reason=unstable_if action=reinterpret pc=0x000001694a09e704 method=io.netty.channel.socket.nio.NioSocketChannel.isActive()Z @ 9
Event: 30.539 Thread 0x00000169716b8800 Uncommon trap: reason=class_check action=maybe_recompile pc=0x0000016949b14a80 method=io.netty.util.concurrent.DefaultPromise.notifyListenersNow()V @ 66
Event: 30.539 Thread 0x00000169716b8800 Uncommon trap: reason=unstable_if action=reinterpret pc=0x000001694a14d7ac method=io.netty.channel.DefaultChannelPipeline.decrementPendingOutboundBytes(J)V @ 16
Event: 30.539 Thread 0x00000169716b8800 Uncommon trap: reason=unstable_if action=reinterpret pc=0x000001694a1cbca4 method=io.netty.channel.DefaultChannelPipeline.incrementPendingOutboundBytes(J)V @ 16
Event: 30.539 Thread 0x00000169716b8800 Uncommon trap: reason=unstable_if action=reinterpret pc=0x0000016949c4f62c method=io.netty.channel.DefaultChannelPipeline.decrementPendingOutboundBytes(J)V @ 16
Event: 30.540 Thread 0x00000169716b8800 Uncommon trap: reason=unstable_if action=reinterpret pc=0x000001694a0d524c method=io.netty.channel.AbstractChannel$AbstractUnsafe.write(Ljava/lang/Object;Lio/netty/channel/ChannelPromise;)V @ 10
Event: 30.540 Thread 0x00000169716b8800 Uncommon trap: reason=unstable_if action=reinterpret pc=0x000001694a178fc0 method=io.netty.channel.AbstractChannel$AbstractUnsafe.flush()V @ 10
Event: 30.540 Thread 0x00000169716b8800 Uncommon trap: reason=unstable_if action=reinterpret pc=0x000001694a0f9124 method=io.netty.channel.DefaultChannelPipeline.incrementPendingOutboundBytes(J)V @ 16
Event: 30.541 Thread 0x0000016947b39000 Uncommon trap: reason=unstable_if action=reinterpret pc=0x000001694992c6ac method=io.netty.channel.DefaultChannelPipeline.incrementPendingOutboundBytes(J)V @ 16

Classes redefined (0 events):
No events

Internal exceptions (10 events):
Event: 9.586 Thread 0x00000169716b8800 Exception <a 'java/lang/ArrayIndexOutOfBoundsException'> (0x00000007162e4cc8) thrown at [J:\jenkins\tmp\workspace\build\src\hotspot\src\share\vm\runtime\sharedRuntime.cpp, line 605]
Event: 9.586 Thread 0x00000169716b8800 Exception <a 'java/lang/ArrayIndexOutOfBoundsException'> (0x00000007162e83d8) thrown at [J:\jenkins\tmp\workspace\build\src\hotspot\src\share\vm\runtime\sharedRuntime.cpp, line 605]
Event: 9.589 Thread 0x00000169716b8800 Exception <a 'java/lang/ArrayIndexOutOfBoundsException'> (0x0000000716310878) thrown at [J:\jenkins\tmp\workspace\build\src\hotspot\src\share\vm\runtime\sharedRuntime.cpp, line 605]
Event: 9.589 Thread 0x00000169716b8800 Exception <a 'java/lang/ArrayIndexOutOfBoundsException'> (0x0000000716311740) thrown at [J:\jenkins\tmp\workspace\build\src\hotspot\src\share\vm\runtime\sharedRuntime.cpp, line 605]
Event: 9.598 Thread 0x0000016947b39000 Implicit null exception at 0x0000016949cb87f5 to 0x0000016949cb93bd
Event: 9.614 Thread 0x0000016947b39000 Implicit null exception at 0x0000016949c69504 to 0x0000016949c69719
Event: 9.714 Thread 0x00000169716b8800 Implicit null exception at 0x0000016949bec2e8 to 0x0000016949bec3a1
Event: 12.140 Thread 0x0000016977eed800 Implicit null exception at 0x0000016949c44347 to 0x0000016949c45205
Event: 12.140 Thread 0x00000169716b8800 Implicit null exception at 0x0000016949f7d3ac to 0x0000016949f7d5f9
Event: 30.540 Thread 0x00000169716b8800 Implicit null exception at 0x000001694a178211 to 0x000001694a178fb1

Events (10 events):
Event: 30.542 Executing VM operation: RevokeBias
Event: 30.542 Executing VM operation: RevokeBias done
Event: 30.542 Executing VM operation: RevokeBias
Event: 30.542 loading class java/util/WeakHashMap$HashIterator
Event: 30.542 Executing VM operation: RevokeBias done
Event: 30.542 loading class java/util/WeakHashMap$HashIterator done
Event: 30.542 loading class java/util/WeakHashMap$KeyIterator done
Event: 30.542 Thread 0x0000016977a87800 Thread exited: 0x0000016977a87800
Event: 30.543 Thread 0x0000016977a80800 Thread exited: 0x0000016977a80800
Event: 30.543 Executing VM operation: Exit


Dynamic libraries:
0x00007ff7dd210000 - 0x00007ff7dd24a000 	C:\Program Files\AdoptOpenJDK\jdk-8.0.252.09-hotspot\bin\java.exe
0x00007fffaa990000 - 0x00007fffaab86000 	C:\WINDOWS\SYSTEM32\ntdll.dll
0x00007fff9f020000 - 0x00007fff9f032000 	C:\Program Files\AVAST Software\Avast\aswhook.dll
0x00007fffa9200000 - 0x00007fffa92bd000 	C:\WINDOWS\System32\KERNEL32.DLL
0x00007fffa8550000 - 0x00007fffa8819000 	C:\WINDOWS\System32\KERNELBASE.dll
0x00007fffaa790000 - 0x00007fffaa83c000 	C:\WINDOWS\System32\ADVAPI32.dll
0x00007fffa92c0000 - 0x00007fffa935e000 	C:\WINDOWS\System32\msvcrt.dll
0x00007fffaa8b0000 - 0x00007fffaa94c000 	C:\WINDOWS\System32\sechost.dll
0x00007fffa9360000 - 0x00007fffa948b000 	C:\WINDOWS\System32\RPCRT4.dll
0x00007fffa8b40000 - 0x00007fffa8ce0000 	C:\WINDOWS\System32\USER32.dll
0x00007fffa8820000 - 0x00007fffa8842000 	C:\WINDOWS\System32\win32u.dll
0x00007fffa96b0000 - 0x00007fffa96da000 	C:\WINDOWS\System32\GDI32.dll
0x00007fffa81e0000 - 0x00007fffa82e9000 	C:\WINDOWS\System32\gdi32full.dll
0x00007fffa8950000 - 0x00007fffa89ed000 	C:\WINDOWS\System32\msvcp_win.dll
0x00007fffa8850000 - 0x00007fffa8950000 	C:\WINDOWS\System32\ucrtbase.dll
0x00007fff85b60000 - 0x00007fff85dfb000 	C:\WINDOWS\WinSxS\amd64_microsoft.windows.common-controls_6595b64144ccf1df_6.0.19041.488_none_ca04af081b815d21\COMCTL32.dll
0x00007fffaa3c0000 - 0x00007fffaa3f0000 	C:\WINDOWS\System32\IMM32.DLL
0x00007fff90f80000 - 0x00007fff9106f000 	C:\Program Files\AdoptOpenJDK\jdk-8.0.252.09-hotspot\jre\bin\msvcr120.dll
0x00007fff8a320000 - 0x00007fff8a3c6000 	C:\Program Files\AdoptOpenJDK\jdk-8.0.252.09-hotspot\jre\bin\msvcp120.dll
0x00000000705e0000 - 0x0000000070dde000 	C:\Program Files\AdoptOpenJDK\jdk-8.0.252.09-hotspot\jre\bin\server\jvm.dll
0x00007fffaa8a0000 - 0x00007fffaa8a8000 	C:\WINDOWS\System32\PSAPI.DLL
0x00007fff9de20000 - 0x00007fff9de29000 	C:\WINDOWS\SYSTEM32\WSOCK32.dll
0x00007fffa9a40000 - 0x00007fffa9aab000 	C:\WINDOWS\System32\WS2_32.dll
0x00007fff9ff40000 - 0x00007fff9ff67000 	C:\WINDOWS\SYSTEM32\WINMM.dll
0x00007fff9ff70000 - 0x00007fff9ff7a000 	C:\WINDOWS\SYSTEM32\VERSION.dll
0x00007fff9f7b0000 - 0x00007fff9f7bf000 	C:\Program Files\AdoptOpenJDK\jdk-8.0.252.09-hotspot\jre\bin\verify.dll
0x00007fff988f0000 - 0x00007fff98918000 	C:\Program Files\AdoptOpenJDK\jdk-8.0.252.09-hotspot\jre\bin\java.dll
0x00007fff98c80000 - 0x00007fff98caa000 	C:\Program Files\AdoptOpenJDK\jdk-8.0.252.09-hotspot\jre\bin\instrument.dll
0x00007fff984a0000 - 0x00007fff984b6000 	C:\Program Files\AdoptOpenJDK\jdk-8.0.252.09-hotspot\jre\bin\zip.dll
0x00007fffa9c60000 - 0x00007fffaa3a2000 	C:\WINDOWS\System32\SHELL32.dll
0x00007fffa6240000 - 0x00007fffa69d5000 	C:\WINDOWS\SYSTEM32\windows.storage.dll
0x00007fffa96e0000 - 0x00007fffa9a36000 	C:\WINDOWS\System32\combase.dll
0x00007fffa7b40000 - 0x00007fffa7b6c000 	C:\WINDOWS\SYSTEM32\Wldp.dll
0x00007fffa9150000 - 0x00007fffa91fe000 	C:\WINDOWS\System32\SHCORE.dll
0x00007fffaa400000 - 0x00007fffaa455000 	C:\WINDOWS\System32\shlwapi.dll
0x00007fffa8000000 - 0x00007fffa8026000 	C:\WINDOWS\SYSTEM32\profapi.dll
0x00007fffa4c70000 - 0x00007fffa4c8a000 	C:\Program Files\JetBrains\IntelliJ IDEA Community Edition 2019.3.1\bin\breakgen64.dll
0x00007fff97640000 - 0x00007fff9765a000 	C:\Program Files\AdoptOpenJDK\jdk-8.0.252.09-hotspot\jre\bin\net.dll
0x00007fffa78c0000 - 0x00007fffa792a000 	C:\WINDOWS\system32\mswsock.dll
0x00007fff97620000 - 0x00007fff97632000 	C:\Program Files\AdoptOpenJDK\jdk-8.0.252.09-hotspot\jre\bin\nio.dll
0x00007fff8b220000 - 0x00007fff8b284000 	C:\Users\Peyton Hill\AppData\Local\Temp\lwjglPeyton Hill\3.2.3-build-13\lwjgl.dll
0x00007fff8a610000 - 0x00007fff8a672000 	C:\Users\PEYTON~1\AppData\Local\Temp\lwjglPeyton Hill\3.2.3-build-13\glfw.dll
0x00007fffa5ae0000 - 0x00007fffa5b7e000 	C:\WINDOWS\system32\uxtheme.dll
0x00007fff93230000 - 0x00007fff93275000 	C:\WINDOWS\SYSTEM32\dinput8.dll
0x00007fff98ae0000 - 0x00007fff98af1000 	C:\WINDOWS\SYSTEM32\xinput1_4.dll
0x00007fffa8500000 - 0x00007fffa854e000 	C:\WINDOWS\System32\cfgmgr32.dll
0x00007fffa7e80000 - 0x00007fffa7eac000 	C:\WINDOWS\SYSTEM32\DEVOBJ.dll
0x00007fffa5d50000 - 0x00007fffa5d7f000 	C:\WINDOWS\SYSTEM32\dwmapi.dll
0x00007fff8afd0000 - 0x00007fff8b122000 	C:\WINDOWS\SYSTEM32\inputhost.dll
0x00007fffaa4c0000 - 0x00007fffaa58d000 	C:\WINDOWS\System32\OLEAUT32.dll
0x00007fffa5560000 - 0x00007fffa5652000 	C:\WINDOWS\SYSTEM32\CoreMessaging.dll
0x00007fffa3ac0000 - 0x00007fffa3bb7000 	C:\WINDOWS\SYSTEM32\PROPSYS.dll
0x00007fffa3d30000 - 0x00007fffa3e86000 	C:\WINDOWS\SYSTEM32\wintypes.dll
0x00007fffa8480000 - 0x00007fffa8500000 	C:\WINDOWS\System32\bcryptPrimitives.dll
0x00007fffa4e80000 - 0x00007fffa51de000 	C:\WINDOWS\SYSTEM32\CoreUIComponents.dll
0x00007fffa6f30000 - 0x00007fffa6f63000 	C:\WINDOWS\SYSTEM32\ntmarta.dll
0x00007fffa6040000 - 0x00007fffa6052000 	C:\WINDOWS\SYSTEM32\kernel.appcore.dll
0x00007fffaa590000 - 0x00007fffaa6a6000 	C:\WINDOWS\System32\MSCTF.dll
0x00007fffa69e0000 - 0x00007fffa69ed000 	C:\WINDOWS\SYSTEM32\HID.DLL
0x00007fffa8ce0000 - 0x00007fffa9147000 	C:\WINDOWS\System32\SETUPAPI.DLL
0x00007fffa8450000 - 0x00007fffa8477000 	C:\WINDOWS\System32\bcrypt.dll
0x00007fffa8180000 - 0x00007fffa81e0000 	C:\WINDOWS\System32\WINTRUST.dll
0x00007fffa82f0000 - 0x00007fffa844d000 	C:\WINDOWS\System32\CRYPT32.dll
0x00007fffa7cc0000 - 0x00007fffa7cd2000 	C:\WINDOWS\SYSTEM32\MSASN1.dll
0x00007fff74b30000 - 0x00007fff74c55000 	C:\WINDOWS\SYSTEM32\opengl32.dll
0x00007fff978d0000 - 0x00007fff978fc000 	C:\WINDOWS\SYSTEM32\GLU32.dll
0x00007fffa9490000 - 0x00007fffa9539000 	C:\WINDOWS\System32\clbcatq.dll
0x00007fff97560000 - 0x00007fff9758a000 	C:\WINDOWS\System32\DriverStore\FileRepository\u0361134.inf_amd64_a6c18d8d6a47cb97\B361196\atig6pxx.dll
0x00007fff39850000 - 0x00007fff3c624000 	C:\WINDOWS\System32\DriverStore\FileRepository\u0361134.inf_amd64_a6c18d8d6a47cb97\B361196\atio6axx.dll
0x00007fffa8a10000 - 0x00007fffa8b3a000 	C:\WINDOWS\System32\ole32.dll
0x00007fff70750000 - 0x00007fff70774000 	C:\WINDOWS\SYSTEM32\dxva2.dll
0x00007fff91640000 - 0x00007fff9167c000 	C:\WINDOWS\System32\DriverStore\FileRepository\u0361134.inf_amd64_a6c18d8d6a47cb97\B361196\atig6txx.dll
0x00007fff77230000 - 0x00007fff773ef000 	C:\WINDOWS\SYSTEM32\atiadlxx.dll
0x00007fff82c10000 - 0x00007fff82c59000 	C:\WINDOWS\SYSTEM32\pdh.dll
0x00007fffa01e0000 - 0x00007fffa021b000 	C:\WINDOWS\SYSTEM32\dxcore.dll
0x00007fff8b2c0000 - 0x00007fff8b3bd000 	C:\WINDOWS\SYSTEM32\textinputframework.dll
0x00007fff91450000 - 0x00007fff914a9000 	C:\Users\Peyton Hill\AppData\Local\Temp\lwjglPeyton Hill\3.2.3-build-13\lwjgl_opengl.dll
0x00007fff76970000 - 0x00007fff76bc3000 	C:\Users\PEYTON~1\AppData\Local\Temp\lwjglPeyton Hill\3.2.3-build-13\jemalloc.dll
0x00007fff74f80000 - 0x00007fff75115000 	C:\Program Files\AdoptOpenJDK\jdk-8.0.252.09-hotspot\jre\bin\awt.dll
0x00007fffa58d0000 - 0x00007fffa5960000 	C:\WINDOWS\SYSTEM32\apphelp.dll
0x00007fffa7a90000 - 0x00007fffa7aa8000 	C:\WINDOWS\SYSTEM32\CRYPTSP.dll
0x00007fffa71e0000 - 0x00007fffa7214000 	C:\WINDOWS\system32\rsaenh.dll
0x00007fffa7f80000 - 0x00007fffa7fae000 	C:\WINDOWS\SYSTEM32\USERENV.dll
0x00007fffa7ab0000 - 0x00007fffa7abc000 	C:\WINDOWS\SYSTEM32\CRYPTBASE.dll
0x00007fffa7560000 - 0x00007fffa759b000 	C:\WINDOWS\SYSTEM32\IPHLPAPI.DLL
0x00007fffaa3f0000 - 0x00007fffaa3f8000 	C:\WINDOWS\System32\NSI.dll
0x00007fffa1ae0000 - 0x00007fffa1af7000 	C:\WINDOWS\SYSTEM32\dhcpcsvc6.DLL
0x00007fffa1cb0000 - 0x00007fffa1ccd000 	C:\WINDOWS\SYSTEM32\dhcpcsvc.DLL
0x00007fffa75b0000 - 0x00007fffa767b000 	C:\WINDOWS\SYSTEM32\DNSAPI.dll
0x00007fff8a280000 - 0x00007fff8a313000 	C:\Program Files\AdoptOpenJDK\jdk-8.0.252.09-hotspot\jre\bin\freetype.dll
0x00007fff76520000 - 0x00007fff765dd000 	C:\Program Files\AdoptOpenJDK\jdk-8.0.252.09-hotspot\jre\bin\fontmanager.dll
0x00007fff74ee0000 - 0x00007fff74f7d000 	C:\Program Files\obs-studio\data\obs-plugins\win-capture\graphics-hook64.dll
0x00007fffa4310000 - 0x00007fffa4574000 	C:\WINDOWS\system32\d3d11.dll
0x00007fffa6a20000 - 0x00007fffa6b13000 	C:\WINDOWS\SYSTEM32\dxgi.dll
0x00007fff9ff80000 - 0x00007fffa015b000 	C:\WINDOWS\System32\DriverStore\FileRepository\u0361134.inf_amd64_a6c18d8d6a47cb97\B361196\aticfx64.dll
0x00007fff9fce0000 - 0x00007fff9fd18000 	C:\WINDOWS\System32\DriverStore\FileRepository\u0361134.inf_amd64_a6c18d8d6a47cb97\B361196\atiuxp64.dll
0x00007fff9b940000 - 0x00007fff9d845000 	C:\WINDOWS\System32\DriverStore\FileRepository\u0361134.inf_amd64_a6c18d8d6a47cb97\B361196\atidxx64.dll
0x00007fff9fc80000 - 0x00007fff9fcb0000 	C:\WINDOWS\SYSTEM32\amdihk64.dll
0x00007fff98b80000 - 0x00007fff98ba3000 	C:\Program Files\AdoptOpenJDK\jdk-8.0.252.09-hotspot\jre\bin\sunec.dll
0x00007fff9aa90000 - 0x00007fff9aa9c000 	C:\Program Files\AdoptOpenJDK\jdk-8.0.252.09-hotspot\jre\bin\sunmscapi.dll
0x00007fffa7bb0000 - 0x00007fffa7bd7000 	C:\WINDOWS\SYSTEM32\ncrypt.dll
0x00007fffa7b70000 - 0x00007fffa7bab000 	C:\WINDOWS\SYSTEM32\NTASN1.dll
0x00007fffa4bb0000 - 0x00007fffa4bbd000 	C:\Program Files\AdoptOpenJDK\jdk-8.0.252.09-hotspot\jre\bin\management.dll
0x00007fff968a0000 - 0x00007fff968b7000 	C:\WINDOWS\system32\napinsp.dll
0x00007fff96880000 - 0x00007fff9689b000 	C:\WINDOWS\system32\pnrpnsp.dll
0x00007fff96430000 - 0x00007fff96445000 	C:\WINDOWS\system32\wshbth.dll
0x00007fffa42f0000 - 0x00007fffa430d000 	C:\WINDOWS\system32\NLAapi.dll
0x00007fff963c0000 - 0x00007fff963d2000 	C:\WINDOWS\System32\winrnr.dll
0x00007fff9e430000 - 0x00007fff9e43a000 	C:\Windows\System32\rasadhlp.dll
0x00007fff9e470000 - 0x00007fff9e4ef000 	C:\WINDOWS\System32\fwpuclnt.dll
0x00007fffa3e90000 - 0x00007fffa42ed000 	C:\WINDOWS\SYSTEM32\D3DCompiler_47.dll
0x00007fffa1e50000 - 0x00007fffa2034000 	C:\WINDOWS\SYSTEM32\dbghelp.dll

VM Arguments:
jvm_args: -javaagent:C:\Program Files\JetBrains\IntelliJ IDEA Community Edition 2019.3.1\lib\idea_rt.jar=55869:C:\Program Files\JetBrains\IntelliJ IDEA Community Edition 2019.3.1\bin -Dfile.encoding=UTF-8 
java_command: Hilligans.ClientMain
java_class_path (initial): C:\Program Files\AdoptOpenJDK\jdk-8.0.252.09-hotspot\jre\lib\charsets.jar;C:\Program Files\AdoptOpenJDK\jdk-8.0.252.09-hotspot\jre\lib\ext\access-bridge-64.jar;C:\Program Files\AdoptOpenJDK\jdk-8.0.252.09-hotspot\jre\lib\ext\cldrdata.jar;C:\Program Files\AdoptOpenJDK\jdk-8.0.252.09-hotspot\jre\lib\ext\dnsns.jar;C:\Program Files\AdoptOpenJDK\jdk-8.0.252.09-hotspot\jre\lib\ext\jaccess.jar;C:\Program Files\AdoptOpenJDK\jdk-8.0.252.09-hotspot\jre\lib\ext\localedata.jar;C:\Program Files\AdoptOpenJDK\jdk-8.0.252.09-hotspot\jre\lib\ext\nashorn.jar;C:\Program Files\AdoptOpenJDK\jdk-8.0.252.09-hotspot\jre\lib\ext\sunec.jar;C:\Program Files\AdoptOpenJDK\jdk-8.0.252.09-hotspot\jre\lib\ext\sunjce_provider.jar;C:\Program Files\AdoptOpenJDK\jdk-8.0.252.09-hotspot\jre\lib\ext\sunmscapi.jar;C:\Program Files\AdoptOpenJDK\jdk-8.0.252.09-hotspot\jre\lib\ext\sunpkcs11.jar;C:\Program Files\AdoptOpenJDK\jdk-8.0.252.09-hotspot\jre\lib\ext\zipfs.jar;C:\Program Files\AdoptOpenJDK\jdk-8.0.252.09-hotspot\jre\lib\jce.jar;C:\Program Files\AdoptOpenJDK\jdk-8.0.252.09-hotspot\jre\lib\jsse.jar;C:\Program Files\AdoptOpenJDK\jdk-8.0.252.09-hotspot\jre\lib\management-agent.jar;C:\Program Files\AdoptOpenJDK\jdk-8.0.252.09-hotspot\jre\lib\resources.jar;C:\Program Files\AdoptOpenJDK\jdk-8.0.252.09-hotspot\jre\lib\rt.jar;C:\Users\Peyton Hill\IdeaProjects\Ourcraft\target\classes;C:\Users\Peyton Hill\.m2\repository\org\lwjgl\lwjgl\3.2.3\lwjgl-3.2.3.jar;C:\Users\Peyton Hill\.m2\repository\org\lwjgl\lwjgl-assimp\3.2.3\lwjgl-assimp-3.2.3.jar;C:\Users\Peyton Hill\.m2\repository\org\lwjgl\lwjgl-bgfx\3.2.3\lwjgl-bgfx-3.2.3.jar;C:\Users\Peyton Hill\.m2\repository\org\lwjgl\lwjgl-cuda\3.2.3\lwjgl-cuda-3.2.3.jar;C:\Users\Peyton Hill\.m2\repository\org\lwjgl\lwjgl-egl\3.2.3\lwjgl-egl-3.2.3.jar;C:\Users\Peyton Hill\.m2\repository\org\lwjgl\lwjgl-glfw\3.2.3\lwjgl-glfw-3.2.3.jar;C:\Users\Peyton Hill\.m2\repository\org\lwjgl\lwjgl-jawt\3.2.3\lwjgl-jawt-3.2.3.jar;C:\Users\Peyton Hill\.m2\repo
Launcher Type: SUN_STANDARD

Environment Variables:
JAVA_HOME=C:\Program Files\AdoptOpenJDK\jdk-15.0.2.7-hotspot
JRE_HOME=C:\Program Files\Java\jdk-15.0.2
PATH=C:\Program Files\AdoptOpenJDK\jdk-15.0.2.7-hotspot\bin;C:\ProgramData\Oracle\Java\javapath;C:\Program Files (x86)\Common Files\Oracle\Java\javapath;C:\Program Files\AdoptOpenJDK\jdk-8.0.252.09-hotspot\bin;C:\WINDOWS\system32;C:\WINDOWS;C:\WINDOWS\System32\Wbem;C:\WINDOWS\System32\WindowsPowerShell\v1.0\;C:\WINDOWS\System32\OpenSSH\;C:\Program Files\Git\cmd;C:\Users\Peyton Hill\AppData\Local\Microsoft\WindowsApps;C:\Users\Peyton Hill\AppData\Local\Programs\Microsoft VS Code\bin;C:\Users\Peyton Hill\AppData\Local\Microsoft\WindowsApps;C:\Users\Peyton Hill\AppData\Local\GitHubDesktop\bin
USERNAME=Peyton Hill
OS=Windows_NT
PROCESSOR_IDENTIFIER=AMD64 Family 23 Model 8 Stepping 2, AuthenticAMD



---------------  S Y S T E M  ---------------

OS: Windows 10.0 , 64 bit Build 19041 (10.0.19041.662)

CPU:total 16 (initial active 16) (16 cores per cpu, 1 threads per core) family 23 model 8 stepping 2, cmov, cx8, fxsr, mmx, sse, sse2, sse3, ssse3, sse4.1, sse4.2, popcnt, avx, avx2, aes, clmul, mmxext, 3dnowpref, lzcnt, sse4a, tsc, tscinvbit, tscinv, bmi1

Memory: 4k page, physical 33504108k(21377368k free), swap 58669932k(34279888k free)

vm_info: OpenJDK 64-Bit Server VM (25.252-b09) for windows-amd64 JRE (1.8.0_252-b09), built on Apr 22 2020 09:32:45 by "jenkins" with MS VC++ 12.0 (VS2013)

time: Sat Feb 06 04:34:54 2021
timezone: Eastern Standard Time
elapsed time: 31 seconds (0d 0h 0m 31s)

