#
# A fatal error has been detected by the Java Runtime Environment:
#
#  EXCEPTION_ACCESS_VIOLATION (0xc0000005) at pc=0x0000000000000000, pid=16484, tid=0x0000000000005468
#
# JRE version: OpenJDK Runtime Environment (8.0_252-b09) (build 1.8.0_252-b09)
# Java VM: OpenJDK 64-Bit Server VM (25.252-b09 mixed mode windows-amd64 compressed oops)
# Problematic frame:
# C  0x0000000000000000
#
# Failed to write core dump. Minidumps are not enabled by default on client versions of Windows
#
# If you would like to submit a bug report, please visit:
#   http://bugreport.java.com/bugreport/crash.jsp
#

---------------  T H R E A D  ---------------

Current thread (0x000001afafd17800):  VMThread [stack: 0x0000000e6cf00000,0x0000000e6d000000] [id=21608]

siginfo: ExceptionCode=0xc0000005, ExceptionInformation=0x0000000000000008 0x0000000000000000

Registers:
RAX=0x0000000000000000, RBX=0x0000000000000000, RCX=0x0000000000000001, RDX=0x00007fff769fc470
RSP=0x0000000e6cfff278, RBP=0x00007fff769fc400, RSI=0x0000000000020000, RDI=0x0000000000000000
R8 =0x0000000e6bf49000, R9 =0x000000000000000e, R10=0x0000000000000000, R11=0x000001afb52f6830
R12=0x00007fff74c0dc30, R13=0x0000000000000000, R14=0x00007fff74b30000, R15=0x0000000000000001
RIP=0x0000000000000000, EFLAGS=0x0000000000010202

Top of Stack: (sp=0x0000000e6cfff278)
0x0000000e6cfff278:   00007fff76978ff5 0000000000000000
0x0000000e6cfff288:   00007fff769fc400 0000000000000000
0x0000000e6cfff298:   0000000000020000 000001af8b9cbb20
0x0000000e6cfff2a8:   00007fff7697a624 0000000000000000
0x0000000e6cfff2b8:   000001af8b9cbb20 0000000000020000
0x0000000e6cfff2c8:   000001afb3540c28 0000000000000001
0x0000000e6cfff2d8:   00007fff74b36e3e 0000000000000001
0x0000000e6cfff2e8:   0000000000000000 0000000000000000
0x0000000e6cfff2f8:   00007fffa94ad83e 0000000000000001
0x0000000e6cfff308:   00007fff74b37286 0000000000000000
0x0000000e6cfff318:   000001af8b9cbb20 0000000000000001
0x0000000e6cfff328:   0000000000000001 0000000000000000
0x0000000e6cfff338:   00007fff74c0dd6f 0000000000000001
0x0000000e6cfff348:   000001af8b9cbb20 0000000000000001
0x0000000e6cfff358:   00007fff931d0000 0000000000000001
0x0000000e6cfff368:   00007fff931dc4d8 0000000000000001 

Instructions: (pc=0x0000000000000000)
0xffffffffffffffe0:   


Register to memory mapping:

RAX=0x0000000000000000 is an unknown value
RBX=0x0000000000000000 is an unknown value
RCX=0x0000000000000001 is an unknown value
RDX=0x00007fff769fc470 is an unknown value
RSP=0x0000000e6cfff278 is an unknown value
RBP=0x00007fff769fc400 is an unknown value
RSI=0x0000000000020000 is an unknown value
RDI=0x0000000000000000 is an unknown value
R8 =0x0000000e6bf49000 is an unknown value
R9 =0x000000000000000e is an unknown value
R10=0x0000000000000000 is an unknown value
R11=0x000001afb52f6830 is an unknown value
R12=0x00007fff74c0dc30 is an unknown value
R13=0x0000000000000000 is an unknown value
R14=0x00007fff74b30000 is an unknown value
R15=0x0000000000000001 is an unknown value


Stack: [0x0000000e6cf00000,0x0000000e6d000000],  sp=0x0000000e6cfff278,  free space=1020k
Native frames: (J=compiled Java code, j=interpreted, Vv=VM code, C=native code)

VM_Operation (0x0000000e6e8fe6a0): Exit, mode: safepoint, requested by thread 0x000001afb52c5000


---------------  P R O C E S S  ---------------

Java Threads: ( => current thread )
  0x000001afb52c5000 JavaThread "nioEventLoopGroup-2-1" [_thread_blocked, id=23176, stack(0x0000000e6e800000,0x0000000e6e900000)]
  0x000001afbbb84800 JavaThread "pool-1-thread-1" [_thread_blocked, id=16876, stack(0x0000000e6e700000,0x0000000e6e800000)]
  0x000001afb52a2000 JavaThread "Java2D Disposer" daemon [_thread_blocked, id=5888, stack(0x0000000e6e600000,0x0000000e6e700000)]
  0x000001afb303e000 JavaThread "Service Thread" daemon [_thread_blocked, id=10044, stack(0x0000000e6e100000,0x0000000e6e200000)]
  0x000001afb2fcd000 JavaThread "C1 CompilerThread11" daemon [_thread_blocked, id=9672, stack(0x0000000e6e000000,0x0000000e6e100000)]
  0x000001afb2fcb800 JavaThread "C1 CompilerThread10" daemon [_thread_blocked, id=21152, stack(0x0000000e6df00000,0x0000000e6e000000)]
  0x000001afb2fcb000 JavaThread "C1 CompilerThread9" daemon [_thread_blocked, id=12992, stack(0x0000000e6de00000,0x0000000e6df00000)]
  0x000001afb2fd0000 JavaThread "C1 CompilerThread8" daemon [_thread_blocked, id=4048, stack(0x0000000e6dd00000,0x0000000e6de00000)]
  0x000001afb2fae000 JavaThread "C2 CompilerThread7" daemon [_thread_blocked, id=2232, stack(0x0000000e6dc00000,0x0000000e6dd00000)]
  0x000001afb2e04800 JavaThread "C2 CompilerThread6" daemon [_thread_blocked, id=19328, stack(0x0000000e6db00000,0x0000000e6dc00000)]
  0x000001afb2e04000 JavaThread "C2 CompilerThread5" daemon [_thread_blocked, id=2344, stack(0x0000000e6da00000,0x0000000e6db00000)]
  0x000001afb2e02000 JavaThread "C2 CompilerThread4" daemon [_thread_blocked, id=10740, stack(0x0000000e6d900000,0x0000000e6da00000)]
  0x000001afb2df5000 JavaThread "C2 CompilerThread3" daemon [_thread_blocked, id=27000, stack(0x0000000e6d800000,0x0000000e6d900000)]
  0x000001afb2df4800 JavaThread "C2 CompilerThread2" daemon [_thread_blocked, id=25104, stack(0x0000000e6d700000,0x0000000e6d800000)]
  0x000001afb2df2000 JavaThread "C2 CompilerThread1" daemon [_thread_blocked, id=14612, stack(0x0000000e6d600000,0x0000000e6d700000)]
  0x000001afb2de7000 JavaThread "C2 CompilerThread0" daemon [_thread_blocked, id=13984, stack(0x0000000e6d500000,0x0000000e6d600000)]
  0x000001afb2de5800 JavaThread "Monitor Ctrl-Break" daemon [_thread_in_native, id=7740, stack(0x0000000e6d400000,0x0000000e6d500000)]
  0x000001afb2a6d000 JavaThread "Attach Listener" daemon [_thread_blocked, id=26488, stack(0x0000000e6d300000,0x0000000e6d400000)]
  0x000001afb2a6a800 JavaThread "Signal Dispatcher" daemon [_thread_blocked, id=18456, stack(0x0000000e6d200000,0x0000000e6d300000)]
  0x000001afafd28000 JavaThread "Finalizer" daemon [_thread_blocked, id=18228, stack(0x0000000e6d100000,0x0000000e6d200000)]
  0x000001afafd21800 JavaThread "Reference Handler" daemon [_thread_blocked, id=17788, stack(0x0000000e6d000000,0x0000000e6d100000)]
  0x000001af8b9a9000 JavaThread "main" [_thread_blocked, id=20668, stack(0x0000000e6c100000,0x0000000e6c200000)]

Other Threads:
=>0x000001afafd17800 VMThread [stack: 0x0000000e6cf00000,0x0000000e6d000000] [id=21608]

VM state:at safepoint (shutting down)

VM Mutex/Monitor currently owned by a thread:  ([mutex/lock_event])
[0x000001af8b9a5c10] Threads_lock - owner thread: 0x000001afafd17800

heap address: 0x00000005c0c00000, size: 8180 MB, Compressed Oops mode: Zero based, Oop shift amount: 3
Narrow klass base: 0x0000000000000000, Narrow klass shift: 3
Compressed class space size: 1073741824 Address: 0x00000007c0000000

Heap:
 PSYoungGen      total 993792K, used 431642K [0x0000000715980000, 0x0000000767480000, 0x00000007c0000000)
  eden space 895488K, 48% used [0x0000000715980000,0x000000072fe8e9e0,0x000000074c400000)
  from space 98304K, 0% used [0x000000074c400000,0x000000074c478000,0x0000000752400000)
  to   space 97280K, 0% used [0x0000000761580000,0x0000000761580000,0x0000000767480000)
 ParOldGen       total 343040K, used 203328K [0x00000005c0c00000, 0x00000005d5b00000, 0x0000000715980000)
  object space 343040K, 59% used [0x00000005c0c00000,0x00000005cd2903e0,0x00000005d5b00000)
 Metaspace       used 23359K, capacity 23653K, committed 24064K, reserved 1071104K
  class space    used 2181K, capacity 2289K, committed 2304K, reserved 1048576K

Card table byte_map: [0x000001af9c740000,0x000001af9d740000] byte_map_base: 0x000001af9993a000

Marking Bits: (ParMarkBitMap*) 0x0000000070d65010
 Begin Bits: [0x000001af9e1f0000, 0x000001afa61c0000)
 End Bits:   [0x000001afa61c0000, 0x000001afae190000)

Polling page: 0x000001af8bb30000

CodeCache: size=245760Kb used=12904Kb max_used=13672Kb free=232855Kb
 bounds [0x000001af8d380000, 0x000001af8e0f0000, 0x000001af9c380000]
 total_blobs=4489 nmethods=3321 adapters=1079
 compilation: enabled

Compilation events (10 events):
Event: 36.752 Thread 0x000001afb2df5000 3551       4       org.lwjgl.glfw.GLFW::glfwPollEvents (12 bytes)
Event: 36.752 Thread 0x000001afb2fae000 3553       4       Hilligans.ClientMain::render (145 bytes)
Event: 36.752 Thread 0x000001afb2df2000 3552       4       org.lwjgl.glfw.EventLoop$OnScreen::check (1 bytes)
Event: 36.752 Thread 0x000001afb2df5000 nmethod 3551 0x000001af8d8ff890 code [0x000001af8d8ff9e0, 0x000001af8d8ffa48]
Event: 36.752 Thread 0x000001afb2df2000 nmethod 3552 0x000001af8d641e50 code [0x000001af8d641f80, 0x000001af8d641fb8]
Event: 36.753 Thread 0x000001afb2e02000 nmethod 3547 0x000001af8d994d50 code [0x000001af8d994f00, 0x000001af8d9953f8]
Event: 36.787 Thread 0x000001afb2fae000 nmethod 3553 0x000001af8d957890 code [0x000001af8d957da0, 0x000001af8d959c70]
Event: 36.995 Thread 0x000001afb2fcb000 3554       1       java.util.Hashtable::access$500 (5 bytes)
Event: 36.995 Thread 0x000001afb2fd0000 3555       3       java.util.logging.LogManager$LoggerContext::ensureDefaultLogger (70 bytes)
Event: 36.995 Thread 0x000001afb2fcb000 nmethod 3554 0x000001af8d9a8c50 code [0x000001af8d9a8da0, 0x000001af8d9a8e98]

GC Heap History (10 events):
Event: 8.728 GC heap before
{Heap before GC invocations=11 (full 2):
 PSYoungGen      total 564224K, used 68960K [0x0000000715980000, 0x000000074f180000, 0x00000007c0000000)
  eden space 470016K, 0% used [0x0000000715980000,0x0000000715980000,0x0000000732480000)
  from space 94208K, 73% used [0x0000000732480000,0x00000007367d8000,0x0000000738080000)
  to   space 100352K, 0% used [0x0000000748f80000,0x0000000748f80000,0x000000074f180000)
 ParOldGen       total 141824K, used 111518K [0x00000005c0c00000, 0x00000005c9680000, 0x0000000715980000)
  object space 141824K, 78% used [0x00000005c0c00000,0x00000005c78e7888,0x00000005c9680000)
 Metaspace       used 23204K, capacity 23519K, committed 23808K, reserved 1071104K
  class space    used 2167K, capacity 2288K, committed 2304K, reserved 1048576K
Event: 9.023 GC heap after
Heap after GC invocations=11 (full 2):
 PSYoungGen      total 564224K, used 33813K [0x0000000715980000, 0x000000074f180000, 0x00000007c0000000)
  eden space 470016K, 0% used [0x0000000715980000,0x0000000715980000,0x0000000732480000)
  from space 94208K, 35% used [0x0000000732480000,0x0000000734585550,0x0000000738080000)
  to   space 100352K, 0% used [0x0000000748f80000,0x0000000748f80000,0x000000074f180000)
 ParOldGen       total 343040K, used 141744K [0x00000005c0c00000, 0x00000005d5b00000, 0x0000000715980000)
  object space 343040K, 41% used [0x00000005c0c00000,0x00000005c966c3e0,0x00000005d5b00000)
 Metaspace       used 23204K, capacity 23519K, committed 23808K, reserved 1071104K
  class space    used 2167K, capacity 2288K, committed 2304K, reserved 1048576K
}
Event: 12.158 GC heap before
{Heap before GC invocations=12 (full 2):
 PSYoungGen      total 564224K, used 503829K [0x0000000715980000, 0x000000074f180000, 0x00000007c0000000)
  eden space 470016K, 100% used [0x0000000715980000,0x0000000732480000,0x0000000732480000)
  from space 94208K, 35% used [0x0000000732480000,0x0000000734585550,0x0000000738080000)
  to   space 100352K, 0% used [0x0000000748f80000,0x0000000748f80000,0x000000074f180000)
 ParOldGen       total 343040K, used 141744K [0x00000005c0c00000, 0x00000005d5b00000, 0x0000000715980000)
  object space 343040K, 41% used [0x00000005c0c00000,0x00000005c966c3e0,0x00000005d5b00000)
 Metaspace       used 23204K, capacity 23519K, committed 23808K, reserved 1071104K
  class space    used 2167K, capacity 2288K, committed 2304K, reserved 1048576K
Event: 12.192 GC heap after
Heap after GC invocations=12 (full 2):
 PSYoungGen      total 690176K, used 31840K [0x0000000715980000, 0x000000074af00000, 0x00000007c0000000)
  eden space 657920K, 0% used [0x0000000715980000,0x0000000715980000,0x000000073dc00000)
  from space 32256K, 98% used [0x0000000748f80000,0x000000074ae98000,0x000000074af00000)
  to   space 96256K, 0% used [0x000000073f300000,0x000000073f300000,0x0000000745100000)
 ParOldGen       total 343040K, used 171544K [0x00000005c0c00000, 0x00000005d5b00000, 0x0000000715980000)
  object space 343040K, 50% used [0x00000005c0c00000,0x00000005cb3863e0,0x00000005d5b00000)
 Metaspace       used 23204K, capacity 23519K, committed 23808K, reserved 1071104K
  class space    used 2167K, capacity 2288K, committed 2304K, reserved 1048576K
}
Event: 18.616 GC heap before
{Heap before GC invocations=13 (full 2):
 PSYoungGen      total 690176K, used 689760K [0x0000000715980000, 0x000000074af00000, 0x00000007c0000000)
  eden space 657920K, 100% used [0x0000000715980000,0x000000073dc00000,0x000000073dc00000)
  from space 32256K, 98% used [0x0000000748f80000,0x000000074ae98000,0x000000074af00000)
  to   space 96256K, 0% used [0x000000073f300000,0x000000073f300000,0x0000000745100000)
 ParOldGen       total 343040K, used 171544K [0x00000005c0c00000, 0x00000005d5b00000, 0x0000000715980000)
  object space 343040K, 50% used [0x00000005c0c00000,0x00000005cb3863e0,0x00000005d5b00000)
 Metaspace       used 23309K, capacity 23583K, committed 23808K, reserved 1071104K
  class space    used 2172K, capacity 2288K, committed 2304K, reserved 1048576K
Event: 18.637 GC heap after
Heap after GC invocations=13 (full 2):
 PSYoungGen      total 777728K, used 685K [0x0000000715980000, 0x0000000758380000, 0x00000007c0000000)
  eden space 681472K, 0% used [0x0000000715980000,0x0000000715980000,0x000000073f300000)
  from space 96256K, 0% used [0x000000073f300000,0x000000073f3ab5c8,0x0000000745100000)
  to   space 97792K, 0% used [0x0000000752400000,0x0000000752400000,0x0000000758380000)
 ParOldGen       total 343040K, used 203160K [0x00000005c0c00000, 0x00000005d5b00000, 0x0000000715980000)
  object space 343040K, 59% used [0x00000005c0c00000,0x00000005cd2663e0,0x00000005d5b00000)
 Metaspace       used 23309K, capacity 23583K, committed 23808K, reserved 1071104K
  class space    used 2172K, capacity 2288K, committed 2304K, reserved 1048576K
}
Event: 25.135 GC heap before
{Heap before GC invocations=14 (full 2):
 PSYoungGen      total 777728K, used 682157K [0x0000000715980000, 0x0000000758380000, 0x00000007c0000000)
  eden space 681472K, 100% used [0x0000000715980000,0x000000073f300000,0x000000073f300000)
  from space 96256K, 0% used [0x000000073f300000,0x000000073f3ab5c8,0x0000000745100000)
  to   space 97792K, 0% used [0x0000000752400000,0x0000000752400000,0x0000000758380000)
 ParOldGen       total 343040K, used 203160K [0x00000005c0c00000, 0x00000005d5b00000, 0x0000000715980000)
  object space 343040K, 59% used [0x00000005c0c00000,0x00000005cd2663e0,0x00000005d5b00000)
 Metaspace       used 23314K, capacity 23651K, committed 24064K, reserved 1071104K
  class space    used 2172K, capacity 2288K, committed 2304K, reserved 1048576K
Event: 25.137 GC heap after
Heap after GC invocations=14 (full 2):
 PSYoungGen      total 993280K, used 480K [0x0000000715980000, 0x0000000758800000, 0x00000007c0000000)
  eden space 895488K, 0% used [0x0000000715980000,0x0000000715980000,0x000000074c400000)
  from space 97792K, 0% used [0x0000000752400000,0x0000000752478000,0x0000000758380000)
  to   space 98304K, 0% used [0x000000074c400000,0x000000074c400000,0x0000000752400000)
 ParOldGen       total 343040K, used 203248K [0x00000005c0c00000, 0x00000005d5b00000, 0x0000000715980000)
  object space 343040K, 59% used [0x00000005c0c00000,0x00000005cd27c3e0,0x00000005d5b00000)
 Metaspace       used 23314K, capacity 23651K, committed 24064K, reserved 1071104K
  class space    used 2172K, capacity 2288K, committed 2304K, reserved 1048576K
}
Event: 33.785 GC heap before
{Heap before GC invocations=15 (full 2):
 PSYoungGen      total 993280K, used 895968K [0x0000000715980000, 0x0000000758800000, 0x00000007c0000000)
  eden space 895488K, 100% used [0x0000000715980000,0x000000074c400000,0x000000074c400000)
  from space 97792K, 0% used [0x0000000752400000,0x0000000752478000,0x0000000758380000)
  to   space 98304K, 0% used [0x000000074c400000,0x000000074c400000,0x0000000752400000)
 ParOldGen       total 343040K, used 203248K [0x00000005c0c00000, 0x00000005d5b00000, 0x0000000715980000)
  object space 343040K, 59% used [0x00000005c0c00000,0x00000005cd27c3e0,0x00000005d5b00000)
 Metaspace       used 23316K, capacity 23651K, committed 24064K, reserved 1071104K
  class space    used 2172K, capacity 2288K, committed 2304K, reserved 1048576K
Event: 33.789 GC heap after
Heap after GC invocations=15 (full 2):
 PSYoungGen      total 993792K, used 480K [0x0000000715980000, 0x0000000767480000, 0x00000007c0000000)
  eden space 895488K, 0% used [0x0000000715980000,0x0000000715980000,0x000000074c400000)
  from space 98304K, 0% used [0x000000074c400000,0x000000074c478000,0x0000000752400000)
  to   space 97280K, 0% used [0x0000000761580000,0x0000000761580000,0x0000000767480000)
 ParOldGen       total 343040K, used 203328K [0x00000005c0c00000, 0x00000005d5b00000, 0x0000000715980000)
  object space 343040K, 59% used [0x00000005c0c00000,0x00000005cd2903e0,0x00000005d5b00000)
 Metaspace       used 23316K, capacity 23651K, committed 24064K, reserved 1071104K
  class space    used 2172K, capacity 2288K, committed 2304K, reserved 1048576K
}

Deoptimization events (10 events):
Event: 13.144 Thread 0x000001afb52c5000 Uncommon trap: reason=unstable_if action=reinterpret pc=0x000001af8e023e88 method=io.netty.util.internal.shaded.org.jctools.queues.BaseMpscLinkedArrayQueue.poll()Ljava/lang/Object; @ 43
Event: 13.637 Thread 0x000001afb52c5000 Uncommon trap: reason=unstable_if action=reinterpret pc=0x000001af8df792b4 method=com.sun.crypto.provider.GCTR.doFinal([BII[BI)I @ 45
Event: 36.990 Thread 0x000001afb52c5000 Uncommon trap: reason=unstable_if action=reinterpret pc=0x000001af8dfd1110 method=sun.security.ssl.EngineWriter.isOutboundDone()Z @ 4
Event: 36.990 Thread 0x000001afb52c5000 Uncommon trap: reason=unstable_if action=reinterpret pc=0x000001af8de15094 method=sun.security.ssl.EngineWriter.hasOutboundDataInternal()Z @ 7
Event: 36.990 Thread 0x000001afb52c5000 Uncommon trap: reason=unstable_if action=reinterpret pc=0x000001af8e050170 method=io.netty.handler.ssl.SslHandler.wrap(Lio/netty/channel/ChannelHandlerContext;Z)V @ 125
Event: 36.990 Thread 0x000001afb52c5000 Uncommon trap: reason=unstable_if action=reinterpret pc=0x000001af8df3f394 method=io.netty.util.concurrent.DefaultPromise.isSuccess()Z @ 20
Event: 36.991 Thread 0x000001afb52c5000 Uncommon trap: reason=unstable_if action=reinterpret pc=0x000001af8df62c20 method=io.netty.handler.ssl.SslHandler.finishWrap(Lio/netty/channel/ChannelHandlerContext;Lio/netty/buffer/ByteBuf;Lio/netty/channel/ChannelPromise;ZZ)V @ 28
Event: 36.992 Thread 0x000001afb52c5000 Uncommon trap: reason=unstable_if action=reinterpret pc=0x000001af8df50c84 method=io.netty.channel.socket.nio.NioSocketChannel.isActive()Z @ 9
Event: 36.993 Thread 0x000001afb52c5000 Uncommon trap: reason=class_check action=maybe_recompile pc=0x000001af8df3c378 method=io.netty.util.concurrent.DefaultPromise.notifyListenersNow()V @ 66
Event: 36.993 Thread 0x000001af8b9a9000 Uncommon trap: reason=unstable_if action=reinterpret pc=0x000001af8df378e8 method=io.netty.channel.DefaultChannelPipeline.incrementPendingOutboundBytes(J)V @ 16

Classes redefined (0 events):
No events

Internal exceptions (10 events):
Event: 3.933 Thread 0x000001af8b9a9000 Exception <a 'java/lang/NoClassDefFoundError': org/apache/log4j/Priority> (0x000000071d666bf8) thrown at [J:\jenkins\tmp\workspace\build\src\hotspot\src\share\vm\classfile\systemDictionary.cpp, line 199]
Event: 4.603 Thread 0x000001af8b9a9000 Implicit null exception at 0x000001af8da397c4 to 0x000001af8da399d9
Event: 4.668 Thread 0x000001afb52c5000 Exception <a 'java/lang/ArrayIndexOutOfBoundsException'> (0x000000071638d3f8) thrown at [J:\jenkins\tmp\workspace\build\src\hotspot\src\share\vm\runtime\sharedRuntime.cpp, line 605]
Event: 4.668 Thread 0x000001afb52c5000 Exception <a 'java/lang/ArrayIndexOutOfBoundsException'> (0x000000071638ec88) thrown at [J:\jenkins\tmp\workspace\build\src\hotspot\src\share\vm\runtime\sharedRuntime.cpp, line 605]
Event: 4.668 Thread 0x000001afb52c5000 Exception <a 'java/lang/ArrayIndexOutOfBoundsException'> (0x0000000716392398) thrown at [J:\jenkins\tmp\workspace\build\src\hotspot\src\share\vm\runtime\sharedRuntime.cpp, line 605]
Event: 4.671 Thread 0x000001afb52c5000 Exception <a 'java/lang/ArrayIndexOutOfBoundsException'> (0x00000007163ba838) thrown at [J:\jenkins\tmp\workspace\build\src\hotspot\src\share\vm\runtime\sharedRuntime.cpp, line 605]
Event: 4.671 Thread 0x000001afb52c5000 Exception <a 'java/lang/ArrayIndexOutOfBoundsException'> (0x00000007163bb700) thrown at [J:\jenkins\tmp\workspace\build\src\hotspot\src\share\vm\runtime\sharedRuntime.cpp, line 605]
Event: 4.798 Thread 0x000001afb52c5000 Implicit null exception at 0x000001af8d9b7968 to 0x000001af8d9b7a21
Event: 6.232 Thread 0x000001afbbb84800 Implicit null exception at 0x000001af8df2865b to 0x000001af8df2954d
Event: 6.233 Thread 0x000001afb52c5000 Implicit null exception at 0x000001af8dd25aec to 0x000001af8dd25d39

Events (10 events):
Event: 36.994 loading class java/util/IdentityHashMap$KeyIterator done
Event: 36.994 Thread 0x000001afbb8c5000 Thread added: 0x000001afbb8c5000
Event: 36.994 Thread 0x000001afb2fce000 Thread added: 0x000001afb2fce000
Event: 36.994 loading class java/util/WeakHashMap$KeyIterator
Event: 36.995 loading class java/util/WeakHashMap$HashIterator
Event: 36.995 Thread 0x000001afbb8c5000 Thread exited: 0x000001afbb8c5000
Event: 36.995 loading class java/util/WeakHashMap$HashIterator done
Event: 36.995 loading class java/util/WeakHashMap$KeyIterator done
Event: 36.995 Thread 0x000001afb2fce000 Thread exited: 0x000001afb2fce000
Event: 36.995 Executing VM operation: Exit


Dynamic libraries:
0x00007ff7dd210000 - 0x00007ff7dd24a000 	C:\Program Files\AdoptOpenJDK\jdk-8.0.252.09-hotspot\bin\java.exe
0x00007fffaa990000 - 0x00007fffaab86000 	C:\WINDOWS\SYSTEM32\ntdll.dll
0x00007fff9f020000 - 0x00007fff9f032000 	C:\Program Files\AVAST Software\Avast\aswhook.dll
0x00007fffa9200000 - 0x00007fffa92bd000 	C:\WINDOWS\System32\KERNEL32.DLL
0x00007fffa8550000 - 0x00007fffa8819000 	C:\WINDOWS\System32\KERNELBASE.dll
0x00007fffaa790000 - 0x00007fffaa83c000 	C:\WINDOWS\System32\ADVAPI32.dll
0x00007fffa92c0000 - 0x00007fffa935e000 	C:\WINDOWS\System32\msvcrt.dll
0x00007fffaa8b0000 - 0x00007fffaa94c000 	C:\WINDOWS\System32\sechost.dll
0x00007fffa9360000 - 0x00007fffa948b000 	C:\WINDOWS\System32\RPCRT4.dll
0x00007fffa8b40000 - 0x00007fffa8ce0000 	C:\WINDOWS\System32\USER32.dll
0x00007fffa8820000 - 0x00007fffa8842000 	C:\WINDOWS\System32\win32u.dll
0x00007fffa96b0000 - 0x00007fffa96da000 	C:\WINDOWS\System32\GDI32.dll
0x00007fffa81e0000 - 0x00007fffa82e9000 	C:\WINDOWS\System32\gdi32full.dll
0x00007fffa8950000 - 0x00007fffa89ed000 	C:\WINDOWS\System32\msvcp_win.dll
0x00007fffa8850000 - 0x00007fffa8950000 	C:\WINDOWS\System32\ucrtbase.dll
0x00007fff85b60000 - 0x00007fff85dfb000 	C:\WINDOWS\WinSxS\amd64_microsoft.windows.common-controls_6595b64144ccf1df_6.0.19041.488_none_ca04af081b815d21\COMCTL32.dll
0x00007fffaa3c0000 - 0x00007fffaa3f0000 	C:\WINDOWS\System32\IMM32.DLL
0x00007fff90f80000 - 0x00007fff9106f000 	C:\Program Files\AdoptOpenJDK\jdk-8.0.252.09-hotspot\jre\bin\msvcr120.dll
0x00007fff8a320000 - 0x00007fff8a3c6000 	C:\Program Files\AdoptOpenJDK\jdk-8.0.252.09-hotspot\jre\bin\msvcp120.dll
0x00000000705e0000 - 0x0000000070dde000 	C:\Program Files\AdoptOpenJDK\jdk-8.0.252.09-hotspot\jre\bin\server\jvm.dll
0x00007fffaa8a0000 - 0x00007fffaa8a8000 	C:\WINDOWS\System32\PSAPI.DLL
0x00007fff9de20000 - 0x00007fff9de29000 	C:\WINDOWS\SYSTEM32\WSOCK32.dll
0x00007fffa9a40000 - 0x00007fffa9aab000 	C:\WINDOWS\System32\WS2_32.dll
0x00007fff9ff40000 - 0x00007fff9ff67000 	C:\WINDOWS\SYSTEM32\WINMM.dll
0x00007fff9ff70000 - 0x00007fff9ff7a000 	C:\WINDOWS\SYSTEM32\VERSION.dll
0x00007fff9f7b0000 - 0x00007fff9f7bf000 	C:\Program Files\AdoptOpenJDK\jdk-8.0.252.09-hotspot\jre\bin\verify.dll
0x00007fff988f0000 - 0x00007fff98918000 	C:\Program Files\AdoptOpenJDK\jdk-8.0.252.09-hotspot\jre\bin\java.dll
0x00007fff97560000 - 0x00007fff9758a000 	C:\Program Files\AdoptOpenJDK\jdk-8.0.252.09-hotspot\jre\bin\instrument.dll
0x00007fff984a0000 - 0x00007fff984b6000 	C:\Program Files\AdoptOpenJDK\jdk-8.0.252.09-hotspot\jre\bin\zip.dll
0x00007fffa9c60000 - 0x00007fffaa3a2000 	C:\WINDOWS\System32\SHELL32.dll
0x00007fffa6240000 - 0x00007fffa69d5000 	C:\WINDOWS\SYSTEM32\windows.storage.dll
0x00007fffa96e0000 - 0x00007fffa9a36000 	C:\WINDOWS\System32\combase.dll
0x00007fffa7b40000 - 0x00007fffa7b6c000 	C:\WINDOWS\SYSTEM32\Wldp.dll
0x00007fffa9150000 - 0x00007fffa91fe000 	C:\WINDOWS\System32\SHCORE.dll
0x00007fffaa400000 - 0x00007fffaa455000 	C:\WINDOWS\System32\shlwapi.dll
0x00007fffa8000000 - 0x00007fffa8026000 	C:\WINDOWS\SYSTEM32\profapi.dll
0x00007fff978b0000 - 0x00007fff978ca000 	C:\Program Files\JetBrains\IntelliJ IDEA Community Edition 2019.3.1\bin\breakgen64.dll
0x00007fff97640000 - 0x00007fff9765a000 	C:\Program Files\AdoptOpenJDK\jdk-8.0.252.09-hotspot\jre\bin\net.dll
0x00007fffa78c0000 - 0x00007fffa792a000 	C:\WINDOWS\system32\mswsock.dll
0x00007fff97620000 - 0x00007fff97632000 	C:\Program Files\AdoptOpenJDK\jdk-8.0.252.09-hotspot\jre\bin\nio.dll
0x00007fff8a610000 - 0x00007fff8a674000 	C:\Users\Peyton Hill\AppData\Local\Temp\lwjglPeyton Hill\3.2.3-build-13\lwjgl.dll
0x00007fff8a2b0000 - 0x00007fff8a312000 	C:\Users\PEYTON~1\AppData\Local\Temp\lwjglPeyton Hill\3.2.3-build-13\glfw.dll
0x00007fffa5ae0000 - 0x00007fffa5b7e000 	C:\WINDOWS\system32\uxtheme.dll
0x00007fff91460000 - 0x00007fff914a5000 	C:\WINDOWS\SYSTEM32\dinput8.dll
0x00007fff93230000 - 0x00007fff93241000 	C:\WINDOWS\SYSTEM32\xinput1_4.dll
0x00007fffa8500000 - 0x00007fffa854e000 	C:\WINDOWS\System32\cfgmgr32.dll
0x00007fffa7e80000 - 0x00007fffa7eac000 	C:\WINDOWS\SYSTEM32\DEVOBJ.dll
0x00007fffa5d50000 - 0x00007fffa5d7f000 	C:\WINDOWS\SYSTEM32\dwmapi.dll
0x00007fff8afd0000 - 0x00007fff8b122000 	C:\WINDOWS\SYSTEM32\inputhost.dll
0x00007fffaa4c0000 - 0x00007fffaa58d000 	C:\WINDOWS\System32\OLEAUT32.dll
0x00007fffa5560000 - 0x00007fffa5652000 	C:\WINDOWS\SYSTEM32\CoreMessaging.dll
0x00007fffa3ac0000 - 0x00007fffa3bb7000 	C:\WINDOWS\SYSTEM32\PROPSYS.dll
0x00007fffa3d30000 - 0x00007fffa3e86000 	C:\WINDOWS\SYSTEM32\wintypes.dll
0x00007fffa8480000 - 0x00007fffa8500000 	C:\WINDOWS\System32\bcryptPrimitives.dll
0x00007fffa4e80000 - 0x00007fffa51de000 	C:\WINDOWS\SYSTEM32\CoreUIComponents.dll
0x00007fffa6f30000 - 0x00007fffa6f63000 	C:\WINDOWS\SYSTEM32\ntmarta.dll
0x00007fffa6040000 - 0x00007fffa6052000 	C:\WINDOWS\SYSTEM32\kernel.appcore.dll
0x00007fffaa590000 - 0x00007fffaa6a6000 	C:\WINDOWS\System32\MSCTF.dll
0x00007fffa69e0000 - 0x00007fffa69ed000 	C:\WINDOWS\SYSTEM32\HID.DLL
0x00007fffa8ce0000 - 0x00007fffa9147000 	C:\WINDOWS\System32\SETUPAPI.DLL
0x00007fffa8450000 - 0x00007fffa8477000 	C:\WINDOWS\System32\bcrypt.dll
0x00007fffa8180000 - 0x00007fffa81e0000 	C:\WINDOWS\System32\WINTRUST.dll
0x00007fffa82f0000 - 0x00007fffa844d000 	C:\WINDOWS\System32\CRYPT32.dll
0x00007fffa7cc0000 - 0x00007fffa7cd2000 	C:\WINDOWS\SYSTEM32\MSASN1.dll
0x00007fff74b30000 - 0x00007fff74c55000 	C:\WINDOWS\SYSTEM32\opengl32.dll
0x00007fff978d0000 - 0x00007fff978fc000 	C:\WINDOWS\SYSTEM32\GLU32.dll
0x00007fffa9490000 - 0x00007fffa9539000 	C:\WINDOWS\System32\clbcatq.dll
0x00007fff931d0000 - 0x00007fff931fa000 	C:\WINDOWS\System32\DriverStore\FileRepository\u0361134.inf_amd64_a6c18d8d6a47cb97\B361196\atig6pxx.dll
0x00007fff39850000 - 0x00007fff3c624000 	C:\WINDOWS\System32\DriverStore\FileRepository\u0361134.inf_amd64_a6c18d8d6a47cb97\B361196\atio6axx.dll
0x00007fffa8a10000 - 0x00007fffa8b3a000 	C:\WINDOWS\System32\ole32.dll
0x00007fff70750000 - 0x00007fff70774000 	C:\WINDOWS\SYSTEM32\dxva2.dll
0x00007fff908c0000 - 0x00007fff908fc000 	C:\WINDOWS\System32\DriverStore\FileRepository\u0361134.inf_amd64_a6c18d8d6a47cb97\B361196\atig6txx.dll
0x00007fff76a10000 - 0x00007fff76bcf000 	C:\WINDOWS\SYSTEM32\atiadlxx.dll
0x00007fff82c10000 - 0x00007fff82c59000 	C:\WINDOWS\SYSTEM32\pdh.dll
0x00007fffa01e0000 - 0x00007fffa021b000 	C:\WINDOWS\SYSTEM32\dxcore.dll
0x00007fff8b2c0000 - 0x00007fff8b3bd000 	C:\WINDOWS\SYSTEM32\textinputframework.dll
0x00007fff89fc0000 - 0x00007fff8a019000 	C:\Users\Peyton Hill\AppData\Local\Temp\lwjglPeyton Hill\3.2.3-build-13\lwjgl_opengl.dll
0x00007fff710a0000 - 0x00007fff712f3000 	C:\Users\PEYTON~1\AppData\Local\Temp\lwjglPeyton Hill\3.2.3-build-13\jemalloc.dll
0x00007fff729d0000 - 0x00007fff72b65000 	C:\Program Files\AdoptOpenJDK\jdk-8.0.252.09-hotspot\jre\bin\awt.dll
0x00007fffa58d0000 - 0x00007fffa5960000 	C:\WINDOWS\SYSTEM32\apphelp.dll
0x00007fffa7a90000 - 0x00007fffa7aa8000 	C:\WINDOWS\SYSTEM32\CRYPTSP.dll
0x00007fffa71e0000 - 0x00007fffa7214000 	C:\WINDOWS\system32\rsaenh.dll
0x00007fffa7f80000 - 0x00007fffa7fae000 	C:\WINDOWS\SYSTEM32\USERENV.dll
0x00007fffa7ab0000 - 0x00007fffa7abc000 	C:\WINDOWS\SYSTEM32\CRYPTBASE.dll
0x00007fffa7560000 - 0x00007fffa759b000 	C:\WINDOWS\SYSTEM32\IPHLPAPI.DLL
0x00007fffaa3f0000 - 0x00007fffaa3f8000 	C:\WINDOWS\System32\NSI.dll
0x00007fffa1ae0000 - 0x00007fffa1af7000 	C:\WINDOWS\SYSTEM32\dhcpcsvc6.DLL
0x00007fffa1cb0000 - 0x00007fffa1ccd000 	C:\WINDOWS\SYSTEM32\dhcpcsvc.DLL
0x00007fffa75b0000 - 0x00007fffa767b000 	C:\WINDOWS\SYSTEM32\DNSAPI.dll
0x00007fff77290000 - 0x00007fff77323000 	C:\Program Files\AdoptOpenJDK\jdk-8.0.252.09-hotspot\jre\bin\freetype.dll
0x00007fff76520000 - 0x00007fff765dd000 	C:\Program Files\AdoptOpenJDK\jdk-8.0.252.09-hotspot\jre\bin\fontmanager.dll
0x00007fff93250000 - 0x00007fff93273000 	C:\Program Files\AdoptOpenJDK\jdk-8.0.252.09-hotspot\jre\bin\sunec.dll
0x00007fff9aa90000 - 0x00007fff9aa9c000 	C:\Program Files\AdoptOpenJDK\jdk-8.0.252.09-hotspot\jre\bin\sunmscapi.dll
0x00007fffa7bb0000 - 0x00007fffa7bd7000 	C:\WINDOWS\SYSTEM32\ncrypt.dll
0x00007fffa7b70000 - 0x00007fffa7bab000 	C:\WINDOWS\SYSTEM32\NTASN1.dll
0x00007fffa4bb0000 - 0x00007fffa4bbd000 	C:\Program Files\AdoptOpenJDK\jdk-8.0.252.09-hotspot\jre\bin\management.dll
0x00007fff968a0000 - 0x00007fff968b7000 	C:\WINDOWS\system32\napinsp.dll
0x00007fff96880000 - 0x00007fff9689b000 	C:\WINDOWS\system32\pnrpnsp.dll
0x00007fff96430000 - 0x00007fff96445000 	C:\WINDOWS\system32\wshbth.dll
0x00007fffa42f0000 - 0x00007fffa430d000 	C:\WINDOWS\system32\NLAapi.dll
0x00007fff963c0000 - 0x00007fff963d2000 	C:\WINDOWS\System32\winrnr.dll
0x00007fff9e430000 - 0x00007fff9e43a000 	C:\Windows\System32\rasadhlp.dll
0x00007fff9e470000 - 0x00007fff9e4ef000 	C:\WINDOWS\System32\fwpuclnt.dll
0x00007fff76970000 - 0x00007fff76a0d000 	C:\Program Files\obs-studio\data\obs-plugins\win-capture\graphics-hook64.dll
0x00007fffa4310000 - 0x00007fffa4574000 	C:\WINDOWS\system32\d3d11.dll
0x00007fffa6a20000 - 0x00007fffa6b13000 	C:\WINDOWS\SYSTEM32\dxgi.dll
0x00007fff9ff80000 - 0x00007fffa015b000 	C:\WINDOWS\System32\DriverStore\FileRepository\u0361134.inf_amd64_a6c18d8d6a47cb97\B361196\aticfx64.dll
0x00007fff9fce0000 - 0x00007fff9fd18000 	C:\WINDOWS\System32\DriverStore\FileRepository\u0361134.inf_amd64_a6c18d8d6a47cb97\B361196\atiuxp64.dll
0x00007fff9b940000 - 0x00007fff9d845000 	C:\WINDOWS\System32\DriverStore\FileRepository\u0361134.inf_amd64_a6c18d8d6a47cb97\B361196\atidxx64.dll
0x00007fff9fc80000 - 0x00007fff9fcb0000 	C:\WINDOWS\SYSTEM32\amdihk64.dll
0x00007fffa3e90000 - 0x00007fffa42ed000 	C:\WINDOWS\SYSTEM32\D3DCompiler_47.dll
0x00007fffa1e50000 - 0x00007fffa2034000 	C:\WINDOWS\SYSTEM32\dbghelp.dll

VM Arguments:
jvm_args: -javaagent:C:\Program Files\JetBrains\IntelliJ IDEA Community Edition 2019.3.1\lib\idea_rt.jar=54021:C:\Program Files\JetBrains\IntelliJ IDEA Community Edition 2019.3.1\bin -Dfile.encoding=UTF-8 
java_command: Hilligans.ClientMain
java_class_path (initial): C:\Program Files\AdoptOpenJDK\jdk-8.0.252.09-hotspot\jre\lib\charsets.jar;C:\Program Files\AdoptOpenJDK\jdk-8.0.252.09-hotspot\jre\lib\ext\access-bridge-64.jar;C:\Program Files\AdoptOpenJDK\jdk-8.0.252.09-hotspot\jre\lib\ext\cldrdata.jar;C:\Program Files\AdoptOpenJDK\jdk-8.0.252.09-hotspot\jre\lib\ext\dnsns.jar;C:\Program Files\AdoptOpenJDK\jdk-8.0.252.09-hotspot\jre\lib\ext\jaccess.jar;C:\Program Files\AdoptOpenJDK\jdk-8.0.252.09-hotspot\jre\lib\ext\localedata.jar;C:\Program Files\AdoptOpenJDK\jdk-8.0.252.09-hotspot\jre\lib\ext\nashorn.jar;C:\Program Files\AdoptOpenJDK\jdk-8.0.252.09-hotspot\jre\lib\ext\sunec.jar;C:\Program Files\AdoptOpenJDK\jdk-8.0.252.09-hotspot\jre\lib\ext\sunjce_provider.jar;C:\Program Files\AdoptOpenJDK\jdk-8.0.252.09-hotspot\jre\lib\ext\sunmscapi.jar;C:\Program Files\AdoptOpenJDK\jdk-8.0.252.09-hotspot\jre\lib\ext\sunpkcs11.jar;C:\Program Files\AdoptOpenJDK\jdk-8.0.252.09-hotspot\jre\lib\ext\zipfs.jar;C:\Program Files\AdoptOpenJDK\jdk-8.0.252.09-hotspot\jre\lib\jce.jar;C:\Program Files\AdoptOpenJDK\jdk-8.0.252.09-hotspot\jre\lib\jsse.jar;C:\Program Files\AdoptOpenJDK\jdk-8.0.252.09-hotspot\jre\lib\management-agent.jar;C:\Program Files\AdoptOpenJDK\jdk-8.0.252.09-hotspot\jre\lib\resources.jar;C:\Program Files\AdoptOpenJDK\jdk-8.0.252.09-hotspot\jre\lib\rt.jar;C:\Users\Peyton Hill\IdeaProjects\Ourcraft\target\classes;C:\Users\Peyton Hill\.m2\repository\org\lwjgl\lwjgl\3.2.3\lwjgl-3.2.3.jar;C:\Users\Peyton Hill\.m2\repository\org\lwjgl\lwjgl-assimp\3.2.3\lwjgl-assimp-3.2.3.jar;C:\Users\Peyton Hill\.m2\repository\org\lwjgl\lwjgl-bgfx\3.2.3\lwjgl-bgfx-3.2.3.jar;C:\Users\Peyton Hill\.m2\repository\org\lwjgl\lwjgl-cuda\3.2.3\lwjgl-cuda-3.2.3.jar;C:\Users\Peyton Hill\.m2\repository\org\lwjgl\lwjgl-egl\3.2.3\lwjgl-egl-3.2.3.jar;C:\Users\Peyton Hill\.m2\repository\org\lwjgl\lwjgl-glfw\3.2.3\lwjgl-glfw-3.2.3.jar;C:\Users\Peyton Hill\.m2\repository\org\lwjgl\lwjgl-jawt\3.2.3\lwjgl-jawt-3.2.3.jar;C:\Users\Peyton Hill\.m2\repo
Launcher Type: SUN_STANDARD

Environment Variables:
JAVA_HOME=C:\Program Files\AdoptOpenJDK\jdk-15.0.2.7-hotspot
JRE_HOME=C:\Program Files\Java\jdk-15.0.2
PATH=C:\Program Files\AdoptOpenJDK\jdk-15.0.2.7-hotspot\bin;C:\ProgramData\Oracle\Java\javapath;C:\Program Files (x86)\Common Files\Oracle\Java\javapath;C:\Program Files\AdoptOpenJDK\jdk-8.0.252.09-hotspot\bin;C:\WINDOWS\system32;C:\WINDOWS;C:\WINDOWS\System32\Wbem;C:\WINDOWS\System32\WindowsPowerShell\v1.0\;C:\WINDOWS\System32\OpenSSH\;C:\Program Files\Git\cmd;C:\Users\Peyton Hill\AppData\Local\Microsoft\WindowsApps;C:\Users\Peyton Hill\AppData\Local\Programs\Microsoft VS Code\bin;C:\Users\Peyton Hill\AppData\Local\Microsoft\WindowsApps;C:\Users\Peyton Hill\AppData\Local\GitHubDesktop\bin
USERNAME=Peyton Hill
OS=Windows_NT
PROCESSOR_IDENTIFIER=AMD64 Family 23 Model 8 Stepping 2, AuthenticAMD



---------------  S Y S T E M  ---------------

OS: Windows 10.0 , 64 bit Build 19041 (10.0.19041.662)

CPU:total 16 (initial active 16) (16 cores per cpu, 1 threads per core) family 23 model 8 stepping 2, cmov, cx8, fxsr, mmx, sse, sse2, sse3, ssse3, sse4.1, sse4.2, popcnt, avx, avx2, aes, clmul, mmxext, 3dnowpref, lzcnt, sse4a, tsc, tscinvbit, tscinv, bmi1

Memory: 4k page, physical 33504108k(21207188k free), swap 58669932k(33885472k free)

vm_info: OpenJDK 64-Bit Server VM (25.252-b09) for windows-amd64 JRE (1.8.0_252-b09), built on Apr 22 2020 09:32:45 by "jenkins" with MS VC++ 12.0 (VS2013)

time: Sat Feb 06 04:21:33 2021
timezone: Eastern Standard Time
elapsed time: 37 seconds (0d 0h 0m 37s)

