#
# A fatal error has been detected by the Java Runtime Environment:
#
#  EXCEPTION_ACCESS_VIOLATION (0xc0000005) at pc=0x0000000000000000, pid=1944, tid=0x0000000000001444
#
# JRE version: OpenJDK Runtime Environment (8.0_252-b09) (build 1.8.0_252-b09)
# Java VM: OpenJDK 64-Bit Server VM (25.252-b09 mixed mode windows-amd64 compressed oops)
# Problematic frame:
# C  0x0000000000000000
#
# Failed to write core dump. Minidumps are not enabled by default on client versions of Windows
#
# If you would like to submit a bug report, please visit:
#   http://bugreport.java.com/bugreport/crash.jsp
#

---------------  T H R E A D  ---------------

Current thread (0x000002f736c85800):  VMThread [stack: 0x000000fe41400000,0x000000fe41500000] [id=5188]

siginfo: ExceptionCode=0xc0000005, ExceptionInformation=0x0000000000000008 0x0000000000000000

Registers:
RAX=0x0000000000000000, RBX=0x0000000000000000, RCX=0x0000000000000001, RDX=0x00007fff74f6c470
RSP=0x000000fe414fec18, RBP=0x00007fff74f6c400, RSI=0x0000000000020000, RDI=0x0000000000000000
R8 =0x000000fe405da000, R9 =0x000000000000000e, R10=0x0000000000000000, R11=0x000002f743170c00
R12=0x00007fff74c0dc30, R13=0x0000000000000000, R14=0x00007fff74b30000, R15=0x0000000000000001
RIP=0x0000000000000000, EFLAGS=0x0000000000010202

Top of Stack: (sp=0x000000fe414fec18)
0x000000fe414fec18:   00007fff74ee8ff5 0000000000000000
0x000000fe414fec28:   00007fff74f6c400 0000000000000000
0x000000fe414fec38:   0000000000020000 000002f7129dce80
0x000000fe414fec48:   00007fff74eea624 0000000000000000
0x000000fe414fec58:   000002f7129dce80 0000000000020000
0x000000fe414fec68:   000002f73a48eed8 0000000000000001
0x000000fe414fec78:   00007fff74b36e3e 0000000000000001
0x000000fe414fec88:   0000000000000000 0000000000000000
0x000000fe414fec98:   00007fffa94ad83e 0000000000000001
0x000000fe414feca8:   00007fff74b37286 0000000000000000
0x000000fe414fecb8:   000002f7129dce80 0000000000000001
0x000000fe414fecc8:   0000000000000001 0000000000000000
0x000000fe414fecd8:   00007fff74c0dd6f 0000000000000001
0x000000fe414fece8:   000002f7129dce80 0000000000000001
0x000000fe414fecf8:   00007fff93250000 0000000000000001
0x000000fe414fed08:   00007fff9325c4d8 0000000000000001 

Instructions: (pc=0x0000000000000000)
0xffffffffffffffe0:   


Register to memory mapping:

RAX=0x0000000000000000 is an unknown value
RBX=0x0000000000000000 is an unknown value
RCX=0x0000000000000001 is an unknown value
RDX=0x00007fff74f6c470 is an unknown value
RSP=0x000000fe414fec18 is an unknown value
RBP=0x00007fff74f6c400 is an unknown value
RSI=0x0000000000020000 is an unknown value
RDI=0x0000000000000000 is an unknown value
R8 =0x000000fe405da000 is an unknown value
R9 =0x000000000000000e is an unknown value
R10=0x0000000000000000 is an unknown value
R11=0x000002f743170c00 is an unknown value
R12=0x00007fff74c0dc30 is an unknown value
R13=0x0000000000000000 is an unknown value
R14=0x00007fff74b30000 is an unknown value
R15=0x0000000000000001 is an unknown value


Stack: [0x000000fe41400000,0x000000fe41500000],  sp=0x000000fe414fec18,  free space=1019k
Native frames: (J=compiled Java code, j=interpreted, Vv=VM code, C=native code)

VM_Operation (0x000000fe42dfe4f0): Exit, mode: safepoint, requested by thread 0x000002f7430a2800


---------------  P R O C E S S  ---------------

Java Threads: ( => current thread )
  0x000002f7430a2800 JavaThread "nioEventLoopGroup-2-1" [_thread_blocked, id=20992, stack(0x000000fe42d00000,0x000000fe42e00000)]
  0x000002f742bb6800 JavaThread "pool-1-thread-1" [_thread_blocked, id=13256, stack(0x000000fe42c00000,0x000000fe42d00000)]
  0x000002f73c329000 JavaThread "Java2D Disposer" daemon [_thread_blocked, id=2564, stack(0x000000fe42b00000,0x000000fe42c00000)]
  0x000002f739f62800 JavaThread "Service Thread" daemon [_thread_blocked, id=15972, stack(0x000000fe42600000,0x000000fe42700000)]
  0x000002f739f35000 JavaThread "C1 CompilerThread11" daemon [_thread_blocked, id=17936, stack(0x000000fe42500000,0x000000fe42600000)]
  0x000002f739f32000 JavaThread "C1 CompilerThread10" daemon [_thread_blocked, id=15120, stack(0x000000fe42400000,0x000000fe42500000)]
  0x000002f739f18000 JavaThread "C1 CompilerThread9" daemon [_thread_blocked, id=26064, stack(0x000000fe42300000,0x000000fe42400000)]
  0x000002f739f07800 JavaThread "C1 CompilerThread8" daemon [_thread_blocked, id=14592, stack(0x000000fe42200000,0x000000fe42300000)]
  0x000002f739d46800 JavaThread "C2 CompilerThread7" daemon [_thread_blocked, id=17968, stack(0x000000fe42100000,0x000000fe42200000)]
  0x000002f739d43800 JavaThread "C2 CompilerThread6" daemon [_thread_blocked, id=21596, stack(0x000000fe42000000,0x000000fe42100000)]
  0x000002f739d43000 JavaThread "C2 CompilerThread5" daemon [_thread_blocked, id=25620, stack(0x000000fe41f00000,0x000000fe42000000)]
  0x000002f739d5d000 JavaThread "C2 CompilerThread4" daemon [_thread_blocked, id=23464, stack(0x000000fe41e00000,0x000000fe41f00000)]
  0x000002f739d35000 JavaThread "C2 CompilerThread3" daemon [_thread_blocked, id=2236, stack(0x000000fe41d00000,0x000000fe41e00000)]
  0x000002f739d34800 JavaThread "C2 CompilerThread2" daemon [_thread_blocked, id=5600, stack(0x000000fe41c00000,0x000000fe41d00000)]
  0x000002f739d31800 JavaThread "C2 CompilerThread1" daemon [_thread_blocked, id=17028, stack(0x000000fe41b00000,0x000000fe41c00000)]
  0x000002f739d27000 JavaThread "C2 CompilerThread0" daemon [_thread_blocked, id=24940, stack(0x000000fe41a00000,0x000000fe41b00000)]
  0x000002f739d25800 JavaThread "Monitor Ctrl-Break" daemon [_thread_in_native, id=26908, stack(0x000000fe41900000,0x000000fe41a00000)]
  0x000002f7399ac000 JavaThread "Attach Listener" daemon [_thread_blocked, id=2520, stack(0x000000fe41800000,0x000000fe41900000)]
  0x000002f7399a9800 JavaThread "Signal Dispatcher" daemon [_thread_blocked, id=16092, stack(0x000000fe41700000,0x000000fe41800000)]
  0x000002f736c96000 JavaThread "Finalizer" daemon [_thread_blocked, id=832, stack(0x000000fe41600000,0x000000fe41700000)]
  0x000002f736c8f800 JavaThread "Reference Handler" daemon [_thread_blocked, id=23868, stack(0x000000fe41500000,0x000000fe41600000)]
  0x000002f7129b9000 JavaThread "main" [_thread_blocked, id=17952, stack(0x000000fe40600000,0x000000fe40700000)]

Other Threads:
=>0x000002f736c85800 VMThread [stack: 0x000000fe41400000,0x000000fe41500000] [id=5188]

VM state:at safepoint (shutting down)

VM Mutex/Monitor currently owned by a thread:  ([mutex/lock_event])
[0x000002f7129b6890] Threads_lock - owner thread: 0x000002f736c85800

heap address: 0x00000005c0c00000, size: 8180 MB, Compressed Oops mode: Zero based, Oop shift amount: 3
Narrow klass base: 0x0000000000000000, Narrow klass shift: 3
Compressed class space size: 1073741824 Address: 0x00000007c0000000

Heap:
 PSYoungGen      total 487936K, used 378693K [0x0000000715980000, 0x0000000752f80000, 0x00000007c0000000)
  eden space 407552K, 73% used [0x0000000715980000,0x0000000727cd96c8,0x000000072e780000)
  from space 80384K, 99% used [0x000000072e780000,0x00000007335f8020,0x0000000733600000)
  to   space 105984K, 0% used [0x000000074c800000,0x000000074c800000,0x0000000752f80000)
 ParOldGen       total 141824K, used 99345K [0x00000005c0c00000, 0x00000005c9680000, 0x0000000715980000)
  object space 141824K, 70% used [0x00000005c0c00000,0x00000005c6d04650,0x00000005c9680000)
 Metaspace       used 23252K, capacity 23521K, committed 23808K, reserved 1071104K
  class space    used 2178K, capacity 2289K, committed 2304K, reserved 1048576K

Card table byte_map: [0x000002f723750000,0x000002f724750000] byte_map_base: 0x000002f72094a000

Marking Bits: (ParMarkBitMap*) 0x0000000070d65010
 Begin Bits: [0x000002f725200000, 0x000002f72d1d0000)
 End Bits:   [0x000002f72d1d0000, 0x000002f7351a0000)

Polling page: 0x000002f712ab0000

CodeCache: size=245760Kb used=12618Kb max_used=12663Kb free=233141Kb
 bounds [0x000002f714390000, 0x000002f715010000, 0x000002f723390000]
 total_blobs=4472 nmethods=3305 adapters=1078
 compilation: enabled

Compilation events (10 events):
Event: 7.731 Thread 0x000002f739f35000 nmethod 3302 0x000002f714fb1d90 code [0x000002f714fb1f20, 0x000002f714fb2478]
Event: 7.731 Thread 0x000002f739f07800 nmethod 3304 0x000002f714fb1310 code [0x000002f714fb14c0, 0x000002f714fb1ab0]
Event: 7.731 Thread 0x000002f739f32000 nmethod 3303 0x000002f714f98210 code [0x000002f714f983a0, 0x000002f714f987f0]
Event: 7.801 Thread 0x000002f739d5d000 nmethod 3293 0x000002f714fee190 code [0x000002f714fee6a0, 0x000002f714ff70e8]
Event: 8.127 Thread 0x000002f739d43800 3305       4       sun.misc.FloatingDecimal$BinaryToASCIIBuffer::dtoa (1509 bytes)
Event: 8.147 Thread 0x000002f739d35000 3306       4       io.netty.channel.AbstractChannelHandlerContext::executor (22 bytes)
Event: 8.148 Thread 0x000002f739d35000 nmethod 3306 0x000002f714fcd550 code [0x000002f714fcd6a0, 0x000002f714fcd798]
Event: 8.148 Thread 0x000002f739f18000 3307       1       java.util.Hashtable::access$500 (5 bytes)
Event: 8.148 Thread 0x000002f739f07800 3308       3       java.util.logging.LogManager$LoggerContext::ensureDefaultLogger (70 bytes)
Event: 8.148 Thread 0x000002f739f18000 nmethod 3307 0x000002f714f974d0 code [0x000002f714f97620, 0x000002f714f97718]

GC Heap History (10 events):
Event: 3.843 GC heap before
{Heap before GC invocations=4 (full 1):
 PSYoungGen      total 153088K, used 131584K [0x0000000715980000, 0x0000000720400000, 0x00000007c0000000)
  eden space 131584K, 100% used [0x0000000715980000,0x000000071da00000,0x000000071da00000)
  from space 21504K, 0% used [0x000000071ef00000,0x000000071ef00000,0x0000000720400000)
  to   space 21504K, 0% used [0x000000071da00000,0x000000071da00000,0x000000071ef00000)
 ParOldGen       total 141824K, used 10189K [0x00000005c0c00000, 0x00000005c9680000, 0x0000000715980000)
  object space 141824K, 7% used [0x00000005c0c00000,0x00000005c15f3788,0x00000005c9680000)
 Metaspace       used 23131K, capacity 23455K, committed 23808K, reserved 1071104K
  class space    used 2167K, capacity 2288K, committed 2304K, reserved 1048576K
Event: 3.853 GC heap after
Heap after GC invocations=4 (full 1):
 PSYoungGen      total 153088K, used 21488K [0x0000000715980000, 0x0000000725600000, 0x00000007c0000000)
  eden space 131584K, 0% used [0x0000000715980000,0x0000000715980000,0x000000071da00000)
  from space 21504K, 99% used [0x000000071da00000,0x000000071eefc250,0x000000071ef00000)
  to   space 21504K, 0% used [0x0000000724100000,0x0000000724100000,0x0000000725600000)
 ParOldGen       total 141824K, used 19190K [0x00000005c0c00000, 0x00000005c9680000, 0x0000000715980000)
  object space 141824K, 13% used [0x00000005c0c00000,0x00000005c1ebd9c0,0x00000005c9680000)
 Metaspace       used 23131K, capacity 23455K, committed 23808K, reserved 1071104K
  class space    used 2167K, capacity 2288K, committed 2304K, reserved 1048576K
}
Event: 3.931 GC heap before
{Heap before GC invocations=5 (full 1):
 PSYoungGen      total 153088K, used 153069K [0x0000000715980000, 0x0000000725600000, 0x00000007c0000000)
  eden space 131584K, 99% used [0x0000000715980000,0x000000071d9ff360,0x000000071da00000)
  from space 21504K, 99% used [0x000000071da00000,0x000000071eefc250,0x000000071ef00000)
  to   space 21504K, 0% used [0x0000000724100000,0x0000000724100000,0x0000000725600000)
 ParOldGen       total 141824K, used 19190K [0x00000005c0c00000, 0x00000005c9680000, 0x0000000715980000)
  object space 141824K, 13% used [0x00000005c0c00000,0x00000005c1ebd9c0,0x00000005c9680000)
 Metaspace       used 23162K, capacity 23455K, committed 23808K, reserved 1071104K
  class space    used 2167K, capacity 2288K, committed 2304K, reserved 1048576K
Event: 3.951 GC heap after
Heap after GC invocations=5 (full 1):
 PSYoungGen      total 237056K, used 21487K [0x0000000715980000, 0x0000000727a80000, 0x00000007c0000000)
  eden space 215552K, 0% used [0x0000000715980000,0x0000000715980000,0x0000000722c00000)
  from space 21504K, 99% used [0x0000000724100000,0x00000007255fbfc0,0x0000000725600000)
  to   space 21504K, 0% used [0x0000000722c00000,0x0000000722c00000,0x0000000724100000)
 ParOldGen       total 141824K, used 42390K [0x00000005c0c00000, 0x00000005c9680000, 0x0000000715980000)
  object space 141824K, 29% used [0x00000005c0c00000,0x00000005c35659c0,0x00000005c9680000)
 Metaspace       used 23162K, capacity 23455K, committed 23808K, reserved 1071104K
  class space    used 2167K, capacity 2288K, committed 2304K, reserved 1048576K
}
Event: 4.064 GC heap before
{Heap before GC invocations=6 (full 1):
 PSYoungGen      total 237056K, used 237039K [0x0000000715980000, 0x0000000727a80000, 0x00000007c0000000)
  eden space 215552K, 100% used [0x0000000715980000,0x0000000722c00000,0x0000000722c00000)
  from space 21504K, 99% used [0x0000000724100000,0x00000007255fbfc0,0x0000000725600000)
  to   space 21504K, 0% used [0x0000000722c00000,0x0000000722c00000,0x0000000724100000)
 ParOldGen       total 141824K, used 42390K [0x00000005c0c00000, 0x00000005c9680000, 0x0000000715980000)
  object space 141824K, 29% used [0x00000005c0c00000,0x00000005c35659c0,0x00000005c9680000)
 Metaspace       used 23182K, capacity 23519K, committed 23808K, reserved 1071104K
  class space    used 2167K, capacity 2288K, committed 2304K, reserved 1048576K
Event: 4.093 GC heap after
Heap after GC invocations=6 (full 1):
 PSYoungGen      total 237056K, used 21488K [0x0000000715980000, 0x0000000737800000, 0x00000007c0000000)
  eden space 215552K, 0% used [0x0000000715980000,0x0000000715980000,0x0000000722c00000)
  from space 21504K, 99% used [0x0000000722c00000,0x00000007240fc260,0x0000000724100000)
  to   space 67584K, 0% used [0x0000000733600000,0x0000000733600000,0x0000000737800000)
 ParOldGen       total 141824K, used 79417K [0x00000005c0c00000, 0x00000005c9680000, 0x0000000715980000)
  object space 141824K, 55% used [0x00000005c0c00000,0x00000005c598e650,0x00000005c9680000)
 Metaspace       used 23182K, capacity 23519K, committed 23808K, reserved 1071104K
  class space    used 2167K, capacity 2288K, committed 2304K, reserved 1048576K
}
Event: 4.205 GC heap before
{Heap before GC invocations=7 (full 1):
 PSYoungGen      total 237056K, used 237040K [0x0000000715980000, 0x0000000737800000, 0x00000007c0000000)
  eden space 215552K, 100% used [0x0000000715980000,0x0000000722c00000,0x0000000722c00000)
  from space 21504K, 99% used [0x0000000722c00000,0x00000007240fc260,0x0000000724100000)
  to   space 67584K, 0% used [0x0000000733600000,0x0000000733600000,0x0000000737800000)
 ParOldGen       total 141824K, used 79417K [0x00000005c0c00000, 0x00000005c9680000, 0x0000000715980000)
  object space 141824K, 55% used [0x00000005c0c00000,0x00000005c598e650,0x00000005c9680000)
 Metaspace       used 23182K, capacity 23519K, committed 23808K, reserved 1071104K
  class space    used 2167K, capacity 2288K, committed 2304K, reserved 1048576K
Event: 4.225 GC heap after
Heap after GC invocations=7 (full 1):
 PSYoungGen      total 475136K, used 64080K [0x0000000715980000, 0x0000000739280000, 0x00000007c0000000)
  eden space 407552K, 0% used [0x0000000715980000,0x0000000715980000,0x000000072e780000)
  from space 67584K, 94% used [0x0000000733600000,0x0000000737494260,0x0000000737800000)
  to   space 80384K, 0% used [0x000000072e780000,0x000000072e780000,0x0000000733600000)
 ParOldGen       total 141824K, used 79425K [0x00000005c0c00000, 0x00000005c9680000, 0x0000000715980000)
  object space 141824K, 56% used [0x00000005c0c00000,0x00000005c5990650,0x00000005c9680000)
 Metaspace       used 23182K, capacity 23519K, committed 23808K, reserved 1071104K
  class space    used 2167K, capacity 2288K, committed 2304K, reserved 1048576K
}
Event: 5.284 GC heap before
{Heap before GC invocations=8 (full 1):
 PSYoungGen      total 475136K, used 471632K [0x0000000715980000, 0x0000000739280000, 0x00000007c0000000)
  eden space 407552K, 100% used [0x0000000715980000,0x000000072e780000,0x000000072e780000)
  from space 67584K, 94% used [0x0000000733600000,0x0000000737494260,0x0000000737800000)
  to   space 80384K, 0% used [0x000000072e780000,0x000000072e780000,0x0000000733600000)
 ParOldGen       total 141824K, used 79425K [0x00000005c0c00000, 0x00000005c9680000, 0x0000000715980000)
  object space 141824K, 56% used [0x00000005c0c00000,0x00000005c5990650,0x00000005c9680000)
 Metaspace       used 23197K, capacity 23519K, committed 23808K, reserved 1071104K
  class space    used 2167K, capacity 2288K, committed 2304K, reserved 1048576K
Event: 5.321 GC heap after
Heap after GC invocations=8 (full 1):
 PSYoungGen      total 487936K, used 80352K [0x0000000715980000, 0x0000000752f80000, 0x00000007c0000000)
  eden space 407552K, 0% used [0x0000000715980000,0x0000000715980000,0x000000072e780000)
  from space 80384K, 99% used [0x000000072e780000,0x00000007335f8020,0x0000000733600000)
  to   space 105984K, 0% used [0x000000074c800000,0x000000074c800000,0x0000000752f80000)
 ParOldGen       total 141824K, used 99345K [0x00000005c0c00000, 0x00000005c9680000, 0x0000000715980000)
  object space 141824K, 70% used [0x00000005c0c00000,0x00000005c6d04650,0x00000005c9680000)
 Metaspace       used 23197K, capacity 23519K, committed 23808K, reserved 1071104K
  class space    used 2167K, capacity 2288K, committed 2304K, reserved 1048576K
}

Deoptimization events (10 events):
Event: 8.142 Thread 0x000002f7430a2800 Uncommon trap: reason=unstable_if action=reinterpret pc=0x000002f714ff4e2c method=sun.security.ssl.EngineWriter.isOutboundDone()Z @ 4
Event: 8.143 Thread 0x000002f7430a2800 Uncommon trap: reason=unstable_if action=reinterpret pc=0x000002f714e0b454 method=sun.security.ssl.EngineWriter.hasOutboundDataInternal()Z @ 7
Event: 8.143 Thread 0x000002f7430a2800 Uncommon trap: reason=unstable_if action=reinterpret pc=0x000002f714f72e20 method=io.netty.handler.ssl.SslHandler.finishWrap(Lio/netty/channel/ChannelHandlerContext;Lio/netty/buffer/ByteBuf;Lio/netty/channel/ChannelPromise;ZZ)V @ 28
Event: 8.145 Thread 0x000002f7430a2800 Uncommon trap: reason=unstable_if action=reinterpret pc=0x000002f714f48bc4 method=io.netty.channel.socket.nio.NioSocketChannel.isActive()Z @ 9
Event: 8.146 Thread 0x000002f7129b9000 Uncommon trap: reason=unstable_if action=reinterpret pc=0x000002f714f1f438 method=io.netty.channel.DefaultChannelPipeline.incrementPendingOutboundBytes(J)V @ 16
Event: 8.146 Thread 0x000002f7430a2800 Uncommon trap: reason=unstable_if action=reinterpret pc=0x000002f714fb3c24 method=io.netty.channel.DefaultChannelPipeline.incrementPendingOutboundBytes(J)V @ 16
Event: 8.146 Thread 0x000002f7430a2800 Uncommon trap: reason=unstable_if action=reinterpret pc=0x000002f714f6f6b8 method=io.netty.channel.DefaultChannelPipeline.decrementPendingOutboundBytes(J)V @ 16
Event: 8.146 Thread 0x000002f7430a2800 Uncommon trap: reason=unstable_if action=reinterpret pc=0x000002f714fdfb04 method=sun.security.ssl.EngineWriter.isOutboundDone()Z @ 4
Event: 8.146 Thread 0x000002f7430a2800 Uncommon trap: reason=unstable_if action=reinterpret pc=0x000002f714f6c294 method=io.netty.channel.AbstractChannel$AbstractUnsafe.write(Ljava/lang/Object;Lio/netty/channel/ChannelPromise;)V @ 10
Event: 8.146 Thread 0x000002f7430a2800 Uncommon trap: reason=unstable_if action=reinterpret pc=0x000002f714fd9498 method=sun.security.ssl.EngineWriter.isOutboundDone()Z @ 4

Classes redefined (0 events):
No events

Internal exceptions (10 events):
Event: 3.332 Thread 0x000002f7129b9000 Implicit null exception at 0x000002f714a45ac4 to 0x000002f714a45cd9
Event: 3.398 Thread 0x000002f7430a2800 Exception <a 'java/lang/ArrayIndexOutOfBoundsException'> (0x00000007163037f0) thrown at [J:\jenkins\tmp\workspace\build\src\hotspot\src\share\vm\runtime\sharedRuntime.cpp, line 605]
Event: 3.398 Thread 0x000002f7430a2800 Exception <a 'java/lang/ArrayIndexOutOfBoundsException'> (0x0000000716305080) thrown at [J:\jenkins\tmp\workspace\build\src\hotspot\src\share\vm\runtime\sharedRuntime.cpp, line 605]
Event: 3.398 Thread 0x000002f7430a2800 Exception <a 'java/lang/ArrayIndexOutOfBoundsException'> (0x0000000716308790) thrown at [J:\jenkins\tmp\workspace\build\src\hotspot\src\share\vm\runtime\sharedRuntime.cpp, line 605]
Event: 3.401 Thread 0x000002f7430a2800 Exception <a 'java/lang/ArrayIndexOutOfBoundsException'> (0x0000000716330c30) thrown at [J:\jenkins\tmp\workspace\build\src\hotspot\src\share\vm\runtime\sharedRuntime.cpp, line 605]
Event: 3.401 Thread 0x000002f7430a2800 Exception <a 'java/lang/ArrayIndexOutOfBoundsException'> (0x0000000716331af8) thrown at [J:\jenkins\tmp\workspace\build\src\hotspot\src\share\vm\runtime\sharedRuntime.cpp, line 605]
Event: 3.524 Thread 0x000002f7430a2800 Implicit null exception at 0x000002f7149d21a8 to 0x000002f7149d2261
Event: 3.928 Thread 0x000002f7129b9000 Exception <a 'java/lang/ArrayIndexOutOfBoundsException': 57> (0x000000071d0aefc0) thrown at [J:\jenkins\tmp\workspace\build\src\hotspot\src\share\vm\interpreter\interpreterRuntime.cpp, line 368]
Event: 4.768 Thread 0x000002f742bb6800 Implicit null exception at 0x000002f714f14b9f to 0x000002f714f156ed
Event: 4.769 Thread 0x000002f7430a2800 Implicit null exception at 0x000002f714d38b2c to 0x000002f714d38d79

Events (10 events):
Event: 8.147 loading class java/util/IdentityHashMap$KeyIterator done
Event: 8.147 Thread 0x000002f742c94000 Thread added: 0x000002f742c94000
Event: 8.148 Thread 0x000002f73a0f6800 Thread added: 0x000002f73a0f6800
Event: 8.148 loading class java/util/WeakHashMap$KeyIterator
Event: 8.148 loading class java/util/WeakHashMap$HashIterator
Event: 8.148 loading class java/util/WeakHashMap$HashIterator done
Event: 8.148 loading class java/util/WeakHashMap$KeyIterator done
Event: 8.148 Thread 0x000002f742c94000 Thread exited: 0x000002f742c94000
Event: 8.148 Thread 0x000002f73a0f6800 Thread exited: 0x000002f73a0f6800
Event: 8.148 Executing VM operation: Exit


Dynamic libraries:
0x00007ff7dd210000 - 0x00007ff7dd24a000 	C:\Program Files\AdoptOpenJDK\jdk-8.0.252.09-hotspot\bin\java.exe
0x00007fffaa990000 - 0x00007fffaab86000 	C:\WINDOWS\SYSTEM32\ntdll.dll
0x00007fff9f020000 - 0x00007fff9f032000 	C:\Program Files\AVAST Software\Avast\aswhook.dll
0x00007fffa9200000 - 0x00007fffa92bd000 	C:\WINDOWS\System32\KERNEL32.DLL
0x00007fffa8550000 - 0x00007fffa8819000 	C:\WINDOWS\System32\KERNELBASE.dll
0x00007fffaa790000 - 0x00007fffaa83c000 	C:\WINDOWS\System32\ADVAPI32.dll
0x00007fffa92c0000 - 0x00007fffa935e000 	C:\WINDOWS\System32\msvcrt.dll
0x00007fffaa8b0000 - 0x00007fffaa94c000 	C:\WINDOWS\System32\sechost.dll
0x00007fffa9360000 - 0x00007fffa948b000 	C:\WINDOWS\System32\RPCRT4.dll
0x00007fffa8b40000 - 0x00007fffa8ce0000 	C:\WINDOWS\System32\USER32.dll
0x00007fffa8820000 - 0x00007fffa8842000 	C:\WINDOWS\System32\win32u.dll
0x00007fffa96b0000 - 0x00007fffa96da000 	C:\WINDOWS\System32\GDI32.dll
0x00007fffa81e0000 - 0x00007fffa82e9000 	C:\WINDOWS\System32\gdi32full.dll
0x00007fffa8950000 - 0x00007fffa89ed000 	C:\WINDOWS\System32\msvcp_win.dll
0x00007fffa8850000 - 0x00007fffa8950000 	C:\WINDOWS\System32\ucrtbase.dll
0x00007fff85b60000 - 0x00007fff85dfb000 	C:\WINDOWS\WinSxS\amd64_microsoft.windows.common-controls_6595b64144ccf1df_6.0.19041.488_none_ca04af081b815d21\COMCTL32.dll
0x00007fffaa3c0000 - 0x00007fffaa3f0000 	C:\WINDOWS\System32\IMM32.DLL
0x00007fff90f80000 - 0x00007fff9106f000 	C:\Program Files\AdoptOpenJDK\jdk-8.0.252.09-hotspot\jre\bin\msvcr120.dll
0x00007fff8a320000 - 0x00007fff8a3c6000 	C:\Program Files\AdoptOpenJDK\jdk-8.0.252.09-hotspot\jre\bin\msvcp120.dll
0x00000000705e0000 - 0x0000000070dde000 	C:\Program Files\AdoptOpenJDK\jdk-8.0.252.09-hotspot\jre\bin\server\jvm.dll
0x00007fffaa8a0000 - 0x00007fffaa8a8000 	C:\WINDOWS\System32\PSAPI.DLL
0x00007fff9de20000 - 0x00007fff9de29000 	C:\WINDOWS\SYSTEM32\WSOCK32.dll
0x00007fffa9a40000 - 0x00007fffa9aab000 	C:\WINDOWS\System32\WS2_32.dll
0x00007fff9ff40000 - 0x00007fff9ff67000 	C:\WINDOWS\SYSTEM32\WINMM.dll
0x00007fff9ff70000 - 0x00007fff9ff7a000 	C:\WINDOWS\SYSTEM32\VERSION.dll
0x00007fff9f7b0000 - 0x00007fff9f7bf000 	C:\Program Files\AdoptOpenJDK\jdk-8.0.252.09-hotspot\jre\bin\verify.dll
0x00007fff988f0000 - 0x00007fff98918000 	C:\Program Files\AdoptOpenJDK\jdk-8.0.252.09-hotspot\jre\bin\java.dll
0x00007fff98c80000 - 0x00007fff98caa000 	C:\Program Files\AdoptOpenJDK\jdk-8.0.252.09-hotspot\jre\bin\instrument.dll
0x00007fff984a0000 - 0x00007fff984b6000 	C:\Program Files\AdoptOpenJDK\jdk-8.0.252.09-hotspot\jre\bin\zip.dll
0x00007fffa9c60000 - 0x00007fffaa3a2000 	C:\WINDOWS\System32\SHELL32.dll
0x00007fffa6240000 - 0x00007fffa69d5000 	C:\WINDOWS\SYSTEM32\windows.storage.dll
0x00007fffa96e0000 - 0x00007fffa9a36000 	C:\WINDOWS\System32\combase.dll
0x00007fffa7b40000 - 0x00007fffa7b6c000 	C:\WINDOWS\SYSTEM32\Wldp.dll
0x00007fffa9150000 - 0x00007fffa91fe000 	C:\WINDOWS\System32\SHCORE.dll
0x00007fffaa400000 - 0x00007fffaa455000 	C:\WINDOWS\System32\shlwapi.dll
0x00007fffa8000000 - 0x00007fffa8026000 	C:\WINDOWS\SYSTEM32\profapi.dll
0x00007fff98b90000 - 0x00007fff98baa000 	C:\Program Files\JetBrains\IntelliJ IDEA Community Edition 2019.3.1\bin\breakgen64.dll
0x00007fff97640000 - 0x00007fff9765a000 	C:\Program Files\AdoptOpenJDK\jdk-8.0.252.09-hotspot\jre\bin\net.dll
0x00007fffa78c0000 - 0x00007fffa792a000 	C:\WINDOWS\system32\mswsock.dll
0x00007fff97620000 - 0x00007fff97632000 	C:\Program Files\AdoptOpenJDK\jdk-8.0.252.09-hotspot\jre\bin\nio.dll
0x00007fff91670000 - 0x00007fff916d4000 	C:\Users\Peyton Hill\AppData\Local\Temp\lwjglPeyton Hill\3.2.3-build-13\lwjgl.dll
0x00007fff8b220000 - 0x00007fff8b282000 	C:\Users\PEYTON~1\AppData\Local\Temp\lwjglPeyton Hill\3.2.3-build-13\glfw.dll
0x00007fffa5ae0000 - 0x00007fffa5b7e000 	C:\WINDOWS\system32\uxtheme.dll
0x00007fff93b40000 - 0x00007fff93b85000 	C:\WINDOWS\SYSTEM32\dinput8.dll
0x00007fff98b70000 - 0x00007fff98b81000 	C:\WINDOWS\SYSTEM32\xinput1_4.dll
0x00007fffa8500000 - 0x00007fffa854e000 	C:\WINDOWS\System32\cfgmgr32.dll
0x00007fffa7e80000 - 0x00007fffa7eac000 	C:\WINDOWS\SYSTEM32\DEVOBJ.dll
0x00007fffa5d50000 - 0x00007fffa5d7f000 	C:\WINDOWS\SYSTEM32\dwmapi.dll
0x00007fff8afd0000 - 0x00007fff8b122000 	C:\WINDOWS\SYSTEM32\inputhost.dll
0x00007fffaa4c0000 - 0x00007fffaa58d000 	C:\WINDOWS\System32\OLEAUT32.dll
0x00007fffa5560000 - 0x00007fffa5652000 	C:\WINDOWS\SYSTEM32\CoreMessaging.dll
0x00007fffa3ac0000 - 0x00007fffa3bb7000 	C:\WINDOWS\SYSTEM32\PROPSYS.dll
0x00007fffa3d30000 - 0x00007fffa3e86000 	C:\WINDOWS\SYSTEM32\wintypes.dll
0x00007fffa8480000 - 0x00007fffa8500000 	C:\WINDOWS\System32\bcryptPrimitives.dll
0x00007fffa4e80000 - 0x00007fffa51de000 	C:\WINDOWS\SYSTEM32\CoreUIComponents.dll
0x00007fffa6f30000 - 0x00007fffa6f63000 	C:\WINDOWS\SYSTEM32\ntmarta.dll
0x00007fffa6040000 - 0x00007fffa6052000 	C:\WINDOWS\SYSTEM32\kernel.appcore.dll
0x00007fffaa590000 - 0x00007fffaa6a6000 	C:\WINDOWS\System32\MSCTF.dll
0x00007fffa69e0000 - 0x00007fffa69ed000 	C:\WINDOWS\SYSTEM32\HID.DLL
0x00007fffa8ce0000 - 0x00007fffa9147000 	C:\WINDOWS\System32\SETUPAPI.DLL
0x00007fffa8450000 - 0x00007fffa8477000 	C:\WINDOWS\System32\bcrypt.dll
0x00007fffa8180000 - 0x00007fffa81e0000 	C:\WINDOWS\System32\WINTRUST.dll
0x00007fffa82f0000 - 0x00007fffa844d000 	C:\WINDOWS\System32\CRYPT32.dll
0x00007fffa7cc0000 - 0x00007fffa7cd2000 	C:\WINDOWS\SYSTEM32\MSASN1.dll
0x00007fff74b30000 - 0x00007fff74c55000 	C:\WINDOWS\SYSTEM32\opengl32.dll
0x00007fff978d0000 - 0x00007fff978fc000 	C:\WINDOWS\SYSTEM32\GLU32.dll
0x00007fffa9490000 - 0x00007fffa9539000 	C:\WINDOWS\System32\clbcatq.dll
0x00007fff93250000 - 0x00007fff9327a000 	C:\WINDOWS\System32\DriverStore\FileRepository\u0361134.inf_amd64_a6c18d8d6a47cb97\B361196\atig6pxx.dll
0x00007fff39850000 - 0x00007fff3c624000 	C:\WINDOWS\System32\DriverStore\FileRepository\u0361134.inf_amd64_a6c18d8d6a47cb97\B361196\atio6axx.dll
0x00007fffa8a10000 - 0x00007fffa8b3a000 	C:\WINDOWS\System32\ole32.dll
0x00007fff70750000 - 0x00007fff70774000 	C:\WINDOWS\SYSTEM32\dxva2.dll
0x00007fff91630000 - 0x00007fff9166c000 	C:\WINDOWS\System32\DriverStore\FileRepository\u0361134.inf_amd64_a6c18d8d6a47cb97\B361196\atig6txx.dll
0x00007fff77230000 - 0x00007fff773ef000 	C:\WINDOWS\SYSTEM32\atiadlxx.dll
0x00007fff82c10000 - 0x00007fff82c59000 	C:\WINDOWS\SYSTEM32\pdh.dll
0x00007fffa01e0000 - 0x00007fffa021b000 	C:\WINDOWS\SYSTEM32\dxcore.dll
0x00007fff8b2c0000 - 0x00007fff8b3bd000 	C:\WINDOWS\SYSTEM32\textinputframework.dll
0x00007fff91450000 - 0x00007fff914a9000 	C:\Users\Peyton Hill\AppData\Local\Temp\lwjglPeyton Hill\3.2.3-build-13\lwjgl_opengl.dll
0x00007fff76970000 - 0x00007fff76bc3000 	C:\Users\PEYTON~1\AppData\Local\Temp\lwjglPeyton Hill\3.2.3-build-13\jemalloc.dll
0x00007fff74f80000 - 0x00007fff75115000 	C:\Program Files\AdoptOpenJDK\jdk-8.0.252.09-hotspot\jre\bin\awt.dll
0x00007fffa58d0000 - 0x00007fffa5960000 	C:\WINDOWS\SYSTEM32\apphelp.dll
0x00007fffa7a90000 - 0x00007fffa7aa8000 	C:\WINDOWS\SYSTEM32\CRYPTSP.dll
0x00007fffa71e0000 - 0x00007fffa7214000 	C:\WINDOWS\system32\rsaenh.dll
0x00007fffa7f80000 - 0x00007fffa7fae000 	C:\WINDOWS\SYSTEM32\USERENV.dll
0x00007fffa7ab0000 - 0x00007fffa7abc000 	C:\WINDOWS\SYSTEM32\CRYPTBASE.dll
0x00007fffa7560000 - 0x00007fffa759b000 	C:\WINDOWS\SYSTEM32\IPHLPAPI.DLL
0x00007fffaa3f0000 - 0x00007fffaa3f8000 	C:\WINDOWS\System32\NSI.dll
0x00007fffa1ae0000 - 0x00007fffa1af7000 	C:\WINDOWS\SYSTEM32\dhcpcsvc6.DLL
0x00007fffa1cb0000 - 0x00007fffa1ccd000 	C:\WINDOWS\SYSTEM32\dhcpcsvc.DLL
0x00007fffa75b0000 - 0x00007fffa767b000 	C:\WINDOWS\SYSTEM32\DNSAPI.dll
0x00007fff8a280000 - 0x00007fff8a313000 	C:\Program Files\AdoptOpenJDK\jdk-8.0.252.09-hotspot\jre\bin\freetype.dll
0x00007fff76520000 - 0x00007fff765dd000 	C:\Program Files\AdoptOpenJDK\jdk-8.0.252.09-hotspot\jre\bin\fontmanager.dll
0x00007fff97560000 - 0x00007fff97583000 	C:\Program Files\AdoptOpenJDK\jdk-8.0.252.09-hotspot\jre\bin\sunec.dll
0x00007fff9aa90000 - 0x00007fff9aa9c000 	C:\Program Files\AdoptOpenJDK\jdk-8.0.252.09-hotspot\jre\bin\sunmscapi.dll
0x00007fffa7bb0000 - 0x00007fffa7bd7000 	C:\WINDOWS\SYSTEM32\ncrypt.dll
0x00007fffa7b70000 - 0x00007fffa7bab000 	C:\WINDOWS\SYSTEM32\NTASN1.dll
0x00007fffa4bb0000 - 0x00007fffa4bbd000 	C:\Program Files\AdoptOpenJDK\jdk-8.0.252.09-hotspot\jre\bin\management.dll
0x00007fff968a0000 - 0x00007fff968b7000 	C:\WINDOWS\system32\napinsp.dll
0x00007fff96880000 - 0x00007fff9689b000 	C:\WINDOWS\system32\pnrpnsp.dll
0x00007fff96430000 - 0x00007fff96445000 	C:\WINDOWS\system32\wshbth.dll
0x00007fffa42f0000 - 0x00007fffa430d000 	C:\WINDOWS\system32\NLAapi.dll
0x00007fff963c0000 - 0x00007fff963d2000 	C:\WINDOWS\System32\winrnr.dll
0x00007fff9e430000 - 0x00007fff9e43a000 	C:\Windows\System32\rasadhlp.dll
0x00007fff9e470000 - 0x00007fff9e4ef000 	C:\WINDOWS\System32\fwpuclnt.dll
0x00007fff74ee0000 - 0x00007fff74f7d000 	C:\Program Files\obs-studio\data\obs-plugins\win-capture\graphics-hook64.dll
0x00007fffa4310000 - 0x00007fffa4574000 	C:\WINDOWS\system32\d3d11.dll
0x00007fffa6a20000 - 0x00007fffa6b13000 	C:\WINDOWS\SYSTEM32\dxgi.dll
0x00007fff9ff80000 - 0x00007fffa015b000 	C:\WINDOWS\System32\DriverStore\FileRepository\u0361134.inf_amd64_a6c18d8d6a47cb97\B361196\aticfx64.dll
0x00007fff9fce0000 - 0x00007fff9fd18000 	C:\WINDOWS\System32\DriverStore\FileRepository\u0361134.inf_amd64_a6c18d8d6a47cb97\B361196\atiuxp64.dll
0x00007fff9b940000 - 0x00007fff9d845000 	C:\WINDOWS\System32\DriverStore\FileRepository\u0361134.inf_amd64_a6c18d8d6a47cb97\B361196\atidxx64.dll
0x00007fff9fc80000 - 0x00007fff9fcb0000 	C:\WINDOWS\SYSTEM32\amdihk64.dll
0x00007fffa1e50000 - 0x00007fffa2034000 	C:\WINDOWS\SYSTEM32\dbghelp.dll

VM Arguments:
jvm_args: -javaagent:C:\Program Files\JetBrains\IntelliJ IDEA Community Edition 2019.3.1\lib\idea_rt.jar=54552:C:\Program Files\JetBrains\IntelliJ IDEA Community Edition 2019.3.1\bin -Dfile.encoding=UTF-8 
java_command: Hilligans.ClientMain
java_class_path (initial): C:\Program Files\AdoptOpenJDK\jdk-8.0.252.09-hotspot\jre\lib\charsets.jar;C:\Program Files\AdoptOpenJDK\jdk-8.0.252.09-hotspot\jre\lib\ext\access-bridge-64.jar;C:\Program Files\AdoptOpenJDK\jdk-8.0.252.09-hotspot\jre\lib\ext\cldrdata.jar;C:\Program Files\AdoptOpenJDK\jdk-8.0.252.09-hotspot\jre\lib\ext\dnsns.jar;C:\Program Files\AdoptOpenJDK\jdk-8.0.252.09-hotspot\jre\lib\ext\jaccess.jar;C:\Program Files\AdoptOpenJDK\jdk-8.0.252.09-hotspot\jre\lib\ext\localedata.jar;C:\Program Files\AdoptOpenJDK\jdk-8.0.252.09-hotspot\jre\lib\ext\nashorn.jar;C:\Program Files\AdoptOpenJDK\jdk-8.0.252.09-hotspot\jre\lib\ext\sunec.jar;C:\Program Files\AdoptOpenJDK\jdk-8.0.252.09-hotspot\jre\lib\ext\sunjce_provider.jar;C:\Program Files\AdoptOpenJDK\jdk-8.0.252.09-hotspot\jre\lib\ext\sunmscapi.jar;C:\Program Files\AdoptOpenJDK\jdk-8.0.252.09-hotspot\jre\lib\ext\sunpkcs11.jar;C:\Program Files\AdoptOpenJDK\jdk-8.0.252.09-hotspot\jre\lib\ext\zipfs.jar;C:\Program Files\AdoptOpenJDK\jdk-8.0.252.09-hotspot\jre\lib\jce.jar;C:\Program Files\AdoptOpenJDK\jdk-8.0.252.09-hotspot\jre\lib\jsse.jar;C:\Program Files\AdoptOpenJDK\jdk-8.0.252.09-hotspot\jre\lib\management-agent.jar;C:\Program Files\AdoptOpenJDK\jdk-8.0.252.09-hotspot\jre\lib\resources.jar;C:\Program Files\AdoptOpenJDK\jdk-8.0.252.09-hotspot\jre\lib\rt.jar;C:\Users\Peyton Hill\IdeaProjects\Ourcraft\target\classes;C:\Users\Peyton Hill\.m2\repository\org\lwjgl\lwjgl\3.2.3\lwjgl-3.2.3.jar;C:\Users\Peyton Hill\.m2\repository\org\lwjgl\lwjgl-assimp\3.2.3\lwjgl-assimp-3.2.3.jar;C:\Users\Peyton Hill\.m2\repository\org\lwjgl\lwjgl-bgfx\3.2.3\lwjgl-bgfx-3.2.3.jar;C:\Users\Peyton Hill\.m2\repository\org\lwjgl\lwjgl-cuda\3.2.3\lwjgl-cuda-3.2.3.jar;C:\Users\Peyton Hill\.m2\repository\org\lwjgl\lwjgl-egl\3.2.3\lwjgl-egl-3.2.3.jar;C:\Users\Peyton Hill\.m2\repository\org\lwjgl\lwjgl-glfw\3.2.3\lwjgl-glfw-3.2.3.jar;C:\Users\Peyton Hill\.m2\repository\org\lwjgl\lwjgl-jawt\3.2.3\lwjgl-jawt-3.2.3.jar;C:\Users\Peyton Hill\.m2\repo
Launcher Type: SUN_STANDARD

Environment Variables:
JAVA_HOME=C:\Program Files\AdoptOpenJDK\jdk-15.0.2.7-hotspot
JRE_HOME=C:\Program Files\Java\jdk-15.0.2
PATH=C:\Program Files\AdoptOpenJDK\jdk-15.0.2.7-hotspot\bin;C:\ProgramData\Oracle\Java\javapath;C:\Program Files (x86)\Common Files\Oracle\Java\javapath;C:\Program Files\AdoptOpenJDK\jdk-8.0.252.09-hotspot\bin;C:\WINDOWS\system32;C:\WINDOWS;C:\WINDOWS\System32\Wbem;C:\WINDOWS\System32\WindowsPowerShell\v1.0\;C:\WINDOWS\System32\OpenSSH\;C:\Program Files\Git\cmd;C:\Users\Peyton Hill\AppData\Local\Microsoft\WindowsApps;C:\Users\Peyton Hill\AppData\Local\Programs\Microsoft VS Code\bin;C:\Users\Peyton Hill\AppData\Local\Microsoft\WindowsApps;C:\Users\Peyton Hill\AppData\Local\GitHubDesktop\bin
USERNAME=Peyton Hill
OS=Windows_NT
PROCESSOR_IDENTIFIER=AMD64 Family 23 Model 8 Stepping 2, AuthenticAMD



---------------  S Y S T E M  ---------------

OS: Windows 10.0 , 64 bit Build 19041 (10.0.19041.662)

CPU:total 16 (initial active 16) (16 cores per cpu, 1 threads per core) family 23 model 8 stepping 2, cmov, cx8, fxsr, mmx, sse, sse2, sse3, ssse3, sse4.1, sse4.2, popcnt, avx, avx2, aes, clmul, mmxext, 3dnowpref, lzcnt, sse4a, tsc, tscinvbit, tscinv, bmi1

Memory: 4k page, physical 33504108k(21674596k free), swap 58669932k(34609532k free)

vm_info: OpenJDK 64-Bit Server VM (25.252-b09) for windows-amd64 JRE (1.8.0_252-b09), built on Apr 22 2020 09:32:45 by "jenkins" with MS VC++ 12.0 (VS2013)

time: Sat Feb 06 04:27:40 2021
timezone: Eastern Standard Time
elapsed time: 8 seconds (0d 0h 0m 8s)

