#
# A fatal error has been detected by the Java Runtime Environment:
#
#  EXCEPTION_ACCESS_VIOLATION (0xc0000005) at pc=0x0000000000000000, pid=22176, tid=0x000000000000249c
#
# JRE version: OpenJDK Runtime Environment (8.0_252-b09) (build 1.8.0_252-b09)
# Java VM: OpenJDK 64-Bit Server VM (25.252-b09 mixed mode windows-amd64 compressed oops)
# Problematic frame:
# C  0x0000000000000000
#
# Failed to write core dump. Minidumps are not enabled by default on client versions of Windows
#
# If you would like to submit a bug report, please visit:
#   http://bugreport.java.com/bugreport/crash.jsp
#

---------------  T H R E A D  ---------------

Current thread (0x000001f577f67800):  VMThread [stack: 0x000000b669900000,0x000000b669a00000] [id=9372]

siginfo: ExceptionCode=0xc0000005, ExceptionInformation=0x0000000000000008 0x0000000000000000

Registers:
RAX=0x0000000000000000, RBX=0x0000000000000000, RCX=0x0000000000000001, RDX=0x00007fff769fc470
RSP=0x000000b6699fefe8, RBP=0x00007fff769fc400, RSI=0x0000000000020000, RDI=0x0000000000000000
R8 =0x000000b6688b0000, R9 =0x000000000000000e, R10=0x0000000000000000, R11=0x000001f525800b70
R12=0x00007fff74c0dc30, R13=0x0000000000000000, R14=0x00007fff74b30000, R15=0x0000000000000001
RIP=0x0000000000000000, EFLAGS=0x0000000000010202

Top of Stack: (sp=0x000000b6699fefe8)
0x000000b6699fefe8:   00007fff76978ff5 0000000000000000
0x000000b6699feff8:   00007fff769fc400 0000000000000000
0x000000b6699ff008:   0000000000020000 000001f572ce7b80
0x000000b6699ff018:   00007fff7697a624 0000000000000000
0x000000b6699ff028:   000001f572ce7b80 0000000000020000
0x000000b6699ff038:   000001f57b774508 0000000000000001
0x000000b6699ff048:   00007fff74b36e3e 0000000000000001
0x000000b6699ff058:   0000000000000000 0000000000000000
0x000000b6699ff068:   00007fffa94ad83e 0000000000000001
0x000000b6699ff078:   00007fff74b37286 0000000000000000
0x000000b6699ff088:   000001f572ce7b80 0000000000000001
0x000000b6699ff098:   0000000000000001 0000000000000000
0x000000b6699ff0a8:   00007fff74c0dd6f 0000000000000001
0x000000b6699ff0b8:   000001f572ce7b80 0000000000000001
0x000000b6699ff0c8:   00007fff908d0000 0000000000000001
0x000000b6699ff0d8:   00007fff908dc4d8 0000000000000001 

Instructions: (pc=0x0000000000000000)
0xffffffffffffffe0:   


Register to memory mapping:

RAX=0x0000000000000000 is an unknown value
RBX=0x0000000000000000 is an unknown value
RCX=0x0000000000000001 is an unknown value
RDX=0x00007fff769fc470 is an unknown value
RSP=0x000000b6699fefe8 is an unknown value
RBP=0x00007fff769fc400 is an unknown value
RSI=0x0000000000020000 is an unknown value
RDI=0x0000000000000000 is an unknown value
R8 =0x000000b6688b0000 is an unknown value
R9 =0x000000000000000e is an unknown value
R10=0x0000000000000000 is an unknown value
R11=0x000001f525800b70 is an unknown value
R12=0x00007fff74c0dc30 is an unknown value
R13=0x0000000000000000 is an unknown value
R14=0x00007fff74b30000 is an unknown value
R15=0x0000000000000001 is an unknown value


Stack: [0x000000b669900000,0x000000b669a00000],  sp=0x000000b6699fefe8,  free space=1019k
Native frames: (J=compiled Java code, j=interpreted, Vv=VM code, C=native code)

VM_Operation (0x000000b66b2fe140): Exit, mode: safepoint, requested by thread 0x000001f52a05e000


---------------  P R O C E S S  ---------------

Java Threads: ( => current thread )
  0x000001f52a05e000 JavaThread "nioEventLoopGroup-2-1" [_thread_blocked, id=5088, stack(0x000000b66b200000,0x000000b66b300000)]
  0x000001f52528b000 JavaThread "pool-1-thread-1" [_thread_blocked, id=10048, stack(0x000000b66b100000,0x000000b66b200000)]
  0x000001f57d741000 JavaThread "Java2D Disposer" daemon [_thread_blocked, id=11176, stack(0x000000b66b000000,0x000000b66b100000)]
  0x000001f57b24f800 JavaThread "Service Thread" daemon [_thread_blocked, id=23820, stack(0x000000b66ab00000,0x000000b66ac00000)]
  0x000001f57b1bf800 JavaThread "C1 CompilerThread11" daemon [_thread_blocked, id=27636, stack(0x000000b66aa00000,0x000000b66ab00000)]
  0x000001f57b1c1800 JavaThread "C1 CompilerThread10" daemon [_thread_blocked, id=11324, stack(0x000000b66a900000,0x000000b66aa00000)]
  0x000001f57b1be000 JavaThread "C1 CompilerThread9" daemon [_thread_blocked, id=2196, stack(0x000000b66a800000,0x000000b66a900000)]
  0x000001f57b1bd000 JavaThread "C1 CompilerThread8" daemon [_thread_blocked, id=13504, stack(0x000000b66a700000,0x000000b66a800000)]
  0x000001f57b1bc800 JavaThread "C2 CompilerThread7" daemon [_thread_blocked, id=9432, stack(0x000000b66a600000,0x000000b66a700000)]
  0x000001f57b1c1000 JavaThread "C2 CompilerThread6" daemon [_thread_blocked, id=5444, stack(0x000000b66a500000,0x000000b66a600000)]
  0x000001f57b1c3000 JavaThread "C2 CompilerThread5" daemon [_thread_blocked, id=7372, stack(0x000000b66a400000,0x000000b66a500000)]
  0x000001f57b03d000 JavaThread "C2 CompilerThread4" daemon [_thread_blocked, id=21620, stack(0x000000b66a300000,0x000000b66a400000)]
  0x000001f57b016000 JavaThread "C2 CompilerThread3" daemon [_thread_blocked, id=2820, stack(0x000000b66a200000,0x000000b66a300000)]
  0x000001f57b015000 JavaThread "C2 CompilerThread2" daemon [_thread_blocked, id=13220, stack(0x000000b66a100000,0x000000b66a200000)]
  0x000001f57b010800 JavaThread "C2 CompilerThread1" daemon [_thread_blocked, id=21820, stack(0x000000b66a000000,0x000000b66a100000)]
  0x000001f57b005800 JavaThread "C2 CompilerThread0" daemon [_thread_blocked, id=24032, stack(0x000000b669f00000,0x000000b66a000000)]
  0x000001f57b004000 JavaThread "Monitor Ctrl-Break" daemon [_thread_in_native, id=7244, stack(0x000000b669e00000,0x000000b669f00000)]
  0x000001f57ac8c000 JavaThread "Attach Listener" daemon [_thread_blocked, id=12140, stack(0x000000b669d00000,0x000000b669e00000)]
  0x000001f57ac89800 JavaThread "Signal Dispatcher" daemon [_thread_blocked, id=20528, stack(0x000000b669c00000,0x000000b669d00000)]
  0x000001f577f78000 JavaThread "Finalizer" daemon [_thread_blocked, id=1940, stack(0x000000b669b00000,0x000000b669c00000)]
  0x000001f57ac60800 JavaThread "Reference Handler" daemon [_thread_blocked, id=18904, stack(0x000000b669a00000,0x000000b669b00000)]
  0x000001f572c89000 JavaThread "main" [_thread_blocked, id=25824, stack(0x000000b668b00000,0x000000b668c00000)]

Other Threads:
=>0x000001f577f67800 VMThread [stack: 0x000000b669900000,0x000000b669a00000] [id=9372]

VM state:at safepoint (shutting down)

VM Mutex/Monitor currently owned by a thread:  ([mutex/lock_event])
[0x000001f572c86110] Threads_lock - owner thread: 0x000001f577f67800

heap address: 0x00000005c0c00000, size: 8180 MB, Compressed Oops mode: Zero based, Oop shift amount: 3
Narrow klass base: 0x0000000000000000, Narrow klass shift: 3
Compressed class space size: 1073741824 Address: 0x00000007c0000000

Heap:
 PSYoungGen      total 257024K, used 49720K [0x0000000715980000, 0x000000072fe00000, 0x00000007c0000000)
  eden space 251392K, 17% used [0x0000000715980000,0x000000071849a060,0x0000000724f00000)
  from space 5632K, 99% used [0x000000072c880000,0x000000072cdf4240,0x000000072ce00000)
  to   space 31232K, 0% used [0x000000072df80000,0x000000072df80000,0x000000072fe00000)
 ParOldGen       total 141824K, used 61780K [0x00000005c0c00000, 0x00000005c9680000, 0x0000000715980000)
  object space 141824K, 43% used [0x00000005c0c00000,0x00000005c4855278,0x00000005c9680000)
 Metaspace       used 23266K, capacity 23521K, committed 23808K, reserved 1071104K
  class space    used 2176K, capacity 2289K, committed 2304K, reserved 1048576K

Card table byte_map: [0x000001f574930000,0x000001f575930000] byte_map_base: 0x000001f571b2a000

Marking Bits: (ParMarkBitMap*) 0x0000000070d65010
 Begin Bits: [0x000001f50f000000, 0x000001f516fd0000)
 End Bits:   [0x000001f516fd0000, 0x000001f51efa0000)

Polling page: 0x000001f574540000

CodeCache: size=245760Kb used=13339Kb max_used=13359Kb free=232420Kb
 bounds [0x000001f500000000, 0x000001f500d20000, 0x000001f50f000000]
 total_blobs=4613 nmethods=3447 adapters=1077
 compilation: enabled

Compilation events (10 events):
Event: 23.596 Thread 0x000001f57b1c3000 nmethod 3448 0x000001f500cf2f10 code [0x000001f500cf30a0, 0x000001f500cf34c8]
Event: 23.671 Thread 0x000001f57b1bf800 3449       1       io.netty.util.internal.shaded.org.jctools.queues.MpscArrayQueueProducerLimitField::soProducerLimit (12 bytes)
Event: 23.671 Thread 0x000001f57b1bf800 nmethod 3449 0x000001f500cf4f10 code [0x000001f500cf5060, 0x000001f500cf5198]
Event: 26.355 Thread 0x000001f57b1c1800 3450       3       io.netty.buffer.PoolThreadCache$MemoryRegionCache::freeEntry (47 bytes)
Event: 26.355 Thread 0x000001f57b1c1800 nmethod 3450 0x000001f500cf4690 code [0x000001f500cf4820, 0x000001f500cf4d00]
Event: 27.971 Thread 0x000001f57b1be000 3451       3       javax.net.ssl.SSLEngine::wrap (24 bytes)
Event: 27.972 Thread 0x000001f57b1be000 nmethod 3451 0x000001f500cf40d0 code [0x000001f500cf4260, 0x000001f500cf4580]
Event: 27.973 Thread 0x000001f57b1bd000 3453       3       java.util.logging.LogManager$LoggerContext::ensureDefaultLogger (70 bytes)
Event: 27.973 Thread 0x000001f57b1bf800 3452       1       java.util.Hashtable::access$500 (5 bytes)
Event: 27.973 Thread 0x000001f57b1bf800 nmethod 3452 0x000001f500cf2c50 code [0x000001f500cf2da0, 0x000001f500cf2e98]

GC Heap History (10 events):
Event: 13.226 GC heap before
{Heap before GC invocations=8 (full 1):
 PSYoungGen      total 314368K, used 309024K [0x0000000715980000, 0x000000072aa00000, 0x00000007c0000000)
  eden space 287232K, 100% used [0x0000000715980000,0x0000000727200000,0x0000000727200000)
  from space 27136K, 80% used [0x0000000728f80000,0x000000072a4c8020,0x000000072aa00000)
  to   space 28672K, 0% used [0x0000000727200000,0x0000000727200000,0x0000000728e00000)
 ParOldGen       total 141824K, used 12612K [0x00000005c0c00000, 0x00000005c9680000, 0x0000000715980000)
  object space 141824K, 8% used [0x00000005c0c00000,0x00000005c1851248,0x00000005c9680000)
 Metaspace       used 23200K, capacity 23519K, committed 23808K, reserved 1071104K
  class space    used 2167K, capacity 2288K, committed 2304K, reserved 1048576K
Event: 13.237 GC heap after
Heap after GC invocations=8 (full 1):
 PSYoungGen      total 315904K, used 22032K [0x0000000715980000, 0x0000000732700000, 0x00000007c0000000)
  eden space 287232K, 0% used [0x0000000715980000,0x0000000715980000,0x0000000727200000)
  from space 28672K, 76% used [0x0000000727200000,0x0000000728784250,0x0000000728e00000)
  to   space 28672K, 0% used [0x0000000730b00000,0x0000000730b00000,0x0000000732700000)
 ParOldGen       total 141824K, used 12620K [0x00000005c0c00000, 0x00000005c9680000, 0x0000000715980000)
  object space 141824K, 8% used [0x00000005c0c00000,0x00000005c1853248,0x00000005c9680000)
 Metaspace       used 23200K, capacity 23519K, committed 23808K, reserved 1071104K
  class space    used 2167K, capacity 2288K, committed 2304K, reserved 1048576K
}
Event: 16.843 GC heap before
{Heap before GC invocations=9 (full 1):
 PSYoungGen      total 315904K, used 309264K [0x0000000715980000, 0x0000000732700000, 0x00000007c0000000)
  eden space 287232K, 100% used [0x0000000715980000,0x0000000727200000,0x0000000727200000)
  from space 28672K, 76% used [0x0000000727200000,0x0000000728784250,0x0000000728e00000)
  to   space 28672K, 0% used [0x0000000730b00000,0x0000000730b00000,0x0000000732700000)
 ParOldGen       total 141824K, used 12620K [0x00000005c0c00000, 0x00000005c9680000, 0x0000000715980000)
  object space 141824K, 8% used [0x00000005c0c00000,0x00000005c1853248,0x00000005c9680000)
 Metaspace       used 23204K, capacity 23521K, committed 23808K, reserved 1071104K
  class space    used 2168K, capacity 2289K, committed 2304K, reserved 1048576K
Event: 16.853 GC heap after
Heap after GC invocations=9 (full 1):
 PSYoungGen      total 299520K, used 21744K [0x0000000715980000, 0x0000000732080000, 0x00000007c0000000)
  eden space 277504K, 0% used [0x0000000715980000,0x0000000715980000,0x0000000726880000)
  from space 22016K, 98% used [0x0000000730b00000,0x000000073203c250,0x0000000732080000)
  to   space 28672K, 0% used [0x000000072e880000,0x000000072e880000,0x0000000730480000)
 ParOldGen       total 141824K, used 12620K [0x00000005c0c00000, 0x00000005c9680000, 0x0000000715980000)
  object space 141824K, 8% used [0x00000005c0c00000,0x00000005c1853248,0x00000005c9680000)
 Metaspace       used 23204K, capacity 23521K, committed 23808K, reserved 1071104K
  class space    used 2168K, capacity 2289K, committed 2304K, reserved 1048576K
}
Event: 20.747 GC heap before
{Heap before GC invocations=10 (full 1):
 PSYoungGen      total 299520K, used 299248K [0x0000000715980000, 0x0000000732080000, 0x00000007c0000000)
  eden space 277504K, 100% used [0x0000000715980000,0x0000000726880000,0x0000000726880000)
  from space 22016K, 98% used [0x0000000730b00000,0x000000073203c250,0x0000000732080000)
  to   space 28672K, 0% used [0x000000072e880000,0x000000072e880000,0x0000000730480000)
 ParOldGen       total 141824K, used 12620K [0x00000005c0c00000, 0x00000005c9680000, 0x0000000715980000)
  object space 141824K, 8% used [0x00000005c0c00000,0x00000005c1853248,0x00000005c9680000)
 Metaspace       used 23205K, capacity 23521K, committed 23808K, reserved 1071104K
  class space    used 2168K, capacity 2289K, committed 2304K, reserved 1048576K
Event: 20.758 GC heap after
Heap after GC invocations=10 (full 1):
 PSYoungGen      total 289792K, used 21328K [0x0000000715980000, 0x0000000730b80000, 0x00000007c0000000)
  eden space 268288K, 0% used [0x0000000715980000,0x0000000715980000,0x0000000725f80000)
  from space 21504K, 99% used [0x000000072e880000,0x000000072fd54250,0x000000072fd80000)
  to   space 14336K, 0% used [0x000000072fd80000,0x000000072fd80000,0x0000000730b80000)
 ParOldGen       total 141824K, used 12620K [0x00000005c0c00000, 0x00000005c9680000, 0x0000000715980000)
  object space 141824K, 8% used [0x00000005c0c00000,0x00000005c1853248,0x00000005c9680000)
 Metaspace       used 23205K, capacity 23521K, committed 23808K, reserved 1071104K
  class space    used 2168K, capacity 2289K, committed 2304K, reserved 1048576K
}
Event: 24.254 GC heap before
{Heap before GC invocations=11 (full 1):
 PSYoungGen      total 289792K, used 289616K [0x0000000715980000, 0x0000000730b80000, 0x00000007c0000000)
  eden space 268288K, 100% used [0x0000000715980000,0x0000000725f80000,0x0000000725f80000)
  from space 21504K, 99% used [0x000000072e880000,0x000000072fd54250,0x000000072fd80000)
  to   space 14336K, 0% used [0x000000072fd80000,0x000000072fd80000,0x0000000730b80000)
 ParOldGen       total 141824K, used 12620K [0x00000005c0c00000, 0x00000005c9680000, 0x0000000715980000)
  object space 141824K, 8% used [0x00000005c0c00000,0x00000005c1853248,0x00000005c9680000)
 Metaspace       used 23227K, capacity 23521K, committed 23808K, reserved 1071104K
  class space    used 2168K, capacity 2289K, committed 2304K, reserved 1048576K
Event: 24.267 GC heap after
Heap after GC invocations=11 (full 1):
 PSYoungGen      total 265728K, used 5664K [0x0000000715980000, 0x0000000730380000, 0x00000007c0000000)
  eden space 259584K, 0% used [0x0000000715980000,0x0000000715980000,0x0000000725700000)
  from space 6144K, 92% used [0x000000072fd80000,0x0000000730308010,0x0000000730380000)
  to   space 30208K, 0% used [0x000000072c880000,0x000000072c880000,0x000000072e600000)
 ParOldGen       total 141824K, used 61780K [0x00000005c0c00000, 0x00000005c9680000, 0x0000000715980000)
  object space 141824K, 43% used [0x00000005c0c00000,0x00000005c4855278,0x00000005c9680000)
 Metaspace       used 23227K, capacity 23521K, committed 23808K, reserved 1071104K
  class space    used 2168K, capacity 2289K, committed 2304K, reserved 1048576K
}
Event: 27.526 GC heap before
{Heap before GC invocations=12 (full 1):
 PSYoungGen      total 265728K, used 265248K [0x0000000715980000, 0x0000000730380000, 0x00000007c0000000)
  eden space 259584K, 100% used [0x0000000715980000,0x0000000725700000,0x0000000725700000)
  from space 6144K, 92% used [0x000000072fd80000,0x0000000730308010,0x0000000730380000)
  to   space 30208K, 0% used [0x000000072c880000,0x000000072c880000,0x000000072e600000)
 ParOldGen       total 141824K, used 61780K [0x00000005c0c00000, 0x00000005c9680000, 0x0000000715980000)
  object space 141824K, 43% used [0x00000005c0c00000,0x00000005c4855278,0x00000005c9680000)
 Metaspace       used 23227K, capacity 23521K, committed 23808K, reserved 1071104K
  class space    used 2168K, capacity 2289K, committed 2304K, reserved 1048576K
Event: 27.531 GC heap after
Heap after GC invocations=12 (full 1):
 PSYoungGen      total 257024K, used 5584K [0x0000000715980000, 0x000000072fe00000, 0x00000007c0000000)
  eden space 251392K, 0% used [0x0000000715980000,0x0000000715980000,0x0000000724f00000)
  from space 5632K, 99% used [0x000000072c880000,0x000000072cdf4240,0x000000072ce00000)
  to   space 31232K, 0% used [0x000000072df80000,0x000000072df80000,0x000000072fe00000)
 ParOldGen       total 141824K, used 61780K [0x00000005c0c00000, 0x00000005c9680000, 0x0000000715980000)
  object space 141824K, 43% used [0x00000005c0c00000,0x00000005c4855278,0x00000005c9680000)
 Metaspace       used 23227K, capacity 23521K, committed 23808K, reserved 1071104K
  class space    used 2168K, capacity 2289K, committed 2304K, reserved 1048576K
}

Deoptimization events (10 events):
Event: 27.970 Thread 0x000001f52a05e000 Uncommon trap: reason=unstable_if action=reinterpret pc=0x000001f500b1cb84 method=io.netty.channel.socket.nio.NioSocketChannel.isActive()Z @ 9
Event: 27.971 Thread 0x000001f52a05e000 Uncommon trap: reason=unstable_if action=reinterpret pc=0x000001f500ba390c method=io.netty.channel.DefaultChannelPipeline.decrementPendingOutboundBytes(J)V @ 16
Event: 27.971 Thread 0x000001f52a05e000 Uncommon trap: reason=unstable_if action=reinterpret pc=0x000001f500c57fa4 method=io.netty.channel.DefaultChannelPipeline.incrementPendingOutboundBytes(J)V @ 16
Event: 27.971 Thread 0x000001f52a05e000 Uncommon trap: reason=unstable_if action=reinterpret pc=0x000001f500b2c334 method=io.netty.channel.DefaultChannelPipeline.decrementPendingOutboundBytes(J)V @ 16
Event: 27.971 Thread 0x000001f52a05e000 Uncommon trap: reason=unstable_if action=reinterpret pc=0x000001f500b8263c method=sun.security.ssl.EngineWriter.isOutboundDone()Z @ 4
Event: 27.971 Thread 0x000001f52a05e000 Uncommon trap: reason=unstable_if action=reinterpret pc=0x000001f500b25ad4 method=io.netty.channel.AbstractChannel$AbstractUnsafe.write(Ljava/lang/Object;Lio/netty/channel/ChannelPromise;)V @ 10
Event: 27.971 Thread 0x000001f52a05e000 Uncommon trap: reason=unstable_if action=reinterpret pc=0x000001f500c2f240 method=io.netty.channel.AbstractChannel$AbstractUnsafe.flush()V @ 10
Event: 27.971 Thread 0x000001f52a05e000 Uncommon trap: reason=unstable_if action=reinterpret pc=0x000001f500b45764 method=io.netty.channel.DefaultChannelPipeline.incrementPendingOutboundBytes(J)V @ 16
Event: 27.971 Thread 0x000001f52a05e000 Uncommon trap: reason=unstable_if action=reinterpret pc=0x000001f500b44ef4 method=io.netty.channel.DefaultChannelPipeline.incrementPendingOutboundBytes(J)V @ 16
Event: 27.971 Thread 0x000001f52a05e000 Uncommon trap: reason=unstable_if action=reinterpret pc=0x000001f500b0159c method=io.netty.util.concurrent.DefaultPromise.setValue0(Ljava/lang/Object;)Z @ 23

Classes redefined (0 events):
No events

Internal exceptions (10 events):
Event: 3.370 Thread 0x000001f52a05e000 Exception <a 'java/lang/ArrayIndexOutOfBoundsException'> (0x00000007163295e0) thrown at [J:\jenkins\tmp\workspace\build\src\hotspot\src\share\vm\runtime\sharedRuntime.cpp, line 605]
Event: 3.370 Thread 0x000001f52a05e000 Exception <a 'java/lang/ArrayIndexOutOfBoundsException'> (0x000000071632ae70) thrown at [J:\jenkins\tmp\workspace\build\src\hotspot\src\share\vm\runtime\sharedRuntime.cpp, line 605]
Event: 3.370 Thread 0x000001f52a05e000 Exception <a 'java/lang/ArrayIndexOutOfBoundsException'> (0x000000071632e580) thrown at [J:\jenkins\tmp\workspace\build\src\hotspot\src\share\vm\runtime\sharedRuntime.cpp, line 605]
Event: 3.373 Thread 0x000001f52a05e000 Exception <a 'java/lang/ArrayIndexOutOfBoundsException'> (0x0000000716356a20) thrown at [J:\jenkins\tmp\workspace\build\src\hotspot\src\share\vm\runtime\sharedRuntime.cpp, line 605]
Event: 3.373 Thread 0x000001f52a05e000 Exception <a 'java/lang/ArrayIndexOutOfBoundsException'> (0x00000007163578e8) thrown at [J:\jenkins\tmp\workspace\build\src\hotspot\src\share\vm\runtime\sharedRuntime.cpp, line 605]
Event: 3.505 Thread 0x000001f52a05e000 Implicit null exception at 0x000001f5006413a8 to 0x000001f500641461
Event: 4.425 Thread 0x000001f52528b000 Implicit null exception at 0x000001f500afce3f to 0x000001f500afdb0d
Event: 4.426 Thread 0x000001f52a05e000 Implicit null exception at 0x000001f5009988ec to 0x000001f500998b39
Event: 27.969 Thread 0x000001f52a05e000 Implicit null exception at 0x000001f500b37d6f to 0x000001f500b39675
Event: 27.971 Thread 0x000001f52a05e000 Implicit null exception at 0x000001f500c2e491 to 0x000001f500c2f231

Events (10 events):
Event: 27.972 loading class java/util/IdentityHashMap$KeyIterator done
Event: 27.972 Thread 0x000001f525f6d800 Thread added: 0x000001f525f6d800
Event: 27.972 Thread 0x000001f525d64800 Thread added: 0x000001f525d64800
Event: 27.973 loading class java/util/WeakHashMap$KeyIterator
Event: 27.973 loading class java/util/WeakHashMap$HashIterator
Event: 27.973 Thread 0x000001f525f6d800 Thread exited: 0x000001f525f6d800
Event: 27.973 loading class java/util/WeakHashMap$HashIterator done
Event: 27.973 loading class java/util/WeakHashMap$KeyIterator done
Event: 27.973 Thread 0x000001f525d64800 Thread exited: 0x000001f525d64800
Event: 27.973 Executing VM operation: Exit


Dynamic libraries:
0x00007ff7dd210000 - 0x00007ff7dd24a000 	C:\Program Files\AdoptOpenJDK\jdk-8.0.252.09-hotspot\bin\java.exe
0x00007fffaa990000 - 0x00007fffaab86000 	C:\WINDOWS\SYSTEM32\ntdll.dll
0x00007fff9f020000 - 0x00007fff9f032000 	C:\Program Files\AVAST Software\Avast\aswhook.dll
0x00007fffa9200000 - 0x00007fffa92bd000 	C:\WINDOWS\System32\KERNEL32.DLL
0x00007fffa8550000 - 0x00007fffa8819000 	C:\WINDOWS\System32\KERNELBASE.dll
0x00007fffaa790000 - 0x00007fffaa83c000 	C:\WINDOWS\System32\ADVAPI32.dll
0x00007fffa92c0000 - 0x00007fffa935e000 	C:\WINDOWS\System32\msvcrt.dll
0x00007fffaa8b0000 - 0x00007fffaa94c000 	C:\WINDOWS\System32\sechost.dll
0x00007fffa9360000 - 0x00007fffa948b000 	C:\WINDOWS\System32\RPCRT4.dll
0x00007fffa8b40000 - 0x00007fffa8ce0000 	C:\WINDOWS\System32\USER32.dll
0x00007fffa8820000 - 0x00007fffa8842000 	C:\WINDOWS\System32\win32u.dll
0x00007fffa96b0000 - 0x00007fffa96da000 	C:\WINDOWS\System32\GDI32.dll
0x00007fffa81e0000 - 0x00007fffa82e9000 	C:\WINDOWS\System32\gdi32full.dll
0x00007fffa8950000 - 0x00007fffa89ed000 	C:\WINDOWS\System32\msvcp_win.dll
0x00007fffa8850000 - 0x00007fffa8950000 	C:\WINDOWS\System32\ucrtbase.dll
0x00007fff85b60000 - 0x00007fff85dfb000 	C:\WINDOWS\WinSxS\amd64_microsoft.windows.common-controls_6595b64144ccf1df_6.0.19041.488_none_ca04af081b815d21\COMCTL32.dll
0x00007fffaa3c0000 - 0x00007fffaa3f0000 	C:\WINDOWS\System32\IMM32.DLL
0x00007fff90f80000 - 0x00007fff9106f000 	C:\Program Files\AdoptOpenJDK\jdk-8.0.252.09-hotspot\jre\bin\msvcr120.dll
0x00007fff8a320000 - 0x00007fff8a3c6000 	C:\Program Files\AdoptOpenJDK\jdk-8.0.252.09-hotspot\jre\bin\msvcp120.dll
0x00000000705e0000 - 0x0000000070dde000 	C:\Program Files\AdoptOpenJDK\jdk-8.0.252.09-hotspot\jre\bin\server\jvm.dll
0x00007fffaa8a0000 - 0x00007fffaa8a8000 	C:\WINDOWS\System32\PSAPI.DLL
0x00007fff9de20000 - 0x00007fff9de29000 	C:\WINDOWS\SYSTEM32\WSOCK32.dll
0x00007fffa9a40000 - 0x00007fffa9aab000 	C:\WINDOWS\System32\WS2_32.dll
0x00007fff9ff40000 - 0x00007fff9ff67000 	C:\WINDOWS\SYSTEM32\WINMM.dll
0x00007fff9ff70000 - 0x00007fff9ff7a000 	C:\WINDOWS\SYSTEM32\VERSION.dll
0x00007fff9f7b0000 - 0x00007fff9f7bf000 	C:\Program Files\AdoptOpenJDK\jdk-8.0.252.09-hotspot\jre\bin\verify.dll
0x00007fff988f0000 - 0x00007fff98918000 	C:\Program Files\AdoptOpenJDK\jdk-8.0.252.09-hotspot\jre\bin\java.dll
0x00007fff93250000 - 0x00007fff9327a000 	C:\Program Files\AdoptOpenJDK\jdk-8.0.252.09-hotspot\jre\bin\instrument.dll
0x00007fff984a0000 - 0x00007fff984b6000 	C:\Program Files\AdoptOpenJDK\jdk-8.0.252.09-hotspot\jre\bin\zip.dll
0x00007fffa9c60000 - 0x00007fffaa3a2000 	C:\WINDOWS\System32\SHELL32.dll
0x00007fffa6240000 - 0x00007fffa69d5000 	C:\WINDOWS\SYSTEM32\windows.storage.dll
0x00007fffa96e0000 - 0x00007fffa9a36000 	C:\WINDOWS\System32\combase.dll
0x00007fffa7b40000 - 0x00007fffa7b6c000 	C:\WINDOWS\SYSTEM32\Wldp.dll
0x00007fffa9150000 - 0x00007fffa91fe000 	C:\WINDOWS\System32\SHCORE.dll
0x00007fffaa400000 - 0x00007fffaa455000 	C:\WINDOWS\System32\shlwapi.dll
0x00007fffa8000000 - 0x00007fffa8026000 	C:\WINDOWS\SYSTEM32\profapi.dll
0x00007fffa4c70000 - 0x00007fffa4c8a000 	C:\Program Files\JetBrains\IntelliJ IDEA Community Edition 2019.3.1\bin\breakgen64.dll
0x00007fff97640000 - 0x00007fff9765a000 	C:\Program Files\AdoptOpenJDK\jdk-8.0.252.09-hotspot\jre\bin\net.dll
0x00007fffa78c0000 - 0x00007fffa792a000 	C:\WINDOWS\system32\mswsock.dll
0x00007fff97620000 - 0x00007fff97632000 	C:\Program Files\AdoptOpenJDK\jdk-8.0.252.09-hotspot\jre\bin\nio.dll
0x00007fff916c0000 - 0x00007fff91724000 	C:\Users\Peyton Hill\AppData\Local\Temp\lwjglPeyton Hill\3.2.3-build-13\lwjgl.dll
0x00007fff8b220000 - 0x00007fff8b282000 	C:\Users\PEYTON~1\AppData\Local\Temp\lwjglPeyton Hill\3.2.3-build-13\glfw.dll
0x00007fffa5ae0000 - 0x00007fffa5b7e000 	C:\WINDOWS\system32\uxtheme.dll
0x00007fff91460000 - 0x00007fff914a5000 	C:\WINDOWS\SYSTEM32\dinput8.dll
0x00007fff98b70000 - 0x00007fff98b81000 	C:\WINDOWS\SYSTEM32\xinput1_4.dll
0x00007fffa8500000 - 0x00007fffa854e000 	C:\WINDOWS\System32\cfgmgr32.dll
0x00007fffa7e80000 - 0x00007fffa7eac000 	C:\WINDOWS\SYSTEM32\DEVOBJ.dll
0x00007fffa5d50000 - 0x00007fffa5d7f000 	C:\WINDOWS\SYSTEM32\dwmapi.dll
0x00007fff8afd0000 - 0x00007fff8b122000 	C:\WINDOWS\SYSTEM32\inputhost.dll
0x00007fffaa4c0000 - 0x00007fffaa58d000 	C:\WINDOWS\System32\OLEAUT32.dll
0x00007fffa5560000 - 0x00007fffa5652000 	C:\WINDOWS\SYSTEM32\CoreMessaging.dll
0x00007fffa3ac0000 - 0x00007fffa3bb7000 	C:\WINDOWS\SYSTEM32\PROPSYS.dll
0x00007fffa3d30000 - 0x00007fffa3e86000 	C:\WINDOWS\SYSTEM32\wintypes.dll
0x00007fffa8480000 - 0x00007fffa8500000 	C:\WINDOWS\System32\bcryptPrimitives.dll
0x00007fffa4e80000 - 0x00007fffa51de000 	C:\WINDOWS\SYSTEM32\CoreUIComponents.dll
0x00007fffa6f30000 - 0x00007fffa6f63000 	C:\WINDOWS\SYSTEM32\ntmarta.dll
0x00007fffa6040000 - 0x00007fffa6052000 	C:\WINDOWS\SYSTEM32\kernel.appcore.dll
0x00007fffaa590000 - 0x00007fffaa6a6000 	C:\WINDOWS\System32\MSCTF.dll
0x00007fffa69e0000 - 0x00007fffa69ed000 	C:\WINDOWS\SYSTEM32\HID.DLL
0x00007fffa8ce0000 - 0x00007fffa9147000 	C:\WINDOWS\System32\SETUPAPI.DLL
0x00007fffa8450000 - 0x00007fffa8477000 	C:\WINDOWS\System32\bcrypt.dll
0x00007fffa8180000 - 0x00007fffa81e0000 	C:\WINDOWS\System32\WINTRUST.dll
0x00007fffa82f0000 - 0x00007fffa844d000 	C:\WINDOWS\System32\CRYPT32.dll
0x00007fffa7cc0000 - 0x00007fffa7cd2000 	C:\WINDOWS\SYSTEM32\MSASN1.dll
0x00007fff74b30000 - 0x00007fff74c55000 	C:\WINDOWS\SYSTEM32\opengl32.dll
0x00007fff978d0000 - 0x00007fff978fc000 	C:\WINDOWS\SYSTEM32\GLU32.dll
0x00007fffa9490000 - 0x00007fffa9539000 	C:\WINDOWS\System32\clbcatq.dll
0x00007fff908d0000 - 0x00007fff908fa000 	C:\WINDOWS\System32\DriverStore\FileRepository\u0361134.inf_amd64_a6c18d8d6a47cb97\B361196\atig6pxx.dll
0x00007fff39850000 - 0x00007fff3c624000 	C:\WINDOWS\System32\DriverStore\FileRepository\u0361134.inf_amd64_a6c18d8d6a47cb97\B361196\atio6axx.dll
0x00007fffa8a10000 - 0x00007fffa8b3a000 	C:\WINDOWS\System32\ole32.dll
0x00007fff70750000 - 0x00007fff70774000 	C:\WINDOWS\SYSTEM32\dxva2.dll
0x00007fff902e0000 - 0x00007fff9031c000 	C:\WINDOWS\System32\DriverStore\FileRepository\u0361134.inf_amd64_a6c18d8d6a47cb97\B361196\atig6txx.dll
0x00007fff76a10000 - 0x00007fff76bcf000 	C:\WINDOWS\SYSTEM32\atiadlxx.dll
0x00007fff82c10000 - 0x00007fff82c59000 	C:\WINDOWS\SYSTEM32\pdh.dll
0x00007fffa01e0000 - 0x00007fffa021b000 	C:\WINDOWS\SYSTEM32\dxcore.dll
0x00007fff8b2c0000 - 0x00007fff8b3bd000 	C:\WINDOWS\SYSTEM32\textinputframework.dll
0x00007fff8a620000 - 0x00007fff8a679000 	C:\Users\Peyton Hill\AppData\Local\Temp\lwjglPeyton Hill\3.2.3-build-13\lwjgl_opengl.dll
0x00007fff72cc0000 - 0x00007fff72f13000 	C:\Users\PEYTON~1\AppData\Local\Temp\lwjglPeyton Hill\3.2.3-build-13\jemalloc.dll
0x00007fff73c00000 - 0x00007fff73d95000 	C:\Program Files\AdoptOpenJDK\jdk-8.0.252.09-hotspot\jre\bin\awt.dll
0x00007fffa58d0000 - 0x00007fffa5960000 	C:\WINDOWS\SYSTEM32\apphelp.dll
0x00007fffa7a90000 - 0x00007fffa7aa8000 	C:\WINDOWS\SYSTEM32\CRYPTSP.dll
0x00007fffa71e0000 - 0x00007fffa7214000 	C:\WINDOWS\system32\rsaenh.dll
0x00007fffa7f80000 - 0x00007fffa7fae000 	C:\WINDOWS\SYSTEM32\USERENV.dll
0x00007fffa7ab0000 - 0x00007fffa7abc000 	C:\WINDOWS\SYSTEM32\CRYPTBASE.dll
0x00007fffa7560000 - 0x00007fffa759b000 	C:\WINDOWS\SYSTEM32\IPHLPAPI.DLL
0x00007fffaa3f0000 - 0x00007fffaa3f8000 	C:\WINDOWS\System32\NSI.dll
0x00007fffa1ae0000 - 0x00007fffa1af7000 	C:\WINDOWS\SYSTEM32\dhcpcsvc6.DLL
0x00007fffa1cb0000 - 0x00007fffa1ccd000 	C:\WINDOWS\SYSTEM32\dhcpcsvc.DLL
0x00007fffa75b0000 - 0x00007fffa767b000 	C:\WINDOWS\SYSTEM32\DNSAPI.dll
0x00007fff8a280000 - 0x00007fff8a313000 	C:\Program Files\AdoptOpenJDK\jdk-8.0.252.09-hotspot\jre\bin\freetype.dll
0x00007fff74a70000 - 0x00007fff74b2d000 	C:\Program Files\AdoptOpenJDK\jdk-8.0.252.09-hotspot\jre\bin\fontmanager.dll
0x00007fff931d0000 - 0x00007fff931f3000 	C:\Program Files\AdoptOpenJDK\jdk-8.0.252.09-hotspot\jre\bin\sunec.dll
0x00007fff9aa90000 - 0x00007fff9aa9c000 	C:\Program Files\AdoptOpenJDK\jdk-8.0.252.09-hotspot\jre\bin\sunmscapi.dll
0x00007fffa7bb0000 - 0x00007fffa7bd7000 	C:\WINDOWS\SYSTEM32\ncrypt.dll
0x00007fffa7b70000 - 0x00007fffa7bab000 	C:\WINDOWS\SYSTEM32\NTASN1.dll
0x00007fffa4bb0000 - 0x00007fffa4bbd000 	C:\Program Files\AdoptOpenJDK\jdk-8.0.252.09-hotspot\jre\bin\management.dll
0x00007fff968a0000 - 0x00007fff968b7000 	C:\WINDOWS\system32\napinsp.dll
0x00007fff96880000 - 0x00007fff9689b000 	C:\WINDOWS\system32\pnrpnsp.dll
0x00007fff96430000 - 0x00007fff96445000 	C:\WINDOWS\system32\wshbth.dll
0x00007fffa42f0000 - 0x00007fffa430d000 	C:\WINDOWS\system32\NLAapi.dll
0x00007fff963c0000 - 0x00007fff963d2000 	C:\WINDOWS\System32\winrnr.dll
0x00007fff9e430000 - 0x00007fff9e43a000 	C:\Windows\System32\rasadhlp.dll
0x00007fff9e470000 - 0x00007fff9e4ef000 	C:\WINDOWS\System32\fwpuclnt.dll
0x00007fff76970000 - 0x00007fff76a0d000 	C:\Program Files\obs-studio\data\obs-plugins\win-capture\graphics-hook64.dll
0x00007fffa4310000 - 0x00007fffa4574000 	C:\WINDOWS\system32\d3d11.dll
0x00007fffa6a20000 - 0x00007fffa6b13000 	C:\WINDOWS\SYSTEM32\dxgi.dll
0x00007fff9ff80000 - 0x00007fffa015b000 	C:\WINDOWS\System32\DriverStore\FileRepository\u0361134.inf_amd64_a6c18d8d6a47cb97\B361196\aticfx64.dll
0x00007fff9fce0000 - 0x00007fff9fd18000 	C:\WINDOWS\System32\DriverStore\FileRepository\u0361134.inf_amd64_a6c18d8d6a47cb97\B361196\atiuxp64.dll
0x00007fff9b940000 - 0x00007fff9d845000 	C:\WINDOWS\System32\DriverStore\FileRepository\u0361134.inf_amd64_a6c18d8d6a47cb97\B361196\atidxx64.dll
0x00007fff9fc80000 - 0x00007fff9fcb0000 	C:\WINDOWS\SYSTEM32\amdihk64.dll
0x00007fffa3e90000 - 0x00007fffa42ed000 	C:\WINDOWS\SYSTEM32\D3DCompiler_47.dll
0x00007fffa1e50000 - 0x00007fffa2034000 	C:\WINDOWS\SYSTEM32\dbghelp.dll

VM Arguments:
jvm_args: -javaagent:C:\Program Files\JetBrains\IntelliJ IDEA Community Edition 2019.3.1\lib\idea_rt.jar=59572:C:\Program Files\JetBrains\IntelliJ IDEA Community Edition 2019.3.1\bin -Dfile.encoding=UTF-8 
java_command: Hilligans.ClientMain
java_class_path (initial): C:\Program Files\AdoptOpenJDK\jdk-8.0.252.09-hotspot\jre\lib\charsets.jar;C:\Program Files\AdoptOpenJDK\jdk-8.0.252.09-hotspot\jre\lib\ext\access-bridge-64.jar;C:\Program Files\AdoptOpenJDK\jdk-8.0.252.09-hotspot\jre\lib\ext\cldrdata.jar;C:\Program Files\AdoptOpenJDK\jdk-8.0.252.09-hotspot\jre\lib\ext\dnsns.jar;C:\Program Files\AdoptOpenJDK\jdk-8.0.252.09-hotspot\jre\lib\ext\jaccess.jar;C:\Program Files\AdoptOpenJDK\jdk-8.0.252.09-hotspot\jre\lib\ext\localedata.jar;C:\Program Files\AdoptOpenJDK\jdk-8.0.252.09-hotspot\jre\lib\ext\nashorn.jar;C:\Program Files\AdoptOpenJDK\jdk-8.0.252.09-hotspot\jre\lib\ext\sunec.jar;C:\Program Files\AdoptOpenJDK\jdk-8.0.252.09-hotspot\jre\lib\ext\sunjce_provider.jar;C:\Program Files\AdoptOpenJDK\jdk-8.0.252.09-hotspot\jre\lib\ext\sunmscapi.jar;C:\Program Files\AdoptOpenJDK\jdk-8.0.252.09-hotspot\jre\lib\ext\sunpkcs11.jar;C:\Program Files\AdoptOpenJDK\jdk-8.0.252.09-hotspot\jre\lib\ext\zipfs.jar;C:\Program Files\AdoptOpenJDK\jdk-8.0.252.09-hotspot\jre\lib\jce.jar;C:\Program Files\AdoptOpenJDK\jdk-8.0.252.09-hotspot\jre\lib\jsse.jar;C:\Program Files\AdoptOpenJDK\jdk-8.0.252.09-hotspot\jre\lib\management-agent.jar;C:\Program Files\AdoptOpenJDK\jdk-8.0.252.09-hotspot\jre\lib\resources.jar;C:\Program Files\AdoptOpenJDK\jdk-8.0.252.09-hotspot\jre\lib\rt.jar;C:\Users\Peyton Hill\IdeaProjects\Ourcraft\target\classes;C:\Users\Peyton Hill\.m2\repository\org\lwjgl\lwjgl\3.2.3\lwjgl-3.2.3.jar;C:\Users\Peyton Hill\.m2\repository\org\lwjgl\lwjgl-assimp\3.2.3\lwjgl-assimp-3.2.3.jar;C:\Users\Peyton Hill\.m2\repository\org\lwjgl\lwjgl-bgfx\3.2.3\lwjgl-bgfx-3.2.3.jar;C:\Users\Peyton Hill\.m2\repository\org\lwjgl\lwjgl-cuda\3.2.3\lwjgl-cuda-3.2.3.jar;C:\Users\Peyton Hill\.m2\repository\org\lwjgl\lwjgl-egl\3.2.3\lwjgl-egl-3.2.3.jar;C:\Users\Peyton Hill\.m2\repository\org\lwjgl\lwjgl-glfw\3.2.3\lwjgl-glfw-3.2.3.jar;C:\Users\Peyton Hill\.m2\repository\org\lwjgl\lwjgl-jawt\3.2.3\lwjgl-jawt-3.2.3.jar;C:\Users\Peyton Hill\.m2\repo
Launcher Type: SUN_STANDARD

Environment Variables:
JAVA_HOME=C:\Program Files\AdoptOpenJDK\jdk-15.0.2.7-hotspot
JRE_HOME=C:\Program Files\Java\jdk-15.0.2
PATH=C:\Program Files\AdoptOpenJDK\jdk-15.0.2.7-hotspot\bin;C:\ProgramData\Oracle\Java\javapath;C:\Program Files (x86)\Common Files\Oracle\Java\javapath;C:\Program Files\AdoptOpenJDK\jdk-8.0.252.09-hotspot\bin;C:\WINDOWS\system32;C:\WINDOWS;C:\WINDOWS\System32\Wbem;C:\WINDOWS\System32\WindowsPowerShell\v1.0\;C:\WINDOWS\System32\OpenSSH\;C:\Program Files\Git\cmd;C:\Users\Peyton Hill\AppData\Local\Microsoft\WindowsApps;C:\Users\Peyton Hill\AppData\Local\Programs\Microsoft VS Code\bin;C:\Users\Peyton Hill\AppData\Local\Microsoft\WindowsApps;C:\Users\Peyton Hill\AppData\Local\GitHubDesktop\bin
USERNAME=Peyton Hill
OS=Windows_NT
PROCESSOR_IDENTIFIER=AMD64 Family 23 Model 8 Stepping 2, AuthenticAMD



---------------  S Y S T E M  ---------------

OS: Windows 10.0 , 64 bit Build 19041 (10.0.19041.662)

CPU:total 16 (initial active 16) (16 cores per cpu, 1 threads per core) family 23 model 8 stepping 2, cmov, cx8, fxsr, mmx, sse, sse2, sse3, ssse3, sse4.1, sse4.2, popcnt, avx, avx2, aes, clmul, mmxext, 3dnowpref, lzcnt, sse4a, tsc, tscinvbit, tscinv, bmi1

Memory: 4k page, physical 33504108k(22749276k free), swap 58669932k(35832824k free)

vm_info: OpenJDK 64-Bit Server VM (25.252-b09) for windows-amd64 JRE (1.8.0_252-b09), built on Apr 22 2020 09:32:45 by "jenkins" with MS VC++ 12.0 (VS2013)

time: Sat Feb 06 03:52:14 2021
timezone: Eastern Standard Time
elapsed time: 28 seconds (0d 0h 0m 28s)

