#
# A fatal error has been detected by the Java Runtime Environment:
#
#  EXCEPTION_ACCESS_VIOLATION (0xc0000005) at pc=0x0000000000000000, pid=7616, tid=0x00000000000047c8
#
# JRE version: OpenJDK Runtime Environment (8.0_252-b09) (build 1.8.0_252-b09)
# Java VM: OpenJDK 64-Bit Server VM (25.252-b09 mixed mode windows-amd64 compressed oops)
# Problematic frame:
# C  0x0000000000000000
#
# Failed to write core dump. Minidumps are not enabled by default on client versions of Windows
#
# If you would like to submit a bug report, please visit:
#   http://bugreport.java.com/bugreport/crash.jsp
#

---------------  T H R E A D  ---------------

Current thread (0x00000152ec79f800):  VMThread [stack: 0x0000001bb7600000,0x0000001bb7700000] [id=18376]

siginfo: ExceptionCode=0xc0000005, ExceptionInformation=0x0000000000000008 0x0000000000000000

Registers:
RAX=0x0000000000000000, RBX=0x0000000000000000, RCX=0x0000000000000001, RDX=0x00007fff74f6c470
RSP=0x0000001bb76fed68, RBP=0x00007fff74f6c400, RSI=0x0000000000020000, RDI=0x0000000000000000
R8 =0x0000001bb66e6000, R9 =0x000000000000000e, R10=0x0000000000000000, R11=0x00000152fc965e50
R12=0x00007fff74c0dc30, R13=0x0000000000000000, R14=0x00007fff74b30000, R15=0x0000000000000001
RIP=0x0000000000000000, EFLAGS=0x0000000000010206

Top of Stack: (sp=0x0000001bb76fed68)
0x0000001bb76fed68:   00007fff74ee8ff5 0000000000000000
0x0000001bb76fed78:   00007fff74f6c400 0000000000000000
0x0000001bb76fed88:   0000000000020000 00000152c82be1e0
0x0000001bb76fed98:   00007fff74eea624 0000000000000000
0x0000001bb76feda8:   00000152c82be1e0 0000000000020000
0x0000001bb76fedb8:   00000152efefcec8 0000000000000001
0x0000001bb76fedc8:   00007fff74b36e3e 0000000000000001
0x0000001bb76fedd8:   0000000000000000 0000000000000000
0x0000001bb76fede8:   00007fffa94ad83e 0000000000000001
0x0000001bb76fedf8:   00007fff74b37286 0000000000000000
0x0000001bb76fee08:   00000152c82be1e0 0000000000000001
0x0000001bb76fee18:   0000000000000001 0000000000000000
0x0000001bb76fee28:   00007fff74c0dd6f 0000000000000001
0x0000001bb76fee38:   00000152c82be1e0 0000000000000001
0x0000001bb76fee48:   00007fff931d0000 0000000000000001
0x0000001bb76fee58:   00007fff931dc4d8 0000000000000001 

Instructions: (pc=0x0000000000000000)
0xffffffffffffffe0:   


Register to memory mapping:

RAX=0x0000000000000000 is an unknown value
RBX=0x0000000000000000 is an unknown value
RCX=0x0000000000000001 is an unknown value
RDX=0x00007fff74f6c470 is an unknown value
RSP=0x0000001bb76fed68 is an unknown value
RBP=0x00007fff74f6c400 is an unknown value
RSI=0x0000000000020000 is an unknown value
RDI=0x0000000000000000 is an unknown value
R8 =0x0000001bb66e6000 is an unknown value
R9 =0x000000000000000e is an unknown value
R10=0x0000000000000000 is an unknown value
R11=0x00000152fc965e50 is an unknown value
R12=0x00007fff74c0dc30 is an unknown value
R13=0x0000000000000000 is an unknown value
R14=0x00007fff74b30000 is an unknown value
R15=0x0000000000000001 is an unknown value


Stack: [0x0000001bb7600000,0x0000001bb7700000],  sp=0x0000001bb76fed68,  free space=1019k
Native frames: (J=compiled Java code, j=interpreted, Vv=VM code, C=native code)

VM_Operation (0x0000001bb8ffe6c0): Exit, mode: safepoint, requested by thread 0x00000152fcdf9800


---------------  P R O C E S S  ---------------

Java Threads: ( => current thread )
  0x00000152fcdf9800 JavaThread "nioEventLoopGroup-2-1" [_thread_blocked, id=17740, stack(0x0000001bb8f00000,0x0000001bb9000000)]
  0x00000152f83ec800 JavaThread "pool-1-thread-1" [_thread_blocked, id=5264, stack(0x0000001bb8e00000,0x0000001bb8f00000)]
  0x00000152f7eeb000 JavaThread "Java2D Disposer" daemon [_thread_blocked, id=20768, stack(0x0000001bb8d00000,0x0000001bb8e00000)]
  0x00000152ef98b000 JavaThread "Service Thread" daemon [_thread_blocked, id=25768, stack(0x0000001bb8800000,0x0000001bb8900000)]
  0x00000152ef8a0000 JavaThread "C1 CompilerThread11" daemon [_thread_blocked, id=17288, stack(0x0000001bb8700000,0x0000001bb8800000)]
  0x00000152ef8a2800 JavaThread "C1 CompilerThread10" daemon [_thread_blocked, id=20100, stack(0x0000001bb8600000,0x0000001bb8700000)]
  0x00000152ef89f800 JavaThread "C1 CompilerThread9" daemon [_thread_blocked, id=26940, stack(0x0000001bb8500000,0x0000001bb8600000)]
  0x00000152ef89e000 JavaThread "C1 CompilerThread8" daemon [_thread_blocked, id=23848, stack(0x0000001bb8400000,0x0000001bb8500000)]
  0x00000152ef8a4000 JavaThread "C2 CompilerThread7" daemon [_thread_blocked, id=13392, stack(0x0000001bb8300000,0x0000001bb8400000)]
  0x00000152ef89d000 JavaThread "C2 CompilerThread6" daemon [_thread_blocked, id=8652, stack(0x0000001bb8200000,0x0000001bb8300000)]
  0x00000152ef8a1800 JavaThread "C2 CompilerThread5" daemon [_thread_blocked, id=12964, stack(0x0000001bb8100000,0x0000001bb8200000)]
  0x00000152ef8a3000 JavaThread "C2 CompilerThread4" daemon [_thread_blocked, id=20580, stack(0x0000001bb8000000,0x0000001bb8100000)]
  0x00000152ef89e800 JavaThread "C2 CompilerThread3" daemon [_thread_blocked, id=2288, stack(0x0000001bb7f00000,0x0000001bb8000000)]
  0x00000152ef89c000 JavaThread "C2 CompilerThread2" daemon [_thread_blocked, id=8008, stack(0x0000001bb7e00000,0x0000001bb7f00000)]
  0x00000152ef76e000 JavaThread "C2 CompilerThread1" daemon [_thread_blocked, id=4888, stack(0x0000001bb7d00000,0x0000001bb7e00000)]
  0x00000152ef76d800 JavaThread "C2 CompilerThread0" daemon [_thread_blocked, id=7152, stack(0x0000001bb7c00000,0x0000001bb7d00000)]
  0x00000152ef76c000 JavaThread "Monitor Ctrl-Break" daemon [_thread_in_native, id=21844, stack(0x0000001bb7b00000,0x0000001bb7c00000)]
  0x00000152ef3c1800 JavaThread "Attach Listener" daemon [_thread_blocked, id=21140, stack(0x0000001bb7a00000,0x0000001bb7b00000)]
  0x00000152ef3bf000 JavaThread "Signal Dispatcher" daemon [_thread_blocked, id=9932, stack(0x0000001bb7900000,0x0000001bb7a00000)]
  0x00000152ec7aa000 JavaThread "Finalizer" daemon [_thread_blocked, id=4140, stack(0x0000001bb7800000,0x0000001bb7900000)]
  0x00000152ec7a9800 JavaThread "Reference Handler" daemon [_thread_blocked, id=3108, stack(0x0000001bb7700000,0x0000001bb7800000)]
  0x00000152c8299000 JavaThread "main" [_thread_blocked, id=20652, stack(0x0000001bb6800000,0x0000001bb6900000)]

Other Threads:
=>0x00000152ec79f800 VMThread [stack: 0x0000001bb7600000,0x0000001bb7700000] [id=18376]

VM state:at safepoint (shutting down)

VM Mutex/Monitor currently owned by a thread:  ([mutex/lock_event])
[0x00000152c8295b90] Threads_lock - owner thread: 0x00000152ec79f800

heap address: 0x00000005c0c00000, size: 8180 MB, Compressed Oops mode: Zero based, Oop shift amount: 3
Narrow klass base: 0x0000000000000000, Narrow klass shift: 3
Compressed class space size: 1073741824 Address: 0x00000007c0000000

Heap:
 PSYoungGen      total 894976K, used 407356K [0x0000000715980000, 0x0000000753700000, 0x00000007c0000000)
  eden space 787456K, 45% used [0x0000000715980000,0x000000072b8f3198,0x0000000745a80000)
  from space 107520K, 44% used [0x000000074c880000,0x000000074f6dbed8,0x0000000753180000)
  to   space 112640K, 0% used [0x0000000745a80000,0x0000000745a80000,0x000000074c880000)
 ParOldGen       total 360960K, used 142042K [0x00000005c0c00000, 0x00000005d6c80000, 0x0000000715980000)
  object space 360960K, 39% used [0x00000005c0c00000,0x00000005c96b6878,0x00000005d6c80000)
 Metaspace       used 23278K, capacity 23553K, committed 23936K, reserved 1071104K
  class space    used 2185K, capacity 2321K, committed 2432K, reserved 1048576K

Card table byte_map: [0x00000152d8fe0000,0x00000152d9fe0000] byte_map_base: 0x00000152d61da000

Marking Bits: (ParMarkBitMap*) 0x0000000070d65010
 Begin Bits: [0x00000152daa90000, 0x00000152e2a60000)
 End Bits:   [0x00000152e2a60000, 0x00000152eaa30000)

Polling page: 0x00000152c8420000

CodeCache: size=245760Kb used=12983Kb max_used=13005Kb free=232776Kb
 bounds [0x00000152c9c20000, 0x00000152ca8f0000, 0x00000152d8c20000]
 total_blobs=4552 nmethods=3385 adapters=1078
 compilation: enabled

Compilation events (10 events):
Event: 12.111 Thread 0x00000152ef89e800 3386       4       Hilligans.Network.ClientNetworkHandler::channelRead0 (10 bytes)
Event: 12.125 Thread 0x00000152ef89e800 nmethod 3386 0x00000152ca8dacd0 code [0x00000152ca8daf60, 0x00000152ca8dbb98]
Event: 12.125 Thread 0x00000152ef8a4000 nmethod 3385 0x00000152ca8ddb10 code [0x00000152ca8dddc0, 0x00000152ca8deb08]
Event: 12.205 Thread 0x00000152ef89c000 3387       4       sun.misc.FloatingDecimal::getBinaryToASCIIConverter (163 bytes)
Event: 12.208 Thread 0x00000152ef89c000 nmethod 3387 0x00000152ca886990 code [0x00000152ca886b00, 0x00000152ca886e28]
Event: 12.270 Thread 0x00000152ef8a3000 3388       4       io.netty.handler.ssl.SslHandler::readIfNeeded (46 bytes)
Event: 12.271 Thread 0x00000152ef8a3000 nmethod 3388 0x00000152ca8a2190 code [0x00000152ca8a22e0, 0x00000152ca8a2418]
Event: 12.368 Thread 0x00000152ef8a0000 3389       1       java.util.Hashtable::access$500 (5 bytes)
Event: 12.368 Thread 0x00000152ef8a2800 3390       3       java.util.logging.LogManager$LoggerContext::ensureDefaultLogger (70 bytes)
Event: 12.368 Thread 0x00000152ef8a0000 nmethod 3389 0x00000152ca8866d0 code [0x00000152ca886820, 0x00000152ca886918]

GC Heap History (10 events):
Event: 4.538 GC heap before
{Heap before GC invocations=6 (full 1):
 PSYoungGen      total 236032K, used 236000K [0x0000000715980000, 0x0000000727b00000, 0x00000007c0000000)
  eden space 214528K, 100% used [0x0000000715980000,0x0000000722b00000,0x0000000722b00000)
  from space 21504K, 99% used [0x0000000724000000,0x00000007254f8010,0x0000000725500000)
  to   space 21504K, 0% used [0x0000000722b00000,0x0000000722b00000,0x0000000724000000)
 ParOldGen       total 142336K, used 39579K [0x00000005c0c00000, 0x00000005c9700000, 0x0000000715980000)
  object space 142336K, 27% used [0x00000005c0c00000,0x00000005c32a6ee8,0x00000005c9700000)
 Metaspace       used 23214K, capacity 23519K, committed 23808K, reserved 1071104K
  class space    used 2174K, capacity 2288K, committed 2304K, reserved 1048576K
Event: 4.566 GC heap after
Heap after GC invocations=6 (full 1):
 PSYoungGen      total 236032K, used 21472K [0x0000000715980000, 0x0000000737300000, 0x00000007c0000000)
  eden space 214528K, 0% used [0x0000000715980000,0x0000000715980000,0x0000000722b00000)
  from space 21504K, 99% used [0x0000000722b00000,0x0000000723ff8010,0x0000000724000000)
  to   space 65536K, 0% used [0x0000000733300000,0x0000000733300000,0x0000000737300000)
 ParOldGen       total 142336K, used 75315K [0x00000005c0c00000, 0x00000005c9700000, 0x0000000715980000)
  object space 142336K, 52% used [0x00000005c0c00000,0x00000005c558cee8,0x00000005c9700000)
 Metaspace       used 23214K, capacity 23519K, committed 23808K, reserved 1071104K
  class space    used 2174K, capacity 2288K, committed 2304K, reserved 1048576K
}
Event: 4.669 GC heap before
{Heap before GC invocations=7 (full 1):
 PSYoungGen      total 236032K, used 236000K [0x0000000715980000, 0x0000000737300000, 0x00000007c0000000)
  eden space 214528K, 100% used [0x0000000715980000,0x0000000722b00000,0x0000000722b00000)
  from space 21504K, 99% used [0x0000000722b00000,0x0000000723ff8010,0x0000000724000000)
  to   space 65536K, 0% used [0x0000000733300000,0x0000000733300000,0x0000000737300000)
 ParOldGen       total 142336K, used 75315K [0x00000005c0c00000, 0x00000005c9700000, 0x0000000715980000)
  object space 142336K, 52% used [0x00000005c0c00000,0x00000005c558cee8,0x00000005c9700000)
 Metaspace       used 23214K, capacity 23519K, committed 23808K, reserved 1071104K
  class space    used 2174K, capacity 2288K, committed 2304K, reserved 1048576K
Event: 4.689 GC heap after
Heap after GC invocations=7 (full 1):
 PSYoungGen      total 471040K, used 65520K [0x0000000715980000, 0x0000000738f80000, 0x00000007c0000000)
  eden space 405504K, 0% used [0x0000000715980000,0x0000000715980000,0x000000072e580000)
  from space 65536K, 99% used [0x0000000733300000,0x00000007372fc140,0x0000000737300000)
  to   space 79360K, 0% used [0x000000072e580000,0x000000072e580000,0x0000000733300000)
 ParOldGen       total 142336K, used 75387K [0x00000005c0c00000, 0x00000005c9700000, 0x0000000715980000)
  object space 142336K, 52% used [0x00000005c0c00000,0x00000005c559eee8,0x00000005c9700000)
 Metaspace       used 23214K, capacity 23519K, committed 23808K, reserved 1071104K
  class space    used 2174K, capacity 2288K, committed 2304K, reserved 1048576K
}
Event: 5.521 GC heap before
{Heap before GC invocations=8 (full 1):
 PSYoungGen      total 471040K, used 471024K [0x0000000715980000, 0x0000000738f80000, 0x00000007c0000000)
  eden space 405504K, 100% used [0x0000000715980000,0x000000072e580000,0x000000072e580000)
  from space 65536K, 99% used [0x0000000733300000,0x00000007372fc140,0x0000000737300000)
  to   space 79360K, 0% used [0x000000072e580000,0x000000072e580000,0x0000000733300000)
 ParOldGen       total 142336K, used 75387K [0x00000005c0c00000, 0x00000005c9700000, 0x0000000715980000)
  object space 142336K, 52% used [0x00000005c0c00000,0x00000005c559eee8,0x00000005c9700000)
 Metaspace       used 23221K, capacity 23519K, committed 23808K, reserved 1071104K
  class space    used 2174K, capacity 2288K, committed 2304K, reserved 1048576K
Event: 5.561 GC heap after
Heap after GC invocations=8 (full 1):
 PSYoungGen      total 484864K, used 79328K [0x0000000715980000, 0x0000000753180000, 0x00000007c0000000)
  eden space 405504K, 0% used [0x0000000715980000,0x0000000715980000,0x000000072e580000)
  from space 79360K, 99% used [0x000000072e580000,0x00000007332f8010,0x0000000733300000)
  to   space 107520K, 0% used [0x000000074c880000,0x000000074c880000,0x0000000753180000)
 ParOldGen       total 142336K, used 99787K [0x00000005c0c00000, 0x00000005c9700000, 0x0000000715980000)
  object space 142336K, 70% used [0x00000005c0c00000,0x00000005c6d72ee8,0x00000005c9700000)
 Metaspace       used 23221K, capacity 23519K, committed 23808K, reserved 1071104K
  class space    used 2174K, capacity 2288K, committed 2304K, reserved 1048576K
}
Event: 8.657 GC heap before
{Heap before GC invocations=9 (full 1):
 PSYoungGen      total 484864K, used 484832K [0x0000000715980000, 0x0000000753180000, 0x00000007c0000000)
  eden space 405504K, 100% used [0x0000000715980000,0x000000072e580000,0x000000072e580000)
  from space 79360K, 99% used [0x000000072e580000,0x00000007332f8010,0x0000000733300000)
  to   space 107520K, 0% used [0x000000074c880000,0x000000074c880000,0x0000000753180000)
 ParOldGen       total 142336K, used 99787K [0x00000005c0c00000, 0x00000005c9700000, 0x0000000715980000)
  object space 142336K, 70% used [0x00000005c0c00000,0x00000005c6d72ee8,0x00000005c9700000)
 Metaspace       used 23234K, capacity 23519K, committed 23808K, reserved 1071104K
  class space    used 2175K, capacity 2288K, committed 2304K, reserved 1048576K
Event: 8.686 GC heap after
Heap after GC invocations=9 (full 1):
 PSYoungGen      total 894976K, used 74368K [0x0000000715980000, 0x0000000753700000, 0x00000007c0000000)
  eden space 787456K, 0% used [0x0000000715980000,0x0000000715980000,0x0000000745a80000)
  from space 107520K, 69% used [0x000000074c880000,0x0000000751120010,0x0000000753180000)
  to   space 112640K, 0% used [0x0000000745a80000,0x0000000745a80000,0x000000074c880000)
 ParOldGen       total 142336K, used 119080K [0x00000005c0c00000, 0x00000005c9700000, 0x0000000715980000)
  object space 142336K, 83% used [0x00000005c0c00000,0x00000005c804a148,0x00000005c9700000)
 Metaspace       used 23234K, capacity 23519K, committed 23808K, reserved 1071104K
  class space    used 2175K, capacity 2288K, committed 2304K, reserved 1048576K
}
Event: 8.686 GC heap before
{Heap before GC invocations=10 (full 2):
 PSYoungGen      total 894976K, used 74368K [0x0000000715980000, 0x0000000753700000, 0x00000007c0000000)
  eden space 787456K, 0% used [0x0000000715980000,0x0000000715980000,0x0000000745a80000)
  from space 107520K, 69% used [0x000000074c880000,0x0000000751120010,0x0000000753180000)
  to   space 112640K, 0% used [0x0000000745a80000,0x0000000745a80000,0x000000074c880000)
 ParOldGen       total 142336K, used 119080K [0x00000005c0c00000, 0x00000005c9700000, 0x0000000715980000)
  object space 142336K, 83% used [0x00000005c0c00000,0x00000005c804a148,0x00000005c9700000)
 Metaspace       used 23234K, capacity 23519K, committed 23808K, reserved 1071104K
  class space    used 2175K, capacity 2288K, committed 2304K, reserved 1048576K
Event: 9.079 GC heap after
Heap after GC invocations=10 (full 2):
 PSYoungGen      total 894976K, used 47471K [0x0000000715980000, 0x0000000753700000, 0x00000007c0000000)
  eden space 787456K, 0% used [0x0000000715980000,0x0000000715980000,0x0000000745a80000)
  from space 107520K, 44% used [0x000000074c880000,0x000000074f6dbed8,0x0000000753180000)
  to   space 112640K, 0% used [0x0000000745a80000,0x0000000745a80000,0x000000074c880000)
 ParOldGen       total 360960K, used 142042K [0x00000005c0c00000, 0x00000005d6c80000, 0x0000000715980000)
  object space 360960K, 39% used [0x00000005c0c00000,0x00000005c96b6878,0x00000005d6c80000)
 Metaspace       used 23234K, capacity 23519K, committed 23808K, reserved 1071104K
  class space    used 2175K, capacity 2288K, committed 2304K, reserved 1048576K
}

Deoptimization events (10 events):
Event: 12.365 Thread 0x00000152fcdf9800 Uncommon trap: reason=unstable_if action=reinterpret pc=0x00000152ca7d6784 method=io.netty.channel.socket.nio.NioSocketChannel.isActive()Z @ 9
Event: 12.366 Thread 0x00000152c8299000 Uncommon trap: reason=unstable_if action=reinterpret pc=0x00000152ca7bf2a4 method=io.netty.channel.DefaultChannelPipeline.incrementPendingOutboundBytes(J)V @ 16
Event: 12.366 Thread 0x00000152fcdf9800 Uncommon trap: reason=class_check action=maybe_recompile pc=0x00000152ca7bc17c method=io.netty.util.concurrent.DefaultPromise.notifyListenersNow()V @ 66
Event: 12.366 Thread 0x00000152fcdf9800 Uncommon trap: reason=unstable_if action=reinterpret pc=0x00000152ca8d2c2c method=io.netty.channel.DefaultChannelPipeline.decrementPendingOutboundBytes(J)V @ 16
Event: 12.366 Thread 0x00000152fcdf9800 Uncommon trap: reason=unstable_if action=reinterpret pc=0x00000152ca83ec64 method=io.netty.channel.DefaultChannelPipeline.incrementPendingOutboundBytes(J)V @ 16
Event: 12.366 Thread 0x00000152fcdf9800 Uncommon trap: reason=unstable_if action=reinterpret pc=0x00000152ca8053e8 method=io.netty.channel.DefaultChannelPipeline.decrementPendingOutboundBytes(J)V @ 16
Event: 12.366 Thread 0x00000152fcdf9800 Uncommon trap: reason=unstable_if action=reinterpret pc=0x00000152ca86f498 method=sun.security.ssl.EngineWriter.isOutboundDone()Z @ 4
Event: 12.366 Thread 0x00000152fcdf9800 Uncommon trap: reason=unstable_if action=reinterpret pc=0x00000152ca80b828 method=io.netty.channel.AbstractChannel$AbstractUnsafe.write(Ljava/lang/Object;Lio/netty/channel/ChannelPromise;)V @ 10
Event: 12.366 Thread 0x00000152fcdf9800 Uncommon trap: reason=unstable_if action=reinterpret pc=0x00000152ca7ff234 method=io.netty.channel.DefaultChannelPipeline.incrementPendingOutboundBytes(J)V @ 16
Event: 12.366 Thread 0x00000152fcdf9800 Uncommon trap: reason=unstable_if action=reinterpret pc=0x00000152ca87c490 method=sun.security.ssl.EngineWriter.isOutboundDone()Z @ 4

Classes redefined (0 events):
No events

Internal exceptions (10 events):
Event: 3.805 Thread 0x00000152c8299000 Implicit null exception at 0x00000152ca2d5a04 to 0x00000152ca2d5c19
Event: 3.869 Thread 0x00000152fcdf9800 Exception <a 'java/lang/ArrayIndexOutOfBoundsException'> (0x0000000716310de0) thrown at [J:\jenkins\tmp\workspace\build\src\hotspot\src\share\vm\runtime\sharedRuntime.cpp, line 605]
Event: 3.870 Thread 0x00000152fcdf9800 Exception <a 'java/lang/ArrayIndexOutOfBoundsException'> (0x0000000716312670) thrown at [J:\jenkins\tmp\workspace\build\src\hotspot\src\share\vm\runtime\sharedRuntime.cpp, line 605]
Event: 3.870 Thread 0x00000152fcdf9800 Exception <a 'java/lang/ArrayIndexOutOfBoundsException'> (0x0000000716315d80) thrown at [J:\jenkins\tmp\workspace\build\src\hotspot\src\share\vm\runtime\sharedRuntime.cpp, line 605]
Event: 3.873 Thread 0x00000152fcdf9800 Exception <a 'java/lang/ArrayIndexOutOfBoundsException'> (0x000000071633e220) thrown at [J:\jenkins\tmp\workspace\build\src\hotspot\src\share\vm\runtime\sharedRuntime.cpp, line 605]
Event: 3.873 Thread 0x00000152fcdf9800 Exception <a 'java/lang/ArrayIndexOutOfBoundsException'> (0x000000071633f0e8) thrown at [J:\jenkins\tmp\workspace\build\src\hotspot\src\share\vm\runtime\sharedRuntime.cpp, line 605]
Event: 4.000 Thread 0x00000152fcdf9800 Implicit null exception at 0x00000152ca257928 to 0x00000152ca2579e1
Event: 4.757 Thread 0x00000152c8299000 Exception <a 'java/lang/ArrayIndexOutOfBoundsException': 199> (0x000000071d292900) thrown at [J:\jenkins\tmp\workspace\build\src\hotspot\src\share\vm\interpreter\interpreterRuntime.cpp, line 368]
Event: 5.326 Thread 0x00000152f83ec800 Implicit null exception at 0x00000152ca7b5c9f to 0x00000152ca7b69e5
Event: 5.327 Thread 0x00000152fcdf9800 Implicit null exception at 0x00000152ca5b5ef0 to 0x00000152ca5b616d

Events (10 events):
Event: 12.368 loading class java/util/WeakHashMap$KeyIterator
Event: 12.368 loading class java/util/WeakHashMap$HashIterator
Event: 12.368 loading class java/util/WeakHashMap$HashIterator done
Event: 12.368 loading class java/util/WeakHashMap$KeyIterator done
Event: 12.368 Thread 0x00000152ef8a0000 flushing nmethod 0x00000152c9eccf90
Event: 12.368 Thread 0x00000152837bf800 Thread exited: 0x00000152837bf800
Event: 12.368 Thread 0x00000152839b2800 Thread exited: 0x00000152839b2800
Event: 12.368 Thread 0x00000152ef8a0000 flushing nmethod 0x00000152c9ef6550
Event: 12.368 Thread 0x00000152ef8a0000 flushing nmethod 0x00000152c9f1b010
Event: 12.368 Executing VM operation: Exit


Dynamic libraries:
0x00007ff7dd210000 - 0x00007ff7dd24a000 	C:\Program Files\AdoptOpenJDK\jdk-8.0.252.09-hotspot\bin\java.exe
0x00007fffaa990000 - 0x00007fffaab86000 	C:\WINDOWS\SYSTEM32\ntdll.dll
0x00007fff9f020000 - 0x00007fff9f032000 	C:\Program Files\AVAST Software\Avast\aswhook.dll
0x00007fffa9200000 - 0x00007fffa92bd000 	C:\WINDOWS\System32\KERNEL32.DLL
0x00007fffa8550000 - 0x00007fffa8819000 	C:\WINDOWS\System32\KERNELBASE.dll
0x00007fffaa790000 - 0x00007fffaa83c000 	C:\WINDOWS\System32\ADVAPI32.dll
0x00007fffa92c0000 - 0x00007fffa935e000 	C:\WINDOWS\System32\msvcrt.dll
0x00007fffaa8b0000 - 0x00007fffaa94c000 	C:\WINDOWS\System32\sechost.dll
0x00007fffa9360000 - 0x00007fffa948b000 	C:\WINDOWS\System32\RPCRT4.dll
0x00007fffa8b40000 - 0x00007fffa8ce0000 	C:\WINDOWS\System32\USER32.dll
0x00007fffa8820000 - 0x00007fffa8842000 	C:\WINDOWS\System32\win32u.dll
0x00007fffa96b0000 - 0x00007fffa96da000 	C:\WINDOWS\System32\GDI32.dll
0x00007fffa81e0000 - 0x00007fffa82e9000 	C:\WINDOWS\System32\gdi32full.dll
0x00007fffa8950000 - 0x00007fffa89ed000 	C:\WINDOWS\System32\msvcp_win.dll
0x00007fffa8850000 - 0x00007fffa8950000 	C:\WINDOWS\System32\ucrtbase.dll
0x00007fff85b60000 - 0x00007fff85dfb000 	C:\WINDOWS\WinSxS\amd64_microsoft.windows.common-controls_6595b64144ccf1df_6.0.19041.488_none_ca04af081b815d21\COMCTL32.dll
0x00007fffaa3c0000 - 0x00007fffaa3f0000 	C:\WINDOWS\System32\IMM32.DLL
0x00007fff90f80000 - 0x00007fff9106f000 	C:\Program Files\AdoptOpenJDK\jdk-8.0.252.09-hotspot\jre\bin\msvcr120.dll
0x00007fff8a320000 - 0x00007fff8a3c6000 	C:\Program Files\AdoptOpenJDK\jdk-8.0.252.09-hotspot\jre\bin\msvcp120.dll
0x00000000705e0000 - 0x0000000070dde000 	C:\Program Files\AdoptOpenJDK\jdk-8.0.252.09-hotspot\jre\bin\server\jvm.dll
0x00007fffaa8a0000 - 0x00007fffaa8a8000 	C:\WINDOWS\System32\PSAPI.DLL
0x00007fff9de20000 - 0x00007fff9de29000 	C:\WINDOWS\SYSTEM32\WSOCK32.dll
0x00007fffa9a40000 - 0x00007fffa9aab000 	C:\WINDOWS\System32\WS2_32.dll
0x00007fff9ff40000 - 0x00007fff9ff67000 	C:\WINDOWS\SYSTEM32\WINMM.dll
0x00007fff9ff70000 - 0x00007fff9ff7a000 	C:\WINDOWS\SYSTEM32\VERSION.dll
0x00007fff9f7b0000 - 0x00007fff9f7bf000 	C:\Program Files\AdoptOpenJDK\jdk-8.0.252.09-hotspot\jre\bin\verify.dll
0x00007fff988f0000 - 0x00007fff98918000 	C:\Program Files\AdoptOpenJDK\jdk-8.0.252.09-hotspot\jre\bin\java.dll
0x00007fff98c80000 - 0x00007fff98caa000 	C:\Program Files\AdoptOpenJDK\jdk-8.0.252.09-hotspot\jre\bin\instrument.dll
0x00007fff984a0000 - 0x00007fff984b6000 	C:\Program Files\AdoptOpenJDK\jdk-8.0.252.09-hotspot\jre\bin\zip.dll
0x00007fffa9c60000 - 0x00007fffaa3a2000 	C:\WINDOWS\System32\SHELL32.dll
0x00007fffa6240000 - 0x00007fffa69d5000 	C:\WINDOWS\SYSTEM32\windows.storage.dll
0x00007fffa96e0000 - 0x00007fffa9a36000 	C:\WINDOWS\System32\combase.dll
0x00007fffa7b40000 - 0x00007fffa7b6c000 	C:\WINDOWS\SYSTEM32\Wldp.dll
0x00007fffa9150000 - 0x00007fffa91fe000 	C:\WINDOWS\System32\SHCORE.dll
0x00007fffaa400000 - 0x00007fffaa455000 	C:\WINDOWS\System32\shlwapi.dll
0x00007fffa8000000 - 0x00007fffa8026000 	C:\WINDOWS\SYSTEM32\profapi.dll
0x00007fff98b90000 - 0x00007fff98baa000 	C:\Program Files\JetBrains\IntelliJ IDEA Community Edition 2019.3.1\bin\breakgen64.dll
0x00007fff97640000 - 0x00007fff9765a000 	C:\Program Files\AdoptOpenJDK\jdk-8.0.252.09-hotspot\jre\bin\net.dll
0x00007fffa78c0000 - 0x00007fffa792a000 	C:\WINDOWS\system32\mswsock.dll
0x00007fff97620000 - 0x00007fff97632000 	C:\Program Files\AdoptOpenJDK\jdk-8.0.252.09-hotspot\jre\bin\nio.dll
0x00007fff8b220000 - 0x00007fff8b284000 	C:\Users\Peyton Hill\AppData\Local\Temp\lwjglPeyton Hill\3.2.3-build-13\lwjgl.dll
0x00007fff8a610000 - 0x00007fff8a672000 	C:\Users\PEYTON~1\AppData\Local\Temp\lwjglPeyton Hill\3.2.3-build-13\glfw.dll
0x00007fffa5ae0000 - 0x00007fffa5b7e000 	C:\WINDOWS\system32\uxtheme.dll
0x00007fff93230000 - 0x00007fff93275000 	C:\WINDOWS\SYSTEM32\dinput8.dll
0x00007fff98b70000 - 0x00007fff98b81000 	C:\WINDOWS\SYSTEM32\xinput1_4.dll
0x00007fffa8500000 - 0x00007fffa854e000 	C:\WINDOWS\System32\cfgmgr32.dll
0x00007fffa7e80000 - 0x00007fffa7eac000 	C:\WINDOWS\SYSTEM32\DEVOBJ.dll
0x00007fffa5d50000 - 0x00007fffa5d7f000 	C:\WINDOWS\SYSTEM32\dwmapi.dll
0x00007fff8afd0000 - 0x00007fff8b122000 	C:\WINDOWS\SYSTEM32\inputhost.dll
0x00007fffaa4c0000 - 0x00007fffaa58d000 	C:\WINDOWS\System32\OLEAUT32.dll
0x00007fffa5560000 - 0x00007fffa5652000 	C:\WINDOWS\SYSTEM32\CoreMessaging.dll
0x00007fffa3ac0000 - 0x00007fffa3bb7000 	C:\WINDOWS\SYSTEM32\PROPSYS.dll
0x00007fffa3d30000 - 0x00007fffa3e86000 	C:\WINDOWS\SYSTEM32\wintypes.dll
0x00007fffa8480000 - 0x00007fffa8500000 	C:\WINDOWS\System32\bcryptPrimitives.dll
0x00007fffa4e80000 - 0x00007fffa51de000 	C:\WINDOWS\SYSTEM32\CoreUIComponents.dll
0x00007fffa6f30000 - 0x00007fffa6f63000 	C:\WINDOWS\SYSTEM32\ntmarta.dll
0x00007fffa6040000 - 0x00007fffa6052000 	C:\WINDOWS\SYSTEM32\kernel.appcore.dll
0x00007fffaa590000 - 0x00007fffaa6a6000 	C:\WINDOWS\System32\MSCTF.dll
0x00007fffa69e0000 - 0x00007fffa69ed000 	C:\WINDOWS\SYSTEM32\HID.DLL
0x00007fffa8ce0000 - 0x00007fffa9147000 	C:\WINDOWS\System32\SETUPAPI.DLL
0x00007fffa8450000 - 0x00007fffa8477000 	C:\WINDOWS\System32\bcrypt.dll
0x00007fffa8180000 - 0x00007fffa81e0000 	C:\WINDOWS\System32\WINTRUST.dll
0x00007fffa82f0000 - 0x00007fffa844d000 	C:\WINDOWS\System32\CRYPT32.dll
0x00007fffa7cc0000 - 0x00007fffa7cd2000 	C:\WINDOWS\SYSTEM32\MSASN1.dll
0x00007fff74b30000 - 0x00007fff74c55000 	C:\WINDOWS\SYSTEM32\opengl32.dll
0x00007fff978d0000 - 0x00007fff978fc000 	C:\WINDOWS\SYSTEM32\GLU32.dll
0x00007fffa9490000 - 0x00007fffa9539000 	C:\WINDOWS\System32\clbcatq.dll
0x00007fff931d0000 - 0x00007fff931fa000 	C:\WINDOWS\System32\DriverStore\FileRepository\u0361134.inf_amd64_a6c18d8d6a47cb97\B361196\atig6pxx.dll
0x00007fff39850000 - 0x00007fff3c624000 	C:\WINDOWS\System32\DriverStore\FileRepository\u0361134.inf_amd64_a6c18d8d6a47cb97\B361196\atio6axx.dll
0x00007fffa8a10000 - 0x00007fffa8b3a000 	C:\WINDOWS\System32\ole32.dll
0x00007fff70750000 - 0x00007fff70774000 	C:\WINDOWS\SYSTEM32\dxva2.dll
0x00007fff91640000 - 0x00007fff9167c000 	C:\WINDOWS\System32\DriverStore\FileRepository\u0361134.inf_amd64_a6c18d8d6a47cb97\B361196\atig6txx.dll
0x00007fff77230000 - 0x00007fff773ef000 	C:\WINDOWS\SYSTEM32\atiadlxx.dll
0x00007fff82c10000 - 0x00007fff82c59000 	C:\WINDOWS\SYSTEM32\pdh.dll
0x00007fffa01e0000 - 0x00007fffa021b000 	C:\WINDOWS\SYSTEM32\dxcore.dll
0x00007fff8b2c0000 - 0x00007fff8b3bd000 	C:\WINDOWS\SYSTEM32\textinputframework.dll
0x00007fff91450000 - 0x00007fff914a9000 	C:\Users\Peyton Hill\AppData\Local\Temp\lwjglPeyton Hill\3.2.3-build-13\lwjgl_opengl.dll
0x00007fff76970000 - 0x00007fff76bc3000 	C:\Users\PEYTON~1\AppData\Local\Temp\lwjglPeyton Hill\3.2.3-build-13\jemalloc.dll
0x00007fff74f80000 - 0x00007fff75115000 	C:\Program Files\AdoptOpenJDK\jdk-8.0.252.09-hotspot\jre\bin\awt.dll
0x00007fffa58d0000 - 0x00007fffa5960000 	C:\WINDOWS\SYSTEM32\apphelp.dll
0x00007fffa7a90000 - 0x00007fffa7aa8000 	C:\WINDOWS\SYSTEM32\CRYPTSP.dll
0x00007fffa71e0000 - 0x00007fffa7214000 	C:\WINDOWS\system32\rsaenh.dll
0x00007fffa7f80000 - 0x00007fffa7fae000 	C:\WINDOWS\SYSTEM32\USERENV.dll
0x00007fffa7ab0000 - 0x00007fffa7abc000 	C:\WINDOWS\SYSTEM32\CRYPTBASE.dll
0x00007fffa7560000 - 0x00007fffa759b000 	C:\WINDOWS\SYSTEM32\IPHLPAPI.DLL
0x00007fffaa3f0000 - 0x00007fffaa3f8000 	C:\WINDOWS\System32\NSI.dll
0x00007fffa1ae0000 - 0x00007fffa1af7000 	C:\WINDOWS\SYSTEM32\dhcpcsvc6.DLL
0x00007fffa1cb0000 - 0x00007fffa1ccd000 	C:\WINDOWS\SYSTEM32\dhcpcsvc.DLL
0x00007fffa75b0000 - 0x00007fffa767b000 	C:\WINDOWS\SYSTEM32\DNSAPI.dll
0x00007fff8a280000 - 0x00007fff8a313000 	C:\Program Files\AdoptOpenJDK\jdk-8.0.252.09-hotspot\jre\bin\freetype.dll
0x00007fff76520000 - 0x00007fff765dd000 	C:\Program Files\AdoptOpenJDK\jdk-8.0.252.09-hotspot\jre\bin\fontmanager.dll
0x00007fff97560000 - 0x00007fff97583000 	C:\Program Files\AdoptOpenJDK\jdk-8.0.252.09-hotspot\jre\bin\sunec.dll
0x00007fff9aa90000 - 0x00007fff9aa9c000 	C:\Program Files\AdoptOpenJDK\jdk-8.0.252.09-hotspot\jre\bin\sunmscapi.dll
0x00007fffa7bb0000 - 0x00007fffa7bd7000 	C:\WINDOWS\SYSTEM32\ncrypt.dll
0x00007fffa7b70000 - 0x00007fffa7bab000 	C:\WINDOWS\SYSTEM32\NTASN1.dll
0x00007fffa4bb0000 - 0x00007fffa4bbd000 	C:\Program Files\AdoptOpenJDK\jdk-8.0.252.09-hotspot\jre\bin\management.dll
0x00007fff968a0000 - 0x00007fff968b7000 	C:\WINDOWS\system32\napinsp.dll
0x00007fff96880000 - 0x00007fff9689b000 	C:\WINDOWS\system32\pnrpnsp.dll
0x00007fff96430000 - 0x00007fff96445000 	C:\WINDOWS\system32\wshbth.dll
0x00007fffa42f0000 - 0x00007fffa430d000 	C:\WINDOWS\system32\NLAapi.dll
0x00007fff963c0000 - 0x00007fff963d2000 	C:\WINDOWS\System32\winrnr.dll
0x00007fff9e430000 - 0x00007fff9e43a000 	C:\Windows\System32\rasadhlp.dll
0x00007fff9e470000 - 0x00007fff9e4ef000 	C:\WINDOWS\System32\fwpuclnt.dll
0x00007fff74ee0000 - 0x00007fff74f7d000 	C:\Program Files\obs-studio\data\obs-plugins\win-capture\graphics-hook64.dll
0x00007fffa4310000 - 0x00007fffa4574000 	C:\WINDOWS\system32\d3d11.dll
0x00007fffa6a20000 - 0x00007fffa6b13000 	C:\WINDOWS\SYSTEM32\dxgi.dll
0x00007fff9ff80000 - 0x00007fffa015b000 	C:\WINDOWS\System32\DriverStore\FileRepository\u0361134.inf_amd64_a6c18d8d6a47cb97\B361196\aticfx64.dll
0x00007fff9fce0000 - 0x00007fff9fd18000 	C:\WINDOWS\System32\DriverStore\FileRepository\u0361134.inf_amd64_a6c18d8d6a47cb97\B361196\atiuxp64.dll
0x00007fff9b940000 - 0x00007fff9d845000 	C:\WINDOWS\System32\DriverStore\FileRepository\u0361134.inf_amd64_a6c18d8d6a47cb97\B361196\atidxx64.dll
0x00007fff9fc80000 - 0x00007fff9fcb0000 	C:\WINDOWS\SYSTEM32\amdihk64.dll
0x00007fffa1e50000 - 0x00007fffa2034000 	C:\WINDOWS\SYSTEM32\dbghelp.dll

VM Arguments:
jvm_args: -javaagent:C:\Program Files\JetBrains\IntelliJ IDEA Community Edition 2019.3.1\lib\idea_rt.jar=55150:C:\Program Files\JetBrains\IntelliJ IDEA Community Edition 2019.3.1\bin -Dfile.encoding=UTF-8 
java_command: Hilligans.ClientMain
java_class_path (initial): C:\Program Files\AdoptOpenJDK\jdk-8.0.252.09-hotspot\jre\lib\charsets.jar;C:\Program Files\AdoptOpenJDK\jdk-8.0.252.09-hotspot\jre\lib\ext\access-bridge-64.jar;C:\Program Files\AdoptOpenJDK\jdk-8.0.252.09-hotspot\jre\lib\ext\cldrdata.jar;C:\Program Files\AdoptOpenJDK\jdk-8.0.252.09-hotspot\jre\lib\ext\dnsns.jar;C:\Program Files\AdoptOpenJDK\jdk-8.0.252.09-hotspot\jre\lib\ext\jaccess.jar;C:\Program Files\AdoptOpenJDK\jdk-8.0.252.09-hotspot\jre\lib\ext\localedata.jar;C:\Program Files\AdoptOpenJDK\jdk-8.0.252.09-hotspot\jre\lib\ext\nashorn.jar;C:\Program Files\AdoptOpenJDK\jdk-8.0.252.09-hotspot\jre\lib\ext\sunec.jar;C:\Program Files\AdoptOpenJDK\jdk-8.0.252.09-hotspot\jre\lib\ext\sunjce_provider.jar;C:\Program Files\AdoptOpenJDK\jdk-8.0.252.09-hotspot\jre\lib\ext\sunmscapi.jar;C:\Program Files\AdoptOpenJDK\jdk-8.0.252.09-hotspot\jre\lib\ext\sunpkcs11.jar;C:\Program Files\AdoptOpenJDK\jdk-8.0.252.09-hotspot\jre\lib\ext\zipfs.jar;C:\Program Files\AdoptOpenJDK\jdk-8.0.252.09-hotspot\jre\lib\jce.jar;C:\Program Files\AdoptOpenJDK\jdk-8.0.252.09-hotspot\jre\lib\jsse.jar;C:\Program Files\AdoptOpenJDK\jdk-8.0.252.09-hotspot\jre\lib\management-agent.jar;C:\Program Files\AdoptOpenJDK\jdk-8.0.252.09-hotspot\jre\lib\resources.jar;C:\Program Files\AdoptOpenJDK\jdk-8.0.252.09-hotspot\jre\lib\rt.jar;C:\Users\Peyton Hill\IdeaProjects\Ourcraft\target\classes;C:\Users\Peyton Hill\.m2\repository\org\lwjgl\lwjgl\3.2.3\lwjgl-3.2.3.jar;C:\Users\Peyton Hill\.m2\repository\org\lwjgl\lwjgl-assimp\3.2.3\lwjgl-assimp-3.2.3.jar;C:\Users\Peyton Hill\.m2\repository\org\lwjgl\lwjgl-bgfx\3.2.3\lwjgl-bgfx-3.2.3.jar;C:\Users\Peyton Hill\.m2\repository\org\lwjgl\lwjgl-cuda\3.2.3\lwjgl-cuda-3.2.3.jar;C:\Users\Peyton Hill\.m2\repository\org\lwjgl\lwjgl-egl\3.2.3\lwjgl-egl-3.2.3.jar;C:\Users\Peyton Hill\.m2\repository\org\lwjgl\lwjgl-glfw\3.2.3\lwjgl-glfw-3.2.3.jar;C:\Users\Peyton Hill\.m2\repository\org\lwjgl\lwjgl-jawt\3.2.3\lwjgl-jawt-3.2.3.jar;C:\Users\Peyton Hill\.m2\repo
Launcher Type: SUN_STANDARD

Environment Variables:
JAVA_HOME=C:\Program Files\AdoptOpenJDK\jdk-15.0.2.7-hotspot
JRE_HOME=C:\Program Files\Java\jdk-15.0.2
PATH=C:\Program Files\AdoptOpenJDK\jdk-15.0.2.7-hotspot\bin;C:\ProgramData\Oracle\Java\javapath;C:\Program Files (x86)\Common Files\Oracle\Java\javapath;C:\Program Files\AdoptOpenJDK\jdk-8.0.252.09-hotspot\bin;C:\WINDOWS\system32;C:\WINDOWS;C:\WINDOWS\System32\Wbem;C:\WINDOWS\System32\WindowsPowerShell\v1.0\;C:\WINDOWS\System32\OpenSSH\;C:\Program Files\Git\cmd;C:\Users\Peyton Hill\AppData\Local\Microsoft\WindowsApps;C:\Users\Peyton Hill\AppData\Local\Programs\Microsoft VS Code\bin;C:\Users\Peyton Hill\AppData\Local\Microsoft\WindowsApps;C:\Users\Peyton Hill\AppData\Local\GitHubDesktop\bin
USERNAME=Peyton Hill
OS=Windows_NT
PROCESSOR_IDENTIFIER=AMD64 Family 23 Model 8 Stepping 2, AuthenticAMD



---------------  S Y S T E M  ---------------

OS: Windows 10.0 , 64 bit Build 19041 (10.0.19041.662)

CPU:total 16 (initial active 16) (16 cores per cpu, 1 threads per core) family 23 model 8 stepping 2, cmov, cx8, fxsr, mmx, sse, sse2, sse3, ssse3, sse4.1, sse4.2, popcnt, avx, avx2, aes, clmul, mmxext, 3dnowpref, lzcnt, sse4a, tsc, tscinvbit, tscinv, bmi1

Memory: 4k page, physical 33504108k(21379096k free), swap 58669932k(34090144k free)

vm_info: OpenJDK 64-Bit Server VM (25.252-b09) for windows-amd64 JRE (1.8.0_252-b09), built on Apr 22 2020 09:32:45 by "jenkins" with MS VC++ 12.0 (VS2013)

time: Sat Feb 06 04:32:03 2021
timezone: Eastern Standard Time
elapsed time: 12 seconds (0d 0h 0m 12s)

