#
# A fatal error has been detected by the Java Runtime Environment:
#
#  EXCEPTION_ACCESS_VIOLATION (0xc0000005) at pc=0x0000000000000000, pid=20404, tid=0x0000000000001458
#
# JRE version: OpenJDK Runtime Environment (8.0_252-b09) (build 1.8.0_252-b09)
# Java VM: OpenJDK 64-Bit Server VM (25.252-b09 mixed mode windows-amd64 compressed oops)
# Problematic frame:
# C  0x0000000000000000
#
# Failed to write core dump. Minidumps are not enabled by default on client versions of Windows
#
# If you would like to submit a bug report, please visit:
#   http://bugreport.java.com/bugreport/crash.jsp
#

---------------  T H R E A D  ---------------

Current thread (0x00000299540a8800):  VMThread [stack: 0x000000dcdb200000,0x000000dcdb300000] [id=5208]

siginfo: ExceptionCode=0xc0000005, ExceptionInformation=0x0000000000000008 0x0000000000000000

Registers:
RAX=0x0000000000000000, RBX=0x0000000000000000, RCX=0x0000000000000001, RDX=0x00007fff74f6c470
RSP=0x000000dcdb2ff2d8, RBP=0x00007fff74f6c400, RSI=0x0000000000020000, RDI=0x0000000000000000
R8 =0x000000dcda34a000, R9 =0x000000000000000e, R10=0x0000000000000000, R11=0x0000029960563a80
R12=0x00007fff74c0dc30, R13=0x0000000000000000, R14=0x00007fff74b30000, R15=0x0000000000000001
RIP=0x0000000000000000, EFLAGS=0x0000000000010202

Top of Stack: (sp=0x000000dcdb2ff2d8)
0x000000dcdb2ff2d8:   00007fff74ee8ff5 0000000000000000
0x000000dcdb2ff2e8:   00007fff74f6c400 0000000000000000
0x000000dcdb2ff2f8:   0000000000020000 000002992fc52be0
0x000000dcdb2ff308:   00007fff74eea624 0000000000000000
0x000000dcdb2ff318:   000002992fc52be0 0000000000020000
0x000000dcdb2ff328:   00000299578aac38 0000000000000001
0x000000dcdb2ff338:   00007fff74b36e3e 0000000000000001
0x000000dcdb2ff348:   0000000000000000 0000000000000000
0x000000dcdb2ff358:   00007fffa94ad83e 0000000000000001
0x000000dcdb2ff368:   00007fff74b37286 0000000000000000
0x000000dcdb2ff378:   000002992fc52be0 0000000000000001
0x000000dcdb2ff388:   0000000000000001 0000000000000000
0x000000dcdb2ff398:   00007fff74c0dd6f 0000000000000001
0x000000dcdb2ff3a8:   000002992fc52be0 0000000000000001
0x000000dcdb2ff3b8:   00007fff93250000 0000000000000001
0x000000dcdb2ff3c8:   00007fff9325c4d8 0000000000000001 

Instructions: (pc=0x0000000000000000)
0xffffffffffffffe0:   


Register to memory mapping:

RAX=0x0000000000000000 is an unknown value
RBX=0x0000000000000000 is an unknown value
RCX=0x0000000000000001 is an unknown value
RDX=0x00007fff74f6c470 is an unknown value
RSP=0x000000dcdb2ff2d8 is an unknown value
RBP=0x00007fff74f6c400 is an unknown value
RSI=0x0000000000020000 is an unknown value
RDI=0x0000000000000000 is an unknown value
R8 =0x000000dcda34a000 is an unknown value
R9 =0x000000000000000e is an unknown value
R10=0x0000000000000000 is an unknown value
R11=0x0000029960563a80 is an unknown value
R12=0x00007fff74c0dc30 is an unknown value
R13=0x0000000000000000 is an unknown value
R14=0x00007fff74b30000 is an unknown value
R15=0x0000000000000001 is an unknown value


Stack: [0x000000dcdb200000,0x000000dcdb300000],  sp=0x000000dcdb2ff2d8,  free space=1020k
Native frames: (J=compiled Java code, j=interpreted, Vv=VM code, C=native code)

VM_Operation (0x000000dcdcbfe3e0): Exit, mode: safepoint, requested by thread 0x00000299608ef800


---------------  P R O C E S S  ---------------

Java Threads: ( => current thread )
  0x00000299608ef800 JavaThread "nioEventLoopGroup-2-1" [_thread_blocked, id=18412, stack(0x000000dcdcb00000,0x000000dcdcc00000)]
  0x0000029960098000 JavaThread "pool-1-thread-1" [_thread_blocked, id=19364, stack(0x000000dcdca00000,0x000000dcdcb00000)]
  0x0000029959613000 JavaThread "Java2D Disposer" daemon [_thread_blocked, id=11012, stack(0x000000dcdc900000,0x000000dcdca00000)]
  0x0000029957396000 JavaThread "Service Thread" daemon [_thread_blocked, id=10908, stack(0x000000dcdc400000,0x000000dcdc500000)]
  0x0000029957302800 JavaThread "C1 CompilerThread11" daemon [_thread_blocked, id=13176, stack(0x000000dcdc300000,0x000000dcdc400000)]
  0x0000029957305800 JavaThread "C1 CompilerThread10" daemon [_thread_blocked, id=18936, stack(0x000000dcdc200000,0x000000dcdc300000)]
  0x0000029957304800 JavaThread "C1 CompilerThread9" daemon [_thread_blocked, id=8312, stack(0x000000dcdc100000,0x000000dcdc200000)]
  0x0000029957303000 JavaThread "C1 CompilerThread8" daemon [_thread_blocked, id=13800, stack(0x000000dcdc000000,0x000000dcdc100000)]
  0x0000029957304000 JavaThread "C2 CompilerThread7" daemon [_thread_blocked, id=8272, stack(0x000000dcdbf00000,0x000000dcdc000000)]
  0x0000029957301800 JavaThread "C2 CompilerThread6" daemon [_thread_blocked, id=15980, stack(0x000000dcdbe00000,0x000000dcdbf00000)]
  0x0000029957301000 JavaThread "C2 CompilerThread5" daemon [_thread_blocked, id=23624, stack(0x000000dcdbd00000,0x000000dcdbe00000)]
  0x00000299572e6800 JavaThread "C2 CompilerThread4" daemon [_thread_blocked, id=4500, stack(0x000000dcdbc00000,0x000000dcdbd00000)]
  0x00000299572b9000 JavaThread "C2 CompilerThread3" daemon [_thread_blocked, id=26304, stack(0x000000dcdbb00000,0x000000dcdbc00000)]
  0x00000299572b8000 JavaThread "C2 CompilerThread2" daemon [_thread_blocked, id=17048, stack(0x000000dcdba00000,0x000000dcdbb00000)]
  0x00000299572b5800 JavaThread "C2 CompilerThread1" daemon [_thread_blocked, id=8300, stack(0x000000dcdb900000,0x000000dcdba00000)]
  0x00000299572aa800 JavaThread "C2 CompilerThread0" daemon [_thread_blocked, id=10624, stack(0x000000dcdb800000,0x000000dcdb900000)]
  0x00000299572a9000 JavaThread "Monitor Ctrl-Break" daemon [_thread_in_native, id=25824, stack(0x000000dcdb700000,0x000000dcdb800000)]
  0x0000029956dde000 JavaThread "Attach Listener" daemon [_thread_blocked, id=22804, stack(0x000000dcdb600000,0x000000dcdb700000)]
  0x0000029956ddb000 JavaThread "Signal Dispatcher" daemon [_thread_blocked, id=20272, stack(0x000000dcdb500000,0x000000dcdb600000)]
  0x00000299540ba800 JavaThread "Finalizer" daemon [_thread_blocked, id=3988, stack(0x000000dcdb400000,0x000000dcdb500000)]
  0x0000029956db0800 JavaThread "Reference Handler" daemon [_thread_blocked, id=22888, stack(0x000000dcdb300000,0x000000dcdb400000)]
  0x000002992fc39000 JavaThread "main" [_thread_blocked, id=11148, stack(0x000000dcda400000,0x000000dcda500000)]

Other Threads:
=>0x00000299540a8800 VMThread [stack: 0x000000dcdb200000,0x000000dcdb300000] [id=5208]

VM state:at safepoint (shutting down)

VM Mutex/Monitor currently owned by a thread:  ([mutex/lock_event])
[0x000002992fc36210] Threads_lock - owner thread: 0x00000299540a8800

heap address: 0x00000005c0c00000, size: 8180 MB, Compressed Oops mode: Zero based, Oop shift amount: 3
Narrow klass base: 0x0000000000000000, Narrow klass shift: 3
Compressed class space size: 1073741824 Address: 0x00000007c0000000

Heap:
 PSYoungGen      total 888832K, used 40550K [0x0000000715980000, 0x0000000763c00000, 0x00000007c0000000)
  eden space 782848K, 3% used [0x0000000715980000,0x0000000717261a68,0x0000000745600000)
  from space 105984K, 14% used [0x0000000745600000,0x00000007464b8000,0x000000074bd80000)
  to   space 105472K, 0% used [0x000000075d500000,0x000000075d500000,0x0000000763c00000)
 ParOldGen       total 356864K, used 161156K [0x00000005c0c00000, 0x00000005d6880000, 0x0000000715980000)
  object space 356864K, 45% used [0x00000005c0c00000,0x00000005ca961218,0x00000005d6880000)
 Metaspace       used 23273K, capacity 23525K, committed 23808K, reserved 1071104K
  class space    used 2178K, capacity 2289K, committed 2304K, reserved 1048576K

Card table byte_map: [0x0000029940ad0000,0x0000029941ad0000] byte_map_base: 0x000002993dcca000

Marking Bits: (ParMarkBitMap*) 0x0000000070d65010
 Begin Bits: [0x0000029942580000, 0x000002994a550000)
 End Bits:   [0x000002994a550000, 0x0000029952520000)

Polling page: 0x000002992fed0000

CodeCache: size=245760Kb used=13149Kb max_used=13227Kb free=232610Kb
 bounds [0x0000029931710000, 0x0000029932410000, 0x0000029940710000]
 total_blobs=4583 nmethods=3416 adapters=1078
 compilation: enabled

Compilation events (10 events):
Event: 14.282 Thread 0x00000299572b8000 nmethod 3441 0x00000299324035d0 code [0x0000029932403780, 0x0000029932403cf8]
Event: 14.282 Thread 0x00000299572e6800 nmethod 3442 0x00000299323de5d0 code [0x00000299323de7a0, 0x00000299323ded48]
Event: 14.298 Thread 0x00000299572aa800 nmethod 3439 0x0000029932406b10 code [0x0000029932406ce0, 0x00000299324085b8]
Event: 15.382 Thread 0x0000029957305800 3443       3       org.lwjgl.system.dyncall.DynCallback::dcbArgInt (16 bytes)
Event: 15.383 Thread 0x0000029957305800 nmethod 3443 0x00000299323de010 code [0x00000299323de1a0, 0x00000299323de480]
Event: 16.010 Thread 0x00000299572b9000 3445       4       java.util.concurrent.locks.ReentrantLock$Sync::tryRelease (45 bytes)
Event: 16.012 Thread 0x00000299572b9000 nmethod 3445 0x00000299319b8410 code [0x00000299319b8540, 0x00000299319b8618]
Event: 17.147 Thread 0x0000029957303000 3446       1       java.util.Hashtable::access$500 (5 bytes)
Event: 17.147 Thread 0x0000029957305800 3447       3       java.util.logging.LogManager$LoggerContext::ensureDefaultLogger (70 bytes)
Event: 17.148 Thread 0x0000029957303000 nmethod 3446 0x00000299323ddd10 code [0x00000299323dde60, 0x00000299323ddf58]

GC Heap History (10 events):
Event: 4.542 GC heap before
{Heap before GC invocations=7 (full 1):
 PSYoungGen      total 236032K, used 236000K [0x0000000715980000, 0x0000000737580000, 0x00000007c0000000)
  eden space 214528K, 100% used [0x0000000715980000,0x0000000722b00000,0x0000000722b00000)
  from space 21504K, 99% used [0x0000000722b00000,0x0000000723ff8040,0x0000000724000000)
  to   space 67584K, 0% used [0x0000000733380000,0x0000000733380000,0x0000000737580000)
 ParOldGen       total 142336K, used 78265K [0x00000005c0c00000, 0x00000005c9700000, 0x0000000715980000)
  object space 142336K, 54% used [0x00000005c0c00000,0x00000005c586e5c0,0x00000005c9700000)
 Metaspace       used 23190K, capacity 23519K, committed 23808K, reserved 1071104K
  class space    used 2166K, capacity 2288K, committed 2304K, reserved 1048576K
Event: 4.562 GC heap after
Heap after GC invocations=7 (full 1):
 PSYoungGen      total 473088K, used 64096K [0x0000000715980000, 0x0000000738f00000, 0x00000007c0000000)
  eden space 405504K, 0% used [0x0000000715980000,0x0000000715980000,0x000000072e580000)
  from space 67584K, 94% used [0x0000000733380000,0x0000000737218040,0x0000000737580000)
  to   space 79872K, 0% used [0x000000072e580000,0x000000072e580000,0x0000000733380000)
 ParOldGen       total 142336K, used 78273K [0x00000005c0c00000, 0x00000005c9700000, 0x0000000715980000)
  object space 142336K, 54% used [0x00000005c0c00000,0x00000005c58705c0,0x00000005c9700000)
 Metaspace       used 23190K, capacity 23519K, committed 23808K, reserved 1071104K
  class space    used 2166K, capacity 2288K, committed 2304K, reserved 1048576K
}
Event: 5.304 GC heap before
{Heap before GC invocations=8 (full 1):
 PSYoungGen      total 473088K, used 469600K [0x0000000715980000, 0x0000000738f00000, 0x00000007c0000000)
  eden space 405504K, 100% used [0x0000000715980000,0x000000072e580000,0x000000072e580000)
  from space 67584K, 94% used [0x0000000733380000,0x0000000737218040,0x0000000737580000)
  to   space 79872K, 0% used [0x000000072e580000,0x000000072e580000,0x0000000733380000)
 ParOldGen       total 142336K, used 78273K [0x00000005c0c00000, 0x00000005c9700000, 0x0000000715980000)
  object space 142336K, 54% used [0x00000005c0c00000,0x00000005c58705c0,0x00000005c9700000)
 Metaspace       used 23198K, capacity 23519K, committed 23808K, reserved 1071104K
  class space    used 2166K, capacity 2288K, committed 2304K, reserved 1048576K
Event: 5.343 GC heap after
Heap after GC invocations=8 (full 1):
 PSYoungGen      total 485376K, used 79840K [0x0000000715980000, 0x0000000752c00000, 0x00000007c0000000)
  eden space 405504K, 0% used [0x0000000715980000,0x0000000715980000,0x000000072e580000)
  from space 79872K, 99% used [0x000000072e580000,0x0000000733378030,0x0000000733380000)
  to   space 106496K, 0% used [0x000000074c400000,0x000000074c400000,0x0000000752c00000)
 ParOldGen       total 142336K, used 99489K [0x00000005c0c00000, 0x00000005c9700000, 0x0000000715980000)
  object space 142336K, 69% used [0x00000005c0c00000,0x00000005c6d285c0,0x00000005c9700000)
 Metaspace       used 23198K, capacity 23519K, committed 23808K, reserved 1071104K
  class space    used 2166K, capacity 2288K, committed 2304K, reserved 1048576K
}
Event: 9.083 GC heap before
{Heap before GC invocations=9 (full 1):
 PSYoungGen      total 485376K, used 485344K [0x0000000715980000, 0x0000000752c00000, 0x00000007c0000000)
  eden space 405504K, 100% used [0x0000000715980000,0x000000072e580000,0x000000072e580000)
  from space 79872K, 99% used [0x000000072e580000,0x0000000733378030,0x0000000733380000)
  to   space 106496K, 0% used [0x000000074c400000,0x000000074c400000,0x0000000752c00000)
 ParOldGen       total 142336K, used 99489K [0x00000005c0c00000, 0x00000005c9700000, 0x0000000715980000)
  object space 142336K, 69% used [0x00000005c0c00000,0x00000005c6d285c0,0x00000005c9700000)
 Metaspace       used 23212K, capacity 23519K, committed 23808K, reserved 1071104K
  class space    used 2167K, capacity 2288K, committed 2304K, reserved 1048576K
Event: 9.107 GC heap after
Heap after GC invocations=9 (full 1):
 PSYoungGen      total 882176K, used 62016K [0x0000000715980000, 0x0000000752500000, 0x00000007c0000000)
  eden space 782848K, 0% used [0x0000000715980000,0x0000000715980000,0x0000000745600000)
  from space 99328K, 62% used [0x000000074c400000,0x0000000750090000,0x0000000752500000)
  to   space 105984K, 0% used [0x0000000745600000,0x0000000745600000,0x000000074bd80000)
 ParOldGen       total 142336K, used 117613K [0x00000005c0c00000, 0x00000005c9700000, 0x0000000715980000)
  object space 142336K, 82% used [0x00000005c0c00000,0x00000005c7edb610,0x00000005c9700000)
 Metaspace       used 23212K, capacity 23519K, committed 23808K, reserved 1071104K
  class space    used 2167K, capacity 2288K, committed 2304K, reserved 1048576K
}
Event: 9.107 GC heap before
{Heap before GC invocations=10 (full 2):
 PSYoungGen      total 882176K, used 62016K [0x0000000715980000, 0x0000000752500000, 0x00000007c0000000)
  eden space 782848K, 0% used [0x0000000715980000,0x0000000715980000,0x0000000745600000)
  from space 99328K, 62% used [0x000000074c400000,0x0000000750090000,0x0000000752500000)
  to   space 105984K, 0% used [0x0000000745600000,0x0000000745600000,0x000000074bd80000)
 ParOldGen       total 142336K, used 117613K [0x00000005c0c00000, 0x00000005c9700000, 0x0000000715980000)
  object space 142336K, 82% used [0x00000005c0c00000,0x00000005c7edb610,0x00000005c9700000)
 Metaspace       used 23212K, capacity 23519K, committed 23808K, reserved 1071104K
  class space    used 2167K, capacity 2288K, committed 2304K, reserved 1048576K
Event: 9.461 GC heap after
Heap after GC invocations=10 (full 2):
 PSYoungGen      total 882176K, used 33589K [0x0000000715980000, 0x0000000752500000, 0x00000007c0000000)
  eden space 782848K, 0% used [0x0000000715980000,0x0000000715980000,0x0000000745600000)
  from space 99328K, 33% used [0x000000074c400000,0x000000074e4cd5a8,0x0000000752500000)
  to   space 105984K, 0% used [0x0000000745600000,0x0000000745600000,0x000000074bd80000)
 ParOldGen       total 356864K, used 142012K [0x00000005c0c00000, 0x00000005d6880000, 0x0000000715980000)
  object space 356864K, 39% used [0x00000005c0c00000,0x00000005c96af218,0x00000005d6880000)
 Metaspace       used 23212K, capacity 23519K, committed 23808K, reserved 1071104K
  class space    used 2167K, capacity 2288K, committed 2304K, reserved 1048576K
}
Event: 17.086 GC heap before
{Heap before GC invocations=11 (full 2):
 PSYoungGen      total 882176K, used 816437K [0x0000000715980000, 0x0000000752500000, 0x00000007c0000000)
  eden space 782848K, 100% used [0x0000000715980000,0x0000000745600000,0x0000000745600000)
  from space 99328K, 33% used [0x000000074c400000,0x000000074e4cd5a8,0x0000000752500000)
  to   space 105984K, 0% used [0x0000000745600000,0x0000000745600000,0x000000074bd80000)
 ParOldGen       total 356864K, used 142012K [0x00000005c0c00000, 0x00000005d6880000, 0x0000000715980000)
  object space 356864K, 39% used [0x00000005c0c00000,0x00000005c96af218,0x00000005d6880000)
 Metaspace       used 23234K, capacity 23525K, committed 23808K, reserved 1071104K
  class space    used 2169K, capacity 2289K, committed 2304K, reserved 1048576K
Event: 17.112 GC heap after
Heap after GC invocations=11 (full 2):
 PSYoungGen      total 888832K, used 15072K [0x0000000715980000, 0x0000000763c00000, 0x00000007c0000000)
  eden space 782848K, 0% used [0x0000000715980000,0x0000000715980000,0x0000000745600000)
  from space 105984K, 14% used [0x0000000745600000,0x00000007464b8000,0x000000074bd80000)
  to   space 105472K, 0% used [0x000000075d500000,0x000000075d500000,0x0000000763c00000)
 ParOldGen       total 356864K, used 161156K [0x00000005c0c00000, 0x00000005d6880000, 0x0000000715980000)
  object space 356864K, 45% used [0x00000005c0c00000,0x00000005ca961218,0x00000005d6880000)
 Metaspace       used 23234K, capacity 23525K, committed 23808K, reserved 1071104K
  class space    used 2169K, capacity 2289K, committed 2304K, reserved 1048576K
}

Deoptimization events (10 events):
Event: 9.953 Thread 0x00000299608ef800 Uncommon trap: reason=bimorphic action=maybe_recompile pc=0x00000299323006b0 method=io.netty.handler.codec.ByteToMessageDecoder$1.cumulate(Lio/netty/buffer/ByteBufAllocator;Lio/netty/buffer/ByteBuf;Lio/netty/buffer/ByteBuf;)Lio/netty/buffer/ByteBuf; @ 1
Event: 11.824 Thread 0x000002992fc39000 Uncommon trap: reason=unstable_if action=reinterpret pc=0x000002993233fbf4 method=sun.misc.FloatingDecimal$BinaryToASCIIBuffer.dtoa(IJIZ)V @ 522
Event: 14.078 Thread 0x0000029960098000 Uncommon trap: reason=unstable_if action=reinterpret pc=0x00000299322a7dc4 method=io.netty.util.internal.shaded.org.jctools.queues.BaseMpscLinkedArrayQueue.offer(Ljava/lang/Object;)Z @ 133
Event: 14.363 Thread 0x00000299608ef800 Uncommon trap: reason=class_check action=maybe_recompile pc=0x00000299322c92dc method=io.netty.handler.ssl.SslHandler.decodeJdkCompatible(Lio/netty/channel/ChannelHandlerContext;Lio/netty/buffer/ByteBuf;)V @ 10
Event: 17.144 Thread 0x00000299608ef800 Uncommon trap: reason=unstable_if action=reinterpret pc=0x00000299323649e4 method=sun.security.ssl.EngineWriter.isOutboundDone()Z @ 4
Event: 17.144 Thread 0x00000299608ef800 Uncommon trap: reason=unstable_if action=reinterpret pc=0x00000299321a0994 method=sun.security.ssl.EngineWriter.hasOutboundDataInternal()Z @ 7
Event: 17.144 Thread 0x00000299608ef800 Uncommon trap: reason=unstable_if action=reinterpret pc=0x00000299323da254 method=io.netty.handler.ssl.SslHandler.wrap(Lio/netty/channel/ChannelHandlerContext;Z)V @ 125
Event: 17.144 Thread 0x00000299608ef800 Uncommon trap: reason=unstable_if action=reinterpret pc=0x00000299322b3554 method=io.netty.util.concurrent.DefaultPromise.isSuccess()Z @ 20
Event: 17.146 Thread 0x00000299608ef800 Uncommon trap: reason=unstable_if action=reinterpret pc=0x00000299322d0284 method=io.netty.channel.socket.nio.NioSocketChannel.isActive()Z @ 9
Event: 17.146 Thread 0x00000299608ef800 Uncommon trap: reason=class_check action=maybe_recompile pc=0x00000299322b6f3c method=io.netty.util.concurrent.DefaultPromise.notifyListenersNow()V @ 66

Classes redefined (0 events):
No events

Internal exceptions (10 events):
Event: 2.975 Thread 0x000002992fc39000 Exception <a 'java/lang/NoClassDefFoundError': org/apache/log4j/Priority> (0x0000000719334410) thrown at [J:\jenkins\tmp\workspace\build\src\hotspot\src\share\vm\classfile\systemDictionary.cpp, line 199]
Event: 3.640 Thread 0x000002992fc39000 Implicit null exception at 0x0000029931dc3dc4 to 0x0000029931dc3fd9
Event: 3.707 Thread 0x00000299608ef800 Exception <a 'java/lang/ArrayIndexOutOfBoundsException'> (0x00000007163dfab0) thrown at [J:\jenkins\tmp\workspace\build\src\hotspot\src\share\vm\runtime\sharedRuntime.cpp, line 605]
Event: 3.707 Thread 0x00000299608ef800 Exception <a 'java/lang/ArrayIndexOutOfBoundsException'> (0x00000007163e1340) thrown at [J:\jenkins\tmp\workspace\build\src\hotspot\src\share\vm\runtime\sharedRuntime.cpp, line 605]
Event: 3.708 Thread 0x00000299608ef800 Exception <a 'java/lang/ArrayIndexOutOfBoundsException'> (0x00000007163e4a50) thrown at [J:\jenkins\tmp\workspace\build\src\hotspot\src\share\vm\runtime\sharedRuntime.cpp, line 605]
Event: 3.710 Thread 0x00000299608ef800 Exception <a 'java/lang/ArrayIndexOutOfBoundsException'> (0x000000071640cef0) thrown at [J:\jenkins\tmp\workspace\build\src\hotspot\src\share\vm\runtime\sharedRuntime.cpp, line 605]
Event: 3.710 Thread 0x00000299608ef800 Exception <a 'java/lang/ArrayIndexOutOfBoundsException'> (0x000000071640ddb8) thrown at [J:\jenkins\tmp\workspace\build\src\hotspot\src\share\vm\runtime\sharedRuntime.cpp, line 605]
Event: 3.835 Thread 0x00000299608ef800 Implicit null exception at 0x0000029931d4a828 to 0x0000029931d4a8e1
Event: 5.116 Thread 0x0000029960098000 Implicit null exception at 0x000002993229c95b to 0x000002993229d84d
Event: 5.116 Thread 0x00000299608ef800 Implicit null exception at 0x00000299320b3cac to 0x00000299320b3ef9

Events (10 events):
Event: 17.148 loading class java/util/WeakHashMap$HashIterator
Event: 17.148 Thread 0x000002995759c000 Thread exited: 0x000002995759c000
Event: 17.148 Thread 0x0000029957303000 flushing nmethod 0x0000029931adf910
Event: 17.148 loading class java/util/WeakHashMap$HashIterator done
Event: 17.148 loading class java/util/WeakHashMap$KeyIterator done
Event: 17.148 Thread 0x0000029957303000 flushing nmethod 0x0000029931b23a50
Event: 17.148 Thread 0x0000029957303000 flushing nmethod 0x0000029931b2a310
Event: 17.148 Thread 0x0000029957303000 flushing nmethod 0x0000029931b396d0
Event: 17.148 Thread 0x000002995759d000 Thread exited: 0x000002995759d000
Event: 17.148 Executing VM operation: Exit


Dynamic libraries:
0x00007ff7dd210000 - 0x00007ff7dd24a000 	C:\Program Files\AdoptOpenJDK\jdk-8.0.252.09-hotspot\bin\java.exe
0x00007fffaa990000 - 0x00007fffaab86000 	C:\WINDOWS\SYSTEM32\ntdll.dll
0x00007fff9f020000 - 0x00007fff9f032000 	C:\Program Files\AVAST Software\Avast\aswhook.dll
0x00007fffa9200000 - 0x00007fffa92bd000 	C:\WINDOWS\System32\KERNEL32.DLL
0x00007fffa8550000 - 0x00007fffa8819000 	C:\WINDOWS\System32\KERNELBASE.dll
0x00007fffaa790000 - 0x00007fffaa83c000 	C:\WINDOWS\System32\ADVAPI32.dll
0x00007fffa92c0000 - 0x00007fffa935e000 	C:\WINDOWS\System32\msvcrt.dll
0x00007fffaa8b0000 - 0x00007fffaa94c000 	C:\WINDOWS\System32\sechost.dll
0x00007fffa9360000 - 0x00007fffa948b000 	C:\WINDOWS\System32\RPCRT4.dll
0x00007fffa8b40000 - 0x00007fffa8ce0000 	C:\WINDOWS\System32\USER32.dll
0x00007fffa8820000 - 0x00007fffa8842000 	C:\WINDOWS\System32\win32u.dll
0x00007fffa96b0000 - 0x00007fffa96da000 	C:\WINDOWS\System32\GDI32.dll
0x00007fffa81e0000 - 0x00007fffa82e9000 	C:\WINDOWS\System32\gdi32full.dll
0x00007fffa8950000 - 0x00007fffa89ed000 	C:\WINDOWS\System32\msvcp_win.dll
0x00007fffa8850000 - 0x00007fffa8950000 	C:\WINDOWS\System32\ucrtbase.dll
0x00007fff85b60000 - 0x00007fff85dfb000 	C:\WINDOWS\WinSxS\amd64_microsoft.windows.common-controls_6595b64144ccf1df_6.0.19041.488_none_ca04af081b815d21\COMCTL32.dll
0x00007fffaa3c0000 - 0x00007fffaa3f0000 	C:\WINDOWS\System32\IMM32.DLL
0x00007fff90f80000 - 0x00007fff9106f000 	C:\Program Files\AdoptOpenJDK\jdk-8.0.252.09-hotspot\jre\bin\msvcr120.dll
0x00007fff8a320000 - 0x00007fff8a3c6000 	C:\Program Files\AdoptOpenJDK\jdk-8.0.252.09-hotspot\jre\bin\msvcp120.dll
0x00000000705e0000 - 0x0000000070dde000 	C:\Program Files\AdoptOpenJDK\jdk-8.0.252.09-hotspot\jre\bin\server\jvm.dll
0x00007fffaa8a0000 - 0x00007fffaa8a8000 	C:\WINDOWS\System32\PSAPI.DLL
0x00007fff9de20000 - 0x00007fff9de29000 	C:\WINDOWS\SYSTEM32\WSOCK32.dll
0x00007fffa9a40000 - 0x00007fffa9aab000 	C:\WINDOWS\System32\WS2_32.dll
0x00007fff9ff40000 - 0x00007fff9ff67000 	C:\WINDOWS\SYSTEM32\WINMM.dll
0x00007fff9ff70000 - 0x00007fff9ff7a000 	C:\WINDOWS\SYSTEM32\VERSION.dll
0x00007fff9f7b0000 - 0x00007fff9f7bf000 	C:\Program Files\AdoptOpenJDK\jdk-8.0.252.09-hotspot\jre\bin\verify.dll
0x00007fff988f0000 - 0x00007fff98918000 	C:\Program Files\AdoptOpenJDK\jdk-8.0.252.09-hotspot\jre\bin\java.dll
0x00007fff98c80000 - 0x00007fff98caa000 	C:\Program Files\AdoptOpenJDK\jdk-8.0.252.09-hotspot\jre\bin\instrument.dll
0x00007fff984a0000 - 0x00007fff984b6000 	C:\Program Files\AdoptOpenJDK\jdk-8.0.252.09-hotspot\jre\bin\zip.dll
0x00007fffa9c60000 - 0x00007fffaa3a2000 	C:\WINDOWS\System32\SHELL32.dll
0x00007fffa6240000 - 0x00007fffa69d5000 	C:\WINDOWS\SYSTEM32\windows.storage.dll
0x00007fffa96e0000 - 0x00007fffa9a36000 	C:\WINDOWS\System32\combase.dll
0x00007fffa7b40000 - 0x00007fffa7b6c000 	C:\WINDOWS\SYSTEM32\Wldp.dll
0x00007fffa9150000 - 0x00007fffa91fe000 	C:\WINDOWS\System32\SHCORE.dll
0x00007fffaa400000 - 0x00007fffaa455000 	C:\WINDOWS\System32\shlwapi.dll
0x00007fffa8000000 - 0x00007fffa8026000 	C:\WINDOWS\SYSTEM32\profapi.dll
0x00007fff98b90000 - 0x00007fff98baa000 	C:\Program Files\JetBrains\IntelliJ IDEA Community Edition 2019.3.1\bin\breakgen64.dll
0x00007fff97640000 - 0x00007fff9765a000 	C:\Program Files\AdoptOpenJDK\jdk-8.0.252.09-hotspot\jre\bin\net.dll
0x00007fffa78c0000 - 0x00007fffa792a000 	C:\WINDOWS\system32\mswsock.dll
0x00007fff97620000 - 0x00007fff97632000 	C:\Program Files\AdoptOpenJDK\jdk-8.0.252.09-hotspot\jre\bin\nio.dll
0x00007fff91670000 - 0x00007fff916d4000 	C:\Users\Peyton Hill\AppData\Local\Temp\lwjglPeyton Hill\3.2.3-build-13\lwjgl.dll
0x00007fff8b220000 - 0x00007fff8b282000 	C:\Users\PEYTON~1\AppData\Local\Temp\lwjglPeyton Hill\3.2.3-build-13\glfw.dll
0x00007fffa5ae0000 - 0x00007fffa5b7e000 	C:\WINDOWS\system32\uxtheme.dll
0x00007fff93b40000 - 0x00007fff93b85000 	C:\WINDOWS\SYSTEM32\dinput8.dll
0x00007fff98b70000 - 0x00007fff98b81000 	C:\WINDOWS\SYSTEM32\xinput1_4.dll
0x00007fffa8500000 - 0x00007fffa854e000 	C:\WINDOWS\System32\cfgmgr32.dll
0x00007fffa7e80000 - 0x00007fffa7eac000 	C:\WINDOWS\SYSTEM32\DEVOBJ.dll
0x00007fffa5d50000 - 0x00007fffa5d7f000 	C:\WINDOWS\SYSTEM32\dwmapi.dll
0x00007fff8afd0000 - 0x00007fff8b122000 	C:\WINDOWS\SYSTEM32\inputhost.dll
0x00007fffaa4c0000 - 0x00007fffaa58d000 	C:\WINDOWS\System32\OLEAUT32.dll
0x00007fffa5560000 - 0x00007fffa5652000 	C:\WINDOWS\SYSTEM32\CoreMessaging.dll
0x00007fffa3ac0000 - 0x00007fffa3bb7000 	C:\WINDOWS\SYSTEM32\PROPSYS.dll
0x00007fffa3d30000 - 0x00007fffa3e86000 	C:\WINDOWS\SYSTEM32\wintypes.dll
0x00007fffa8480000 - 0x00007fffa8500000 	C:\WINDOWS\System32\bcryptPrimitives.dll
0x00007fffa4e80000 - 0x00007fffa51de000 	C:\WINDOWS\SYSTEM32\CoreUIComponents.dll
0x00007fffa6f30000 - 0x00007fffa6f63000 	C:\WINDOWS\SYSTEM32\ntmarta.dll
0x00007fffa6040000 - 0x00007fffa6052000 	C:\WINDOWS\SYSTEM32\kernel.appcore.dll
0x00007fffaa590000 - 0x00007fffaa6a6000 	C:\WINDOWS\System32\MSCTF.dll
0x00007fffa69e0000 - 0x00007fffa69ed000 	C:\WINDOWS\SYSTEM32\HID.DLL
0x00007fffa8ce0000 - 0x00007fffa9147000 	C:\WINDOWS\System32\SETUPAPI.DLL
0x00007fffa8450000 - 0x00007fffa8477000 	C:\WINDOWS\System32\bcrypt.dll
0x00007fffa8180000 - 0x00007fffa81e0000 	C:\WINDOWS\System32\WINTRUST.dll
0x00007fffa82f0000 - 0x00007fffa844d000 	C:\WINDOWS\System32\CRYPT32.dll
0x00007fffa7cc0000 - 0x00007fffa7cd2000 	C:\WINDOWS\SYSTEM32\MSASN1.dll
0x00007fff74b30000 - 0x00007fff74c55000 	C:\WINDOWS\SYSTEM32\opengl32.dll
0x00007fff978d0000 - 0x00007fff978fc000 	C:\WINDOWS\SYSTEM32\GLU32.dll
0x00007fffa9490000 - 0x00007fffa9539000 	C:\WINDOWS\System32\clbcatq.dll
0x00007fff93250000 - 0x00007fff9327a000 	C:\WINDOWS\System32\DriverStore\FileRepository\u0361134.inf_amd64_a6c18d8d6a47cb97\B361196\atig6pxx.dll
0x00007fff39850000 - 0x00007fff3c624000 	C:\WINDOWS\System32\DriverStore\FileRepository\u0361134.inf_amd64_a6c18d8d6a47cb97\B361196\atio6axx.dll
0x00007fffa8a10000 - 0x00007fffa8b3a000 	C:\WINDOWS\System32\ole32.dll
0x00007fff70750000 - 0x00007fff70774000 	C:\WINDOWS\SYSTEM32\dxva2.dll
0x00007fff91630000 - 0x00007fff9166c000 	C:\WINDOWS\System32\DriverStore\FileRepository\u0361134.inf_amd64_a6c18d8d6a47cb97\B361196\atig6txx.dll
0x00007fff77230000 - 0x00007fff773ef000 	C:\WINDOWS\SYSTEM32\atiadlxx.dll
0x00007fff82c10000 - 0x00007fff82c59000 	C:\WINDOWS\SYSTEM32\pdh.dll
0x00007fffa01e0000 - 0x00007fffa021b000 	C:\WINDOWS\SYSTEM32\dxcore.dll
0x00007fff8b2c0000 - 0x00007fff8b3bd000 	C:\WINDOWS\SYSTEM32\textinputframework.dll
0x00007fff91450000 - 0x00007fff914a9000 	C:\Users\Peyton Hill\AppData\Local\Temp\lwjglPeyton Hill\3.2.3-build-13\lwjgl_opengl.dll
0x00007fff76970000 - 0x00007fff76bc3000 	C:\Users\PEYTON~1\AppData\Local\Temp\lwjglPeyton Hill\3.2.3-build-13\jemalloc.dll
0x00007fff74f80000 - 0x00007fff75115000 	C:\Program Files\AdoptOpenJDK\jdk-8.0.252.09-hotspot\jre\bin\awt.dll
0x00007fffa58d0000 - 0x00007fffa5960000 	C:\WINDOWS\SYSTEM32\apphelp.dll
0x00007fffa7a90000 - 0x00007fffa7aa8000 	C:\WINDOWS\SYSTEM32\CRYPTSP.dll
0x00007fffa71e0000 - 0x00007fffa7214000 	C:\WINDOWS\system32\rsaenh.dll
0x00007fffa7f80000 - 0x00007fffa7fae000 	C:\WINDOWS\SYSTEM32\USERENV.dll
0x00007fffa7ab0000 - 0x00007fffa7abc000 	C:\WINDOWS\SYSTEM32\CRYPTBASE.dll
0x00007fffa7560000 - 0x00007fffa759b000 	C:\WINDOWS\SYSTEM32\IPHLPAPI.DLL
0x00007fffaa3f0000 - 0x00007fffaa3f8000 	C:\WINDOWS\System32\NSI.dll
0x00007fffa1ae0000 - 0x00007fffa1af7000 	C:\WINDOWS\SYSTEM32\dhcpcsvc6.DLL
0x00007fffa1cb0000 - 0x00007fffa1ccd000 	C:\WINDOWS\SYSTEM32\dhcpcsvc.DLL
0x00007fffa75b0000 - 0x00007fffa767b000 	C:\WINDOWS\SYSTEM32\DNSAPI.dll
0x00007fff8a280000 - 0x00007fff8a313000 	C:\Program Files\AdoptOpenJDK\jdk-8.0.252.09-hotspot\jre\bin\freetype.dll
0x00007fff76520000 - 0x00007fff765dd000 	C:\Program Files\AdoptOpenJDK\jdk-8.0.252.09-hotspot\jre\bin\fontmanager.dll
0x00007fff97560000 - 0x00007fff97583000 	C:\Program Files\AdoptOpenJDK\jdk-8.0.252.09-hotspot\jre\bin\sunec.dll
0x00007fff9aa90000 - 0x00007fff9aa9c000 	C:\Program Files\AdoptOpenJDK\jdk-8.0.252.09-hotspot\jre\bin\sunmscapi.dll
0x00007fffa7bb0000 - 0x00007fffa7bd7000 	C:\WINDOWS\SYSTEM32\ncrypt.dll
0x00007fffa7b70000 - 0x00007fffa7bab000 	C:\WINDOWS\SYSTEM32\NTASN1.dll
0x00007fffa4bb0000 - 0x00007fffa4bbd000 	C:\Program Files\AdoptOpenJDK\jdk-8.0.252.09-hotspot\jre\bin\management.dll
0x00007fff968a0000 - 0x00007fff968b7000 	C:\WINDOWS\system32\napinsp.dll
0x00007fff96880000 - 0x00007fff9689b000 	C:\WINDOWS\system32\pnrpnsp.dll
0x00007fff96430000 - 0x00007fff96445000 	C:\WINDOWS\system32\wshbth.dll
0x00007fffa42f0000 - 0x00007fffa430d000 	C:\WINDOWS\system32\NLAapi.dll
0x00007fff963c0000 - 0x00007fff963d2000 	C:\WINDOWS\System32\winrnr.dll
0x00007fff9e430000 - 0x00007fff9e43a000 	C:\Windows\System32\rasadhlp.dll
0x00007fff9e470000 - 0x00007fff9e4ef000 	C:\WINDOWS\System32\fwpuclnt.dll
0x00007fff74ee0000 - 0x00007fff74f7d000 	C:\Program Files\obs-studio\data\obs-plugins\win-capture\graphics-hook64.dll
0x00007fffa4310000 - 0x00007fffa4574000 	C:\WINDOWS\system32\d3d11.dll
0x00007fffa6a20000 - 0x00007fffa6b13000 	C:\WINDOWS\SYSTEM32\dxgi.dll
0x00007fff9ff80000 - 0x00007fffa015b000 	C:\WINDOWS\System32\DriverStore\FileRepository\u0361134.inf_amd64_a6c18d8d6a47cb97\B361196\aticfx64.dll
0x00007fff9fce0000 - 0x00007fff9fd18000 	C:\WINDOWS\System32\DriverStore\FileRepository\u0361134.inf_amd64_a6c18d8d6a47cb97\B361196\atiuxp64.dll
0x00007fff9b940000 - 0x00007fff9d845000 	C:\WINDOWS\System32\DriverStore\FileRepository\u0361134.inf_amd64_a6c18d8d6a47cb97\B361196\atidxx64.dll
0x00007fff9fc80000 - 0x00007fff9fcb0000 	C:\WINDOWS\SYSTEM32\amdihk64.dll
0x00007fffa3e90000 - 0x00007fffa42ed000 	C:\WINDOWS\SYSTEM32\D3DCompiler_47.dll
0x00007fffa1e50000 - 0x00007fffa2034000 	C:\WINDOWS\SYSTEM32\dbghelp.dll

VM Arguments:
jvm_args: -javaagent:C:\Program Files\JetBrains\IntelliJ IDEA Community Edition 2019.3.1\lib\idea_rt.jar=56026:C:\Program Files\JetBrains\IntelliJ IDEA Community Edition 2019.3.1\bin -Dfile.encoding=UTF-8 
java_command: Hilligans.ClientMain
java_class_path (initial): C:\Program Files\AdoptOpenJDK\jdk-8.0.252.09-hotspot\jre\lib\charsets.jar;C:\Program Files\AdoptOpenJDK\jdk-8.0.252.09-hotspot\jre\lib\ext\access-bridge-64.jar;C:\Program Files\AdoptOpenJDK\jdk-8.0.252.09-hotspot\jre\lib\ext\cldrdata.jar;C:\Program Files\AdoptOpenJDK\jdk-8.0.252.09-hotspot\jre\lib\ext\dnsns.jar;C:\Program Files\AdoptOpenJDK\jdk-8.0.252.09-hotspot\jre\lib\ext\jaccess.jar;C:\Program Files\AdoptOpenJDK\jdk-8.0.252.09-hotspot\jre\lib\ext\localedata.jar;C:\Program Files\AdoptOpenJDK\jdk-8.0.252.09-hotspot\jre\lib\ext\nashorn.jar;C:\Program Files\AdoptOpenJDK\jdk-8.0.252.09-hotspot\jre\lib\ext\sunec.jar;C:\Program Files\AdoptOpenJDK\jdk-8.0.252.09-hotspot\jre\lib\ext\sunjce_provider.jar;C:\Program Files\AdoptOpenJDK\jdk-8.0.252.09-hotspot\jre\lib\ext\sunmscapi.jar;C:\Program Files\AdoptOpenJDK\jdk-8.0.252.09-hotspot\jre\lib\ext\sunpkcs11.jar;C:\Program Files\AdoptOpenJDK\jdk-8.0.252.09-hotspot\jre\lib\ext\zipfs.jar;C:\Program Files\AdoptOpenJDK\jdk-8.0.252.09-hotspot\jre\lib\jce.jar;C:\Program Files\AdoptOpenJDK\jdk-8.0.252.09-hotspot\jre\lib\jsse.jar;C:\Program Files\AdoptOpenJDK\jdk-8.0.252.09-hotspot\jre\lib\management-agent.jar;C:\Program Files\AdoptOpenJDK\jdk-8.0.252.09-hotspot\jre\lib\resources.jar;C:\Program Files\AdoptOpenJDK\jdk-8.0.252.09-hotspot\jre\lib\rt.jar;C:\Users\Peyton Hill\IdeaProjects\Ourcraft\target\classes;C:\Users\Peyton Hill\.m2\repository\org\lwjgl\lwjgl\3.2.3\lwjgl-3.2.3.jar;C:\Users\Peyton Hill\.m2\repository\org\lwjgl\lwjgl-assimp\3.2.3\lwjgl-assimp-3.2.3.jar;C:\Users\Peyton Hill\.m2\repository\org\lwjgl\lwjgl-bgfx\3.2.3\lwjgl-bgfx-3.2.3.jar;C:\Users\Peyton Hill\.m2\repository\org\lwjgl\lwjgl-cuda\3.2.3\lwjgl-cuda-3.2.3.jar;C:\Users\Peyton Hill\.m2\repository\org\lwjgl\lwjgl-egl\3.2.3\lwjgl-egl-3.2.3.jar;C:\Users\Peyton Hill\.m2\repository\org\lwjgl\lwjgl-glfw\3.2.3\lwjgl-glfw-3.2.3.jar;C:\Users\Peyton Hill\.m2\repository\org\lwjgl\lwjgl-jawt\3.2.3\lwjgl-jawt-3.2.3.jar;C:\Users\Peyton Hill\.m2\repo
Launcher Type: SUN_STANDARD

Environment Variables:
JAVA_HOME=C:\Program Files\AdoptOpenJDK\jdk-15.0.2.7-hotspot
JRE_HOME=C:\Program Files\Java\jdk-15.0.2
PATH=C:\Program Files\AdoptOpenJDK\jdk-15.0.2.7-hotspot\bin;C:\ProgramData\Oracle\Java\javapath;C:\Program Files (x86)\Common Files\Oracle\Java\javapath;C:\Program Files\AdoptOpenJDK\jdk-8.0.252.09-hotspot\bin;C:\WINDOWS\system32;C:\WINDOWS;C:\WINDOWS\System32\Wbem;C:\WINDOWS\System32\WindowsPowerShell\v1.0\;C:\WINDOWS\System32\OpenSSH\;C:\Program Files\Git\cmd;C:\Users\Peyton Hill\AppData\Local\Microsoft\WindowsApps;C:\Users\Peyton Hill\AppData\Local\Programs\Microsoft VS Code\bin;C:\Users\Peyton Hill\AppData\Local\Microsoft\WindowsApps;C:\Users\Peyton Hill\AppData\Local\GitHubDesktop\bin
USERNAME=Peyton Hill
OS=Windows_NT
PROCESSOR_IDENTIFIER=AMD64 Family 23 Model 8 Stepping 2, AuthenticAMD



---------------  S Y S T E M  ---------------

OS: Windows 10.0 , 64 bit Build 19041 (10.0.19041.662)

CPU:total 16 (initial active 16) (16 cores per cpu, 1 threads per core) family 23 model 8 stepping 2, cmov, cx8, fxsr, mmx, sse, sse2, sse3, ssse3, sse4.1, sse4.2, popcnt, avx, avx2, aes, clmul, mmxext, 3dnowpref, lzcnt, sse4a, tsc, tscinvbit, tscinv, bmi1

Memory: 4k page, physical 33504108k(21086384k free), swap 58669932k(33594980k free)

vm_info: OpenJDK 64-Bit Server VM (25.252-b09) for windows-amd64 JRE (1.8.0_252-b09), built on Apr 22 2020 09:32:45 by "jenkins" with MS VC++ 12.0 (VS2013)

time: Sat Feb 06 04:37:04 2021
timezone: Eastern Standard Time
elapsed time: 17 seconds (0d 0h 0m 17s)

