#
# A fatal error has been detected by the Java Runtime Environment:
#
#  EXCEPTION_ACCESS_VIOLATION (0xc0000005) at pc=0x0000000000000000, pid=11372, tid=0x0000000000002604
#
# JRE version: OpenJDK Runtime Environment (8.0_252-b09) (build 1.8.0_252-b09)
# Java VM: OpenJDK 64-Bit Server VM (25.252-b09 mixed mode windows-amd64 compressed oops)
# Problematic frame:
# C  0x0000000000000000
#
# Failed to write core dump. Minidumps are not enabled by default on client versions of Windows
#
# If you would like to submit a bug report, please visit:
#   http://bugreport.java.com/bugreport/crash.jsp
#

---------------  T H R E A D  ---------------

Current thread (0x000001f6fc606800):  VMThread [stack: 0x000000ae04100000,0x000000ae04200000] [id=9732]

siginfo: ExceptionCode=0xc0000005, ExceptionInformation=0x0000000000000008 0x0000000000000000

Registers:
RAX=0x0000000000000000, RBX=0x0000000000000000, RCX=0x0000000000000001, RDX=0x00007fff74f6c470
RSP=0x000000ae041ff0c8, RBP=0x00007fff74f6c400, RSI=0x0000000000020000, RDI=0x0000000000000000
R8 =0x000000ae0311f000, R9 =0x0000000000000040, R10=0x0000000000000080, R11=0x000001f691d57960
R12=0x00007fff74c0dc30, R13=0x0000000000000000, R14=0x00007fff74b30000, R15=0x0000000000000001
RIP=0x0000000000000000, EFLAGS=0x0000000000010206

Top of Stack: (sp=0x000000ae041ff0c8)
0x000000ae041ff0c8:   00007fff74ee8ff5 0000000000000000
0x000000ae041ff0d8:   00007fff74f6c400 0000000000000000
0x000000ae041ff0e8:   0000000000020000 000001f6e82c64d0
0x000000ae041ff0f8:   00007fff74eea624 0000000000000000
0x000000ae041ff108:   000001f6e82c64d0 0000000000020000
0x000000ae041ff118:   000001f6905434d8 0000000000000001
0x000000ae041ff128:   00007fff74b36e3e 0000000000000001
0x000000ae041ff138:   0000000000000000 0000000000000000
0x000000ae041ff148:   00007fffa94ad83e 0000000000000001
0x000000ae041ff158:   00007fff74b37286 0000000000000000
0x000000ae041ff168:   000001f6e82c64d0 0000000000000001
0x000000ae041ff178:   0000000000000001 0000000000000000
0x000000ae041ff188:   00007fff74c0dd6f 0000000000000001
0x000000ae041ff198:   000001f6e82c64d0 0000000000000001
0x000000ae041ff1a8:   00007fff93250000 0000000000000001
0x000000ae041ff1b8:   00007fff9325c4d8 0000000000000001 

Instructions: (pc=0x0000000000000000)
0xffffffffffffffe0:   


Register to memory mapping:

RAX=0x0000000000000000 is an unknown value
RBX=0x0000000000000000 is an unknown value
RCX=0x0000000000000001 is an unknown value
RDX=0x00007fff74f6c470 is an unknown value
RSP=0x000000ae041ff0c8 is an unknown value
RBP=0x00007fff74f6c400 is an unknown value
RSI=0x0000000000020000 is an unknown value
RDI=0x0000000000000000 is an unknown value
R8 =0x000000ae0311f000 is an unknown value
R9 =0x0000000000000040 is an unknown value
R10=0x0000000000000080 is an unknown value
R11=0x000001f691d57960 is an unknown value
R12=0x00007fff74c0dc30 is an unknown value
R13=0x0000000000000000 is an unknown value
R14=0x00007fff74b30000 is an unknown value
R15=0x0000000000000001 is an unknown value


Stack: [0x000000ae04100000,0x000000ae04200000],  sp=0x000000ae041ff0c8,  free space=1020k
Native frames: (J=compiled Java code, j=interpreted, Vv=VM code, C=native code)

VM_Operation (0x000000ae05afdf60): Exit, mode: safepoint, requested by thread 0x000001f69d338800


---------------  P R O C E S S  ---------------

Java Threads: ( => current thread )
  0x000001f69d338800 JavaThread "nioEventLoopGroup-2-1" [_thread_blocked, id=2188, stack(0x000000ae05a00000,0x000000ae05b00000)]
  0x000001f698595800 JavaThread "pool-1-thread-1" [_thread_blocked, id=19392, stack(0x000000ae05900000,0x000000ae05a00000)]
  0x000001f691d97000 JavaThread "Java2D Disposer" daemon [_thread_blocked, id=4012, stack(0x000000ae05800000,0x000000ae05900000)]
  0x000001f6900bb800 JavaThread "Service Thread" daemon [_thread_blocked, id=19556, stack(0x000000ae05300000,0x000000ae05400000)]
  0x000001f690017800 JavaThread "C1 CompilerThread11" daemon [_thread_blocked, id=27008, stack(0x000000ae05200000,0x000000ae05300000)]
  0x000001f690016800 JavaThread "C1 CompilerThread10" daemon [_thread_blocked, id=16132, stack(0x000000ae05100000,0x000000ae05200000)]
  0x000001f690014800 JavaThread "C1 CompilerThread9" daemon [_thread_blocked, id=23860, stack(0x000000ae05000000,0x000000ae05100000)]
  0x000001f690016000 JavaThread "C1 CompilerThread8" daemon [_thread_blocked, id=17068, stack(0x000000ae04f00000,0x000000ae05000000)]
  0x000001f690015000 JavaThread "C2 CompilerThread7" daemon [_thread_blocked, id=8912, stack(0x000000ae04e00000,0x000000ae04f00000)]
  0x000001f690019000 JavaThread "C2 CompilerThread6" daemon [_thread_blocked, id=10512, stack(0x000000ae04d00000,0x000000ae04e00000)]
  0x000001f68ffef800 JavaThread "C2 CompilerThread5" daemon [_thread_blocked, id=19912, stack(0x000000ae04c00000,0x000000ae04d00000)]
  0x000001f68ffdd000 JavaThread "C2 CompilerThread4" daemon [_thread_blocked, id=13896, stack(0x000000ae04b00000,0x000000ae04c00000)]
  0x000001f68ffcc000 JavaThread "C2 CompilerThread3" daemon [_thread_blocked, id=19884, stack(0x000000ae04a00000,0x000000ae04b00000)]
  0x000001f68ffc7800 JavaThread "C2 CompilerThread2" daemon [_thread_blocked, id=24676, stack(0x000000ae04900000,0x000000ae04a00000)]
  0x000001f68ffc2800 JavaThread "C2 CompilerThread1" daemon [_thread_blocked, id=11464, stack(0x000000ae04800000,0x000000ae04900000)]
  0x000001f68ffb8000 JavaThread "C2 CompilerThread0" daemon [_thread_blocked, id=26388, stack(0x000000ae04700000,0x000000ae04800000)]
  0x000001f68ffb6800 JavaThread "Monitor Ctrl-Break" daemon [_thread_in_native, id=26104, stack(0x000000ae04600000,0x000000ae04700000)]
  0x000001f6ff348800 JavaThread "Attach Listener" daemon [_thread_blocked, id=14836, stack(0x000000ae04500000,0x000000ae04600000)]
  0x000001f6ff348000 JavaThread "Signal Dispatcher" daemon [_thread_blocked, id=24704, stack(0x000000ae04400000,0x000000ae04500000)]
  0x000001f6fc619000 JavaThread "Finalizer" daemon [_thread_blocked, id=23600, stack(0x000000ae04300000,0x000000ae04400000)]
  0x000001f6ff320800 JavaThread "Reference Handler" daemon [_thread_blocked, id=17072, stack(0x000000ae04200000,0x000000ae04300000)]
  0x000001f6e82a9000 JavaThread "main" [_thread_blocked, id=14660, stack(0x000000ae03300000,0x000000ae03400000)]

Other Threads:
=>0x000001f6fc606800 VMThread [stack: 0x000000ae04100000,0x000000ae04200000] [id=9732]

VM state:at safepoint (shutting down)

VM Mutex/Monitor currently owned by a thread:  ([mutex/lock_event])
[0x000001f6e82a6810] Threads_lock - owner thread: 0x000001f6fc606800

heap address: 0x00000005c0c00000, size: 8180 MB, Compressed Oops mode: Zero based, Oop shift amount: 3
Narrow klass base: 0x0000000000000000, Narrow klass shift: 3
Compressed class space size: 1073741824 Address: 0x00000007c0000000

Heap:
 PSYoungGen      total 488448K, used 350927K [0x0000000715980000, 0x0000000752f80000, 0x00000007c0000000)
  eden space 404992K, 66% used [0x0000000715980000,0x0000000725ebbf20,0x000000072e500000)
  from space 83456K, 99% used [0x000000072e500000,0x0000000733678020,0x0000000733680000)
  to   space 108032K, 0% used [0x000000074c600000,0x000000074c600000,0x0000000752f80000)
 ParOldGen       total 141824K, used 96479K [0x00000005c0c00000, 0x00000005c9680000, 0x0000000715980000)
  object space 141824K, 68% used [0x00000005c0c00000,0x00000005c6a37ff0,0x00000005c9680000)
 Metaspace       used 23255K, capacity 23521K, committed 23808K, reserved 1071104K
  class space    used 2180K, capacity 2289K, committed 2304K, reserved 1048576K

Card table byte_map: [0x000001f6f8fd0000,0x000001f6f9fd0000] byte_map_base: 0x000001f6f61ca000

Marking Bits: (ParMarkBitMap*) 0x0000000070d65010
 Begin Bits: [0x000001f680000000, 0x000001f687fd0000)
 End Bits:   [0x000001f687fd0000, 0x000001f68ffa0000)

Polling page: 0x000001f6e9be0000

CodeCache: size=245760Kb used=12387Kb max_used=12398Kb free=233372Kb
 bounds [0x000001f6e9c10000, 0x000001f6ea840000, 0x000001f6f8c10000]
 total_blobs=4456 nmethods=3289 adapters=1078
 compilation: enabled

Compilation events (10 events):
Event: 7.734 Thread 0x000001f690014800 3287       3       java.util.concurrent.locks.AbstractQueuedSynchronizer$ConditionObject::addConditionWaiter (64 bytes)
Event: 7.734 Thread 0x000001f690016000 3288   !   3       java.util.concurrent.locks.AbstractQueuedSynchronizer::fullyRelease (54 bytes)
Event: 7.734 Thread 0x000001f690016000 nmethod 3288 0x000001f6ea7e59d0 code [0x000001f6ea7e5b80, 0x000001f6ea7e6170]
Event: 7.735 Thread 0x000001f690014800 nmethod 3287 0x000001f6ea7e5250 code [0x000001f6ea7e53e0, 0x000001f6ea7e5830]
Event: 7.735 Thread 0x000001f690017800 nmethod 3286 0x000001f6ea828710 code [0x000001f6ea8288a0, 0x000001f6ea828df8]
Event: 7.836 Thread 0x000001f68ffc7800 3289       4       java.util.concurrent.ConcurrentLinkedQueue::poll (85 bytes)
Event: 7.839 Thread 0x000001f68ffc7800 nmethod 3289 0x000001f6ea8283d0 code [0x000001f6ea828520, 0x000001f6ea828628]
Event: 7.843 Thread 0x000001f690016800 3291       3       java.util.logging.LogManager$LoggerContext::ensureDefaultLogger (70 bytes)
Event: 7.843 Thread 0x000001f690016000 3290       1       java.util.Hashtable::access$500 (5 bytes)
Event: 7.843 Thread 0x000001f690016000 nmethod 3290 0x000001f6ea7e4f50 code [0x000001f6ea7e50a0, 0x000001f6ea7e5198]

GC Heap History (10 events):
Event: 4.074 GC heap before
{Heap before GC invocations=4 (full 1):
 PSYoungGen      total 153088K, used 131584K [0x0000000715980000, 0x0000000720400000, 0x00000007c0000000)
  eden space 131584K, 100% used [0x0000000715980000,0x000000071da00000,0x000000071da00000)
  from space 21504K, 0% used [0x000000071ef00000,0x000000071ef00000,0x0000000720400000)
  to   space 21504K, 0% used [0x000000071da00000,0x000000071da00000,0x000000071ef00000)
 ParOldGen       total 141824K, used 10193K [0x00000005c0c00000, 0x00000005c9680000, 0x0000000715980000)
  object space 141824K, 7% used [0x00000005c0c00000,0x00000005c15f4608,0x00000005c9680000)
 Metaspace       used 23145K, capacity 23455K, committed 23808K, reserved 1071104K
  class space    used 2169K, capacity 2288K, committed 2304K, reserved 1048576K
Event: 4.084 GC heap after
Heap after GC invocations=4 (full 1):
 PSYoungGen      total 153088K, used 21472K [0x0000000715980000, 0x0000000725580000, 0x00000007c0000000)
  eden space 131584K, 0% used [0x0000000715980000,0x0000000715980000,0x000000071da00000)
  from space 21504K, 99% used [0x000000071da00000,0x000000071eef8020,0x000000071ef00000)
  to   space 21504K, 0% used [0x0000000724080000,0x0000000724080000,0x0000000725580000)
 ParOldGen       total 141824K, used 19058K [0x00000005c0c00000, 0x00000005c9680000, 0x0000000715980000)
  object space 141824K, 13% used [0x00000005c0c00000,0x00000005c1e9c990,0x00000005c9680000)
 Metaspace       used 23145K, capacity 23455K, committed 23808K, reserved 1071104K
  class space    used 2169K, capacity 2288K, committed 2304K, reserved 1048576K
}
Event: 4.156 GC heap before
{Heap before GC invocations=5 (full 1):
 PSYoungGen      total 153088K, used 153056K [0x0000000715980000, 0x0000000725580000, 0x00000007c0000000)
  eden space 131584K, 100% used [0x0000000715980000,0x000000071da00000,0x000000071da00000)
  from space 21504K, 99% used [0x000000071da00000,0x000000071eef8020,0x000000071ef00000)
  to   space 21504K, 0% used [0x0000000724080000,0x0000000724080000,0x0000000725580000)
 ParOldGen       total 141824K, used 19058K [0x00000005c0c00000, 0x00000005c9680000, 0x0000000715980000)
  object space 141824K, 13% used [0x00000005c0c00000,0x00000005c1e9c990,0x00000005c9680000)
 Metaspace       used 23153K, capacity 23455K, committed 23808K, reserved 1071104K
  class space    used 2169K, capacity 2288K, committed 2304K, reserved 1048576K
Event: 4.176 GC heap after
Heap after GC invocations=5 (full 1):
 PSYoungGen      total 236544K, used 21472K [0x0000000715980000, 0x0000000727b00000, 0x00000007c0000000)
  eden space 215040K, 0% used [0x0000000715980000,0x0000000715980000,0x0000000722b80000)
  from space 21504K, 99% used [0x0000000724080000,0x0000000725578020,0x0000000725580000)
  to   space 21504K, 0% used [0x0000000722b80000,0x0000000722b80000,0x0000000724080000)
 ParOldGen       total 141824K, used 42082K [0x00000005c0c00000, 0x00000005c9680000, 0x0000000715980000)
  object space 141824K, 29% used [0x00000005c0c00000,0x00000005c3518bd0,0x00000005c9680000)
 Metaspace       used 23153K, capacity 23455K, committed 23808K, reserved 1071104K
  class space    used 2169K, capacity 2288K, committed 2304K, reserved 1048576K
}
Event: 4.289 GC heap before
{Heap before GC invocations=6 (full 1):
 PSYoungGen      total 236544K, used 236512K [0x0000000715980000, 0x0000000727b00000, 0x00000007c0000000)
  eden space 215040K, 100% used [0x0000000715980000,0x0000000722b80000,0x0000000722b80000)
  from space 21504K, 99% used [0x0000000724080000,0x0000000725578020,0x0000000725580000)
  to   space 21504K, 0% used [0x0000000722b80000,0x0000000722b80000,0x0000000724080000)
 ParOldGen       total 141824K, used 42082K [0x00000005c0c00000, 0x00000005c9680000, 0x0000000715980000)
  object space 141824K, 29% used [0x00000005c0c00000,0x00000005c3518bd0,0x00000005c9680000)
 Metaspace       used 23174K, capacity 23519K, committed 23808K, reserved 1071104K
  class space    used 2169K, capacity 2288K, committed 2304K, reserved 1048576K
Event: 4.319 GC heap after
Heap after GC invocations=6 (full 1):
 PSYoungGen      total 236544K, used 21491K [0x0000000715980000, 0x0000000737980000, 0x00000007c0000000)
  eden space 215040K, 0% used [0x0000000715980000,0x0000000715980000,0x0000000722b80000)
  from space 21504K, 99% used [0x0000000722b80000,0x000000072407ce70,0x0000000724080000)
  to   space 68608K, 0% used [0x0000000733680000,0x0000000733680000,0x0000000737980000)
 ParOldGen       total 141824K, used 80311K [0x00000005c0c00000, 0x00000005c9680000, 0x0000000715980000)
  object space 141824K, 56% used [0x00000005c0c00000,0x00000005c5a6dff0,0x00000005c9680000)
 Metaspace       used 23174K, capacity 23519K, committed 23808K, reserved 1071104K
  class space    used 2169K, capacity 2288K, committed 2304K, reserved 1048576K
}
Event: 4.441 GC heap before
{Heap before GC invocations=7 (full 1):
 PSYoungGen      total 236544K, used 236531K [0x0000000715980000, 0x0000000737980000, 0x00000007c0000000)
  eden space 215040K, 100% used [0x0000000715980000,0x0000000722b80000,0x0000000722b80000)
  from space 21504K, 99% used [0x0000000722b80000,0x000000072407ce70,0x0000000724080000)
  to   space 68608K, 0% used [0x0000000733680000,0x0000000733680000,0x0000000737980000)
 ParOldGen       total 141824K, used 80311K [0x00000005c0c00000, 0x00000005c9680000, 0x0000000715980000)
  object space 141824K, 56% used [0x00000005c0c00000,0x00000005c5a6dff0,0x00000005c9680000)
 Metaspace       used 23174K, capacity 23519K, committed 23808K, reserved 1071104K
  class space    used 2169K, capacity 2288K, committed 2304K, reserved 1048576K
Event: 4.463 GC heap after
Heap after GC invocations=7 (full 1):
 PSYoungGen      total 473600K, used 68576K [0x0000000715980000, 0x0000000739780000, 0x00000007c0000000)
  eden space 404992K, 0% used [0x0000000715980000,0x0000000715980000,0x000000072e500000)
  from space 68608K, 99% used [0x0000000733680000,0x0000000737978030,0x0000000737980000)
  to   space 83456K, 0% used [0x000000072e500000,0x000000072e500000,0x0000000733680000)
 ParOldGen       total 141824K, used 80543K [0x00000005c0c00000, 0x00000005c9680000, 0x0000000715980000)
  object space 141824K, 56% used [0x00000005c0c00000,0x00000005c5aa7ff0,0x00000005c9680000)
 Metaspace       used 23174K, capacity 23519K, committed 23808K, reserved 1071104K
  class space    used 2169K, capacity 2288K, committed 2304K, reserved 1048576K
}
Event: 5.408 GC heap before
{Heap before GC invocations=8 (full 1):
 PSYoungGen      total 473600K, used 473568K [0x0000000715980000, 0x0000000739780000, 0x00000007c0000000)
  eden space 404992K, 100% used [0x0000000715980000,0x000000072e500000,0x000000072e500000)
  from space 68608K, 99% used [0x0000000733680000,0x0000000737978030,0x0000000737980000)
  to   space 83456K, 0% used [0x000000072e500000,0x000000072e500000,0x0000000733680000)
 ParOldGen       total 141824K, used 80543K [0x00000005c0c00000, 0x00000005c9680000, 0x0000000715980000)
  object space 141824K, 56% used [0x00000005c0c00000,0x00000005c5aa7ff0,0x00000005c9680000)
 Metaspace       used 23199K, capacity 23519K, committed 23808K, reserved 1071104K
  class space    used 2169K, capacity 2288K, committed 2304K, reserved 1048576K
Event: 5.444 GC heap after
Heap after GC invocations=8 (full 1):
 PSYoungGen      total 488448K, used 83424K [0x0000000715980000, 0x0000000752f80000, 0x00000007c0000000)
  eden space 404992K, 0% used [0x0000000715980000,0x0000000715980000,0x000000072e500000)
  from space 83456K, 99% used [0x000000072e500000,0x0000000733678020,0x0000000733680000)
  to   space 108032K, 0% used [0x000000074c600000,0x000000074c600000,0x0000000752f80000)
 ParOldGen       total 141824K, used 96479K [0x00000005c0c00000, 0x00000005c9680000, 0x0000000715980000)
  object space 141824K, 68% used [0x00000005c0c00000,0x00000005c6a37ff0,0x00000005c9680000)
 Metaspace       used 23199K, capacity 23519K, committed 23808K, reserved 1071104K
  class space    used 2169K, capacity 2288K, committed 2304K, reserved 1048576K
}

Deoptimization events (10 events):
Event: 5.893 Thread 0x000001f6e82a9000 Uncommon trap: reason=class_check action=maybe_recompile pc=0x000001f6ea7de51c method=Hilligans.World.ClientWorld.render(LHilligans/Client/MatrixStack;)V @ 219
Event: 5.907 Thread 0x000001f6e82a9000 Uncommon trap: reason=class_check action=maybe_recompile pc=0x000001f6ea7cadcc method=Hilligans.World.ClientWorld.render(LHilligans/Client/MatrixStack;)V @ 219
Event: 7.837 Thread 0x000001f69d338800 Uncommon trap: reason=unstable_if action=reinterpret pc=0x000001f6ea6b7a94 method=sun.security.ssl.EngineWriter.hasOutboundDataInternal()Z @ 7
Event: 7.837 Thread 0x000001f69d338800 Uncommon trap: reason=unstable_if action=reinterpret pc=0x000001f6ea7c7414 method=io.netty.util.concurrent.DefaultPromise.isSuccess()Z @ 20
Event: 7.838 Thread 0x000001f69d338800 Uncommon trap: reason=unstable_if action=reinterpret pc=0x000001f6ea82a9a0 method=io.netty.handler.ssl.SslHandler.finishWrap(Lio/netty/channel/ChannelHandlerContext;Lio/netty/buffer/ByteBuf;Lio/netty/channel/ChannelPromise;ZZ)V @ 28
Event: 7.841 Thread 0x000001f69d338800 Uncommon trap: reason=unstable_if action=reinterpret pc=0x000001f6ea7e4884 method=io.netty.channel.socket.nio.NioSocketChannel.isActive()Z @ 9
Event: 7.842 Thread 0x000001f69d338800 Uncommon trap: reason=class_check action=maybe_recompile pc=0x000001f6ea7c17b8 method=io.netty.util.concurrent.DefaultPromise.notifyListenersNow()V @ 66
Event: 7.842 Thread 0x000001f69d338800 Uncommon trap: reason=unstable_if action=reinterpret pc=0x000001f6ea800f2c method=io.netty.channel.DefaultChannelPipeline.decrementPendingOutboundBytes(J)V @ 16
Event: 7.842 Thread 0x000001f69d338800 Uncommon trap: reason=unstable_if action=reinterpret pc=0x000001f6ea7f8b84 method=io.netty.channel.AbstractChannel$AbstractUnsafe.write(Ljava/lang/Object;Lio/netty/channel/ChannelPromise;)V @ 10
Event: 7.843 Thread 0x000001f6e82a9000 Uncommon trap: reason=unstable_if action=reinterpret pc=0x000001f6ea7add28 method=io.netty.channel.DefaultChannelPipeline.incrementPendingOutboundBytes(J)V @ 16

Classes redefined (0 events):
No events

Internal exceptions (10 events):
Event: 3.636 Thread 0x000001f69d338800 Exception <a 'java/lang/ArrayIndexOutOfBoundsException'> (0x000000071622f5e8) thrown at [J:\jenkins\tmp\workspace\build\src\hotspot\src\share\vm\runtime\sharedRuntime.cpp, line 605]
Event: 3.636 Thread 0x000001f69d338800 Exception <a 'java/lang/ArrayIndexOutOfBoundsException'> (0x0000000716230e78) thrown at [J:\jenkins\tmp\workspace\build\src\hotspot\src\share\vm\runtime\sharedRuntime.cpp, line 605]
Event: 3.636 Thread 0x000001f69d338800 Exception <a 'java/lang/ArrayIndexOutOfBoundsException'> (0x0000000716234588) thrown at [J:\jenkins\tmp\workspace\build\src\hotspot\src\share\vm\runtime\sharedRuntime.cpp, line 605]
Event: 3.639 Thread 0x000001f69d338800 Exception <a 'java/lang/ArrayIndexOutOfBoundsException'> (0x000000071625ca28) thrown at [J:\jenkins\tmp\workspace\build\src\hotspot\src\share\vm\runtime\sharedRuntime.cpp, line 605]
Event: 3.639 Thread 0x000001f69d338800 Exception <a 'java/lang/ArrayIndexOutOfBoundsException'> (0x000000071625d8f0) thrown at [J:\jenkins\tmp\workspace\build\src\hotspot\src\share\vm\runtime\sharedRuntime.cpp, line 605]
Event: 3.763 Thread 0x000001f69d338800 Implicit null exception at 0x000001f6ea251628 to 0x000001f6ea2516e1
Event: 4.153 Thread 0x000001f6e82a9000 Exception <a 'java/lang/ArrayIndexOutOfBoundsException': 57> (0x000000071cec6158) thrown at [J:\jenkins\tmp\workspace\build\src\hotspot\src\share\vm\interpreter\interpreterRuntime.cpp, line 368]
Event: 4.263 Thread 0x000001f6e82a9000 Exception <a 'java/lang/ArrayIndexOutOfBoundsException': 102> (0x0000000720b9d8f8) thrown at [J:\jenkins\tmp\workspace\build\src\hotspot\src\share\vm\interpreter\interpreterRuntime.cpp, line 368]
Event: 5.183 Thread 0x000001f698595800 Implicit null exception at 0x000001f6ea7a17db to 0x000001f6ea7a26cd
Event: 5.183 Thread 0x000001f69d338800 Implicit null exception at 0x000001f6ea5b6b2c to 0x000001f6ea5b6d79

Events (10 events):
Event: 7.843 Thread 0x000001f6e82a9000 Uncommon trap: trap_request=0xffffff65 fr.pc=0x000001f6ea7add28
Event: 7.843 Thread 0x000001f6e82a9000 DEOPT PACKING pc=0x000001f6ea7add28 sp=0x000000ae033ff050
Event: 7.843 loading class java/util/WeakHashMap$KeyIterator
Event: 7.843 Thread 0x000001f6e82a9000 DEOPT UNPACKING pc=0x000001f6e9c55583 sp=0x000000ae033feea8 mode 2
Event: 7.843 Thread 0x000001f6a21ca800 Thread exited: 0x000001f6a21ca800
Event: 7.843 loading class java/util/WeakHashMap$HashIterator
Event: 7.843 loading class java/util/WeakHashMap$HashIterator done
Event: 7.843 loading class java/util/WeakHashMap$KeyIterator done
Event: 7.844 Thread 0x000001f6a21cb000 Thread exited: 0x000001f6a21cb000
Event: 7.844 Executing VM operation: Exit


Dynamic libraries:
0x00007ff7dd210000 - 0x00007ff7dd24a000 	C:\Program Files\AdoptOpenJDK\jdk-8.0.252.09-hotspot\bin\java.exe
0x00007fffaa990000 - 0x00007fffaab86000 	C:\WINDOWS\SYSTEM32\ntdll.dll
0x00007fff9f020000 - 0x00007fff9f032000 	C:\Program Files\AVAST Software\Avast\aswhook.dll
0x00007fffa9200000 - 0x00007fffa92bd000 	C:\WINDOWS\System32\KERNEL32.DLL
0x00007fffa8550000 - 0x00007fffa8819000 	C:\WINDOWS\System32\KERNELBASE.dll
0x00007fffaa790000 - 0x00007fffaa83c000 	C:\WINDOWS\System32\ADVAPI32.dll
0x00007fffa92c0000 - 0x00007fffa935e000 	C:\WINDOWS\System32\msvcrt.dll
0x00007fffaa8b0000 - 0x00007fffaa94c000 	C:\WINDOWS\System32\sechost.dll
0x00007fffa9360000 - 0x00007fffa948b000 	C:\WINDOWS\System32\RPCRT4.dll
0x00007fffa8b40000 - 0x00007fffa8ce0000 	C:\WINDOWS\System32\USER32.dll
0x00007fffa8820000 - 0x00007fffa8842000 	C:\WINDOWS\System32\win32u.dll
0x00007fffa96b0000 - 0x00007fffa96da000 	C:\WINDOWS\System32\GDI32.dll
0x00007fffa81e0000 - 0x00007fffa82e9000 	C:\WINDOWS\System32\gdi32full.dll
0x00007fffa8950000 - 0x00007fffa89ed000 	C:\WINDOWS\System32\msvcp_win.dll
0x00007fffa8850000 - 0x00007fffa8950000 	C:\WINDOWS\System32\ucrtbase.dll
0x00007fff85b60000 - 0x00007fff85dfb000 	C:\WINDOWS\WinSxS\amd64_microsoft.windows.common-controls_6595b64144ccf1df_6.0.19041.488_none_ca04af081b815d21\COMCTL32.dll
0x00007fffaa3c0000 - 0x00007fffaa3f0000 	C:\WINDOWS\System32\IMM32.DLL
0x00007fff90f80000 - 0x00007fff9106f000 	C:\Program Files\AdoptOpenJDK\jdk-8.0.252.09-hotspot\jre\bin\msvcr120.dll
0x00007fff8a320000 - 0x00007fff8a3c6000 	C:\Program Files\AdoptOpenJDK\jdk-8.0.252.09-hotspot\jre\bin\msvcp120.dll
0x00000000705e0000 - 0x0000000070dde000 	C:\Program Files\AdoptOpenJDK\jdk-8.0.252.09-hotspot\jre\bin\server\jvm.dll
0x00007fffaa8a0000 - 0x00007fffaa8a8000 	C:\WINDOWS\System32\PSAPI.DLL
0x00007fff9de20000 - 0x00007fff9de29000 	C:\WINDOWS\SYSTEM32\WSOCK32.dll
0x00007fffa9a40000 - 0x00007fffa9aab000 	C:\WINDOWS\System32\WS2_32.dll
0x00007fff9ff40000 - 0x00007fff9ff67000 	C:\WINDOWS\SYSTEM32\WINMM.dll
0x00007fff9ff70000 - 0x00007fff9ff7a000 	C:\WINDOWS\SYSTEM32\VERSION.dll
0x00007fff9f7b0000 - 0x00007fff9f7bf000 	C:\Program Files\AdoptOpenJDK\jdk-8.0.252.09-hotspot\jre\bin\verify.dll
0x00007fff988f0000 - 0x00007fff98918000 	C:\Program Files\AdoptOpenJDK\jdk-8.0.252.09-hotspot\jre\bin\java.dll
0x00007fff98c80000 - 0x00007fff98caa000 	C:\Program Files\AdoptOpenJDK\jdk-8.0.252.09-hotspot\jre\bin\instrument.dll
0x00007fff984a0000 - 0x00007fff984b6000 	C:\Program Files\AdoptOpenJDK\jdk-8.0.252.09-hotspot\jre\bin\zip.dll
0x00007fffa9c60000 - 0x00007fffaa3a2000 	C:\WINDOWS\System32\SHELL32.dll
0x00007fffa6240000 - 0x00007fffa69d5000 	C:\WINDOWS\SYSTEM32\windows.storage.dll
0x00007fffa96e0000 - 0x00007fffa9a36000 	C:\WINDOWS\System32\combase.dll
0x00007fffa7b40000 - 0x00007fffa7b6c000 	C:\WINDOWS\SYSTEM32\Wldp.dll
0x00007fffa9150000 - 0x00007fffa91fe000 	C:\WINDOWS\System32\SHCORE.dll
0x00007fffaa400000 - 0x00007fffaa455000 	C:\WINDOWS\System32\shlwapi.dll
0x00007fffa8000000 - 0x00007fffa8026000 	C:\WINDOWS\SYSTEM32\profapi.dll
0x00007fff98b90000 - 0x00007fff98baa000 	C:\Program Files\JetBrains\IntelliJ IDEA Community Edition 2019.3.1\bin\breakgen64.dll
0x00007fff97640000 - 0x00007fff9765a000 	C:\Program Files\AdoptOpenJDK\jdk-8.0.252.09-hotspot\jre\bin\net.dll
0x00007fffa78c0000 - 0x00007fffa792a000 	C:\WINDOWS\system32\mswsock.dll
0x00007fff97620000 - 0x00007fff97632000 	C:\Program Files\AdoptOpenJDK\jdk-8.0.252.09-hotspot\jre\bin\nio.dll
0x00007fff91670000 - 0x00007fff916d4000 	C:\Users\Peyton Hill\AppData\Local\Temp\lwjglPeyton Hill\3.2.3-build-13\lwjgl.dll
0x00007fff8b220000 - 0x00007fff8b282000 	C:\Users\PEYTON~1\AppData\Local\Temp\lwjglPeyton Hill\3.2.3-build-13\glfw.dll
0x00007fffa5ae0000 - 0x00007fffa5b7e000 	C:\WINDOWS\system32\uxtheme.dll
0x00007fff93b40000 - 0x00007fff93b85000 	C:\WINDOWS\SYSTEM32\dinput8.dll
0x00007fff98b70000 - 0x00007fff98b81000 	C:\WINDOWS\SYSTEM32\xinput1_4.dll
0x00007fffa8500000 - 0x00007fffa854e000 	C:\WINDOWS\System32\cfgmgr32.dll
0x00007fffa7e80000 - 0x00007fffa7eac000 	C:\WINDOWS\SYSTEM32\DEVOBJ.dll
0x00007fffa5d50000 - 0x00007fffa5d7f000 	C:\WINDOWS\SYSTEM32\dwmapi.dll
0x00007fff8afd0000 - 0x00007fff8b122000 	C:\WINDOWS\SYSTEM32\inputhost.dll
0x00007fffaa4c0000 - 0x00007fffaa58d000 	C:\WINDOWS\System32\OLEAUT32.dll
0x00007fffa5560000 - 0x00007fffa5652000 	C:\WINDOWS\SYSTEM32\CoreMessaging.dll
0x00007fffa3ac0000 - 0x00007fffa3bb7000 	C:\WINDOWS\SYSTEM32\PROPSYS.dll
0x00007fffa3d30000 - 0x00007fffa3e86000 	C:\WINDOWS\SYSTEM32\wintypes.dll
0x00007fffa8480000 - 0x00007fffa8500000 	C:\WINDOWS\System32\bcryptPrimitives.dll
0x00007fffa4e80000 - 0x00007fffa51de000 	C:\WINDOWS\SYSTEM32\CoreUIComponents.dll
0x00007fffa6f30000 - 0x00007fffa6f63000 	C:\WINDOWS\SYSTEM32\ntmarta.dll
0x00007fffa6040000 - 0x00007fffa6052000 	C:\WINDOWS\SYSTEM32\kernel.appcore.dll
0x00007fffaa590000 - 0x00007fffaa6a6000 	C:\WINDOWS\System32\MSCTF.dll
0x00007fffa69e0000 - 0x00007fffa69ed000 	C:\WINDOWS\SYSTEM32\HID.DLL
0x00007fffa8ce0000 - 0x00007fffa9147000 	C:\WINDOWS\System32\SETUPAPI.DLL
0x00007fffa8450000 - 0x00007fffa8477000 	C:\WINDOWS\System32\bcrypt.dll
0x00007fffa8180000 - 0x00007fffa81e0000 	C:\WINDOWS\System32\WINTRUST.dll
0x00007fffa82f0000 - 0x00007fffa844d000 	C:\WINDOWS\System32\CRYPT32.dll
0x00007fffa7cc0000 - 0x00007fffa7cd2000 	C:\WINDOWS\SYSTEM32\MSASN1.dll
0x00007fff74b30000 - 0x00007fff74c55000 	C:\WINDOWS\SYSTEM32\opengl32.dll
0x00007fff978d0000 - 0x00007fff978fc000 	C:\WINDOWS\SYSTEM32\GLU32.dll
0x00007fffa9490000 - 0x00007fffa9539000 	C:\WINDOWS\System32\clbcatq.dll
0x00007fff93250000 - 0x00007fff9327a000 	C:\WINDOWS\System32\DriverStore\FileRepository\u0361134.inf_amd64_a6c18d8d6a47cb97\B361196\atig6pxx.dll
0x00007fff39850000 - 0x00007fff3c624000 	C:\WINDOWS\System32\DriverStore\FileRepository\u0361134.inf_amd64_a6c18d8d6a47cb97\B361196\atio6axx.dll
0x00007fffa8a10000 - 0x00007fffa8b3a000 	C:\WINDOWS\System32\ole32.dll
0x00007fff70750000 - 0x00007fff70774000 	C:\WINDOWS\SYSTEM32\dxva2.dll
0x00007fff91630000 - 0x00007fff9166c000 	C:\WINDOWS\System32\DriverStore\FileRepository\u0361134.inf_amd64_a6c18d8d6a47cb97\B361196\atig6txx.dll
0x00007fff77230000 - 0x00007fff773ef000 	C:\WINDOWS\SYSTEM32\atiadlxx.dll
0x00007fff82c10000 - 0x00007fff82c59000 	C:\WINDOWS\SYSTEM32\pdh.dll
0x00007fffa01e0000 - 0x00007fffa021b000 	C:\WINDOWS\SYSTEM32\dxcore.dll
0x00007fff8b2c0000 - 0x00007fff8b3bd000 	C:\WINDOWS\SYSTEM32\textinputframework.dll
0x00007fff91450000 - 0x00007fff914a9000 	C:\Users\Peyton Hill\AppData\Local\Temp\lwjglPeyton Hill\3.2.3-build-13\lwjgl_opengl.dll
0x00007fff76970000 - 0x00007fff76bc3000 	C:\Users\PEYTON~1\AppData\Local\Temp\lwjglPeyton Hill\3.2.3-build-13\jemalloc.dll
0x00007fff74f80000 - 0x00007fff75115000 	C:\Program Files\AdoptOpenJDK\jdk-8.0.252.09-hotspot\jre\bin\awt.dll
0x00007fffa58d0000 - 0x00007fffa5960000 	C:\WINDOWS\SYSTEM32\apphelp.dll
0x00007fffa7a90000 - 0x00007fffa7aa8000 	C:\WINDOWS\SYSTEM32\CRYPTSP.dll
0x00007fffa71e0000 - 0x00007fffa7214000 	C:\WINDOWS\system32\rsaenh.dll
0x00007fffa7f80000 - 0x00007fffa7fae000 	C:\WINDOWS\SYSTEM32\USERENV.dll
0x00007fffa7ab0000 - 0x00007fffa7abc000 	C:\WINDOWS\SYSTEM32\CRYPTBASE.dll
0x00007fffa7560000 - 0x00007fffa759b000 	C:\WINDOWS\SYSTEM32\IPHLPAPI.DLL
0x00007fffaa3f0000 - 0x00007fffaa3f8000 	C:\WINDOWS\System32\NSI.dll
0x00007fffa1ae0000 - 0x00007fffa1af7000 	C:\WINDOWS\SYSTEM32\dhcpcsvc6.DLL
0x00007fffa1cb0000 - 0x00007fffa1ccd000 	C:\WINDOWS\SYSTEM32\dhcpcsvc.DLL
0x00007fffa75b0000 - 0x00007fffa767b000 	C:\WINDOWS\SYSTEM32\DNSAPI.dll
0x00007fff8a280000 - 0x00007fff8a313000 	C:\Program Files\AdoptOpenJDK\jdk-8.0.252.09-hotspot\jre\bin\freetype.dll
0x00007fff76520000 - 0x00007fff765dd000 	C:\Program Files\AdoptOpenJDK\jdk-8.0.252.09-hotspot\jre\bin\fontmanager.dll
0x00007fff97560000 - 0x00007fff97583000 	C:\Program Files\AdoptOpenJDK\jdk-8.0.252.09-hotspot\jre\bin\sunec.dll
0x00007fff9aa90000 - 0x00007fff9aa9c000 	C:\Program Files\AdoptOpenJDK\jdk-8.0.252.09-hotspot\jre\bin\sunmscapi.dll
0x00007fffa7bb0000 - 0x00007fffa7bd7000 	C:\WINDOWS\SYSTEM32\ncrypt.dll
0x00007fffa7b70000 - 0x00007fffa7bab000 	C:\WINDOWS\SYSTEM32\NTASN1.dll
0x00007fffa4bb0000 - 0x00007fffa4bbd000 	C:\Program Files\AdoptOpenJDK\jdk-8.0.252.09-hotspot\jre\bin\management.dll
0x00007fff968a0000 - 0x00007fff968b7000 	C:\WINDOWS\system32\napinsp.dll
0x00007fff96880000 - 0x00007fff9689b000 	C:\WINDOWS\system32\pnrpnsp.dll
0x00007fff96430000 - 0x00007fff96445000 	C:\WINDOWS\system32\wshbth.dll
0x00007fffa42f0000 - 0x00007fffa430d000 	C:\WINDOWS\system32\NLAapi.dll
0x00007fff963c0000 - 0x00007fff963d2000 	C:\WINDOWS\System32\winrnr.dll
0x00007fff9e430000 - 0x00007fff9e43a000 	C:\Windows\System32\rasadhlp.dll
0x00007fff9e470000 - 0x00007fff9e4ef000 	C:\WINDOWS\System32\fwpuclnt.dll
0x00007fff74ee0000 - 0x00007fff74f7d000 	C:\Program Files\obs-studio\data\obs-plugins\win-capture\graphics-hook64.dll
0x00007fffa4310000 - 0x00007fffa4574000 	C:\WINDOWS\system32\d3d11.dll
0x00007fffa6a20000 - 0x00007fffa6b13000 	C:\WINDOWS\SYSTEM32\dxgi.dll
0x00007fff9ff80000 - 0x00007fffa015b000 	C:\WINDOWS\System32\DriverStore\FileRepository\u0361134.inf_amd64_a6c18d8d6a47cb97\B361196\aticfx64.dll
0x00007fff9fce0000 - 0x00007fff9fd18000 	C:\WINDOWS\System32\DriverStore\FileRepository\u0361134.inf_amd64_a6c18d8d6a47cb97\B361196\atiuxp64.dll
0x00007fff9b940000 - 0x00007fff9d845000 	C:\WINDOWS\System32\DriverStore\FileRepository\u0361134.inf_amd64_a6c18d8d6a47cb97\B361196\atidxx64.dll
0x00007fff9fc80000 - 0x00007fff9fcb0000 	C:\WINDOWS\SYSTEM32\amdihk64.dll
0x00007fffa1e50000 - 0x00007fffa2034000 	C:\WINDOWS\SYSTEM32\dbghelp.dll

VM Arguments:
jvm_args: -javaagent:C:\Program Files\JetBrains\IntelliJ IDEA Community Edition 2019.3.1\lib\idea_rt.jar=54342:C:\Program Files\JetBrains\IntelliJ IDEA Community Edition 2019.3.1\bin -Dfile.encoding=UTF-8 
java_command: Hilligans.ClientMain
java_class_path (initial): C:\Program Files\AdoptOpenJDK\jdk-8.0.252.09-hotspot\jre\lib\charsets.jar;C:\Program Files\AdoptOpenJDK\jdk-8.0.252.09-hotspot\jre\lib\ext\access-bridge-64.jar;C:\Program Files\AdoptOpenJDK\jdk-8.0.252.09-hotspot\jre\lib\ext\cldrdata.jar;C:\Program Files\AdoptOpenJDK\jdk-8.0.252.09-hotspot\jre\lib\ext\dnsns.jar;C:\Program Files\AdoptOpenJDK\jdk-8.0.252.09-hotspot\jre\lib\ext\jaccess.jar;C:\Program Files\AdoptOpenJDK\jdk-8.0.252.09-hotspot\jre\lib\ext\localedata.jar;C:\Program Files\AdoptOpenJDK\jdk-8.0.252.09-hotspot\jre\lib\ext\nashorn.jar;C:\Program Files\AdoptOpenJDK\jdk-8.0.252.09-hotspot\jre\lib\ext\sunec.jar;C:\Program Files\AdoptOpenJDK\jdk-8.0.252.09-hotspot\jre\lib\ext\sunjce_provider.jar;C:\Program Files\AdoptOpenJDK\jdk-8.0.252.09-hotspot\jre\lib\ext\sunmscapi.jar;C:\Program Files\AdoptOpenJDK\jdk-8.0.252.09-hotspot\jre\lib\ext\sunpkcs11.jar;C:\Program Files\AdoptOpenJDK\jdk-8.0.252.09-hotspot\jre\lib\ext\zipfs.jar;C:\Program Files\AdoptOpenJDK\jdk-8.0.252.09-hotspot\jre\lib\jce.jar;C:\Program Files\AdoptOpenJDK\jdk-8.0.252.09-hotspot\jre\lib\jsse.jar;C:\Program Files\AdoptOpenJDK\jdk-8.0.252.09-hotspot\jre\lib\management-agent.jar;C:\Program Files\AdoptOpenJDK\jdk-8.0.252.09-hotspot\jre\lib\resources.jar;C:\Program Files\AdoptOpenJDK\jdk-8.0.252.09-hotspot\jre\lib\rt.jar;C:\Users\Peyton Hill\IdeaProjects\Ourcraft\target\classes;C:\Users\Peyton Hill\.m2\repository\org\lwjgl\lwjgl\3.2.3\lwjgl-3.2.3.jar;C:\Users\Peyton Hill\.m2\repository\org\lwjgl\lwjgl-assimp\3.2.3\lwjgl-assimp-3.2.3.jar;C:\Users\Peyton Hill\.m2\repository\org\lwjgl\lwjgl-bgfx\3.2.3\lwjgl-bgfx-3.2.3.jar;C:\Users\Peyton Hill\.m2\repository\org\lwjgl\lwjgl-cuda\3.2.3\lwjgl-cuda-3.2.3.jar;C:\Users\Peyton Hill\.m2\repository\org\lwjgl\lwjgl-egl\3.2.3\lwjgl-egl-3.2.3.jar;C:\Users\Peyton Hill\.m2\repository\org\lwjgl\lwjgl-glfw\3.2.3\lwjgl-glfw-3.2.3.jar;C:\Users\Peyton Hill\.m2\repository\org\lwjgl\lwjgl-jawt\3.2.3\lwjgl-jawt-3.2.3.jar;C:\Users\Peyton Hill\.m2\repo
Launcher Type: SUN_STANDARD

Environment Variables:
JAVA_HOME=C:\Program Files\AdoptOpenJDK\jdk-15.0.2.7-hotspot
JRE_HOME=C:\Program Files\Java\jdk-15.0.2
PATH=C:\Program Files\AdoptOpenJDK\jdk-15.0.2.7-hotspot\bin;C:\ProgramData\Oracle\Java\javapath;C:\Program Files (x86)\Common Files\Oracle\Java\javapath;C:\Program Files\AdoptOpenJDK\jdk-8.0.252.09-hotspot\bin;C:\WINDOWS\system32;C:\WINDOWS;C:\WINDOWS\System32\Wbem;C:\WINDOWS\System32\WindowsPowerShell\v1.0\;C:\WINDOWS\System32\OpenSSH\;C:\Program Files\Git\cmd;C:\Users\Peyton Hill\AppData\Local\Microsoft\WindowsApps;C:\Users\Peyton Hill\AppData\Local\Programs\Microsoft VS Code\bin;C:\Users\Peyton Hill\AppData\Local\Microsoft\WindowsApps;C:\Users\Peyton Hill\AppData\Local\GitHubDesktop\bin
USERNAME=Peyton Hill
OS=Windows_NT
PROCESSOR_IDENTIFIER=AMD64 Family 23 Model 8 Stepping 2, AuthenticAMD



---------------  S Y S T E M  ---------------

OS: Windows 10.0 , 64 bit Build 19041 (10.0.19041.662)

CPU:total 16 (initial active 16) (16 cores per cpu, 1 threads per core) family 23 model 8 stepping 2, cmov, cx8, fxsr, mmx, sse, sse2, sse3, ssse3, sse4.1, sse4.2, popcnt, avx, avx2, aes, clmul, mmxext, 3dnowpref, lzcnt, sse4a, tsc, tscinvbit, tscinv, bmi1

Memory: 4k page, physical 33504108k(21675032k free), swap 58669932k(34591980k free)

vm_info: OpenJDK 64-Bit Server VM (25.252-b09) for windows-amd64 JRE (1.8.0_252-b09), built on Apr 22 2020 09:32:45 by "jenkins" with MS VC++ 12.0 (VS2013)

time: Sat Feb 06 04:27:19 2021
timezone: Eastern Standard Time
elapsed time: 8 seconds (0d 0h 0m 8s)

