#
# A fatal error has been detected by the Java Runtime Environment:
#
#  EXCEPTION_ACCESS_VIOLATION (0xc0000005) at pc=0x0000000000000000, pid=25104, tid=0x0000000000001e60
#
# JRE version: OpenJDK Runtime Environment (8.0_252-b09) (build 1.8.0_252-b09)
# Java VM: OpenJDK 64-Bit Server VM (25.252-b09 mixed mode windows-amd64 compressed oops)
# Problematic frame:
# C  0x0000000000000000
#
# Failed to write core dump. Minidumps are not enabled by default on client versions of Windows
#
# If you would like to submit a bug report, please visit:
#   http://bugreport.java.com/bugreport/crash.jsp
#

---------------  T H R E A D  ---------------

Current thread (0x00000261dd510800):  VMThread [stack: 0x000000e659600000,0x000000e659700000] [id=7776]

siginfo: ExceptionCode=0xc0000005, ExceptionInformation=0x0000000000000008 0x0000000000000000

Registers:
RAX=0x0000000000000000, RBX=0x0000000000000000, RCX=0x0000000000000001, RDX=0x00007fff74a5c470
RSP=0x000000e6596fef28, RBP=0x00007fff74a5c400, RSI=0x0000000000020000, RDI=0x0000000000000000
R8 =0x000000e65878d000, R9 =0x000000000000000e, R10=0x0000000000000000, R11=0x00000261e0a3ca10
R12=0x00007fff74c0dc30, R13=0x0000000000000000, R14=0x00007fff74b30000, R15=0x0000000000000001
RIP=0x0000000000000000, EFLAGS=0x0000000000010202

Top of Stack: (sp=0x000000e6596fef28)
0x000000e6596fef28:   00007fff749d8ff5 0000000000000000
0x000000e6596fef38:   00007fff74a5c400 0000000000000000
0x000000e6596fef48:   0000000000020000 00000261b90b50e0
0x000000e6596fef58:   00007fff749da624 0000000000000000
0x000000e6596fef68:   00000261b90b50e0 0000000000020000
0x000000e6596fef78:   00000261e0b97868 0000000000000001
0x000000e6596fef88:   00007fff74b36e3e 0000000000000001
0x000000e6596fef98:   0000000000000000 0000000000000000
0x000000e6596fefa8:   00007fffa94ad83e 0000000000000001
0x000000e6596fefb8:   00007fff74b37286 0000000000000000
0x000000e6596fefc8:   00000261b90b50e0 0000000000000001
0x000000e6596fefd8:   0000000000000001 0000000000000000
0x000000e6596fefe8:   00007fff74c0dd6f 0000000000000001
0x000000e6596feff8:   00000261b90b50e0 0000000000000001
0x000000e6596ff008:   00007fff908d0000 0000000000000001
0x000000e6596ff018:   00007fff908dc4d8 0000000000000001 

Instructions: (pc=0x0000000000000000)
0xffffffffffffffe0:   


Register to memory mapping:

RAX=0x0000000000000000 is an unknown value
RBX=0x0000000000000000 is an unknown value
RCX=0x0000000000000001 is an unknown value
RDX=0x00007fff74a5c470 is an unknown value
RSP=0x000000e6596fef28 is an unknown value
RBP=0x00007fff74a5c400 is an unknown value
RSI=0x0000000000020000 is an unknown value
RDI=0x0000000000000000 is an unknown value
R8 =0x000000e65878d000 is an unknown value
R9 =0x000000000000000e is an unknown value
R10=0x0000000000000000 is an unknown value
R11=0x00000261e0a3ca10 is an unknown value
R12=0x00007fff74c0dc30 is an unknown value
R13=0x0000000000000000 is an unknown value
R14=0x00007fff74b30000 is an unknown value
R15=0x0000000000000001 is an unknown value


Stack: [0x000000e659600000,0x000000e659700000],  sp=0x000000e6596fef28,  free space=1019k
Native frames: (J=compiled Java code, j=interpreted, Vv=VM code, C=native code)

VM_Operation (0x000000e65affe940): Exit, mode: safepoint, requested by thread 0x00000261e9771800


---------------  P R O C E S S  ---------------

Java Threads: ( => current thread )
  0x00000261e9771800 JavaThread "nioEventLoopGroup-2-1" [_thread_blocked, id=12600, stack(0x000000e65af00000,0x000000e65b000000)]
  0x00000261e92b5000 JavaThread "pool-1-thread-1" [_thread_blocked, id=27020, stack(0x000000e65ae00000,0x000000e65af00000)]
  0x00000261e2a00800 JavaThread "Java2D Disposer" daemon [_thread_blocked, id=14748, stack(0x000000e65ad00000,0x000000e65ae00000)]
  0x00000261e06de800 JavaThread "Service Thread" daemon [_thread_blocked, id=8312, stack(0x000000e65a800000,0x000000e65a900000)]
  0x00000261e0683800 JavaThread "C1 CompilerThread11" daemon [_thread_blocked, id=4488, stack(0x000000e65a700000,0x000000e65a800000)]
  0x00000261e0682000 JavaThread "C1 CompilerThread10" daemon [_thread_blocked, id=24812, stack(0x000000e65a600000,0x000000e65a700000)]
  0x00000261e0681000 JavaThread "C1 CompilerThread9" daemon [_thread_blocked, id=10688, stack(0x000000e65a500000,0x000000e65a600000)]
  0x00000261e067d800 JavaThread "C1 CompilerThread8" daemon [_thread_blocked, id=26220, stack(0x000000e65a400000,0x000000e65a500000)]
  0x00000261e0670000 JavaThread "C2 CompilerThread7" daemon [_thread_blocked, id=23348, stack(0x000000e65a300000,0x000000e65a400000)]
  0x00000261e04ba800 JavaThread "C2 CompilerThread6" daemon [_thread_blocked, id=26744, stack(0x000000e65a200000,0x000000e65a300000)]
  0x00000261e04b9800 JavaThread "C2 CompilerThread5" daemon [_thread_blocked, id=22612, stack(0x000000e65a100000,0x000000e65a200000)]
  0x00000261e04b8800 JavaThread "C2 CompilerThread4" daemon [_thread_blocked, id=24436, stack(0x000000e65a000000,0x000000e65a100000)]
  0x00000261e04a3000 JavaThread "C2 CompilerThread3" daemon [_thread_blocked, id=20972, stack(0x000000e659f00000,0x000000e65a000000)]
  0x00000261e04a2800 JavaThread "C2 CompilerThread2" daemon [_thread_blocked, id=7160, stack(0x000000e659e00000,0x000000e659f00000)]
  0x00000261e049f800 JavaThread "C2 CompilerThread1" daemon [_thread_blocked, id=9764, stack(0x000000e659d00000,0x000000e659e00000)]
  0x00000261e0495000 JavaThread "C2 CompilerThread0" daemon [_thread_blocked, id=10788, stack(0x000000e659c00000,0x000000e659d00000)]
  0x00000261e0493800 JavaThread "Monitor Ctrl-Break" daemon [_thread_in_native, id=10968, stack(0x000000e659b00000,0x000000e659c00000)]
  0x00000261e011f000 JavaThread "Attach Listener" daemon [_thread_blocked, id=22720, stack(0x000000e659a00000,0x000000e659b00000)]
  0x00000261e011c000 JavaThread "Signal Dispatcher" daemon [_thread_blocked, id=13256, stack(0x000000e659900000,0x000000e659a00000)]
  0x00000261dd51a800 JavaThread "Finalizer" daemon [_thread_blocked, id=25488, stack(0x000000e659800000,0x000000e659900000)]
  0x00000261e00f0800 JavaThread "Reference Handler" daemon [_thread_blocked, id=20316, stack(0x000000e659700000,0x000000e659800000)]
  0x00000261b9099000 JavaThread "main" [_thread_blocked, id=15292, stack(0x000000e658800000,0x000000e658900000)]

Other Threads:
=>0x00000261dd510800 VMThread [stack: 0x000000e659600000,0x000000e659700000] [id=7776]

VM state:at safepoint (shutting down)

VM Mutex/Monitor currently owned by a thread:  ([mutex/lock_event])
[0x00000261b9096390] Threads_lock - owner thread: 0x00000261dd510800

heap address: 0x00000005c0c00000, size: 8180 MB, Compressed Oops mode: Zero based, Oop shift amount: 3
Narrow klass base: 0x0000000000000000, Narrow klass shift: 3
Compressed class space size: 1073741824 Address: 0x00000007c0000000

Heap:
 PSYoungGen      total 1240576K, used 1020108K [0x0000000715980000, 0x000000077a500000, 0x00000007c0000000)
  eden space 952320K, 77% used [0x0000000715980000,0x0000000742dfb308,0x000000074fb80000)
  from space 288256K, 96% used [0x000000074fb80000,0x0000000760b37fa0,0x0000000761500000)
  to   space 329216K, 0% used [0x0000000766380000,0x0000000766380000,0x000000077a500000)
 ParOldGen       total 414720K, used 310132K [0x00000005c0c00000, 0x00000005da100000, 0x0000000715980000)
  object space 414720K, 74% used [0x00000005c0c00000,0x00000005d3add060,0x00000005da100000)
 Metaspace       used 23280K, capacity 23589K, committed 23808K, reserved 1071104K
  class space    used 2177K, capacity 2289K, committed 2304K, reserved 1048576K

Card table byte_map: [0x00000261c9d60000,0x00000261cad60000] byte_map_base: 0x00000261c6f5a000

Marking Bits: (ParMarkBitMap*) 0x0000000070d65010
 Begin Bits: [0x00000261cb810000, 0x00000261d37e0000)
 End Bits:   [0x00000261d37e0000, 0x00000261db7b0000)

Polling page: 0x00000261b91a0000

CodeCache: size=245760Kb used=13335Kb max_used=13809Kb free=232424Kb
 bounds [0x00000261ba9a0000, 0x00000261bb740000, 0x00000261c99a0000]
 total_blobs=4573 nmethods=3407 adapters=1077
 compilation: enabled

Compilation events (10 events):
Event: 56.444 Thread 0x00000261e04a2800 nmethod 3546 0x00000261bb6d9a50 code [0x00000261bb6d9c00, 0x00000261bb6da780]
Event: 57.887 Thread 0x00000261e0683800 3547       1       io.netty.buffer.UnpooledHeapByteBuf::setArray (11 bytes)
Event: 57.887 Thread 0x00000261e0683800 nmethod 3547 0x00000261bac77350 code [0x00000261bac774a0, 0x00000261bac775d8]
Event: 59.221 Thread 0x00000261e04b8800 3548       4       io.netty.buffer.AbstractReferenceCountedByteBuf::<init> (16 bytes)
Event: 59.222 Thread 0x00000261e04b8800 nmethod 3548 0x00000261bb6d97d0 code [0x00000261bb6d9900, 0x00000261bb6d9998]
Event: 59.278 Thread 0x00000261e0670000 3549       4       org.lwjgl.glfw.GLFW::glfwSetCursorPos (26 bytes)
Event: 59.279 Thread 0x00000261e0670000 nmethod 3549 0x00000261bad4a250 code [0x00000261bad4a3a0, 0x00000261bad4a448]
Event: 61.803 Thread 0x00000261e0682000 3550       1       java.util.Hashtable::access$500 (5 bytes)
Event: 61.803 Thread 0x00000261e067d800 3551       3       java.util.logging.LogManager$LoggerContext::ensureDefaultLogger (70 bytes)
Event: 61.803 Thread 0x00000261e0682000 nmethod 3550 0x00000261bad57150 code [0x00000261bad572a0, 0x00000261bad57398]

GC Heap History (10 events):
Event: 29.072 GC heap before
{Heap before GC invocations=15 (full 2):
 PSYoungGen      total 1003520K, used 940768K [0x0000000715980000, 0x0000000760600000, 0x00000007c0000000)
  eden space 830976K, 100% used [0x0000000715980000,0x0000000748500000,0x0000000748500000)
  from space 172544K, 63% used [0x0000000755d80000,0x000000075c8b8010,0x0000000760600000)
  to   space 197120K, 0% used [0x0000000748500000,0x0000000748500000,0x0000000754580000)
 ParOldGen       total 414720K, used 310132K [0x00000005c0c00000, 0x00000005da100000, 0x0000000715980000)
  object space 414720K, 74% used [0x00000005c0c00000,0x00000005d3add060,0x00000005da100000)
 Metaspace       used 23231K, capacity 23523K, committed 23808K, reserved 1071104K
  class space    used 2167K, capacity 2288K, committed 2304K, reserved 1048576K
Event: 29.116 GC heap after
Heap after GC invocations=15 (full 2):
 PSYoungGen      total 1028096K, used 154912K [0x0000000715980000, 0x0000000768400000, 0x00000007c0000000)
  eden space 830976K, 0% used [0x0000000715980000,0x0000000715980000,0x0000000748500000)
  from space 197120K, 78% used [0x0000000748500000,0x0000000751c48010,0x0000000754580000)
  to   space 211456K, 0% used [0x000000075b580000,0x000000075b580000,0x0000000768400000)
 ParOldGen       total 414720K, used 310132K [0x00000005c0c00000, 0x00000005da100000, 0x0000000715980000)
  object space 414720K, 74% used [0x00000005c0c00000,0x00000005d3add060,0x00000005da100000)
 Metaspace       used 23231K, capacity 23523K, committed 23808K, reserved 1071104K
  class space    used 2167K, capacity 2288K, committed 2304K, reserved 1048576K
}
Event: 36.548 GC heap before
{Heap before GC invocations=16 (full 2):
 PSYoungGen      total 1028096K, used 985888K [0x0000000715980000, 0x0000000768400000, 0x00000007c0000000)
  eden space 830976K, 100% used [0x0000000715980000,0x0000000748500000,0x0000000748500000)
  from space 197120K, 78% used [0x0000000748500000,0x0000000751c48010,0x0000000754580000)
  to   space 211456K, 0% used [0x000000075b580000,0x000000075b580000,0x0000000768400000)
 ParOldGen       total 414720K, used 310132K [0x00000005c0c00000, 0x00000005da100000, 0x0000000715980000)
  object space 414720K, 74% used [0x00000005c0c00000,0x00000005d3add060,0x00000005da100000)
 Metaspace       used 23234K, capacity 23525K, committed 23808K, reserved 1071104K
  class space    used 2168K, capacity 2289K, committed 2304K, reserved 1048576K
Event: 36.609 GC heap after
Heap after GC invocations=16 (full 2):
 PSYoungGen      total 1125376K, used 166476K [0x0000000715980000, 0x0000000769100000, 0x00000007c0000000)
  eden space 913920K, 0% used [0x0000000715980000,0x0000000715980000,0x000000074d600000)
  from space 211456K, 78% used [0x000000075b580000,0x00000007658131c0,0x0000000768400000)
  to   space 226816K, 0% used [0x000000074d600000,0x000000074d600000,0x000000075b380000)
 ParOldGen       total 414720K, used 310132K [0x00000005c0c00000, 0x00000005da100000, 0x0000000715980000)
  object space 414720K, 74% used [0x00000005c0c00000,0x00000005d3add060,0x00000005da100000)
 Metaspace       used 23234K, capacity 23525K, committed 23808K, reserved 1071104K
  class space    used 2168K, capacity 2289K, committed 2304K, reserved 1048576K
}
Event: 43.210 GC heap before
{Heap before GC invocations=17 (full 2):
 PSYoungGen      total 1125376K, used 1080396K [0x0000000715980000, 0x0000000769100000, 0x00000007c0000000)
  eden space 913920K, 100% used [0x0000000715980000,0x000000074d600000,0x000000074d600000)
  from space 211456K, 78% used [0x000000075b580000,0x00000007658131c0,0x0000000768400000)
  to   space 226816K, 0% used [0x000000074d600000,0x000000074d600000,0x000000075b380000)
 ParOldGen       total 414720K, used 310132K [0x00000005c0c00000, 0x00000005da100000, 0x0000000715980000)
  object space 414720K, 74% used [0x00000005c0c00000,0x00000005d3add060,0x00000005da100000)
 Metaspace       used 23236K, capacity 23525K, committed 23808K, reserved 1071104K
  class space    used 2168K, capacity 2289K, committed 2304K, reserved 1048576K
Event: 43.263 GC heap after
Heap after GC invocations=17 (full 2):
 PSYoungGen      total 1140736K, used 201504K [0x0000000715980000, 0x0000000770a80000, 0x00000007c0000000)
  eden space 913920K, 0% used [0x0000000715980000,0x0000000715980000,0x000000074d600000)
  from space 226816K, 88% used [0x000000074d600000,0x0000000759ac8010,0x000000075b380000)
  to   space 251392K, 0% used [0x0000000761500000,0x0000000761500000,0x0000000770a80000)
 ParOldGen       total 414720K, used 310132K [0x00000005c0c00000, 0x00000005da100000, 0x0000000715980000)
  object space 414720K, 74% used [0x00000005c0c00000,0x00000005d3add060,0x00000005da100000)
 Metaspace       used 23236K, capacity 23525K, committed 23808K, reserved 1071104K
  class space    used 2168K, capacity 2289K, committed 2304K, reserved 1048576K
}
Event: 49.092 GC heap before
{Heap before GC invocations=18 (full 2):
 PSYoungGen      total 1140736K, used 1115424K [0x0000000715980000, 0x0000000770a80000, 0x00000007c0000000)
  eden space 913920K, 100% used [0x0000000715980000,0x000000074d600000,0x000000074d600000)
  from space 226816K, 88% used [0x000000074d600000,0x0000000759ac8010,0x000000075b380000)
  to   space 251392K, 0% used [0x0000000761500000,0x0000000761500000,0x0000000770a80000)
 ParOldGen       total 414720K, used 310132K [0x00000005c0c00000, 0x00000005da100000, 0x0000000715980000)
  object space 414720K, 74% used [0x00000005c0c00000,0x00000005d3add060,0x00000005da100000)
 Metaspace       used 23242K, capacity 23525K, committed 23808K, reserved 1071104K
  class space    used 2168K, capacity 2289K, committed 2304K, reserved 1048576K
Event: 49.172 GC heap after
Heap after GC invocations=18 (full 2):
 PSYoungGen      total 1203712K, used 248064K [0x0000000715980000, 0x0000000774900000, 0x00000007c0000000)
  eden space 952320K, 0% used [0x0000000715980000,0x0000000715980000,0x000000074fb80000)
  from space 251392K, 98% used [0x0000000761500000,0x0000000770740010,0x0000000770a80000)
  to   space 288256K, 0% used [0x000000074fb80000,0x000000074fb80000,0x0000000761500000)
 ParOldGen       total 414720K, used 310132K [0x00000005c0c00000, 0x00000005da100000, 0x0000000715980000)
  object space 414720K, 74% used [0x00000005c0c00000,0x00000005d3add060,0x00000005da100000)
 Metaspace       used 23242K, capacity 23525K, committed 23808K, reserved 1071104K
  class space    used 2168K, capacity 2289K, committed 2304K, reserved 1048576K
}
Event: 56.245 GC heap before
{Heap before GC invocations=19 (full 2):
 PSYoungGen      total 1203712K, used 1200384K [0x0000000715980000, 0x0000000774900000, 0x00000007c0000000)
  eden space 952320K, 100% used [0x0000000715980000,0x000000074fb80000,0x000000074fb80000)
  from space 251392K, 98% used [0x0000000761500000,0x0000000770740010,0x0000000770a80000)
  to   space 288256K, 0% used [0x000000074fb80000,0x000000074fb80000,0x0000000761500000)
 ParOldGen       total 414720K, used 310132K [0x00000005c0c00000, 0x00000005da100000, 0x0000000715980000)
  object space 414720K, 74% used [0x00000005c0c00000,0x00000005d3add060,0x00000005da100000)
 Metaspace       used 23243K, capacity 23525K, committed 23808K, reserved 1071104K
  class space    used 2168K, capacity 2289K, committed 2304K, reserved 1048576K
Event: 56.320 GC heap after
Heap after GC invocations=19 (full 2):
 PSYoungGen      total 1240576K, used 278239K [0x0000000715980000, 0x000000077a500000, 0x00000007c0000000)
  eden space 952320K, 0% used [0x0000000715980000,0x0000000715980000,0x000000074fb80000)
  from space 288256K, 96% used [0x000000074fb80000,0x0000000760b37fa0,0x0000000761500000)
  to   space 329216K, 0% used [0x0000000766380000,0x0000000766380000,0x000000077a500000)
 ParOldGen       total 414720K, used 310132K [0x00000005c0c00000, 0x00000005da100000, 0x0000000715980000)
  object space 414720K, 74% used [0x00000005c0c00000,0x00000005d3add060,0x00000005da100000)
 Metaspace       used 23243K, capacity 23525K, committed 23808K, reserved 1071104K
  class space    used 2168K, capacity 2289K, committed 2304K, reserved 1048576K
}

Deoptimization events (10 events):
Event: 29.578 Thread 0x00000261e92b5000 Uncommon trap: reason=unstable_if action=reinterpret pc=0x00000261bb681ba4 method=Hilligans.ClientMain.processInput(J)V @ 3
Event: 61.799 Thread 0x00000261e9771800 Uncommon trap: reason=unstable_if action=reinterpret pc=0x00000261bb5fff2c method=com.sun.crypto.provider.GCTR.doFinal([BII[BI)I @ 45
Event: 61.799 Thread 0x00000261e9771800 Uncommon trap: reason=unstable_if action=reinterpret pc=0x00000261bb5a7f90 method=sun.security.ssl.EngineWriter.isOutboundDone()Z @ 4
Event: 61.799 Thread 0x00000261e9771800 Uncommon trap: reason=unstable_if action=reinterpret pc=0x00000261bb3fa394 method=sun.security.ssl.EngineWriter.hasOutboundDataInternal()Z @ 7
Event: 61.799 Thread 0x00000261e9771800 Uncommon trap: reason=unstable_if action=reinterpret pc=0x00000261bb596f94 method=sun.security.ssl.EngineWriter.hasOutboundDataInternal()Z @ 7
Event: 61.800 Thread 0x00000261e9771800 Uncommon trap: reason=unstable_if action=reinterpret pc=0x00000261bb628430 method=io.netty.handler.ssl.SslHandler.wrap(Lio/netty/channel/ChannelHandlerContext;Z)V @ 125
Event: 61.800 Thread 0x00000261e9771800 Uncommon trap: reason=unstable_if action=reinterpret pc=0x00000261bb602868 method=io.netty.util.concurrent.DefaultPromise.isSuccess()Z @ 20
Event: 61.800 Thread 0x00000261e9771800 Uncommon trap: reason=unstable_if action=reinterpret pc=0x00000261bb553148 method=io.netty.handler.ssl.SslHandler.finishWrap(Lio/netty/channel/ChannelHandlerContext;Lio/netty/buffer/ByteBuf;Lio/netty/channel/ChannelPromise;ZZ)V @ 28
Event: 61.802 Thread 0x00000261e9771800 Uncommon trap: reason=unstable_if action=reinterpret pc=0x00000261bb56df84 method=io.netty.channel.socket.nio.NioSocketChannel.isActive()Z @ 9
Event: 61.802 Thread 0x00000261e9771800 Uncommon trap: reason=unstable_if action=reinterpret pc=0x00000261bb5384f4 method=io.netty.util.concurrent.DefaultPromise.setValue0(Ljava/lang/Object;)Z @ 23

Classes redefined (0 events):
No events

Internal exceptions (10 events):
Event: 2.727 Thread 0x00000261b9099000 Exception <a 'java/lang/NoClassDefFoundError'> (0x00000007172143c8) thrown at [J:\jenkins\tmp\workspace\build\src\hotspot\src\share\vm\prims\jvm.cpp, line 1506]
Event: 2.728 Thread 0x00000261b9099000 Exception <a 'java/lang/NoClassDefFoundError': org/apache/log4j/Priority> (0x000000071723c320) thrown at [J:\jenkins\tmp\workspace\build\src\hotspot\src\share\vm\classfile\systemDictionary.cpp, line 199]
Event: 3.506 Thread 0x00000261e9771800 Exception <a 'java/lang/ArrayIndexOutOfBoundsException'> (0x000000071646da10) thrown at [J:\jenkins\tmp\workspace\build\src\hotspot\src\share\vm\runtime\sharedRuntime.cpp, line 605]
Event: 3.506 Thread 0x00000261e9771800 Exception <a 'java/lang/ArrayIndexOutOfBoundsException'> (0x000000071646f2a0) thrown at [J:\jenkins\tmp\workspace\build\src\hotspot\src\share\vm\runtime\sharedRuntime.cpp, line 605]
Event: 3.507 Thread 0x00000261e9771800 Exception <a 'java/lang/ArrayIndexOutOfBoundsException'> (0x00000007164729b0) thrown at [J:\jenkins\tmp\workspace\build\src\hotspot\src\share\vm\runtime\sharedRuntime.cpp, line 605]
Event: 3.509 Thread 0x00000261e9771800 Exception <a 'java/lang/ArrayIndexOutOfBoundsException'> (0x000000071649ae50) thrown at [J:\jenkins\tmp\workspace\build\src\hotspot\src\share\vm\runtime\sharedRuntime.cpp, line 605]
Event: 3.509 Thread 0x00000261e9771800 Exception <a 'java/lang/ArrayIndexOutOfBoundsException'> (0x000000071649bd18) thrown at [J:\jenkins\tmp\workspace\build\src\hotspot\src\share\vm\runtime\sharedRuntime.cpp, line 605]
Event: 3.636 Thread 0x00000261e9771800 Implicit null exception at 0x00000261bafd0d68 to 0x00000261bafd0e21
Event: 7.124 Thread 0x00000261e92b5000 Implicit null exception at 0x00000261bb5296d7 to 0x00000261bb52a409
Event: 7.124 Thread 0x00000261e9771800 Implicit null exception at 0x00000261bb31716c to 0x00000261bb3173b9

Events (10 events):
Event: 61.803 Thread 0x00000261e0682000 flushing nmethod 0x00000261baeeb090
Event: 61.803 Thread 0x00000261e0682000 flushing nmethod 0x00000261baeeb450
Event: 61.803 Thread 0x00000261e0682000 flushing nmethod 0x00000261baeedd10
Event: 61.803 Thread 0x00000261e0680800 Thread exited: 0x00000261e0680800
Event: 61.803 Thread 0x00000261e0682000 flushing nmethod 0x00000261baf01050
Event: 61.803 Thread 0x00000261e0682000 flushing nmethod 0x00000261baf02c10
Event: 61.803 Thread 0x00000261e0682000 flushing nmethod 0x00000261baf10fd0
Event: 61.803 Thread 0x00000261e0682000 flushing nmethod 0x00000261baf16490
Event: 61.803 Thread 0x00000261e0682000 flushing nmethod 0x00000261baf183d0
Event: 61.803 Executing VM operation: Exit


Dynamic libraries:
0x00007ff7dd210000 - 0x00007ff7dd24a000 	C:\Program Files\AdoptOpenJDK\jdk-8.0.252.09-hotspot\bin\java.exe
0x00007fffaa990000 - 0x00007fffaab86000 	C:\WINDOWS\SYSTEM32\ntdll.dll
0x00007fff9f020000 - 0x00007fff9f032000 	C:\Program Files\AVAST Software\Avast\aswhook.dll
0x00007fffa9200000 - 0x00007fffa92bd000 	C:\WINDOWS\System32\KERNEL32.DLL
0x00007fffa8550000 - 0x00007fffa8819000 	C:\WINDOWS\System32\KERNELBASE.dll
0x00007fffaa790000 - 0x00007fffaa83c000 	C:\WINDOWS\System32\ADVAPI32.dll
0x00007fffa92c0000 - 0x00007fffa935e000 	C:\WINDOWS\System32\msvcrt.dll
0x00007fffaa8b0000 - 0x00007fffaa94c000 	C:\WINDOWS\System32\sechost.dll
0x00007fffa9360000 - 0x00007fffa948b000 	C:\WINDOWS\System32\RPCRT4.dll
0x00007fffa8b40000 - 0x00007fffa8ce0000 	C:\WINDOWS\System32\USER32.dll
0x00007fffa8820000 - 0x00007fffa8842000 	C:\WINDOWS\System32\win32u.dll
0x00007fffa96b0000 - 0x00007fffa96da000 	C:\WINDOWS\System32\GDI32.dll
0x00007fffa81e0000 - 0x00007fffa82e9000 	C:\WINDOWS\System32\gdi32full.dll
0x00007fffa8950000 - 0x00007fffa89ed000 	C:\WINDOWS\System32\msvcp_win.dll
0x00007fffa8850000 - 0x00007fffa8950000 	C:\WINDOWS\System32\ucrtbase.dll
0x00007fff85b60000 - 0x00007fff85dfb000 	C:\WINDOWS\WinSxS\amd64_microsoft.windows.common-controls_6595b64144ccf1df_6.0.19041.488_none_ca04af081b815d21\COMCTL32.dll
0x00007fffaa3c0000 - 0x00007fffaa3f0000 	C:\WINDOWS\System32\IMM32.DLL
0x00007fff90f80000 - 0x00007fff9106f000 	C:\Program Files\AdoptOpenJDK\jdk-8.0.252.09-hotspot\jre\bin\msvcr120.dll
0x00007fff8a320000 - 0x00007fff8a3c6000 	C:\Program Files\AdoptOpenJDK\jdk-8.0.252.09-hotspot\jre\bin\msvcp120.dll
0x00000000705e0000 - 0x0000000070dde000 	C:\Program Files\AdoptOpenJDK\jdk-8.0.252.09-hotspot\jre\bin\server\jvm.dll
0x00007fffaa8a0000 - 0x00007fffaa8a8000 	C:\WINDOWS\System32\PSAPI.DLL
0x00007fff9de20000 - 0x00007fff9de29000 	C:\WINDOWS\SYSTEM32\WSOCK32.dll
0x00007fffa9a40000 - 0x00007fffa9aab000 	C:\WINDOWS\System32\WS2_32.dll
0x00007fff9ff40000 - 0x00007fff9ff67000 	C:\WINDOWS\SYSTEM32\WINMM.dll
0x00007fff9ff70000 - 0x00007fff9ff7a000 	C:\WINDOWS\SYSTEM32\VERSION.dll
0x00007fff9f7b0000 - 0x00007fff9f7bf000 	C:\Program Files\AdoptOpenJDK\jdk-8.0.252.09-hotspot\jre\bin\verify.dll
0x00007fff988f0000 - 0x00007fff98918000 	C:\Program Files\AdoptOpenJDK\jdk-8.0.252.09-hotspot\jre\bin\java.dll
0x00007fff93250000 - 0x00007fff9327a000 	C:\Program Files\AdoptOpenJDK\jdk-8.0.252.09-hotspot\jre\bin\instrument.dll
0x00007fff984a0000 - 0x00007fff984b6000 	C:\Program Files\AdoptOpenJDK\jdk-8.0.252.09-hotspot\jre\bin\zip.dll
0x00007fffa9c60000 - 0x00007fffaa3a2000 	C:\WINDOWS\System32\SHELL32.dll
0x00007fffa6240000 - 0x00007fffa69d5000 	C:\WINDOWS\SYSTEM32\windows.storage.dll
0x00007fffa96e0000 - 0x00007fffa9a36000 	C:\WINDOWS\System32\combase.dll
0x00007fffa7b40000 - 0x00007fffa7b6c000 	C:\WINDOWS\SYSTEM32\Wldp.dll
0x00007fffa9150000 - 0x00007fffa91fe000 	C:\WINDOWS\System32\SHCORE.dll
0x00007fffaa400000 - 0x00007fffaa455000 	C:\WINDOWS\System32\shlwapi.dll
0x00007fffa8000000 - 0x00007fffa8026000 	C:\WINDOWS\SYSTEM32\profapi.dll
0x00007fff93b30000 - 0x00007fff93b4a000 	C:\Program Files\JetBrains\IntelliJ IDEA Community Edition 2019.3.1\bin\breakgen64.dll
0x00007fff97640000 - 0x00007fff9765a000 	C:\Program Files\AdoptOpenJDK\jdk-8.0.252.09-hotspot\jre\bin\net.dll
0x00007fffa78c0000 - 0x00007fffa792a000 	C:\WINDOWS\system32\mswsock.dll
0x00007fff97620000 - 0x00007fff97632000 	C:\Program Files\AdoptOpenJDK\jdk-8.0.252.09-hotspot\jre\bin\nio.dll
0x00007fff8a610000 - 0x00007fff8a674000 	C:\Users\Peyton Hill\AppData\Local\Temp\lwjglPeyton Hill\3.2.3-build-13\lwjgl.dll
0x00007fff88850000 - 0x00007fff888b2000 	C:\Users\PEYTON~1\AppData\Local\Temp\lwjglPeyton Hill\3.2.3-build-13\glfw.dll
0x00007fffa5ae0000 - 0x00007fffa5b7e000 	C:\WINDOWS\system32\uxtheme.dll
0x00007fff91460000 - 0x00007fff914a5000 	C:\WINDOWS\SYSTEM32\dinput8.dll
0x00007fff93790000 - 0x00007fff937a1000 	C:\WINDOWS\SYSTEM32\xinput1_4.dll
0x00007fffa8500000 - 0x00007fffa854e000 	C:\WINDOWS\System32\cfgmgr32.dll
0x00007fffa7e80000 - 0x00007fffa7eac000 	C:\WINDOWS\SYSTEM32\DEVOBJ.dll
0x00007fffa5d50000 - 0x00007fffa5d7f000 	C:\WINDOWS\SYSTEM32\dwmapi.dll
0x00007fff8afd0000 - 0x00007fff8b122000 	C:\WINDOWS\SYSTEM32\inputhost.dll
0x00007fffaa4c0000 - 0x00007fffaa58d000 	C:\WINDOWS\System32\OLEAUT32.dll
0x00007fffa5560000 - 0x00007fffa5652000 	C:\WINDOWS\SYSTEM32\CoreMessaging.dll
0x00007fffa3ac0000 - 0x00007fffa3bb7000 	C:\WINDOWS\SYSTEM32\PROPSYS.dll
0x00007fffa3d30000 - 0x00007fffa3e86000 	C:\WINDOWS\SYSTEM32\wintypes.dll
0x00007fffa8480000 - 0x00007fffa8500000 	C:\WINDOWS\System32\bcryptPrimitives.dll
0x00007fffa4e80000 - 0x00007fffa51de000 	C:\WINDOWS\SYSTEM32\CoreUIComponents.dll
0x00007fffa6f30000 - 0x00007fffa6f63000 	C:\WINDOWS\SYSTEM32\ntmarta.dll
0x00007fffa6040000 - 0x00007fffa6052000 	C:\WINDOWS\SYSTEM32\kernel.appcore.dll
0x00007fffaa590000 - 0x00007fffaa6a6000 	C:\WINDOWS\System32\MSCTF.dll
0x00007fffa69e0000 - 0x00007fffa69ed000 	C:\WINDOWS\SYSTEM32\HID.DLL
0x00007fffa8ce0000 - 0x00007fffa9147000 	C:\WINDOWS\System32\SETUPAPI.DLL
0x00007fffa8450000 - 0x00007fffa8477000 	C:\WINDOWS\System32\bcrypt.dll
0x00007fffa8180000 - 0x00007fffa81e0000 	C:\WINDOWS\System32\WINTRUST.dll
0x00007fffa82f0000 - 0x00007fffa844d000 	C:\WINDOWS\System32\CRYPT32.dll
0x00007fffa7cc0000 - 0x00007fffa7cd2000 	C:\WINDOWS\SYSTEM32\MSASN1.dll
0x00007fff74b30000 - 0x00007fff74c55000 	C:\WINDOWS\SYSTEM32\opengl32.dll
0x00007fff978d0000 - 0x00007fff978fc000 	C:\WINDOWS\SYSTEM32\GLU32.dll
0x00007fffa9490000 - 0x00007fffa9539000 	C:\WINDOWS\System32\clbcatq.dll
0x00007fff908d0000 - 0x00007fff908fa000 	C:\WINDOWS\System32\DriverStore\FileRepository\u0361134.inf_amd64_a6c18d8d6a47cb97\B361196\atig6pxx.dll
0x00007fff39850000 - 0x00007fff3c624000 	C:\WINDOWS\System32\DriverStore\FileRepository\u0361134.inf_amd64_a6c18d8d6a47cb97\B361196\atio6axx.dll
0x00007fffa8a10000 - 0x00007fffa8b3a000 	C:\WINDOWS\System32\ole32.dll
0x00007fff70750000 - 0x00007fff70774000 	C:\WINDOWS\SYSTEM32\dxva2.dll
0x00007fff902e0000 - 0x00007fff9031c000 	C:\WINDOWS\System32\DriverStore\FileRepository\u0361134.inf_amd64_a6c18d8d6a47cb97\B361196\atig6txx.dll
0x00007fff76a10000 - 0x00007fff76bcf000 	C:\WINDOWS\SYSTEM32\atiadlxx.dll
0x00007fff82c10000 - 0x00007fff82c59000 	C:\WINDOWS\SYSTEM32\pdh.dll
0x00007fffa01e0000 - 0x00007fffa021b000 	C:\WINDOWS\SYSTEM32\dxcore.dll
0x00007fff8b2c0000 - 0x00007fff8b3bd000 	C:\WINDOWS\SYSTEM32\textinputframework.dll
0x00007fff89fc0000 - 0x00007fff8a019000 	C:\Users\Peyton Hill\AppData\Local\Temp\lwjglPeyton Hill\3.2.3-build-13\lwjgl_opengl.dll
0x00007fff72ab0000 - 0x00007fff72d03000 	C:\Users\PEYTON~1\AppData\Local\Temp\lwjglPeyton Hill\3.2.3-build-13\jemalloc.dll
0x00007fff73c00000 - 0x00007fff73d95000 	C:\Program Files\AdoptOpenJDK\jdk-8.0.252.09-hotspot\jre\bin\awt.dll
0x00007fffa58d0000 - 0x00007fffa5960000 	C:\WINDOWS\SYSTEM32\apphelp.dll
0x00007fffa7a90000 - 0x00007fffa7aa8000 	C:\WINDOWS\SYSTEM32\CRYPTSP.dll
0x00007fffa71e0000 - 0x00007fffa7214000 	C:\WINDOWS\system32\rsaenh.dll
0x00007fffa7f80000 - 0x00007fffa7fae000 	C:\WINDOWS\SYSTEM32\USERENV.dll
0x00007fffa7ab0000 - 0x00007fffa7abc000 	C:\WINDOWS\SYSTEM32\CRYPTBASE.dll
0x00007fffa7560000 - 0x00007fffa759b000 	C:\WINDOWS\SYSTEM32\IPHLPAPI.DLL
0x00007fffaa3f0000 - 0x00007fffaa3f8000 	C:\WINDOWS\System32\NSI.dll
0x00007fffa1ae0000 - 0x00007fffa1af7000 	C:\WINDOWS\SYSTEM32\dhcpcsvc6.DLL
0x00007fffa1cb0000 - 0x00007fffa1ccd000 	C:\WINDOWS\SYSTEM32\dhcpcsvc.DLL
0x00007fffa75b0000 - 0x00007fffa767b000 	C:\WINDOWS\SYSTEM32\DNSAPI.dll
0x00007fff76970000 - 0x00007fff76a03000 	C:\Program Files\AdoptOpenJDK\jdk-8.0.252.09-hotspot\jre\bin\freetype.dll
0x00007fff74a70000 - 0x00007fff74b2d000 	C:\Program Files\AdoptOpenJDK\jdk-8.0.252.09-hotspot\jre\bin\fontmanager.dll
0x00007fff931d0000 - 0x00007fff931f3000 	C:\Program Files\AdoptOpenJDK\jdk-8.0.252.09-hotspot\jre\bin\sunec.dll
0x00007fffa4c80000 - 0x00007fffa4c8c000 	C:\Program Files\AdoptOpenJDK\jdk-8.0.252.09-hotspot\jre\bin\sunmscapi.dll
0x00007fffa7bb0000 - 0x00007fffa7bd7000 	C:\WINDOWS\SYSTEM32\ncrypt.dll
0x00007fffa7b70000 - 0x00007fffa7bab000 	C:\WINDOWS\SYSTEM32\NTASN1.dll
0x00007fffa4bb0000 - 0x00007fffa4bbd000 	C:\Program Files\AdoptOpenJDK\jdk-8.0.252.09-hotspot\jre\bin\management.dll
0x00007fff968a0000 - 0x00007fff968b7000 	C:\WINDOWS\system32\napinsp.dll
0x00007fff96880000 - 0x00007fff9689b000 	C:\WINDOWS\system32\pnrpnsp.dll
0x00007fff96430000 - 0x00007fff96445000 	C:\WINDOWS\system32\wshbth.dll
0x00007fffa42f0000 - 0x00007fffa430d000 	C:\WINDOWS\system32\NLAapi.dll
0x00007fff963c0000 - 0x00007fff963d2000 	C:\WINDOWS\System32\winrnr.dll
0x00007fff9e430000 - 0x00007fff9e43a000 	C:\Windows\System32\rasadhlp.dll
0x00007fff9e470000 - 0x00007fff9e4ef000 	C:\WINDOWS\System32\fwpuclnt.dll
0x00007fff749d0000 - 0x00007fff74a6d000 	C:\Program Files\obs-studio\data\obs-plugins\win-capture\graphics-hook64.dll
0x00007fffa4310000 - 0x00007fffa4574000 	C:\WINDOWS\system32\d3d11.dll
0x00007fffa6a20000 - 0x00007fffa6b13000 	C:\WINDOWS\SYSTEM32\dxgi.dll
0x00007fff9ff80000 - 0x00007fffa015b000 	C:\WINDOWS\System32\DriverStore\FileRepository\u0361134.inf_amd64_a6c18d8d6a47cb97\B361196\aticfx64.dll
0x00007fff9fce0000 - 0x00007fff9fd18000 	C:\WINDOWS\System32\DriverStore\FileRepository\u0361134.inf_amd64_a6c18d8d6a47cb97\B361196\atiuxp64.dll
0x00007fff9b940000 - 0x00007fff9d845000 	C:\WINDOWS\System32\DriverStore\FileRepository\u0361134.inf_amd64_a6c18d8d6a47cb97\B361196\atidxx64.dll
0x00007fff9fc80000 - 0x00007fff9fcb0000 	C:\WINDOWS\SYSTEM32\amdihk64.dll
0x00007fffa3e90000 - 0x00007fffa42ed000 	C:\WINDOWS\SYSTEM32\D3DCompiler_47.dll
0x00007fffa1e50000 - 0x00007fffa2034000 	C:\WINDOWS\SYSTEM32\dbghelp.dll

VM Arguments:
jvm_args: -javaagent:C:\Program Files\JetBrains\IntelliJ IDEA Community Edition 2019.3.1\lib\idea_rt.jar=59423:C:\Program Files\JetBrains\IntelliJ IDEA Community Edition 2019.3.1\bin -Dfile.encoding=UTF-8 
java_command: Hilligans.ClientMain
java_class_path (initial): C:\Program Files\AdoptOpenJDK\jdk-8.0.252.09-hotspot\jre\lib\charsets.jar;C:\Program Files\AdoptOpenJDK\jdk-8.0.252.09-hotspot\jre\lib\ext\access-bridge-64.jar;C:\Program Files\AdoptOpenJDK\jdk-8.0.252.09-hotspot\jre\lib\ext\cldrdata.jar;C:\Program Files\AdoptOpenJDK\jdk-8.0.252.09-hotspot\jre\lib\ext\dnsns.jar;C:\Program Files\AdoptOpenJDK\jdk-8.0.252.09-hotspot\jre\lib\ext\jaccess.jar;C:\Program Files\AdoptOpenJDK\jdk-8.0.252.09-hotspot\jre\lib\ext\localedata.jar;C:\Program Files\AdoptOpenJDK\jdk-8.0.252.09-hotspot\jre\lib\ext\nashorn.jar;C:\Program Files\AdoptOpenJDK\jdk-8.0.252.09-hotspot\jre\lib\ext\sunec.jar;C:\Program Files\AdoptOpenJDK\jdk-8.0.252.09-hotspot\jre\lib\ext\sunjce_provider.jar;C:\Program Files\AdoptOpenJDK\jdk-8.0.252.09-hotspot\jre\lib\ext\sunmscapi.jar;C:\Program Files\AdoptOpenJDK\jdk-8.0.252.09-hotspot\jre\lib\ext\sunpkcs11.jar;C:\Program Files\AdoptOpenJDK\jdk-8.0.252.09-hotspot\jre\lib\ext\zipfs.jar;C:\Program Files\AdoptOpenJDK\jdk-8.0.252.09-hotspot\jre\lib\jce.jar;C:\Program Files\AdoptOpenJDK\jdk-8.0.252.09-hotspot\jre\lib\jsse.jar;C:\Program Files\AdoptOpenJDK\jdk-8.0.252.09-hotspot\jre\lib\management-agent.jar;C:\Program Files\AdoptOpenJDK\jdk-8.0.252.09-hotspot\jre\lib\resources.jar;C:\Program Files\AdoptOpenJDK\jdk-8.0.252.09-hotspot\jre\lib\rt.jar;C:\Users\Peyton Hill\IdeaProjects\Ourcraft\target\classes;C:\Users\Peyton Hill\.m2\repository\org\lwjgl\lwjgl\3.2.3\lwjgl-3.2.3.jar;C:\Users\Peyton Hill\.m2\repository\org\lwjgl\lwjgl-assimp\3.2.3\lwjgl-assimp-3.2.3.jar;C:\Users\Peyton Hill\.m2\repository\org\lwjgl\lwjgl-bgfx\3.2.3\lwjgl-bgfx-3.2.3.jar;C:\Users\Peyton Hill\.m2\repository\org\lwjgl\lwjgl-cuda\3.2.3\lwjgl-cuda-3.2.3.jar;C:\Users\Peyton Hill\.m2\repository\org\lwjgl\lwjgl-egl\3.2.3\lwjgl-egl-3.2.3.jar;C:\Users\Peyton Hill\.m2\repository\org\lwjgl\lwjgl-glfw\3.2.3\lwjgl-glfw-3.2.3.jar;C:\Users\Peyton Hill\.m2\repository\org\lwjgl\lwjgl-jawt\3.2.3\lwjgl-jawt-3.2.3.jar;C:\Users\Peyton Hill\.m2\repo
Launcher Type: SUN_STANDARD

Environment Variables:
JAVA_HOME=C:\Program Files\AdoptOpenJDK\jdk-15.0.2.7-hotspot
JRE_HOME=C:\Program Files\Java\jdk-15.0.2
PATH=C:\Program Files\AdoptOpenJDK\jdk-15.0.2.7-hotspot\bin;C:\ProgramData\Oracle\Java\javapath;C:\Program Files (x86)\Common Files\Oracle\Java\javapath;C:\Program Files\AdoptOpenJDK\jdk-8.0.252.09-hotspot\bin;C:\WINDOWS\system32;C:\WINDOWS;C:\WINDOWS\System32\Wbem;C:\WINDOWS\System32\WindowsPowerShell\v1.0\;C:\WINDOWS\System32\OpenSSH\;C:\Program Files\Git\cmd;C:\Users\Peyton Hill\AppData\Local\Microsoft\WindowsApps;C:\Users\Peyton Hill\AppData\Local\Programs\Microsoft VS Code\bin;C:\Users\Peyton Hill\AppData\Local\Microsoft\WindowsApps;C:\Users\Peyton Hill\AppData\Local\GitHubDesktop\bin
USERNAME=Peyton Hill
OS=Windows_NT
PROCESSOR_IDENTIFIER=AMD64 Family 23 Model 8 Stepping 2, AuthenticAMD



---------------  S Y S T E M  ---------------

OS: Windows 10.0 , 64 bit Build 19041 (10.0.19041.662)

CPU:total 16 (initial active 16) (16 cores per cpu, 1 threads per core) family 23 model 8 stepping 2, cmov, cx8, fxsr, mmx, sse, sse2, sse3, ssse3, sse4.1, sse4.2, popcnt, avx, avx2, aes, clmul, mmxext, 3dnowpref, lzcnt, sse4a, tsc, tscinvbit, tscinv, bmi1

Memory: 4k page, physical 33504108k(20589940k free), swap 58669932k(33591444k free)

vm_info: OpenJDK 64-Bit Server VM (25.252-b09) for windows-amd64 JRE (1.8.0_252-b09), built on Apr 22 2020 09:32:45 by "jenkins" with MS VC++ 12.0 (VS2013)

time: Sat Feb 06 03:51:34 2021
timezone: Eastern Standard Time
elapsed time: 62 seconds (0d 0h 1m 2s)

