#
# A fatal error has been detected by the Java Runtime Environment:
#
#  EXCEPTION_ACCESS_VIOLATION (0xc0000005) at pc=0x0000000000000000, pid=21280, tid=0x000000000000471c
#
# JRE version: OpenJDK Runtime Environment (8.0_252-b09) (build 1.8.0_252-b09)
# Java VM: OpenJDK 64-Bit Server VM (25.252-b09 mixed mode windows-amd64 compressed oops)
# Problematic frame:
# C  0x0000000000000000
#
# Failed to write core dump. Minidumps are not enabled by default on client versions of Windows
#
# If you would like to submit a bug report, please visit:
#   http://bugreport.java.com/bugreport/crash.jsp
#

---------------  T H R E A D  ---------------

Current thread (0x00000271d9846000):  VMThread [stack: 0x000000744fe00000,0x000000744ff00000] [id=18204]

siginfo: ExceptionCode=0xc0000005, ExceptionInformation=0x0000000000000008 0x0000000000000000

Registers:
RAX=0x0000000000000000, RBX=0x0000000000000000, RCX=0x0000000000000001, RDX=0x00007fff74e1c470
RSP=0x000000744feff148, RBP=0x00007fff74e1c400, RSI=0x0000000000020000, RDI=0x0000000000000000
R8 =0x000000744eef4000, R9 =0x000000000000003e, R10=0x0000000000000000, R11=0x00000271ea6810c0
R12=0x00007fff74c0dc30, R13=0x0000000000000000, R14=0x00007fff74b30000, R15=0x0000000000000001
RIP=0x0000000000000000, EFLAGS=0x0000000000010202

Top of Stack: (sp=0x000000744feff148)
0x000000744feff148:   00007fff74d98ff5 0000000000000000
0x000000744feff158:   00007fff74e1c400 0000000000000000
0x000000744feff168:   0000000000020000 00000271b559f540
0x000000744feff178:   00007fff74d9a624 0000000000000000
0x000000744feff188:   00000271b559f540 0000000000020000
0x000000744feff198:   00000271dd006ae8 0000000000000001
0x000000744feff1a8:   00007fff74b36e3e 0000000000000001
0x000000744feff1b8:   0000000000000000 0000000000000000
0x000000744feff1c8:   00007fffa94ad83e 0000000000000001
0x000000744feff1d8:   00007fff74b37286 0000000000000000
0x000000744feff1e8:   00000271b559f540 0000000000000001
0x000000744feff1f8:   0000000000000001 0000000000000000
0x000000744feff208:   00007fff74c0dd6f 0000000000000001
0x000000744feff218:   00000271b559f540 0000000000000001
0x000000744feff228:   00007fff931d0000 0000000000000001
0x000000744feff238:   00007fff931dc4d8 0000000000000001 

Instructions: (pc=0x0000000000000000)
0xffffffffffffffe0:   


Register to memory mapping:

RAX=0x0000000000000000 is an unknown value
RBX=0x0000000000000000 is an unknown value
RCX=0x0000000000000001 is an unknown value
RDX=0x00007fff74e1c470 is an unknown value
RSP=0x000000744feff148 is an unknown value
RBP=0x00007fff74e1c400 is an unknown value
RSI=0x0000000000020000 is an unknown value
RDI=0x0000000000000000 is an unknown value
R8 =0x000000744eef4000 is an unknown value
R9 =0x000000000000003e is an unknown value
R10=0x0000000000000000 is an unknown value
R11=0x00000271ea6810c0 is an unknown value
R12=0x00007fff74c0dc30 is an unknown value
R13=0x0000000000000000 is an unknown value
R14=0x00007fff74b30000 is an unknown value
R15=0x0000000000000001 is an unknown value


Stack: [0x000000744fe00000,0x000000744ff00000],  sp=0x000000744feff148,  free space=1020k
Native frames: (J=compiled Java code, j=interpreted, Vv=VM code, C=native code)

VM_Operation (0x00000074517fe500): Exit, mode: safepoint, requested by thread 0x00000271e5f5c800


---------------  P R O C E S S  ---------------

Java Threads: ( => current thread )
  0x00000271e5f5c800 JavaThread "nioEventLoopGroup-2-1" [_thread_blocked, id=23984, stack(0x0000007451700000,0x0000007451800000)]
  0x00000271e587e000 JavaThread "pool-1-thread-1" [_thread_blocked, id=15572, stack(0x0000007451600000,0x0000007451700000)]
  0x00000271dee0e800 JavaThread "Java2D Disposer" daemon [_thread_blocked, id=6420, stack(0x0000007451500000,0x0000007451600000)]
  0x00000271dcb39000 JavaThread "Service Thread" daemon [_thread_blocked, id=26324, stack(0x0000007451000000,0x0000007451100000)]
  0x00000271dcab8000 JavaThread "C1 CompilerThread11" daemon [_thread_blocked, id=19676, stack(0x0000007450f00000,0x0000007451000000)]
  0x00000271dcaba000 JavaThread "C1 CompilerThread10" daemon [_thread_blocked, id=1036, stack(0x0000007450e00000,0x0000007450f00000)]
  0x00000271dcab6800 JavaThread "C1 CompilerThread9" daemon [_thread_blocked, id=8564, stack(0x0000007450d00000,0x0000007450e00000)]
  0x00000271dcab5000 JavaThread "C1 CompilerThread8" daemon [_thread_blocked, id=1068, stack(0x0000007450c00000,0x0000007450d00000)]
  0x00000271dcab5800 JavaThread "C2 CompilerThread7" daemon [_thread_blocked, id=3256, stack(0x0000007450b00000,0x0000007450c00000)]
  0x00000271dcab7000 JavaThread "C2 CompilerThread6" daemon [_thread_blocked, id=11816, stack(0x0000007450a00000,0x0000007450b00000)]
  0x00000271dc909000 JavaThread "C2 CompilerThread5" daemon [_thread_blocked, id=15700, stack(0x0000007450900000,0x0000007450a00000)]
  0x00000271dc906800 JavaThread "C2 CompilerThread4" daemon [_thread_blocked, id=25988, stack(0x0000007450800000,0x0000007450900000)]
  0x00000271dc8f1800 JavaThread "C2 CompilerThread3" daemon [_thread_blocked, id=4748, stack(0x0000007450700000,0x0000007450800000)]
  0x00000271dc8f0800 JavaThread "C2 CompilerThread2" daemon [_thread_blocked, id=20620, stack(0x0000007450600000,0x0000007450700000)]
  0x00000271dc8ee000 JavaThread "C2 CompilerThread1" daemon [_thread_blocked, id=17380, stack(0x0000007450500000,0x0000007450600000)]
  0x00000271dc8e3000 JavaThread "C2 CompilerThread0" daemon [_thread_blocked, id=16228, stack(0x0000007450400000,0x0000007450500000)]
  0x00000271dc721800 JavaThread "Monitor Ctrl-Break" daemon [_thread_in_native, id=23560, stack(0x0000007450300000,0x0000007450400000)]
  0x00000271dc56a800 JavaThread "Attach Listener" daemon [_thread_blocked, id=2724, stack(0x0000007450200000,0x0000007450300000)]
  0x00000271dc567800 JavaThread "Signal Dispatcher" daemon [_thread_blocked, id=25700, stack(0x0000007450100000,0x0000007450200000)]
  0x00000271d9856800 JavaThread "Finalizer" daemon [_thread_blocked, id=24100, stack(0x0000007450000000,0x0000007450100000)]
  0x00000271dc540800 JavaThread "Reference Handler" daemon [_thread_blocked, id=15996, stack(0x000000744ff00000,0x0000007450000000)]
  0x00000271b5579000 JavaThread "main" [_thread_blocked, id=12824, stack(0x000000744f000000,0x000000744f100000)]

Other Threads:
=>0x00000271d9846000 VMThread [stack: 0x000000744fe00000,0x000000744ff00000] [id=18204]

VM state:at safepoint (shutting down)

VM Mutex/Monitor currently owned by a thread:  ([mutex/lock_event])
[0x00000271b5576090] Threads_lock - owner thread: 0x00000271d9846000

heap address: 0x00000005c0c00000, size: 8180 MB, Compressed Oops mode: Zero based, Oop shift amount: 3
Narrow klass base: 0x0000000000000000, Narrow klass shift: 3
Compressed class space size: 1073741824 Address: 0x00000007c0000000

Heap:
 PSYoungGen      total 525824K, used 358719K [0x0000000715980000, 0x0000000756f00000, 0x00000007c0000000)
  eden space 442880K, 62% used [0x0000000715980000,0x00000007266d7f20,0x0000000730a00000)
  from space 82944K, 99% used [0x0000000730a00000,0x0000000735af8020,0x0000000735b00000)
  to   space 103936K, 0% used [0x0000000750980000,0x0000000750980000,0x0000000756f00000)
 ParOldGen       total 141824K, used 98319K [0x00000005c0c00000, 0x00000005c9680000, 0x0000000715980000)
  object space 141824K, 69% used [0x00000005c0c00000,0x00000005c6c03e88,0x00000005c9680000)
 Metaspace       used 23256K, capacity 23525K, committed 23808K, reserved 1071104K
  class space    used 2178K, capacity 2289K, committed 2304K, reserved 1048576K

Card table byte_map: [0x00000271c6270000,0x00000271c7270000] byte_map_base: 0x00000271c346a000

Marking Bits: (ParMarkBitMap*) 0x0000000070d65010
 Begin Bits: [0x00000271c7d20000, 0x00000271cfcf0000)
 End Bits:   [0x00000271cfcf0000, 0x00000271d7cc0000)

Polling page: 0x00000271b5680000

CodeCache: size=245760Kb used=12553Kb max_used=12596Kb free=233206Kb
 bounds [0x00000271b6eb0000, 0x00000271b7b20000, 0x00000271c5eb0000]
 total_blobs=4485 nmethods=3318 adapters=1078
 compilation: enabled

Compilation events (10 events):
Event: 8.693 Thread 0x00000271dcab6800 nmethod 3316 0x00000271b7aba510 code [0x00000271b7aba660, 0x00000271b7aba778]
Event: 8.693 Thread 0x00000271dcab8000 nmethod 3315 0x00000271b7aba250 code [0x00000271b7aba3a0, 0x00000271b7aba4b8]
Event: 8.850 Thread 0x00000271dc8f1800 nmethod 3306 0x00000271b7aff590 code [0x00000271b7affa40, 0x00000271b7b07f50]
Event: 9.027 Thread 0x00000271dc906800 3317       4       io.netty.handler.codec.ByteToMessageDecoder::discardSomeReadBytes (34 bytes)
Event: 9.029 Thread 0x00000271dc906800 nmethod 3317 0x00000271b7ada4d0 code [0x00000271b7ada620, 0x00000271b7ada728]
Event: 9.095 Thread 0x00000271dc8f0800 3318       4       java.lang.ThreadLocal::get (38 bytes)
Event: 9.097 Thread 0x00000271dc8f0800 nmethod 3318 0x00000271b7ad9fd0 code [0x00000271b7ada120, 0x00000271b7ada278]
Event: 9.105 Thread 0x00000271dcab5000 3319       1       java.util.Hashtable::access$500 (5 bytes)
Event: 9.106 Thread 0x00000271dcab6800 3320       3       java.util.logging.LogManager$LoggerContext::ensureDefaultLogger (70 bytes)
Event: 9.106 Thread 0x00000271dcab5000 nmethod 3319 0x00000271b7acc110 code [0x00000271b7acc260, 0x00000271b7acc358]

GC Heap History (10 events):
Event: 4.239 GC heap before
{Heap before GC invocations=4 (full 1):
 PSYoungGen      total 153088K, used 131584K [0x0000000715980000, 0x0000000720400000, 0x00000007c0000000)
  eden space 131584K, 100% used [0x0000000715980000,0x000000071da00000,0x000000071da00000)
  from space 21504K, 0% used [0x000000071ef00000,0x000000071ef00000,0x0000000720400000)
  to   space 21504K, 0% used [0x000000071da00000,0x000000071da00000,0x000000071ef00000)
 ParOldGen       total 141824K, used 10189K [0x00000005c0c00000, 0x00000005c9680000, 0x0000000715980000)
  object space 141824K, 7% used [0x00000005c0c00000,0x00000005c15f36f0,0x00000005c9680000)
 Metaspace       used 22979K, capacity 23259K, committed 23552K, reserved 1071104K
  class space    used 2168K, capacity 2288K, committed 2304K, reserved 1048576K
Event: 4.251 GC heap after
Heap after GC invocations=4 (full 1):
 PSYoungGen      total 153088K, used 21473K [0x0000000715980000, 0x0000000726680000, 0x00000007c0000000)
  eden space 131584K, 0% used [0x0000000715980000,0x0000000715980000,0x000000071da00000)
  from space 21504K, 99% used [0x000000071da00000,0x000000071eef8420,0x000000071ef00000)
  to   space 21504K, 0% used [0x0000000725180000,0x0000000725180000,0x0000000726680000)
 ParOldGen       total 141824K, used 22396K [0x00000005c0c00000, 0x00000005c9680000, 0x0000000715980000)
  object space 141824K, 15% used [0x00000005c0c00000,0x00000005c21df330,0x00000005c9680000)
 Metaspace       used 22979K, capacity 23259K, committed 23552K, reserved 1071104K
  class space    used 2168K, capacity 2288K, committed 2304K, reserved 1048576K
}
Event: 4.342 GC heap before
{Heap before GC invocations=5 (full 1):
 PSYoungGen      total 153088K, used 153057K [0x0000000715980000, 0x0000000726680000, 0x00000007c0000000)
  eden space 131584K, 100% used [0x0000000715980000,0x000000071da00000,0x000000071da00000)
  from space 21504K, 99% used [0x000000071da00000,0x000000071eef8420,0x000000071ef00000)
  to   space 21504K, 0% used [0x0000000725180000,0x0000000725180000,0x0000000726680000)
 ParOldGen       total 141824K, used 22396K [0x00000005c0c00000, 0x00000005c9680000, 0x0000000715980000)
  object space 141824K, 15% used [0x00000005c0c00000,0x00000005c21df330,0x00000005c9680000)
 Metaspace       used 23060K, capacity 23323K, committed 23552K, reserved 1071104K
  class space    used 2168K, capacity 2288K, committed 2304K, reserved 1048576K
Event: 4.365 GC heap after
Heap after GC invocations=5 (full 1):
 PSYoungGen      total 253952K, used 21473K [0x0000000715980000, 0x0000000727c80000, 0x00000007c0000000)
  eden space 232448K, 0% used [0x0000000715980000,0x0000000715980000,0x0000000723c80000)
  from space 21504K, 99% used [0x0000000725180000,0x00000007266785d8,0x0000000726680000)
  to   space 21504K, 0% used [0x0000000723c80000,0x0000000723c80000,0x0000000725180000)
 ParOldGen       total 141824K, used 51581K [0x00000005c0c00000, 0x00000005c9680000, 0x0000000715980000)
  object space 141824K, 36% used [0x00000005c0c00000,0x00000005c3e5f608,0x00000005c9680000)
 Metaspace       used 23060K, capacity 23323K, committed 23552K, reserved 1071104K
  class space    used 2168K, capacity 2288K, committed 2304K, reserved 1048576K
}
Event: 4.488 GC heap before
{Heap before GC invocations=6 (full 1):
 PSYoungGen      total 253952K, used 253921K [0x0000000715980000, 0x0000000727c80000, 0x00000007c0000000)
  eden space 232448K, 100% used [0x0000000715980000,0x0000000723c80000,0x0000000723c80000)
  from space 21504K, 99% used [0x0000000725180000,0x00000007266785d8,0x0000000726680000)
  to   space 21504K, 0% used [0x0000000723c80000,0x0000000723c80000,0x0000000725180000)
 ParOldGen       total 141824K, used 51581K [0x00000005c0c00000, 0x00000005c9680000, 0x0000000715980000)
  object space 141824K, 36% used [0x00000005c0c00000,0x00000005c3e5f608,0x00000005c9680000)
 Metaspace       used 23087K, capacity 23387K, committed 23808K, reserved 1071104K
  class space    used 2168K, capacity 2288K, committed 2304K, reserved 1048576K
Event: 4.515 GC heap after
Heap after GC invocations=6 (full 1):
 PSYoungGen      total 253952K, used 21488K [0x0000000715980000, 0x000000073a100000, 0x00000007c0000000)
  eden space 232448K, 0% used [0x0000000715980000,0x0000000715980000,0x0000000723c80000)
  from space 21504K, 99% used [0x0000000723c80000,0x000000072517c260,0x0000000725180000)
  to   space 71680K, 0% used [0x0000000735b00000,0x0000000735b00000,0x000000073a100000)
 ParOldGen       total 141824K, used 88375K [0x00000005c0c00000, 0x00000005c9680000, 0x0000000715980000)
  object space 141824K, 62% used [0x00000005c0c00000,0x00000005c624de88,0x00000005c9680000)
 Metaspace       used 23087K, capacity 23387K, committed 23808K, reserved 1071104K
  class space    used 2168K, capacity 2288K, committed 2304K, reserved 1048576K
}
Event: 4.643 GC heap before
{Heap before GC invocations=7 (full 1):
 PSYoungGen      total 253952K, used 253936K [0x0000000715980000, 0x000000073a100000, 0x00000007c0000000)
  eden space 232448K, 100% used [0x0000000715980000,0x0000000723c80000,0x0000000723c80000)
  from space 21504K, 99% used [0x0000000723c80000,0x000000072517c260,0x0000000725180000)
  to   space 71680K, 0% used [0x0000000735b00000,0x0000000735b00000,0x000000073a100000)
 ParOldGen       total 141824K, used 88375K [0x00000005c0c00000, 0x00000005c9680000, 0x0000000715980000)
  object space 141824K, 62% used [0x00000005c0c00000,0x00000005c624de88,0x00000005c9680000)
 Metaspace       used 23095K, capacity 23387K, committed 23808K, reserved 1071104K
  class space    used 2168K, capacity 2288K, committed 2304K, reserved 1048576K
Event: 4.662 GC heap after
Heap after GC invocations=7 (full 1):
 PSYoungGen      total 514560K, used 64239K [0x0000000715980000, 0x000000073b800000, 0x00000007c0000000)
  eden space 442880K, 0% used [0x0000000715980000,0x0000000715980000,0x0000000730a00000)
  from space 71680K, 89% used [0x0000000735b00000,0x00000007399bbfc0,0x000000073a100000)
  to   space 82944K, 0% used [0x0000000730a00000,0x0000000730a00000,0x0000000735b00000)
 ParOldGen       total 141824K, used 88383K [0x00000005c0c00000, 0x00000005c9680000, 0x0000000715980000)
  object space 141824K, 62% used [0x00000005c0c00000,0x00000005c624fe88,0x00000005c9680000)
 Metaspace       used 23095K, capacity 23387K, committed 23808K, reserved 1071104K
  class space    used 2168K, capacity 2288K, committed 2304K, reserved 1048576K
}
Event: 6.510 GC heap before
{Heap before GC invocations=8 (full 1):
 PSYoungGen      total 514560K, used 507119K [0x0000000715980000, 0x000000073b800000, 0x00000007c0000000)
  eden space 442880K, 100% used [0x0000000715980000,0x0000000730a00000,0x0000000730a00000)
  from space 71680K, 89% used [0x0000000735b00000,0x00000007399bbfc0,0x000000073a100000)
  to   space 82944K, 0% used [0x0000000730a00000,0x0000000730a00000,0x0000000735b00000)
 ParOldGen       total 141824K, used 88383K [0x00000005c0c00000, 0x00000005c9680000, 0x0000000715980000)
  object space 141824K, 62% used [0x00000005c0c00000,0x00000005c624fe88,0x00000005c9680000)
 Metaspace       used 23210K, capacity 23523K, committed 23808K, reserved 1071104K
  class space    used 2168K, capacity 2288K, committed 2304K, reserved 1048576K
Event: 6.544 GC heap after
Heap after GC invocations=8 (full 1):
 PSYoungGen      total 525824K, used 82912K [0x0000000715980000, 0x0000000756f00000, 0x00000007c0000000)
  eden space 442880K, 0% used [0x0000000715980000,0x0000000715980000,0x0000000730a00000)
  from space 82944K, 99% used [0x0000000730a00000,0x0000000735af8020,0x0000000735b00000)
  to   space 103936K, 0% used [0x0000000750980000,0x0000000750980000,0x0000000756f00000)
 ParOldGen       total 141824K, used 98319K [0x00000005c0c00000, 0x00000005c9680000, 0x0000000715980000)
  object space 141824K, 69% used [0x00000005c0c00000,0x00000005c6c03e88,0x00000005c9680000)
 Metaspace       used 23210K, capacity 23523K, committed 23808K, reserved 1071104K
  class space    used 2168K, capacity 2288K, committed 2304K, reserved 1048576K
}

Deoptimization events (10 events):
Event: 7.911 Thread 0x00000271e5f5c800 Uncommon trap: reason=array_check action=maybe_recompile pc=0x00000271b7ab7cbc method=java.util.Arrays.fill([Ljava/lang/Object;IILjava/lang/Object;)V @ 20
Event: 7.911 Thread 0x00000271e5f5c800 Uncommon trap: reason=array_check action=maybe_recompile pc=0x00000271b7ab7cbc method=java.util.Arrays.fill([Ljava/lang/Object;IILjava/lang/Object;)V @ 20
Event: 9.101 Thread 0x00000271e5f5c800 Uncommon trap: reason=unstable_if action=reinterpret pc=0x00000271b7b05fac method=sun.security.ssl.EngineWriter.isOutboundDone()Z @ 4
Event: 9.101 Thread 0x00000271e5f5c800 Uncommon trap: reason=unstable_if action=reinterpret pc=0x00000271b79a05e4 method=sun.security.ssl.EngineWriter.hasOutboundDataInternal()Z @ 7
Event: 9.101 Thread 0x00000271e5f5c800 Uncommon trap: reason=unstable_if action=reinterpret pc=0x00000271b7ae54dc method=sun.security.ssl.EngineWriter.hasOutboundDataInternal()Z @ 7
Event: 9.101 Thread 0x00000271e5f5c800 Uncommon trap: reason=unstable_if action=reinterpret pc=0x00000271b7ac4310 method=io.netty.util.concurrent.DefaultPromise.isSuccess()Z @ 20
Event: 9.102 Thread 0x00000271e5f5c800 Uncommon trap: reason=unstable_if action=reinterpret pc=0x00000271b7a69a08 method=io.netty.handler.ssl.SslHandler.finishWrap(Lio/netty/channel/ChannelHandlerContext;Lio/netty/buffer/ByteBuf;Lio/netty/channel/ChannelPromise;ZZ)V @ 28
Event: 9.104 Thread 0x00000271e5f5c800 Uncommon trap: reason=unstable_if action=reinterpret pc=0x00000271b7a95104 method=io.netty.channel.socket.nio.NioSocketChannel.isActive()Z @ 9
Event: 9.104 Thread 0x00000271e5f5c800 Uncommon trap: reason=class_check action=maybe_recompile pc=0x00000271b7a5b988 method=io.netty.util.concurrent.DefaultPromise.notifyListenersNow()V @ 66
Event: 9.104 Thread 0x00000271b5579000 Uncommon trap: reason=unstable_if action=reinterpret pc=0x00000271b7a47840 method=io.netty.channel.DefaultChannelPipeline.incrementPendingOutboundBytes(J)V @ 16

Classes redefined (0 events):
No events

Internal exceptions (10 events):
Event: 3.914 Thread 0x00000271b5579000 Implicit null exception at 0x00000271b75705c7 to 0x00000271b7570795
Event: 3.914 Thread 0x00000271b5579000 Implicit null exception at 0x00000271b756e204 to 0x00000271b756e419
Event: 3.979 Thread 0x00000271e5f5c800 Exception <a 'java/lang/ArrayIndexOutOfBoundsException'> (0x000000071630c008) thrown at [J:\jenkins\tmp\workspace\build\src\hotspot\src\share\vm\runtime\sharedRuntime.cpp, line 605]
Event: 3.979 Thread 0x00000271e5f5c800 Exception <a 'java/lang/ArrayIndexOutOfBoundsException'> (0x000000071630d898) thrown at [J:\jenkins\tmp\workspace\build\src\hotspot\src\share\vm\runtime\sharedRuntime.cpp, line 605]
Event: 3.979 Thread 0x00000271e5f5c800 Exception <a 'java/lang/ArrayIndexOutOfBoundsException'> (0x0000000716310fa8) thrown at [J:\jenkins\tmp\workspace\build\src\hotspot\src\share\vm\runtime\sharedRuntime.cpp, line 605]
Event: 3.982 Thread 0x00000271e5f5c800 Exception <a 'java/lang/ArrayIndexOutOfBoundsException'> (0x0000000716339448) thrown at [J:\jenkins\tmp\workspace\build\src\hotspot\src\share\vm\runtime\sharedRuntime.cpp, line 605]
Event: 3.982 Thread 0x00000271e5f5c800 Exception <a 'java/lang/ArrayIndexOutOfBoundsException'> (0x000000071633a310) thrown at [J:\jenkins\tmp\workspace\build\src\hotspot\src\share\vm\runtime\sharedRuntime.cpp, line 605]
Event: 4.070 Thread 0x00000271e5f5c800 Implicit null exception at 0x00000271b74f0568 to 0x00000271b74f0621
Event: 5.017 Thread 0x00000271e587e000 Implicit null exception at 0x00000271b789cbdc to 0x00000271b789cd35
Event: 5.017 Thread 0x00000271e5f5c800 Implicit null exception at 0x00000271b78b3aec to 0x00000271b78b3d39

Events (10 events):
Event: 9.105 loading class java/util/IdentityHashMap$KeyIterator done
Event: 9.105 Thread 0x00000271df006800 Thread added: 0x00000271df006800
Event: 9.105 Thread 0x00000271df007800 Thread added: 0x00000271df007800
Event: 9.105 loading class java/util/WeakHashMap$KeyIterator
Event: 9.105 loading class java/util/WeakHashMap$HashIterator
Event: 9.106 loading class java/util/WeakHashMap$HashIterator done
Event: 9.106 loading class java/util/WeakHashMap$KeyIterator done
Event: 9.106 Thread 0x00000271df007800 Thread exited: 0x00000271df007800
Event: 9.106 Thread 0x00000271df006800 Thread exited: 0x00000271df006800
Event: 9.106 Executing VM operation: Exit


Dynamic libraries:
0x00007ff7dd210000 - 0x00007ff7dd24a000 	C:\Program Files\AdoptOpenJDK\jdk-8.0.252.09-hotspot\bin\java.exe
0x00007fffaa990000 - 0x00007fffaab86000 	C:\WINDOWS\SYSTEM32\ntdll.dll
0x00007fff9f020000 - 0x00007fff9f032000 	C:\Program Files\AVAST Software\Avast\aswhook.dll
0x00007fffa9200000 - 0x00007fffa92bd000 	C:\WINDOWS\System32\KERNEL32.DLL
0x00007fffa8550000 - 0x00007fffa8819000 	C:\WINDOWS\System32\KERNELBASE.dll
0x00007fffaa790000 - 0x00007fffaa83c000 	C:\WINDOWS\System32\ADVAPI32.dll
0x00007fffa92c0000 - 0x00007fffa935e000 	C:\WINDOWS\System32\msvcrt.dll
0x00007fffaa8b0000 - 0x00007fffaa94c000 	C:\WINDOWS\System32\sechost.dll
0x00007fffa9360000 - 0x00007fffa948b000 	C:\WINDOWS\System32\RPCRT4.dll
0x00007fffa8b40000 - 0x00007fffa8ce0000 	C:\WINDOWS\System32\USER32.dll
0x00007fffa8820000 - 0x00007fffa8842000 	C:\WINDOWS\System32\win32u.dll
0x00007fffa96b0000 - 0x00007fffa96da000 	C:\WINDOWS\System32\GDI32.dll
0x00007fffa81e0000 - 0x00007fffa82e9000 	C:\WINDOWS\System32\gdi32full.dll
0x00007fffa8950000 - 0x00007fffa89ed000 	C:\WINDOWS\System32\msvcp_win.dll
0x00007fffa8850000 - 0x00007fffa8950000 	C:\WINDOWS\System32\ucrtbase.dll
0x00007fff85b60000 - 0x00007fff85dfb000 	C:\WINDOWS\WinSxS\amd64_microsoft.windows.common-controls_6595b64144ccf1df_6.0.19041.488_none_ca04af081b815d21\COMCTL32.dll
0x00007fffaa3c0000 - 0x00007fffaa3f0000 	C:\WINDOWS\System32\IMM32.DLL
0x00007fff90f80000 - 0x00007fff9106f000 	C:\Program Files\AdoptOpenJDK\jdk-8.0.252.09-hotspot\jre\bin\msvcr120.dll
0x00007fff8a320000 - 0x00007fff8a3c6000 	C:\Program Files\AdoptOpenJDK\jdk-8.0.252.09-hotspot\jre\bin\msvcp120.dll
0x00000000705e0000 - 0x0000000070dde000 	C:\Program Files\AdoptOpenJDK\jdk-8.0.252.09-hotspot\jre\bin\server\jvm.dll
0x00007fffaa8a0000 - 0x00007fffaa8a8000 	C:\WINDOWS\System32\PSAPI.DLL
0x00007fff9de20000 - 0x00007fff9de29000 	C:\WINDOWS\SYSTEM32\WSOCK32.dll
0x00007fffa9a40000 - 0x00007fffa9aab000 	C:\WINDOWS\System32\WS2_32.dll
0x00007fff9ff40000 - 0x00007fff9ff67000 	C:\WINDOWS\SYSTEM32\WINMM.dll
0x00007fff9ff70000 - 0x00007fff9ff7a000 	C:\WINDOWS\SYSTEM32\VERSION.dll
0x00007fff9f7b0000 - 0x00007fff9f7bf000 	C:\Program Files\AdoptOpenJDK\jdk-8.0.252.09-hotspot\jre\bin\verify.dll
0x00007fff988f0000 - 0x00007fff98918000 	C:\Program Files\AdoptOpenJDK\jdk-8.0.252.09-hotspot\jre\bin\java.dll
0x00007fff98c80000 - 0x00007fff98caa000 	C:\Program Files\AdoptOpenJDK\jdk-8.0.252.09-hotspot\jre\bin\instrument.dll
0x00007fff984a0000 - 0x00007fff984b6000 	C:\Program Files\AdoptOpenJDK\jdk-8.0.252.09-hotspot\jre\bin\zip.dll
0x00007fffa9c60000 - 0x00007fffaa3a2000 	C:\WINDOWS\System32\SHELL32.dll
0x00007fffa6240000 - 0x00007fffa69d5000 	C:\WINDOWS\SYSTEM32\windows.storage.dll
0x00007fffa96e0000 - 0x00007fffa9a36000 	C:\WINDOWS\System32\combase.dll
0x00007fffa7b40000 - 0x00007fffa7b6c000 	C:\WINDOWS\SYSTEM32\Wldp.dll
0x00007fffa9150000 - 0x00007fffa91fe000 	C:\WINDOWS\System32\SHCORE.dll
0x00007fffaa400000 - 0x00007fffaa455000 	C:\WINDOWS\System32\shlwapi.dll
0x00007fffa8000000 - 0x00007fffa8026000 	C:\WINDOWS\SYSTEM32\profapi.dll
0x00007fff98b90000 - 0x00007fff98baa000 	C:\Program Files\JetBrains\IntelliJ IDEA Community Edition 2019.3.1\bin\breakgen64.dll
0x00007fff97640000 - 0x00007fff9765a000 	C:\Program Files\AdoptOpenJDK\jdk-8.0.252.09-hotspot\jre\bin\net.dll
0x00007fffa78c0000 - 0x00007fffa792a000 	C:\WINDOWS\system32\mswsock.dll
0x00007fff97620000 - 0x00007fff97632000 	C:\Program Files\AdoptOpenJDK\jdk-8.0.252.09-hotspot\jre\bin\nio.dll
0x00007fff8b220000 - 0x00007fff8b284000 	C:\Users\Peyton Hill\AppData\Local\Temp\lwjglPeyton Hill\3.2.3-build-13\lwjgl.dll
0x00007fff8a610000 - 0x00007fff8a672000 	C:\Users\PEYTON~1\AppData\Local\Temp\lwjglPeyton Hill\3.2.3-build-13\glfw.dll
0x00007fffa5ae0000 - 0x00007fffa5b7e000 	C:\WINDOWS\system32\uxtheme.dll
0x00007fff93230000 - 0x00007fff93275000 	C:\WINDOWS\SYSTEM32\dinput8.dll
0x00007fffa4c70000 - 0x00007fffa4c81000 	C:\WINDOWS\SYSTEM32\xinput1_4.dll
0x00007fffa8500000 - 0x00007fffa854e000 	C:\WINDOWS\System32\cfgmgr32.dll
0x00007fffa7e80000 - 0x00007fffa7eac000 	C:\WINDOWS\SYSTEM32\DEVOBJ.dll
0x00007fffa5d50000 - 0x00007fffa5d7f000 	C:\WINDOWS\SYSTEM32\dwmapi.dll
0x00007fff8afd0000 - 0x00007fff8b122000 	C:\WINDOWS\SYSTEM32\inputhost.dll
0x00007fffaa4c0000 - 0x00007fffaa58d000 	C:\WINDOWS\System32\OLEAUT32.dll
0x00007fffa5560000 - 0x00007fffa5652000 	C:\WINDOWS\SYSTEM32\CoreMessaging.dll
0x00007fffa3ac0000 - 0x00007fffa3bb7000 	C:\WINDOWS\SYSTEM32\PROPSYS.dll
0x00007fffa3d30000 - 0x00007fffa3e86000 	C:\WINDOWS\SYSTEM32\wintypes.dll
0x00007fffa8480000 - 0x00007fffa8500000 	C:\WINDOWS\System32\bcryptPrimitives.dll
0x00007fffa4e80000 - 0x00007fffa51de000 	C:\WINDOWS\SYSTEM32\CoreUIComponents.dll
0x00007fffa6f30000 - 0x00007fffa6f63000 	C:\WINDOWS\SYSTEM32\ntmarta.dll
0x00007fffa6040000 - 0x00007fffa6052000 	C:\WINDOWS\SYSTEM32\kernel.appcore.dll
0x00007fffaa590000 - 0x00007fffaa6a6000 	C:\WINDOWS\System32\MSCTF.dll
0x00007fffa69e0000 - 0x00007fffa69ed000 	C:\WINDOWS\SYSTEM32\HID.DLL
0x00007fffa8ce0000 - 0x00007fffa9147000 	C:\WINDOWS\System32\SETUPAPI.DLL
0x00007fffa8450000 - 0x00007fffa8477000 	C:\WINDOWS\System32\bcrypt.dll
0x00007fffa8180000 - 0x00007fffa81e0000 	C:\WINDOWS\System32\WINTRUST.dll
0x00007fffa82f0000 - 0x00007fffa844d000 	C:\WINDOWS\System32\CRYPT32.dll
0x00007fffa7cc0000 - 0x00007fffa7cd2000 	C:\WINDOWS\SYSTEM32\MSASN1.dll
0x00007fff74b30000 - 0x00007fff74c55000 	C:\WINDOWS\SYSTEM32\opengl32.dll
0x00007fff978d0000 - 0x00007fff978fc000 	C:\WINDOWS\SYSTEM32\GLU32.dll
0x00007fffa9490000 - 0x00007fffa9539000 	C:\WINDOWS\System32\clbcatq.dll
0x00007fff931d0000 - 0x00007fff931fa000 	C:\WINDOWS\System32\DriverStore\FileRepository\u0361134.inf_amd64_a6c18d8d6a47cb97\B361196\atig6pxx.dll
0x00007fff39850000 - 0x00007fff3c624000 	C:\WINDOWS\System32\DriverStore\FileRepository\u0361134.inf_amd64_a6c18d8d6a47cb97\B361196\atio6axx.dll
0x00007fffa8a10000 - 0x00007fffa8b3a000 	C:\WINDOWS\System32\ole32.dll
0x00007fff70750000 - 0x00007fff70774000 	C:\WINDOWS\SYSTEM32\dxva2.dll
0x00007fff91640000 - 0x00007fff9167c000 	C:\WINDOWS\System32\DriverStore\FileRepository\u0361134.inf_amd64_a6c18d8d6a47cb97\B361196\atig6txx.dll
0x00007fff77230000 - 0x00007fff773ef000 	C:\WINDOWS\SYSTEM32\atiadlxx.dll
0x00007fff82c10000 - 0x00007fff82c59000 	C:\WINDOWS\SYSTEM32\pdh.dll
0x00007fffa01e0000 - 0x00007fffa021b000 	C:\WINDOWS\SYSTEM32\dxcore.dll
0x00007fff8b2c0000 - 0x00007fff8b3bd000 	C:\WINDOWS\SYSTEM32\textinputframework.dll
0x00007fff91450000 - 0x00007fff914a9000 	C:\Users\Peyton Hill\AppData\Local\Temp\lwjglPeyton Hill\3.2.3-build-13\lwjgl_opengl.dll
0x00007fff76970000 - 0x00007fff76bc3000 	C:\Users\PEYTON~1\AppData\Local\Temp\lwjglPeyton Hill\3.2.3-build-13\jemalloc.dll
0x00007fff74f80000 - 0x00007fff75115000 	C:\Program Files\AdoptOpenJDK\jdk-8.0.252.09-hotspot\jre\bin\awt.dll
0x00007fffa58d0000 - 0x00007fffa5960000 	C:\WINDOWS\SYSTEM32\apphelp.dll
0x00007fffa7a90000 - 0x00007fffa7aa8000 	C:\WINDOWS\SYSTEM32\CRYPTSP.dll
0x00007fffa71e0000 - 0x00007fffa7214000 	C:\WINDOWS\system32\rsaenh.dll
0x00007fffa7f80000 - 0x00007fffa7fae000 	C:\WINDOWS\SYSTEM32\USERENV.dll
0x00007fffa7ab0000 - 0x00007fffa7abc000 	C:\WINDOWS\SYSTEM32\CRYPTBASE.dll
0x00007fffa7560000 - 0x00007fffa759b000 	C:\WINDOWS\SYSTEM32\IPHLPAPI.DLL
0x00007fffaa3f0000 - 0x00007fffaa3f8000 	C:\WINDOWS\System32\NSI.dll
0x00007fffa1ae0000 - 0x00007fffa1af7000 	C:\WINDOWS\SYSTEM32\dhcpcsvc6.DLL
0x00007fffa1cb0000 - 0x00007fffa1ccd000 	C:\WINDOWS\SYSTEM32\dhcpcsvc.DLL
0x00007fffa75b0000 - 0x00007fffa767b000 	C:\WINDOWS\SYSTEM32\DNSAPI.dll
0x00007fff8a280000 - 0x00007fff8a313000 	C:\Program Files\AdoptOpenJDK\jdk-8.0.252.09-hotspot\jre\bin\freetype.dll
0x00007fff76520000 - 0x00007fff765dd000 	C:\Program Files\AdoptOpenJDK\jdk-8.0.252.09-hotspot\jre\bin\fontmanager.dll
0x00007fff97560000 - 0x00007fff97583000 	C:\Program Files\AdoptOpenJDK\jdk-8.0.252.09-hotspot\jre\bin\sunec.dll
0x00007fff9aa90000 - 0x00007fff9aa9c000 	C:\Program Files\AdoptOpenJDK\jdk-8.0.252.09-hotspot\jre\bin\sunmscapi.dll
0x00007fffa7bb0000 - 0x00007fffa7bd7000 	C:\WINDOWS\SYSTEM32\ncrypt.dll
0x00007fffa7b70000 - 0x00007fffa7bab000 	C:\WINDOWS\SYSTEM32\NTASN1.dll
0x00007fffa4bb0000 - 0x00007fffa4bbd000 	C:\Program Files\AdoptOpenJDK\jdk-8.0.252.09-hotspot\jre\bin\management.dll
0x00007fff968a0000 - 0x00007fff968b7000 	C:\WINDOWS\system32\napinsp.dll
0x00007fff96880000 - 0x00007fff9689b000 	C:\WINDOWS\system32\pnrpnsp.dll
0x00007fff96430000 - 0x00007fff96445000 	C:\WINDOWS\system32\wshbth.dll
0x00007fffa42f0000 - 0x00007fffa430d000 	C:\WINDOWS\system32\NLAapi.dll
0x00007fff963c0000 - 0x00007fff963d2000 	C:\WINDOWS\System32\winrnr.dll
0x00007fff9e430000 - 0x00007fff9e43a000 	C:\Windows\System32\rasadhlp.dll
0x00007fff9e470000 - 0x00007fff9e4ef000 	C:\WINDOWS\System32\fwpuclnt.dll
0x00007fff74d90000 - 0x00007fff74e2d000 	C:\Program Files\obs-studio\data\obs-plugins\win-capture\graphics-hook64.dll
0x00007fffa4310000 - 0x00007fffa4574000 	C:\WINDOWS\system32\d3d11.dll
0x00007fffa6a20000 - 0x00007fffa6b13000 	C:\WINDOWS\SYSTEM32\dxgi.dll
0x00007fff9ff80000 - 0x00007fffa015b000 	C:\WINDOWS\System32\DriverStore\FileRepository\u0361134.inf_amd64_a6c18d8d6a47cb97\B361196\aticfx64.dll
0x00007fff9fce0000 - 0x00007fff9fd18000 	C:\WINDOWS\System32\DriverStore\FileRepository\u0361134.inf_amd64_a6c18d8d6a47cb97\B361196\atiuxp64.dll
0x00007fff9b940000 - 0x00007fff9d845000 	C:\WINDOWS\System32\DriverStore\FileRepository\u0361134.inf_amd64_a6c18d8d6a47cb97\B361196\atidxx64.dll
0x00007fff9fc80000 - 0x00007fff9fcb0000 	C:\WINDOWS\SYSTEM32\amdihk64.dll
0x00007fffa1e50000 - 0x00007fffa2034000 	C:\WINDOWS\SYSTEM32\dbghelp.dll

VM Arguments:
jvm_args: -javaagent:C:\Program Files\JetBrains\IntelliJ IDEA Community Edition 2019.3.1\lib\idea_rt.jar=55578:C:\Program Files\JetBrains\IntelliJ IDEA Community Edition 2019.3.1\bin -Dfile.encoding=UTF-8 
java_command: Hilligans.ClientMain
java_class_path (initial): C:\Program Files\AdoptOpenJDK\jdk-8.0.252.09-hotspot\jre\lib\charsets.jar;C:\Program Files\AdoptOpenJDK\jdk-8.0.252.09-hotspot\jre\lib\ext\access-bridge-64.jar;C:\Program Files\AdoptOpenJDK\jdk-8.0.252.09-hotspot\jre\lib\ext\cldrdata.jar;C:\Program Files\AdoptOpenJDK\jdk-8.0.252.09-hotspot\jre\lib\ext\dnsns.jar;C:\Program Files\AdoptOpenJDK\jdk-8.0.252.09-hotspot\jre\lib\ext\jaccess.jar;C:\Program Files\AdoptOpenJDK\jdk-8.0.252.09-hotspot\jre\lib\ext\localedata.jar;C:\Program Files\AdoptOpenJDK\jdk-8.0.252.09-hotspot\jre\lib\ext\nashorn.jar;C:\Program Files\AdoptOpenJDK\jdk-8.0.252.09-hotspot\jre\lib\ext\sunec.jar;C:\Program Files\AdoptOpenJDK\jdk-8.0.252.09-hotspot\jre\lib\ext\sunjce_provider.jar;C:\Program Files\AdoptOpenJDK\jdk-8.0.252.09-hotspot\jre\lib\ext\sunmscapi.jar;C:\Program Files\AdoptOpenJDK\jdk-8.0.252.09-hotspot\jre\lib\ext\sunpkcs11.jar;C:\Program Files\AdoptOpenJDK\jdk-8.0.252.09-hotspot\jre\lib\ext\zipfs.jar;C:\Program Files\AdoptOpenJDK\jdk-8.0.252.09-hotspot\jre\lib\jce.jar;C:\Program Files\AdoptOpenJDK\jdk-8.0.252.09-hotspot\jre\lib\jsse.jar;C:\Program Files\AdoptOpenJDK\jdk-8.0.252.09-hotspot\jre\lib\management-agent.jar;C:\Program Files\AdoptOpenJDK\jdk-8.0.252.09-hotspot\jre\lib\resources.jar;C:\Program Files\AdoptOpenJDK\jdk-8.0.252.09-hotspot\jre\lib\rt.jar;C:\Users\Peyton Hill\IdeaProjects\Ourcraft\target\classes;C:\Users\Peyton Hill\.m2\repository\org\lwjgl\lwjgl\3.2.3\lwjgl-3.2.3.jar;C:\Users\Peyton Hill\.m2\repository\org\lwjgl\lwjgl-assimp\3.2.3\lwjgl-assimp-3.2.3.jar;C:\Users\Peyton Hill\.m2\repository\org\lwjgl\lwjgl-bgfx\3.2.3\lwjgl-bgfx-3.2.3.jar;C:\Users\Peyton Hill\.m2\repository\org\lwjgl\lwjgl-cuda\3.2.3\lwjgl-cuda-3.2.3.jar;C:\Users\Peyton Hill\.m2\repository\org\lwjgl\lwjgl-egl\3.2.3\lwjgl-egl-3.2.3.jar;C:\Users\Peyton Hill\.m2\repository\org\lwjgl\lwjgl-glfw\3.2.3\lwjgl-glfw-3.2.3.jar;C:\Users\Peyton Hill\.m2\repository\org\lwjgl\lwjgl-jawt\3.2.3\lwjgl-jawt-3.2.3.jar;C:\Users\Peyton Hill\.m2\repo
Launcher Type: SUN_STANDARD

Environment Variables:
JAVA_HOME=C:\Program Files\AdoptOpenJDK\jdk-15.0.2.7-hotspot
JRE_HOME=C:\Program Files\Java\jdk-15.0.2
PATH=C:\Program Files\AdoptOpenJDK\jdk-15.0.2.7-hotspot\bin;C:\ProgramData\Oracle\Java\javapath;C:\Program Files (x86)\Common Files\Oracle\Java\javapath;C:\Program Files\AdoptOpenJDK\jdk-8.0.252.09-hotspot\bin;C:\WINDOWS\system32;C:\WINDOWS;C:\WINDOWS\System32\Wbem;C:\WINDOWS\System32\WindowsPowerShell\v1.0\;C:\WINDOWS\System32\OpenSSH\;C:\Program Files\Git\cmd;C:\Users\Peyton Hill\AppData\Local\Microsoft\WindowsApps;C:\Users\Peyton Hill\AppData\Local\Programs\Microsoft VS Code\bin;C:\Users\Peyton Hill\AppData\Local\Microsoft\WindowsApps;C:\Users\Peyton Hill\AppData\Local\GitHubDesktop\bin
USERNAME=Peyton Hill
OS=Windows_NT
PROCESSOR_IDENTIFIER=AMD64 Family 23 Model 8 Stepping 2, AuthenticAMD



---------------  S Y S T E M  ---------------

OS: Windows 10.0 , 64 bit Build 19041 (10.0.19041.662)

CPU:total 16 (initial active 16) (16 cores per cpu, 1 threads per core) family 23 model 8 stepping 2, cmov, cx8, fxsr, mmx, sse, sse2, sse3, ssse3, sse4.1, sse4.2, popcnt, avx, avx2, aes, clmul, mmxext, 3dnowpref, lzcnt, sse4a, tsc, tscinvbit, tscinv, bmi1

Memory: 4k page, physical 33504108k(21269912k free), swap 58669932k(33941136k free)

vm_info: OpenJDK 64-Bit Server VM (25.252-b09) for windows-amd64 JRE (1.8.0_252-b09), built on Apr 22 2020 09:32:45 by "jenkins" with MS VC++ 12.0 (VS2013)

time: Sat Feb 06 04:33:31 2021
timezone: Eastern Standard Time
elapsed time: 9 seconds (0d 0h 0m 9s)

