#
# A fatal error has been detected by the Java Runtime Environment:
#
#  EXCEPTION_ACCESS_VIOLATION (0xc0000005) at pc=0x0000000000000000, pid=18128, tid=0x00000000000057f8
#
# JRE version: OpenJDK Runtime Environment (8.0_252-b09) (build 1.8.0_252-b09)
# Java VM: OpenJDK 64-Bit Server VM (25.252-b09 mixed mode windows-amd64 compressed oops)
# Problematic frame:
# C  0x0000000000000000
#
# Failed to write core dump. Minidumps are not enabled by default on client versions of Windows
#
# If you would like to submit a bug report, please visit:
#   http://bugreport.java.com/bugreport/crash.jsp
#

---------------  T H R E A D  ---------------

Current thread (0x00000211f9998000):  VMThread [stack: 0x0000003ee6700000,0x0000003ee6800000] [id=22520]

siginfo: ExceptionCode=0xc0000005, ExceptionInformation=0x0000000000000008 0x0000000000000000

Registers:
RAX=0x0000000000000000, RBX=0x0000000000000000, RCX=0x0000000000000001, RDX=0x00007fff769fc470
RSP=0x0000003ee67fec48, RBP=0x00007fff769fc400, RSI=0x0000000000020000, RDI=0x0000000000000000
R8 =0x0000003ee5651000, R9 =0x000000000000000e, R10=0x0000000000000000, R11=0x00000211863049b0
R12=0x00007fff74c0dc30, R13=0x0000000000000000, R14=0x00007fff74b30000, R15=0x0000000000000001
RIP=0x0000000000000000, EFLAGS=0x0000000000010202

Top of Stack: (sp=0x0000003ee67fec48)
0x0000003ee67fec48:   00007fff76978ff5 0000000000000000
0x0000003ee67fec58:   00007fff769fc400 0000000000000000
0x0000003ee67fec68:   0000000000020000 00000211d53ee1e0
0x0000003ee67fec78:   00007fff7697a624 0000000000000000
0x0000003ee67fec88:   00000211d53ee1e0 0000000000020000
0x0000003ee67fec98:   00000211fd019a28 0000000000000001
0x0000003ee67feca8:   00007fff74b36e3e 0000000000000001
0x0000003ee67fecb8:   0000000000000000 0000000000000000
0x0000003ee67fecc8:   00007fffa94ad83e 0000000000000001
0x0000003ee67fecd8:   00007fff74b37286 0000000000000000
0x0000003ee67fece8:   00000211d53ee1e0 0000000000000001
0x0000003ee67fecf8:   0000000000000001 0000000000000000
0x0000003ee67fed08:   00007fff74c0dd6f 0000000000000001
0x0000003ee67fed18:   00000211d53ee1e0 0000000000000001
0x0000003ee67fed28:   00007fff908d0000 0000000000000001
0x0000003ee67fed38:   00007fff908dc4d8 0000000000000001 

Instructions: (pc=0x0000000000000000)
0xffffffffffffffe0:   


Register to memory mapping:

RAX=0x0000000000000000 is an unknown value
RBX=0x0000000000000000 is an unknown value
RCX=0x0000000000000001 is an unknown value
RDX=0x00007fff769fc470 is an unknown value
RSP=0x0000003ee67fec48 is an unknown value
RBP=0x00007fff769fc400 is an unknown value
RSI=0x0000000000020000 is an unknown value
RDI=0x0000000000000000 is an unknown value
R8 =0x0000003ee5651000 is an unknown value
R9 =0x000000000000000e is an unknown value
R10=0x0000000000000000 is an unknown value
R11=0x00000211863049b0 is an unknown value
R12=0x00007fff74c0dc30 is an unknown value
R13=0x0000000000000000 is an unknown value
R14=0x00007fff74b30000 is an unknown value
R15=0x0000000000000001 is an unknown value


Stack: [0x0000003ee6700000,0x0000003ee6800000],  sp=0x0000003ee67fec48,  free space=1019k
Native frames: (J=compiled Java code, j=interpreted, Vv=VM code, C=native code)

VM_Operation (0x0000003ee80fe120): Exit, mode: safepoint, requested by thread 0x000002118b25a800


---------------  P R O C E S S  ---------------

Java Threads: ( => current thread )
  0x000002118b25a800 JavaThread "nioEventLoopGroup-2-1" [_thread_blocked, id=21848, stack(0x0000003ee8000000,0x0000003ee8100000)]
  0x0000021186668800 JavaThread "pool-1-thread-1" [_thread_blocked, id=21988, stack(0x0000003ee7f00000,0x0000003ee8000000)]
  0x0000021186404000 JavaThread "Java2D Disposer" daemon [_thread_blocked, id=9480, stack(0x0000003ee7e00000,0x0000003ee7f00000)]
  0x00000211fcbd4000 JavaThread "Service Thread" daemon [_thread_blocked, id=11012, stack(0x0000003ee7900000,0x0000003ee7a00000)]
  0x00000211fcb39800 JavaThread "C1 CompilerThread11" daemon [_thread_blocked, id=3452, stack(0x0000003ee7800000,0x0000003ee7900000)]
  0x00000211fcb3e000 JavaThread "C1 CompilerThread10" daemon [_thread_blocked, id=27092, stack(0x0000003ee7700000,0x0000003ee7800000)]
  0x00000211fcb38800 JavaThread "C1 CompilerThread9" daemon [_thread_blocked, id=23344, stack(0x0000003ee7600000,0x0000003ee7700000)]
  0x00000211fcb3f800 JavaThread "C1 CompilerThread8" daemon [_thread_blocked, id=13904, stack(0x0000003ee7500000,0x0000003ee7600000)]
  0x00000211fc985800 JavaThread "C2 CompilerThread7" daemon [_thread_blocked, id=18140, stack(0x0000003ee7400000,0x0000003ee7500000)]
  0x00000211fc983000 JavaThread "C2 CompilerThread6" daemon [_thread_blocked, id=6516, stack(0x0000003ee7300000,0x0000003ee7400000)]
  0x00000211fc99e000 JavaThread "C2 CompilerThread5" daemon [_thread_blocked, id=6340, stack(0x0000003ee7200000,0x0000003ee7300000)]
  0x00000211fc982000 JavaThread "C2 CompilerThread4" daemon [_thread_blocked, id=8084, stack(0x0000003ee7100000,0x0000003ee7200000)]
  0x00000211fc975800 JavaThread "C2 CompilerThread3" daemon [_thread_blocked, id=8980, stack(0x0000003ee7000000,0x0000003ee7100000)]
  0x00000211fc974800 JavaThread "C2 CompilerThread2" daemon [_thread_blocked, id=25112, stack(0x0000003ee6f00000,0x0000003ee7000000)]
  0x00000211fc970000 JavaThread "C2 CompilerThread1" daemon [_thread_blocked, id=20260, stack(0x0000003ee6e00000,0x0000003ee6f00000)]
  0x00000211fc965000 JavaThread "C2 CompilerThread0" daemon [_thread_blocked, id=8988, stack(0x0000003ee6d00000,0x0000003ee6e00000)]
  0x00000211fc963800 JavaThread "Monitor Ctrl-Break" daemon [_thread_in_native, id=4900, stack(0x0000003ee6c00000,0x0000003ee6d00000)]
  0x00000211fc5e9000 JavaThread "Attach Listener" daemon [_thread_blocked, id=2128, stack(0x0000003ee6b00000,0x0000003ee6c00000)]
  0x00000211fc5e6800 JavaThread "Signal Dispatcher" daemon [_thread_blocked, id=15852, stack(0x0000003ee6a00000,0x0000003ee6b00000)]
  0x00000211f99a8000 JavaThread "Finalizer" daemon [_thread_blocked, id=8912, stack(0x0000003ee6900000,0x0000003ee6a00000)]
  0x00000211fc5c0800 JavaThread "Reference Handler" daemon [_thread_blocked, id=5204, stack(0x0000003ee6800000,0x0000003ee6900000)]
  0x00000211d53c9000 JavaThread "main" [_thread_blocked, id=9192, stack(0x0000003ee5900000,0x0000003ee5a00000)]

Other Threads:
=>0x00000211f9998000 VMThread [stack: 0x0000003ee6700000,0x0000003ee6800000] [id=22520]

VM state:at safepoint (shutting down)

VM Mutex/Monitor currently owned by a thread:  ([mutex/lock_event])
[0x00000211d53c6210] Threads_lock - owner thread: 0x00000211f9998000

heap address: 0x00000005c0c00000, size: 8180 MB, Compressed Oops mode: Zero based, Oop shift amount: 3
Narrow klass base: 0x0000000000000000, Narrow klass shift: 3
Compressed class space size: 1073741824 Address: 0x00000007c0000000

Heap:
 PSYoungGen      total 225280K, used 178748K [0x0000000715980000, 0x0000000726b00000, 0x00000007c0000000)
  eden space 224768K, 79% used [0x0000000715980000,0x00000007207ef0f0,0x0000000723500000)
  from space 512K, 25% used [0x0000000723c00000,0x0000000723c20000,0x0000000723c80000)
  to   space 27648K, 0% used [0x0000000725000000,0x0000000725000000,0x0000000726b00000)
 ParOldGen       total 141824K, used 51027K [0x00000005c0c00000, 0x00000005c9680000, 0x0000000715980000)
  object space 141824K, 35% used [0x00000005c0c00000,0x00000005c3dd4d68,0x00000005c9680000)
 Metaspace       used 23265K, capacity 23529K, committed 23808K, reserved 1071104K
  class space    used 2178K, capacity 2289K, committed 2304K, reserved 1048576K

Card table byte_map: [0x00000211e6290000,0x00000211e7290000] byte_map_base: 0x00000211e348a000

Marking Bits: (ParMarkBitMap*) 0x0000000070d65010
 Begin Bits: [0x00000211e7d40000, 0x00000211efd10000)
 End Bits:   [0x00000211efd10000, 0x00000211f7ce0000)

Polling page: 0x00000211d5610000

CodeCache: size=245760Kb used=12672Kb max_used=12672Kb free=233087Kb
 bounds [0x00000211d6ed0000, 0x00000211d7b40000, 0x00000211e5ed0000]
 total_blobs=4504 nmethods=3338 adapters=1077
 compilation: enabled

Compilation events (10 events):
Event: 65.088 Thread 0x00000211fcb3f800 nmethod 3345 0x00000211d719e190 code [0x00000211d719e320, 0x00000211d719e700]
Event: 65.088 Thread 0x00000211fcb38800 nmethod 3349 0x00000211d719dcd0 code [0x00000211d719de20, 0x00000211d719e0b8]
Event: 65.088 Thread 0x00000211fcb39800 nmethod 3348 0x00000211d7b262d0 code [0x00000211d7b264a0, 0x00000211d7b27000]
Event: 66.553 Thread 0x00000211fcb3e000 3350 %     3       Hilligans.ClientMain::main @ 277 (329 bytes)
Event: 66.557 Thread 0x00000211fcb3e000 nmethod 3350% 0x00000211d7b30250 code [0x00000211d7b30b00, 0x00000211d7b353f0]
Event: 67.536 Thread 0x00000211fcb3f800 3351       3       Hilligans.ClientMain::main (329 bytes)
Event: 67.539 Thread 0x00000211fcb3f800 nmethod 3351 0x00000211d7b380d0 code [0x00000211d7b38980, 0x00000211d7b3d230]
Event: 68.570 Thread 0x00000211fcb38800 3353       3       java.util.logging.LogManager$LoggerContext::ensureDefaultLogger (70 bytes)
Event: 68.570 Thread 0x00000211fcb39800 3352       1       java.util.Hashtable::access$500 (5 bytes)
Event: 68.571 Thread 0x00000211fcb39800 nmethod 3352 0x00000211d7b01e50 code [0x00000211d7b01fa0, 0x00000211d7b02098]

GC Heap History (10 events):
Event: 56.408 GC heap before
{Heap before GC invocations=18 (full 1):
 PSYoungGen      total 288768K, used 264480K [0x0000000715980000, 0x0000000729f80000, 0x00000007c0000000)
  eden space 264192K, 100% used [0x0000000715980000,0x0000000725b80000,0x0000000725b80000)
  from space 24576K, 1% used [0x0000000728780000,0x00000007287c8000,0x0000000729f80000)
  to   space 34816K, 0% used [0x0000000725b80000,0x0000000725b80000,0x0000000727d80000)
 ParOldGen       total 141824K, used 51027K [0x00000005c0c00000, 0x00000005c9680000, 0x0000000715980000)
  object space 141824K, 35% used [0x00000005c0c00000,0x00000005c3dd4d68,0x00000005c9680000)
 Metaspace       used 23193K, capacity 23525K, committed 23808K, reserved 1071104K
  class space    used 2170K, capacity 2289K, committed 2304K, reserved 1048576K
Event: 56.410 GC heap after
Heap after GC invocations=18 (full 1):
 PSYoungGen      total 256000K, used 192K [0x0000000715980000, 0x0000000729400000, 0x00000007c0000000)
  eden space 255488K, 0% used [0x0000000715980000,0x0000000715980000,0x0000000725300000)
  from space 512K, 37% used [0x0000000725b80000,0x0000000725bb0000,0x0000000725c00000)
  to   space 33280K, 0% used [0x0000000727380000,0x0000000727380000,0x0000000729400000)
 ParOldGen       total 141824K, used 51027K [0x00000005c0c00000, 0x00000005c9680000, 0x0000000715980000)
  object space 141824K, 35% used [0x00000005c0c00000,0x00000005c3dd4d68,0x00000005c9680000)
 Metaspace       used 23193K, capacity 23525K, committed 23808K, reserved 1071104K
  class space    used 2170K, capacity 2289K, committed 2304K, reserved 1048576K
}
Event: 59.240 GC heap before
{Heap before GC invocations=19 (full 1):
 PSYoungGen      total 256000K, used 255680K [0x0000000715980000, 0x0000000729400000, 0x00000007c0000000)
  eden space 255488K, 100% used [0x0000000715980000,0x0000000725300000,0x0000000725300000)
  from space 512K, 37% used [0x0000000725b80000,0x0000000725bb0000,0x0000000725c00000)
  to   space 33280K, 0% used [0x0000000727380000,0x0000000727380000,0x0000000729400000)
 ParOldGen       total 141824K, used 51027K [0x00000005c0c00000, 0x00000005c9680000, 0x0000000715980000)
  object space 141824K, 35% used [0x00000005c0c00000,0x00000005c3dd4d68,0x00000005c9680000)
 Metaspace       used 23193K, capacity 23525K, committed 23808K, reserved 1071104K
  class space    used 2170K, capacity 2289K, committed 2304K, reserved 1048576K
Event: 59.242 GC heap after
Heap after GC invocations=19 (full 1):
 PSYoungGen      total 270336K, used 256K [0x0000000715980000, 0x0000000728a00000, 0x00000007c0000000)
  eden space 247296K, 0% used [0x0000000715980000,0x0000000715980000,0x0000000724b00000)
  from space 23040K, 1% used [0x0000000727380000,0x00000007273c0000,0x0000000728a00000)
  to   space 32256K, 0% used [0x0000000724b00000,0x0000000724b00000,0x0000000726a80000)
 ParOldGen       total 141824K, used 51027K [0x00000005c0c00000, 0x00000005c9680000, 0x0000000715980000)
  object space 141824K, 35% used [0x00000005c0c00000,0x00000005c3dd4d68,0x00000005c9680000)
 Metaspace       used 23193K, capacity 23525K, committed 23808K, reserved 1071104K
  class space    used 2170K, capacity 2289K, committed 2304K, reserved 1048576K
}
Event: 61.976 GC heap before
{Heap before GC invocations=20 (full 1):
 PSYoungGen      total 270336K, used 247552K [0x0000000715980000, 0x0000000728a00000, 0x00000007c0000000)
  eden space 247296K, 100% used [0x0000000715980000,0x0000000724b00000,0x0000000724b00000)
  from space 23040K, 1% used [0x0000000727380000,0x00000007273c0000,0x0000000728a00000)
  to   space 32256K, 0% used [0x0000000724b00000,0x0000000724b00000,0x0000000726a80000)
 ParOldGen       total 141824K, used 51027K [0x00000005c0c00000, 0x00000005c9680000, 0x0000000715980000)
  object space 141824K, 35% used [0x00000005c0c00000,0x00000005c3dd4d68,0x00000005c9680000)
 Metaspace       used 23193K, capacity 23525K, committed 23808K, reserved 1071104K
  class space    used 2170K, capacity 2289K, committed 2304K, reserved 1048576K
Event: 61.978 GC heap after
Heap after GC invocations=20 (full 1):
 PSYoungGen      total 240128K, used 224K [0x0000000715980000, 0x0000000727f80000, 0x00000007c0000000)
  eden space 239616K, 0% used [0x0000000715980000,0x0000000715980000,0x0000000724380000)
  from space 512K, 43% used [0x0000000724b00000,0x0000000724b38000,0x0000000724b80000)
  to   space 30720K, 0% used [0x0000000726180000,0x0000000726180000,0x0000000727f80000)
 ParOldGen       total 141824K, used 51027K [0x00000005c0c00000, 0x00000005c9680000, 0x0000000715980000)
  object space 141824K, 35% used [0x00000005c0c00000,0x00000005c3dd4d68,0x00000005c9680000)
 Metaspace       used 23193K, capacity 23525K, committed 23808K, reserved 1071104K
  class space    used 2170K, capacity 2289K, committed 2304K, reserved 1048576K
}
Event: 64.397 GC heap before
{Heap before GC invocations=21 (full 1):
 PSYoungGen      total 240128K, used 239840K [0x0000000715980000, 0x0000000727f80000, 0x00000007c0000000)
  eden space 239616K, 100% used [0x0000000715980000,0x0000000724380000,0x0000000724380000)
  from space 512K, 43% used [0x0000000724b00000,0x0000000724b38000,0x0000000724b80000)
  to   space 30720K, 0% used [0x0000000726180000,0x0000000726180000,0x0000000727f80000)
 ParOldGen       total 141824K, used 51027K [0x00000005c0c00000, 0x00000005c9680000, 0x0000000715980000)
  object space 141824K, 35% used [0x00000005c0c00000,0x00000005c3dd4d68,0x00000005c9680000)
 Metaspace       used 23194K, capacity 23525K, committed 23808K, reserved 1071104K
  class space    used 2170K, capacity 2289K, committed 2304K, reserved 1048576K
Event: 64.398 GC heap after
Heap after GC invocations=21 (full 1):
 PSYoungGen      total 251904K, used 224K [0x0000000715980000, 0x0000000727500000, 0x00000007c0000000)
  eden space 231936K, 0% used [0x0000000715980000,0x0000000715980000,0x0000000723c00000)
  from space 19968K, 1% used [0x0000000726180000,0x00000007261b8000,0x0000000727500000)
  to   space 29184K, 0% used [0x0000000723c00000,0x0000000723c00000,0x0000000725880000)
 ParOldGen       total 141824K, used 51027K [0x00000005c0c00000, 0x00000005c9680000, 0x0000000715980000)
  object space 141824K, 35% used [0x00000005c0c00000,0x00000005c3dd4d68,0x00000005c9680000)
 Metaspace       used 23194K, capacity 23525K, committed 23808K, reserved 1071104K
  class space    used 2170K, capacity 2289K, committed 2304K, reserved 1048576K
}
Event: 66.697 GC heap before
{Heap before GC invocations=22 (full 1):
 PSYoungGen      total 251904K, used 232160K [0x0000000715980000, 0x0000000727500000, 0x00000007c0000000)
  eden space 231936K, 100% used [0x0000000715980000,0x0000000723c00000,0x0000000723c00000)
  from space 19968K, 1% used [0x0000000726180000,0x00000007261b8000,0x0000000727500000)
  to   space 29184K, 0% used [0x0000000723c00000,0x0000000723c00000,0x0000000725880000)
 ParOldGen       total 141824K, used 51027K [0x00000005c0c00000, 0x00000005c9680000, 0x0000000715980000)
  object space 141824K, 35% used [0x00000005c0c00000,0x00000005c3dd4d68,0x00000005c9680000)
 Metaspace       used 23226K, capacity 23529K, committed 23808K, reserved 1071104K
  class space    used 2170K, capacity 2289K, committed 2304K, reserved 1048576K
Event: 66.700 GC heap after
Heap after GC invocations=22 (full 1):
 PSYoungGen      total 225280K, used 128K [0x0000000715980000, 0x0000000726b00000, 0x00000007c0000000)
  eden space 224768K, 0% used [0x0000000715980000,0x0000000715980000,0x0000000723500000)
  from space 512K, 25% used [0x0000000723c00000,0x0000000723c20000,0x0000000723c80000)
  to   space 27648K, 0% used [0x0000000725000000,0x0000000725000000,0x0000000726b00000)
 ParOldGen       total 141824K, used 51027K [0x00000005c0c00000, 0x00000005c9680000, 0x0000000715980000)
  object space 141824K, 35% used [0x00000005c0c00000,0x00000005c3dd4d68,0x00000005c9680000)
 Metaspace       used 23226K, capacity 23529K, committed 23808K, reserved 1071104K
  class space    used 2170K, capacity 2289K, committed 2304K, reserved 1048576K
}

Deoptimization events (10 events):
Event: 9.170 Thread 0x000002118b25a800 Uncommon trap: reason=unstable_if action=reinterpret pc=0x00000211d7a450ac method=io.netty.util.internal.shaded.org.jctools.queues.BaseMpscLinkedArrayQueue.isEmpty()Z @ 9
Event: 9.398 Thread 0x000002118b25a800 Uncommon trap: reason=unstable_if action=reinterpret pc=0x00000211d7a06eec method=io.netty.util.internal.shaded.org.jctools.queues.BaseMpscLinkedArrayQueue.isEmpty()Z @ 9
Event: 9.660 Thread 0x000002118b25a800 Uncommon trap: reason=class_check action=maybe_recompile pc=0x00000211d7a68310 method=io.netty.handler.ssl.SslHandler.decodeJdkCompatible(Lio/netty/channel/ChannelHandlerContext;Lio/netty/buffer/ByteBuf;)V @ 10
Event: 68.564 Thread 0x000002118b25a800 Uncommon trap: reason=class_check action=maybe_recompile pc=0x00000211d7acce40 method=io.netty.util.concurrent.SingleThreadEventExecutor.pollTaskFrom(Ljava/util/Queue;)Ljava/lang/Runnable; @ 6
Event: 68.565 Thread 0x000002118b25a800 Uncommon trap: reason=unstable_if action=reinterpret pc=0x00000211d7aae270 method=sun.security.ssl.EngineWriter.isOutboundDone()Z @ 4
Event: 68.565 Thread 0x000002118b25a800 Uncommon trap: reason=unstable_if action=reinterpret pc=0x00000211d79da430 method=sun.security.ssl.EngineWriter.hasOutboundDataInternal()Z @ 7
Event: 68.565 Thread 0x000002118b25a800 Uncommon trap: reason=unstable_if action=reinterpret pc=0x00000211d7a5ee98 method=io.netty.util.concurrent.DefaultPromise.isSuccess()Z @ 20
Event: 68.566 Thread 0x000002118b25a800 Uncommon trap: reason=unstable_if action=reinterpret pc=0x00000211d7a0d61c method=io.netty.handler.ssl.SslHandler.finishWrap(Lio/netty/channel/ChannelHandlerContext;Lio/netty/buffer/ByteBuf;Lio/netty/channel/ChannelPromise;ZZ)V @ 28
Event: 68.568 Thread 0x000002118b25a800 Uncommon trap: reason=unstable_if action=reinterpret pc=0x00000211d7a6db44 method=io.netty.channel.socket.nio.NioSocketChannel.isActive()Z @ 9
Event: 68.569 Thread 0x000002118b25a800 Uncommon trap: reason=class_check action=maybe_recompile pc=0x00000211d7a10c0c method=io.netty.util.concurrent.DefaultPromise.notifyListenersNow()V @ 66

Classes redefined (0 events):
No events

Internal exceptions (10 events):
Event: 3.659 Thread 0x00000211d53c9000 Exception <a 'java/lang/NoClassDefFoundError': org/apache/log4j/Priority> (0x00000007197bb078) thrown at [J:\jenkins\tmp\workspace\build\src\hotspot\src\share\vm\classfile\systemDictionary.cpp, line 199]
Event: 4.599 Thread 0x000002118b25a800 Exception <a 'java/lang/ArrayIndexOutOfBoundsException'> (0x000000071630a9c0) thrown at [J:\jenkins\tmp\workspace\build\src\hotspot\src\share\vm\runtime\sharedRuntime.cpp, line 605]
Event: 4.599 Thread 0x000002118b25a800 Exception <a 'java/lang/ArrayIndexOutOfBoundsException'> (0x000000071630c250) thrown at [J:\jenkins\tmp\workspace\build\src\hotspot\src\share\vm\runtime\sharedRuntime.cpp, line 605]
Event: 4.599 Thread 0x000002118b25a800 Exception <a 'java/lang/ArrayIndexOutOfBoundsException'> (0x000000071630f960) thrown at [J:\jenkins\tmp\workspace\build\src\hotspot\src\share\vm\runtime\sharedRuntime.cpp, line 605]
Event: 4.602 Thread 0x000002118b25a800 Exception <a 'java/lang/ArrayIndexOutOfBoundsException'> (0x0000000716337e00) thrown at [J:\jenkins\tmp\workspace\build\src\hotspot\src\share\vm\runtime\sharedRuntime.cpp, line 605]
Event: 4.602 Thread 0x000002118b25a800 Exception <a 'java/lang/ArrayIndexOutOfBoundsException'> (0x0000000716338cc8) thrown at [J:\jenkins\tmp\workspace\build\src\hotspot\src\share\vm\runtime\sharedRuntime.cpp, line 605]
Event: 4.632 Thread 0x00000211d53c9000 Implicit null exception at 0x00000211d7584d04 to 0x00000211d7584f19
Event: 4.731 Thread 0x000002118b25a800 Implicit null exception at 0x00000211d7501f68 to 0x00000211d7502021
Event: 6.325 Thread 0x0000021186668800 Implicit null exception at 0x00000211d795e89c to 0x00000211d795e9f5
Event: 6.326 Thread 0x000002118b25a800 Implicit null exception at 0x00000211d796ff34 to 0x00000211d7970189

Events (10 events):
Event: 68.570 loading class java/util/IdentityHashMap$KeyIterator done
Event: 68.570 Thread 0x0000021186ec8800 Thread added: 0x0000021186ec8800
Event: 68.570 Thread 0x0000021186ec9000 Thread added: 0x0000021186ec9000
Event: 68.570 loading class java/util/WeakHashMap$KeyIterator
Event: 68.570 loading class java/util/WeakHashMap$HashIterator
Event: 68.570 loading class java/util/WeakHashMap$HashIterator done
Event: 68.570 Thread 0x0000021186ec8800 Thread exited: 0x0000021186ec8800
Event: 68.570 loading class java/util/WeakHashMap$KeyIterator done
Event: 68.571 Thread 0x0000021186ec9000 Thread exited: 0x0000021186ec9000
Event: 68.571 Executing VM operation: Exit


Dynamic libraries:
0x00007ff7dd210000 - 0x00007ff7dd24a000 	C:\Program Files\AdoptOpenJDK\jdk-8.0.252.09-hotspot\bin\java.exe
0x00007fffaa990000 - 0x00007fffaab86000 	C:\WINDOWS\SYSTEM32\ntdll.dll
0x00007fff9f020000 - 0x00007fff9f032000 	C:\Program Files\AVAST Software\Avast\aswhook.dll
0x00007fffa9200000 - 0x00007fffa92bd000 	C:\WINDOWS\System32\KERNEL32.DLL
0x00007fffa8550000 - 0x00007fffa8819000 	C:\WINDOWS\System32\KERNELBASE.dll
0x00007fffaa790000 - 0x00007fffaa83c000 	C:\WINDOWS\System32\ADVAPI32.dll
0x00007fffa92c0000 - 0x00007fffa935e000 	C:\WINDOWS\System32\msvcrt.dll
0x00007fffaa8b0000 - 0x00007fffaa94c000 	C:\WINDOWS\System32\sechost.dll
0x00007fffa9360000 - 0x00007fffa948b000 	C:\WINDOWS\System32\RPCRT4.dll
0x00007fffa8b40000 - 0x00007fffa8ce0000 	C:\WINDOWS\System32\USER32.dll
0x00007fffa8820000 - 0x00007fffa8842000 	C:\WINDOWS\System32\win32u.dll
0x00007fffa96b0000 - 0x00007fffa96da000 	C:\WINDOWS\System32\GDI32.dll
0x00007fffa81e0000 - 0x00007fffa82e9000 	C:\WINDOWS\System32\gdi32full.dll
0x00007fffa8950000 - 0x00007fffa89ed000 	C:\WINDOWS\System32\msvcp_win.dll
0x00007fffa8850000 - 0x00007fffa8950000 	C:\WINDOWS\System32\ucrtbase.dll
0x00007fff85b60000 - 0x00007fff85dfb000 	C:\WINDOWS\WinSxS\amd64_microsoft.windows.common-controls_6595b64144ccf1df_6.0.19041.488_none_ca04af081b815d21\COMCTL32.dll
0x00007fffaa3c0000 - 0x00007fffaa3f0000 	C:\WINDOWS\System32\IMM32.DLL
0x00007fff90f80000 - 0x00007fff9106f000 	C:\Program Files\AdoptOpenJDK\jdk-8.0.252.09-hotspot\jre\bin\msvcr120.dll
0x00007fff8a320000 - 0x00007fff8a3c6000 	C:\Program Files\AdoptOpenJDK\jdk-8.0.252.09-hotspot\jre\bin\msvcp120.dll
0x00000000705e0000 - 0x0000000070dde000 	C:\Program Files\AdoptOpenJDK\jdk-8.0.252.09-hotspot\jre\bin\server\jvm.dll
0x00007fffaa8a0000 - 0x00007fffaa8a8000 	C:\WINDOWS\System32\PSAPI.DLL
0x00007fff9de20000 - 0x00007fff9de29000 	C:\WINDOWS\SYSTEM32\WSOCK32.dll
0x00007fffa9a40000 - 0x00007fffa9aab000 	C:\WINDOWS\System32\WS2_32.dll
0x00007fff9ff40000 - 0x00007fff9ff67000 	C:\WINDOWS\SYSTEM32\WINMM.dll
0x00007fff9ff70000 - 0x00007fff9ff7a000 	C:\WINDOWS\SYSTEM32\VERSION.dll
0x00007fff9f7b0000 - 0x00007fff9f7bf000 	C:\Program Files\AdoptOpenJDK\jdk-8.0.252.09-hotspot\jre\bin\verify.dll
0x00007fff988f0000 - 0x00007fff98918000 	C:\Program Files\AdoptOpenJDK\jdk-8.0.252.09-hotspot\jre\bin\java.dll
0x00007fff93250000 - 0x00007fff9327a000 	C:\Program Files\AdoptOpenJDK\jdk-8.0.252.09-hotspot\jre\bin\instrument.dll
0x00007fff984a0000 - 0x00007fff984b6000 	C:\Program Files\AdoptOpenJDK\jdk-8.0.252.09-hotspot\jre\bin\zip.dll
0x00007fffa9c60000 - 0x00007fffaa3a2000 	C:\WINDOWS\System32\SHELL32.dll
0x00007fffa6240000 - 0x00007fffa69d5000 	C:\WINDOWS\SYSTEM32\windows.storage.dll
0x00007fffa96e0000 - 0x00007fffa9a36000 	C:\WINDOWS\System32\combase.dll
0x00007fffa7b40000 - 0x00007fffa7b6c000 	C:\WINDOWS\SYSTEM32\Wldp.dll
0x00007fffa9150000 - 0x00007fffa91fe000 	C:\WINDOWS\System32\SHCORE.dll
0x00007fffaa400000 - 0x00007fffaa455000 	C:\WINDOWS\System32\shlwapi.dll
0x00007fffa8000000 - 0x00007fffa8026000 	C:\WINDOWS\SYSTEM32\profapi.dll
0x00007fffa4c70000 - 0x00007fffa4c8a000 	C:\Program Files\JetBrains\IntelliJ IDEA Community Edition 2019.3.1\bin\breakgen64.dll
0x00007fff97640000 - 0x00007fff9765a000 	C:\Program Files\AdoptOpenJDK\jdk-8.0.252.09-hotspot\jre\bin\net.dll
0x00007fffa78c0000 - 0x00007fffa792a000 	C:\WINDOWS\system32\mswsock.dll
0x00007fff97620000 - 0x00007fff97632000 	C:\Program Files\AdoptOpenJDK\jdk-8.0.252.09-hotspot\jre\bin\nio.dll
0x00007fff916c0000 - 0x00007fff91724000 	C:\Users\Peyton Hill\AppData\Local\Temp\lwjglPeyton Hill\3.2.3-build-13\lwjgl.dll
0x00007fff8b220000 - 0x00007fff8b282000 	C:\Users\PEYTON~1\AppData\Local\Temp\lwjglPeyton Hill\3.2.3-build-13\glfw.dll
0x00007fffa5ae0000 - 0x00007fffa5b7e000 	C:\WINDOWS\system32\uxtheme.dll
0x00007fff91460000 - 0x00007fff914a5000 	C:\WINDOWS\SYSTEM32\dinput8.dll
0x00007fff98b70000 - 0x00007fff98b81000 	C:\WINDOWS\SYSTEM32\xinput1_4.dll
0x00007fffa8500000 - 0x00007fffa854e000 	C:\WINDOWS\System32\cfgmgr32.dll
0x00007fffa7e80000 - 0x00007fffa7eac000 	C:\WINDOWS\SYSTEM32\DEVOBJ.dll
0x00007fffa5d50000 - 0x00007fffa5d7f000 	C:\WINDOWS\SYSTEM32\dwmapi.dll
0x00007fff8afd0000 - 0x00007fff8b122000 	C:\WINDOWS\SYSTEM32\inputhost.dll
0x00007fffaa4c0000 - 0x00007fffaa58d000 	C:\WINDOWS\System32\OLEAUT32.dll
0x00007fffa5560000 - 0x00007fffa5652000 	C:\WINDOWS\SYSTEM32\CoreMessaging.dll
0x00007fffa3ac0000 - 0x00007fffa3bb7000 	C:\WINDOWS\SYSTEM32\PROPSYS.dll
0x00007fffa3d30000 - 0x00007fffa3e86000 	C:\WINDOWS\SYSTEM32\wintypes.dll
0x00007fffa8480000 - 0x00007fffa8500000 	C:\WINDOWS\System32\bcryptPrimitives.dll
0x00007fffa4e80000 - 0x00007fffa51de000 	C:\WINDOWS\SYSTEM32\CoreUIComponents.dll
0x00007fffa6f30000 - 0x00007fffa6f63000 	C:\WINDOWS\SYSTEM32\ntmarta.dll
0x00007fffa6040000 - 0x00007fffa6052000 	C:\WINDOWS\SYSTEM32\kernel.appcore.dll
0x00007fffaa590000 - 0x00007fffaa6a6000 	C:\WINDOWS\System32\MSCTF.dll
0x00007fffa69e0000 - 0x00007fffa69ed000 	C:\WINDOWS\SYSTEM32\HID.DLL
0x00007fffa8ce0000 - 0x00007fffa9147000 	C:\WINDOWS\System32\SETUPAPI.DLL
0x00007fffa8450000 - 0x00007fffa8477000 	C:\WINDOWS\System32\bcrypt.dll
0x00007fffa8180000 - 0x00007fffa81e0000 	C:\WINDOWS\System32\WINTRUST.dll
0x00007fffa82f0000 - 0x00007fffa844d000 	C:\WINDOWS\System32\CRYPT32.dll
0x00007fffa7cc0000 - 0x00007fffa7cd2000 	C:\WINDOWS\SYSTEM32\MSASN1.dll
0x00007fff74b30000 - 0x00007fff74c55000 	C:\WINDOWS\SYSTEM32\opengl32.dll
0x00007fff978d0000 - 0x00007fff978fc000 	C:\WINDOWS\SYSTEM32\GLU32.dll
0x00007fffa9490000 - 0x00007fffa9539000 	C:\WINDOWS\System32\clbcatq.dll
0x00007fff908d0000 - 0x00007fff908fa000 	C:\WINDOWS\System32\DriverStore\FileRepository\u0361134.inf_amd64_a6c18d8d6a47cb97\B361196\atig6pxx.dll
0x00007fff39850000 - 0x00007fff3c624000 	C:\WINDOWS\System32\DriverStore\FileRepository\u0361134.inf_amd64_a6c18d8d6a47cb97\B361196\atio6axx.dll
0x00007fffa8a10000 - 0x00007fffa8b3a000 	C:\WINDOWS\System32\ole32.dll
0x00007fff70750000 - 0x00007fff70774000 	C:\WINDOWS\SYSTEM32\dxva2.dll
0x00007fff902e0000 - 0x00007fff9031c000 	C:\WINDOWS\System32\DriverStore\FileRepository\u0361134.inf_amd64_a6c18d8d6a47cb97\B361196\atig6txx.dll
0x00007fff76a10000 - 0x00007fff76bcf000 	C:\WINDOWS\SYSTEM32\atiadlxx.dll
0x00007fff82c10000 - 0x00007fff82c59000 	C:\WINDOWS\SYSTEM32\pdh.dll
0x00007fffa01e0000 - 0x00007fffa021b000 	C:\WINDOWS\SYSTEM32\dxcore.dll
0x00007fff8b2c0000 - 0x00007fff8b3bd000 	C:\WINDOWS\SYSTEM32\textinputframework.dll
0x00007fff8a620000 - 0x00007fff8a679000 	C:\Users\Peyton Hill\AppData\Local\Temp\lwjglPeyton Hill\3.2.3-build-13\lwjgl_opengl.dll
0x00007fff72cc0000 - 0x00007fff72f13000 	C:\Users\PEYTON~1\AppData\Local\Temp\lwjglPeyton Hill\3.2.3-build-13\jemalloc.dll
0x00007fff73c00000 - 0x00007fff73d95000 	C:\Program Files\AdoptOpenJDK\jdk-8.0.252.09-hotspot\jre\bin\awt.dll
0x00007fffa58d0000 - 0x00007fffa5960000 	C:\WINDOWS\SYSTEM32\apphelp.dll
0x00007fffa7a90000 - 0x00007fffa7aa8000 	C:\WINDOWS\SYSTEM32\CRYPTSP.dll
0x00007fffa71e0000 - 0x00007fffa7214000 	C:\WINDOWS\system32\rsaenh.dll
0x00007fffa7f80000 - 0x00007fffa7fae000 	C:\WINDOWS\SYSTEM32\USERENV.dll
0x00007fffa7ab0000 - 0x00007fffa7abc000 	C:\WINDOWS\SYSTEM32\CRYPTBASE.dll
0x00007fffa7560000 - 0x00007fffa759b000 	C:\WINDOWS\SYSTEM32\IPHLPAPI.DLL
0x00007fffaa3f0000 - 0x00007fffaa3f8000 	C:\WINDOWS\System32\NSI.dll
0x00007fffa1ae0000 - 0x00007fffa1af7000 	C:\WINDOWS\SYSTEM32\dhcpcsvc6.DLL
0x00007fffa1cb0000 - 0x00007fffa1ccd000 	C:\WINDOWS\SYSTEM32\dhcpcsvc.DLL
0x00007fffa75b0000 - 0x00007fffa767b000 	C:\WINDOWS\SYSTEM32\DNSAPI.dll
0x00007fff8a280000 - 0x00007fff8a313000 	C:\Program Files\AdoptOpenJDK\jdk-8.0.252.09-hotspot\jre\bin\freetype.dll
0x00007fff74a70000 - 0x00007fff74b2d000 	C:\Program Files\AdoptOpenJDK\jdk-8.0.252.09-hotspot\jre\bin\fontmanager.dll
0x00007fff931d0000 - 0x00007fff931f3000 	C:\Program Files\AdoptOpenJDK\jdk-8.0.252.09-hotspot\jre\bin\sunec.dll
0x00007fff9aa90000 - 0x00007fff9aa9c000 	C:\Program Files\AdoptOpenJDK\jdk-8.0.252.09-hotspot\jre\bin\sunmscapi.dll
0x00007fffa7bb0000 - 0x00007fffa7bd7000 	C:\WINDOWS\SYSTEM32\ncrypt.dll
0x00007fffa7b70000 - 0x00007fffa7bab000 	C:\WINDOWS\SYSTEM32\NTASN1.dll
0x00007fffa4bb0000 - 0x00007fffa4bbd000 	C:\Program Files\AdoptOpenJDK\jdk-8.0.252.09-hotspot\jre\bin\management.dll
0x00007fff968a0000 - 0x00007fff968b7000 	C:\WINDOWS\system32\napinsp.dll
0x00007fff96880000 - 0x00007fff9689b000 	C:\WINDOWS\system32\pnrpnsp.dll
0x00007fff96430000 - 0x00007fff96445000 	C:\WINDOWS\system32\wshbth.dll
0x00007fffa42f0000 - 0x00007fffa430d000 	C:\WINDOWS\system32\NLAapi.dll
0x00007fff963c0000 - 0x00007fff963d2000 	C:\WINDOWS\System32\winrnr.dll
0x00007fff9e430000 - 0x00007fff9e43a000 	C:\Windows\System32\rasadhlp.dll
0x00007fff9e470000 - 0x00007fff9e4ef000 	C:\WINDOWS\System32\fwpuclnt.dll
0x00007fff76970000 - 0x00007fff76a0d000 	C:\Program Files\obs-studio\data\obs-plugins\win-capture\graphics-hook64.dll
0x00007fffa4310000 - 0x00007fffa4574000 	C:\WINDOWS\system32\d3d11.dll
0x00007fffa6a20000 - 0x00007fffa6b13000 	C:\WINDOWS\SYSTEM32\dxgi.dll
0x00007fff9ff80000 - 0x00007fffa015b000 	C:\WINDOWS\System32\DriverStore\FileRepository\u0361134.inf_amd64_a6c18d8d6a47cb97\B361196\aticfx64.dll
0x00007fff9fce0000 - 0x00007fff9fd18000 	C:\WINDOWS\System32\DriverStore\FileRepository\u0361134.inf_amd64_a6c18d8d6a47cb97\B361196\atiuxp64.dll
0x00007fff9b940000 - 0x00007fff9d845000 	C:\WINDOWS\System32\DriverStore\FileRepository\u0361134.inf_amd64_a6c18d8d6a47cb97\B361196\atidxx64.dll
0x00007fff9fc80000 - 0x00007fff9fcb0000 	C:\WINDOWS\SYSTEM32\amdihk64.dll
0x00007fffa3e90000 - 0x00007fffa42ed000 	C:\WINDOWS\SYSTEM32\D3DCompiler_47.dll
0x00007fffa1e50000 - 0x00007fffa2034000 	C:\WINDOWS\SYSTEM32\dbghelp.dll

VM Arguments:
jvm_args: -javaagent:C:\Program Files\JetBrains\IntelliJ IDEA Community Edition 2019.3.1\lib\idea_rt.jar=59683:C:\Program Files\JetBrains\IntelliJ IDEA Community Edition 2019.3.1\bin -Dfile.encoding=UTF-8 
java_command: Hilligans.ClientMain
java_class_path (initial): C:\Program Files\AdoptOpenJDK\jdk-8.0.252.09-hotspot\jre\lib\charsets.jar;C:\Program Files\AdoptOpenJDK\jdk-8.0.252.09-hotspot\jre\lib\ext\access-bridge-64.jar;C:\Program Files\AdoptOpenJDK\jdk-8.0.252.09-hotspot\jre\lib\ext\cldrdata.jar;C:\Program Files\AdoptOpenJDK\jdk-8.0.252.09-hotspot\jre\lib\ext\dnsns.jar;C:\Program Files\AdoptOpenJDK\jdk-8.0.252.09-hotspot\jre\lib\ext\jaccess.jar;C:\Program Files\AdoptOpenJDK\jdk-8.0.252.09-hotspot\jre\lib\ext\localedata.jar;C:\Program Files\AdoptOpenJDK\jdk-8.0.252.09-hotspot\jre\lib\ext\nashorn.jar;C:\Program Files\AdoptOpenJDK\jdk-8.0.252.09-hotspot\jre\lib\ext\sunec.jar;C:\Program Files\AdoptOpenJDK\jdk-8.0.252.09-hotspot\jre\lib\ext\sunjce_provider.jar;C:\Program Files\AdoptOpenJDK\jdk-8.0.252.09-hotspot\jre\lib\ext\sunmscapi.jar;C:\Program Files\AdoptOpenJDK\jdk-8.0.252.09-hotspot\jre\lib\ext\sunpkcs11.jar;C:\Program Files\AdoptOpenJDK\jdk-8.0.252.09-hotspot\jre\lib\ext\zipfs.jar;C:\Program Files\AdoptOpenJDK\jdk-8.0.252.09-hotspot\jre\lib\jce.jar;C:\Program Files\AdoptOpenJDK\jdk-8.0.252.09-hotspot\jre\lib\jsse.jar;C:\Program Files\AdoptOpenJDK\jdk-8.0.252.09-hotspot\jre\lib\management-agent.jar;C:\Program Files\AdoptOpenJDK\jdk-8.0.252.09-hotspot\jre\lib\resources.jar;C:\Program Files\AdoptOpenJDK\jdk-8.0.252.09-hotspot\jre\lib\rt.jar;C:\Users\Peyton Hill\IdeaProjects\Ourcraft\target\classes;C:\Users\Peyton Hill\.m2\repository\org\lwjgl\lwjgl\3.2.3\lwjgl-3.2.3.jar;C:\Users\Peyton Hill\.m2\repository\org\lwjgl\lwjgl-assimp\3.2.3\lwjgl-assimp-3.2.3.jar;C:\Users\Peyton Hill\.m2\repository\org\lwjgl\lwjgl-bgfx\3.2.3\lwjgl-bgfx-3.2.3.jar;C:\Users\Peyton Hill\.m2\repository\org\lwjgl\lwjgl-cuda\3.2.3\lwjgl-cuda-3.2.3.jar;C:\Users\Peyton Hill\.m2\repository\org\lwjgl\lwjgl-egl\3.2.3\lwjgl-egl-3.2.3.jar;C:\Users\Peyton Hill\.m2\repository\org\lwjgl\lwjgl-glfw\3.2.3\lwjgl-glfw-3.2.3.jar;C:\Users\Peyton Hill\.m2\repository\org\lwjgl\lwjgl-jawt\3.2.3\lwjgl-jawt-3.2.3.jar;C:\Users\Peyton Hill\.m2\repo
Launcher Type: SUN_STANDARD

Environment Variables:
JAVA_HOME=C:\Program Files\AdoptOpenJDK\jdk-15.0.2.7-hotspot
JRE_HOME=C:\Program Files\Java\jdk-15.0.2
PATH=C:\Program Files\AdoptOpenJDK\jdk-15.0.2.7-hotspot\bin;C:\ProgramData\Oracle\Java\javapath;C:\Program Files (x86)\Common Files\Oracle\Java\javapath;C:\Program Files\AdoptOpenJDK\jdk-8.0.252.09-hotspot\bin;C:\WINDOWS\system32;C:\WINDOWS;C:\WINDOWS\System32\Wbem;C:\WINDOWS\System32\WindowsPowerShell\v1.0\;C:\WINDOWS\System32\OpenSSH\;C:\Program Files\Git\cmd;C:\Users\Peyton Hill\AppData\Local\Microsoft\WindowsApps;C:\Users\Peyton Hill\AppData\Local\Programs\Microsoft VS Code\bin;C:\Users\Peyton Hill\AppData\Local\Microsoft\WindowsApps;C:\Users\Peyton Hill\AppData\Local\GitHubDesktop\bin
USERNAME=Peyton Hill
OS=Windows_NT
PROCESSOR_IDENTIFIER=AMD64 Family 23 Model 8 Stepping 2, AuthenticAMD



---------------  S Y S T E M  ---------------

OS: Windows 10.0 , 64 bit Build 19041 (10.0.19041.662)

CPU:total 16 (initial active 16) (16 cores per cpu, 1 threads per core) family 23 model 8 stepping 2, cmov, cx8, fxsr, mmx, sse, sse2, sse3, ssse3, sse4.1, sse4.2, popcnt, avx, avx2, aes, clmul, mmxext, 3dnowpref, lzcnt, sse4a, tsc, tscinvbit, tscinv, bmi1

Memory: 4k page, physical 33504108k(23014508k free), swap 58669932k(36598612k free)

vm_info: OpenJDK 64-Bit Server VM (25.252-b09) for windows-amd64 JRE (1.8.0_252-b09), built on Apr 22 2020 09:32:45 by "jenkins" with MS VC++ 12.0 (VS2013)

time: Sat Feb 06 03:53:29 2021
timezone: Eastern Standard Time
elapsed time: 69 seconds (0d 0h 1m 9s)

